<?xml version="1.0" encoding="UTF-8"?>
<robot generator="Robot 5.0.1 (Python 3.9.7 on win32)" generated="20220617 19:23:13.730" rpa="false" schemaversion="3">
<suite id="s1" name="Tests" source="C:\Users\byuks\Desktop\QA\QA-Test-Automation-Baykar\tests">
<suite id="s1-s1" name="Kariyer.Baykartech" source="C:\Users\byuks\Desktop\QA\QA-Test-Automation-Baykar\tests\Kariyer.Baykartech.robot">
<test id="s1-s1-t1" name="Visitor should be able navigate all sliders" line="28">
<kw name="Start Baykar Web Test" library="Common" type="SETUP">
<arg>${BROWSER}</arg>
<kw name="Open Browser" library="SeleniumLibrary">
<arg>about:blank</arg>
<arg>${BROWSER}</arg>
<doc>Opens a new browser instance to the optional ``url``.</doc>
<msg timestamp="20220617 19:23:13.934" level="INFO">Opening browser 'chrome' to base url 'about:blank'.</msg>
<status status="PASS" starttime="20220617 19:23:13.934" endtime="20220617 19:23:15.002"/>
</kw>
<kw name="Maximize Browser Window" library="SeleniumLibrary">
<doc>Maximizes current browser window.</doc>
<status status="PASS" starttime="20220617 19:23:15.002" endtime="20220617 19:23:15.126"/>
</kw>
<status status="PASS" starttime="20220617 19:23:13.933" endtime="20220617 19:23:15.126"/>
</kw>
<kw name="Open Website" library="Common">
<arg>${SITE_URL}${RUN_LANG}</arg>
<kw name="Go To" library="SeleniumLibrary">
<arg>${SITE_URL}</arg>
<doc>Navigates the current browser window to the provided ``url``.</doc>
<msg timestamp="20220617 19:23:15.128" level="INFO">Opening url 'https://kariyer.baykartech.com/en'</msg>
<status status="PASS" starttime="20220617 19:23:15.127" endtime="20220617 19:23:19.687"/>
</kw>
<status status="PASS" starttime="20220617 19:23:15.127" endtime="20220617 19:23:19.687"/>
</kw>
<kw name="Verify Page Loaded" library="Common">
<arg>${RUN_LANG}</arg>
<doc>Verify all pages successfully loaded</doc>
<kw name="Wait Until Element Is Visible" library="SeleniumLibrary">
<arg>${BAYKAR_LOGO_${LANG}}</arg>
<doc>Waits until the element ``locator`` is visible.</doc>
<status status="PASS" starttime="20220617 19:23:19.688" endtime="20220617 19:23:19.708"/>
</kw>
<status status="PASS" starttime="20220617 19:23:19.687" endtime="20220617 19:23:19.708"/>
</kw>
<kw name="Navigate &quot;Main&quot; Slider" library="Kariyer.Baykartech.App">
<kw name="Navigate main slider in loop" library="Homepage">
<arg>${MAIN_SLIDER_RANGE}</arg>
<for flavor="IN RANGE">
<var>${i}</var>
<value>${SLIDER_RANGE}</value>
<iter>
<var name="${i}">0</var>
<kw name="Mouse Over" library="SeleniumLibrary">
<arg>${MAIN_SLIDER_NEXT_BUTTON}</arg>
<doc>Simulates hovering the mouse over the element ``locator``.</doc>
<msg timestamp="20220617 19:23:19.710" level="INFO">Simulating Mouse Over on element 'xpath=//a[@data-slide='next']'.</msg>
<status status="PASS" starttime="20220617 19:23:19.709" endtime="20220617 19:23:19.978"/>
</kw>
<kw name="Click Element" library="SeleniumLibrary">
<arg>${MAIN_SLIDER_NEXT_BUTTON}</arg>
<doc>Click the element identified by ``locator``.</doc>
<msg timestamp="20220617 19:23:19.979" level="INFO">Clicking element 'xpath=//a[@data-slide='next']'.</msg>
<status status="PASS" starttime="20220617 19:23:19.978" endtime="20220617 19:23:20.332"/>
</kw>
<kw name="Sleep" library="BuiltIn">
<arg>1s</arg>
<doc>Pauses the test executed for the given time.</doc>
<msg timestamp="20220617 19:23:21.341" level="INFO">Slept 1 second</msg>
<status status="PASS" starttime="20220617 19:23:20.332" endtime="20220617 19:23:21.341"/>
</kw>
<status status="PASS" starttime="20220617 19:23:19.709" endtime="20220617 19:23:21.341"/>
</iter>
<iter>
<var name="${i}">1</var>
<kw name="Mouse Over" library="SeleniumLibrary">
<arg>${MAIN_SLIDER_NEXT_BUTTON}</arg>
<doc>Simulates hovering the mouse over the element ``locator``.</doc>
<msg timestamp="20220617 19:23:21.342" level="INFO">Simulating Mouse Over on element 'xpath=//a[@data-slide='next']'.</msg>
<status status="PASS" starttime="20220617 19:23:21.342" endtime="20220617 19:23:21.622"/>
</kw>
<kw name="Click Element" library="SeleniumLibrary">
<arg>${MAIN_SLIDER_NEXT_BUTTON}</arg>
<doc>Click the element identified by ``locator``.</doc>
<msg timestamp="20220617 19:23:21.622" level="INFO">Clicking element 'xpath=//a[@data-slide='next']'.</msg>
<status status="PASS" starttime="20220617 19:23:21.622" endtime="20220617 19:23:21.652"/>
</kw>
<kw name="Sleep" library="BuiltIn">
<arg>1s</arg>
<doc>Pauses the test executed for the given time.</doc>
<msg timestamp="20220617 19:23:22.654" level="INFO">Slept 1 second</msg>
<status status="PASS" starttime="20220617 19:23:21.653" endtime="20220617 19:23:22.654"/>
</kw>
<status status="PASS" starttime="20220617 19:23:21.341" endtime="20220617 19:23:22.654"/>
</iter>
<iter>
<var name="${i}">2</var>
<kw name="Mouse Over" library="SeleniumLibrary">
<arg>${MAIN_SLIDER_NEXT_BUTTON}</arg>
<doc>Simulates hovering the mouse over the element ``locator``.</doc>
<msg timestamp="20220617 19:23:22.654" level="INFO">Simulating Mouse Over on element 'xpath=//a[@data-slide='next']'.</msg>
<status status="PASS" starttime="20220617 19:23:22.654" endtime="20220617 19:23:22.933"/>
</kw>
<kw name="Click Element" library="SeleniumLibrary">
<arg>${MAIN_SLIDER_NEXT_BUTTON}</arg>
<doc>Click the element identified by ``locator``.</doc>
<msg timestamp="20220617 19:23:22.933" level="INFO">Clicking element 'xpath=//a[@data-slide='next']'.</msg>
<status status="PASS" starttime="20220617 19:23:22.933" endtime="20220617 19:23:22.979"/>
</kw>
<kw name="Sleep" library="BuiltIn">
<arg>1s</arg>
<doc>Pauses the test executed for the given time.</doc>
<msg timestamp="20220617 19:23:23.988" level="INFO">Slept 1 second</msg>
<status status="PASS" starttime="20220617 19:23:22.980" endtime="20220617 19:23:23.988"/>
</kw>
<status status="PASS" starttime="20220617 19:23:22.654" endtime="20220617 19:23:23.988"/>
</iter>
<iter>
<var name="${i}">3</var>
<kw name="Mouse Over" library="SeleniumLibrary">
<arg>${MAIN_SLIDER_NEXT_BUTTON}</arg>
<doc>Simulates hovering the mouse over the element ``locator``.</doc>
<msg timestamp="20220617 19:23:23.989" level="INFO">Simulating Mouse Over on element 'xpath=//a[@data-slide='next']'.</msg>
<status status="PASS" starttime="20220617 19:23:23.988" endtime="20220617 19:23:24.256"/>
</kw>
<kw name="Click Element" library="SeleniumLibrary">
<arg>${MAIN_SLIDER_NEXT_BUTTON}</arg>
<doc>Click the element identified by ``locator``.</doc>
<msg timestamp="20220617 19:23:24.256" level="INFO">Clicking element 'xpath=//a[@data-slide='next']'.</msg>
<status status="PASS" starttime="20220617 19:23:24.256" endtime="20220617 19:23:24.284"/>
</kw>
<kw name="Sleep" library="BuiltIn">
<arg>1s</arg>
<doc>Pauses the test executed for the given time.</doc>
<msg timestamp="20220617 19:23:25.293" level="INFO">Slept 1 second</msg>
<status status="PASS" starttime="20220617 19:23:24.284" endtime="20220617 19:23:25.293"/>
</kw>
<status status="PASS" starttime="20220617 19:23:23.988" endtime="20220617 19:23:25.293"/>
</iter>
<iter>
<var name="${i}">4</var>
<kw name="Mouse Over" library="SeleniumLibrary">
<arg>${MAIN_SLIDER_NEXT_BUTTON}</arg>
<doc>Simulates hovering the mouse over the element ``locator``.</doc>
<msg timestamp="20220617 19:23:25.293" level="INFO">Simulating Mouse Over on element 'xpath=//a[@data-slide='next']'.</msg>
<status status="PASS" starttime="20220617 19:23:25.293" endtime="20220617 19:23:25.572"/>
</kw>
<kw name="Click Element" library="SeleniumLibrary">
<arg>${MAIN_SLIDER_NEXT_BUTTON}</arg>
<doc>Click the element identified by ``locator``.</doc>
<msg timestamp="20220617 19:23:25.572" level="INFO">Clicking element 'xpath=//a[@data-slide='next']'.</msg>
<status status="PASS" starttime="20220617 19:23:25.572" endtime="20220617 19:23:25.600"/>
</kw>
<kw name="Sleep" library="BuiltIn">
<arg>1s</arg>
<doc>Pauses the test executed for the given time.</doc>
<msg timestamp="20220617 19:23:26.611" level="INFO">Slept 1 second</msg>
<status status="PASS" starttime="20220617 19:23:25.600" endtime="20220617 19:23:26.611"/>
</kw>
<status status="PASS" starttime="20220617 19:23:25.293" endtime="20220617 19:23:26.611"/>
</iter>
<iter>
<var name="${i}">5</var>
<kw name="Mouse Over" library="SeleniumLibrary">
<arg>${MAIN_SLIDER_NEXT_BUTTON}</arg>
<doc>Simulates hovering the mouse over the element ``locator``.</doc>
<msg timestamp="20220617 19:23:26.611" level="INFO">Simulating Mouse Over on element 'xpath=//a[@data-slide='next']'.</msg>
<status status="PASS" starttime="20220617 19:23:26.611" endtime="20220617 19:23:26.886"/>
</kw>
<kw name="Click Element" library="SeleniumLibrary">
<arg>${MAIN_SLIDER_NEXT_BUTTON}</arg>
<doc>Click the element identified by ``locator``.</doc>
<msg timestamp="20220617 19:23:26.886" level="INFO">Clicking element 'xpath=//a[@data-slide='next']'.</msg>
<status status="PASS" starttime="20220617 19:23:26.886" endtime="20220617 19:23:26.911"/>
</kw>
<kw name="Sleep" library="BuiltIn">
<arg>1s</arg>
<doc>Pauses the test executed for the given time.</doc>
<msg timestamp="20220617 19:23:27.915" level="INFO">Slept 1 second</msg>
<status status="PASS" starttime="20220617 19:23:26.911" endtime="20220617 19:23:27.915"/>
</kw>
<status status="PASS" starttime="20220617 19:23:26.611" endtime="20220617 19:23:27.915"/>
</iter>
<iter>
<var name="${i}">6</var>
<kw name="Mouse Over" library="SeleniumLibrary">
<arg>${MAIN_SLIDER_NEXT_BUTTON}</arg>
<doc>Simulates hovering the mouse over the element ``locator``.</doc>
<msg timestamp="20220617 19:23:27.915" level="INFO">Simulating Mouse Over on element 'xpath=//a[@data-slide='next']'.</msg>
<status status="PASS" starttime="20220617 19:23:27.915" endtime="20220617 19:23:28.193"/>
</kw>
<kw name="Click Element" library="SeleniumLibrary">
<arg>${MAIN_SLIDER_NEXT_BUTTON}</arg>
<doc>Click the element identified by ``locator``.</doc>
<msg timestamp="20220617 19:23:28.193" level="INFO">Clicking element 'xpath=//a[@data-slide='next']'.</msg>
<status status="PASS" starttime="20220617 19:23:28.193" endtime="20220617 19:23:28.219"/>
</kw>
<kw name="Sleep" library="BuiltIn">
<arg>1s</arg>
<doc>Pauses the test executed for the given time.</doc>
<msg timestamp="20220617 19:23:29.230" level="INFO">Slept 1 second</msg>
<status status="PASS" starttime="20220617 19:23:28.219" endtime="20220617 19:23:29.230"/>
</kw>
<status status="PASS" starttime="20220617 19:23:27.915" endtime="20220617 19:23:29.230"/>
</iter>
<iter>
<var name="${i}">7</var>
<kw name="Mouse Over" library="SeleniumLibrary">
<arg>${MAIN_SLIDER_NEXT_BUTTON}</arg>
<doc>Simulates hovering the mouse over the element ``locator``.</doc>
<msg timestamp="20220617 19:23:29.230" level="INFO">Simulating Mouse Over on element 'xpath=//a[@data-slide='next']'.</msg>
<status status="PASS" starttime="20220617 19:23:29.230" endtime="20220617 19:23:29.511"/>
</kw>
<kw name="Click Element" library="SeleniumLibrary">
<arg>${MAIN_SLIDER_NEXT_BUTTON}</arg>
<doc>Click the element identified by ``locator``.</doc>
<msg timestamp="20220617 19:23:29.512" level="INFO">Clicking element 'xpath=//a[@data-slide='next']'.</msg>
<status status="PASS" starttime="20220617 19:23:29.512" endtime="20220617 19:23:29.537"/>
</kw>
<kw name="Sleep" library="BuiltIn">
<arg>1s</arg>
<doc>Pauses the test executed for the given time.</doc>
<msg timestamp="20220617 19:23:30.545" level="INFO">Slept 1 second</msg>
<status status="PASS" starttime="20220617 19:23:29.537" endtime="20220617 19:23:30.545"/>
</kw>
<status status="PASS" starttime="20220617 19:23:29.230" endtime="20220617 19:23:30.545"/>
</iter>
<iter>
<var name="${i}">8</var>
<kw name="Mouse Over" library="SeleniumLibrary">
<arg>${MAIN_SLIDER_NEXT_BUTTON}</arg>
<doc>Simulates hovering the mouse over the element ``locator``.</doc>
<msg timestamp="20220617 19:23:30.546" level="INFO">Simulating Mouse Over on element 'xpath=//a[@data-slide='next']'.</msg>
<status status="PASS" starttime="20220617 19:23:30.545" endtime="20220617 19:23:30.812"/>
</kw>
<kw name="Click Element" library="SeleniumLibrary">
<arg>${MAIN_SLIDER_NEXT_BUTTON}</arg>
<doc>Click the element identified by ``locator``.</doc>
<msg timestamp="20220617 19:23:30.812" level="INFO">Clicking element 'xpath=//a[@data-slide='next']'.</msg>
<status status="PASS" starttime="20220617 19:23:30.812" endtime="20220617 19:23:30.836"/>
</kw>
<kw name="Sleep" library="BuiltIn">
<arg>1s</arg>
<doc>Pauses the test executed for the given time.</doc>
<msg timestamp="20220617 19:23:31.851" level="INFO">Slept 1 second</msg>
<status status="PASS" starttime="20220617 19:23:30.836" endtime="20220617 19:23:31.851"/>
</kw>
<status status="PASS" starttime="20220617 19:23:30.545" endtime="20220617 19:23:31.851"/>
</iter>
<iter>
<var name="${i}">9</var>
<kw name="Mouse Over" library="SeleniumLibrary">
<arg>${MAIN_SLIDER_NEXT_BUTTON}</arg>
<doc>Simulates hovering the mouse over the element ``locator``.</doc>
<msg timestamp="20220617 19:23:31.852" level="INFO">Simulating Mouse Over on element 'xpath=//a[@data-slide='next']'.</msg>
<status status="PASS" starttime="20220617 19:23:31.851" endtime="20220617 19:23:32.130"/>
</kw>
<kw name="Click Element" library="SeleniumLibrary">
<arg>${MAIN_SLIDER_NEXT_BUTTON}</arg>
<doc>Click the element identified by ``locator``.</doc>
<msg timestamp="20220617 19:23:32.131" level="INFO">Clicking element 'xpath=//a[@data-slide='next']'.</msg>
<status status="PASS" starttime="20220617 19:23:32.130" endtime="20220617 19:23:32.155"/>
</kw>
<kw name="Sleep" library="BuiltIn">
<arg>1s</arg>
<doc>Pauses the test executed for the given time.</doc>
<msg timestamp="20220617 19:23:33.167" level="INFO">Slept 1 second</msg>
<status status="PASS" starttime="20220617 19:23:32.156" endtime="20220617 19:23:33.167"/>
</kw>
<status status="PASS" starttime="20220617 19:23:31.851" endtime="20220617 19:23:33.167"/>
</iter>
<iter>
<var name="${i}">10</var>
<kw name="Mouse Over" library="SeleniumLibrary">
<arg>${MAIN_SLIDER_NEXT_BUTTON}</arg>
<doc>Simulates hovering the mouse over the element ``locator``.</doc>
<msg timestamp="20220617 19:23:33.167" level="INFO">Simulating Mouse Over on element 'xpath=//a[@data-slide='next']'.</msg>
<status status="PASS" starttime="20220617 19:23:33.167" endtime="20220617 19:23:33.443"/>
</kw>
<kw name="Click Element" library="SeleniumLibrary">
<arg>${MAIN_SLIDER_NEXT_BUTTON}</arg>
<doc>Click the element identified by ``locator``.</doc>
<msg timestamp="20220617 19:23:33.443" level="INFO">Clicking element 'xpath=//a[@data-slide='next']'.</msg>
<status status="PASS" starttime="20220617 19:23:33.443" endtime="20220617 19:23:33.467"/>
</kw>
<kw name="Sleep" library="BuiltIn">
<arg>1s</arg>
<doc>Pauses the test executed for the given time.</doc>
<msg timestamp="20220617 19:23:34.483" level="INFO">Slept 1 second</msg>
<status status="PASS" starttime="20220617 19:23:33.467" endtime="20220617 19:23:34.483"/>
</kw>
<status status="PASS" starttime="20220617 19:23:33.167" endtime="20220617 19:23:34.483"/>
</iter>
<iter>
<var name="${i}">11</var>
<kw name="Mouse Over" library="SeleniumLibrary">
<arg>${MAIN_SLIDER_NEXT_BUTTON}</arg>
<doc>Simulates hovering the mouse over the element ``locator``.</doc>
<msg timestamp="20220617 19:23:34.484" level="INFO">Simulating Mouse Over on element 'xpath=//a[@data-slide='next']'.</msg>
<status status="PASS" starttime="20220617 19:23:34.483" endtime="20220617 19:23:34.763"/>
</kw>
<kw name="Click Element" library="SeleniumLibrary">
<arg>${MAIN_SLIDER_NEXT_BUTTON}</arg>
<doc>Click the element identified by ``locator``.</doc>
<msg timestamp="20220617 19:23:34.763" level="INFO">Clicking element 'xpath=//a[@data-slide='next']'.</msg>
<status status="PASS" starttime="20220617 19:23:34.763" endtime="20220617 19:23:34.790"/>
</kw>
<kw name="Sleep" library="BuiltIn">
<arg>1s</arg>
<doc>Pauses the test executed for the given time.</doc>
<msg timestamp="20220617 19:23:35.804" level="INFO">Slept 1 second</msg>
<status status="PASS" starttime="20220617 19:23:34.790" endtime="20220617 19:23:35.804"/>
</kw>
<status status="PASS" starttime="20220617 19:23:34.483" endtime="20220617 19:23:35.804"/>
</iter>
<iter>
<var name="${i}">12</var>
<kw name="Mouse Over" library="SeleniumLibrary">
<arg>${MAIN_SLIDER_NEXT_BUTTON}</arg>
<doc>Simulates hovering the mouse over the element ``locator``.</doc>
<msg timestamp="20220617 19:23:35.804" level="INFO">Simulating Mouse Over on element 'xpath=//a[@data-slide='next']'.</msg>
<status status="PASS" starttime="20220617 19:23:35.804" endtime="20220617 19:23:36.087"/>
</kw>
<kw name="Click Element" library="SeleniumLibrary">
<arg>${MAIN_SLIDER_NEXT_BUTTON}</arg>
<doc>Click the element identified by ``locator``.</doc>
<msg timestamp="20220617 19:23:36.088" level="INFO">Clicking element 'xpath=//a[@data-slide='next']'.</msg>
<status status="PASS" starttime="20220617 19:23:36.087" endtime="20220617 19:23:36.112"/>
</kw>
<kw name="Sleep" library="BuiltIn">
<arg>1s</arg>
<doc>Pauses the test executed for the given time.</doc>
<msg timestamp="20220617 19:23:37.122" level="INFO">Slept 1 second</msg>
<status status="PASS" starttime="20220617 19:23:36.112" endtime="20220617 19:23:37.122"/>
</kw>
<status status="PASS" starttime="20220617 19:23:35.804" endtime="20220617 19:23:37.122"/>
</iter>
<iter>
<var name="${i}">13</var>
<kw name="Mouse Over" library="SeleniumLibrary">
<arg>${MAIN_SLIDER_NEXT_BUTTON}</arg>
<doc>Simulates hovering the mouse over the element ``locator``.</doc>
<msg timestamp="20220617 19:23:37.123" level="INFO">Simulating Mouse Over on element 'xpath=//a[@data-slide='next']'.</msg>
<status status="PASS" starttime="20220617 19:23:37.122" endtime="20220617 19:23:37.402"/>
</kw>
<kw name="Click Element" library="SeleniumLibrary">
<arg>${MAIN_SLIDER_NEXT_BUTTON}</arg>
<doc>Click the element identified by ``locator``.</doc>
<msg timestamp="20220617 19:23:37.402" level="INFO">Clicking element 'xpath=//a[@data-slide='next']'.</msg>
<status status="PASS" starttime="20220617 19:23:37.402" endtime="20220617 19:23:37.426"/>
</kw>
<kw name="Sleep" library="BuiltIn">
<arg>1s</arg>
<doc>Pauses the test executed for the given time.</doc>
<msg timestamp="20220617 19:23:38.428" level="INFO">Slept 1 second</msg>
<status status="PASS" starttime="20220617 19:23:37.426" endtime="20220617 19:23:38.428"/>
</kw>
<status status="PASS" starttime="20220617 19:23:37.122" endtime="20220617 19:23:38.428"/>
</iter>
<iter>
<var name="${i}">14</var>
<kw name="Mouse Over" library="SeleniumLibrary">
<arg>${MAIN_SLIDER_NEXT_BUTTON}</arg>
<doc>Simulates hovering the mouse over the element ``locator``.</doc>
<msg timestamp="20220617 19:23:38.428" level="INFO">Simulating Mouse Over on element 'xpath=//a[@data-slide='next']'.</msg>
<status status="PASS" starttime="20220617 19:23:38.428" endtime="20220617 19:23:38.711"/>
</kw>
<kw name="Click Element" library="SeleniumLibrary">
<arg>${MAIN_SLIDER_NEXT_BUTTON}</arg>
<doc>Click the element identified by ``locator``.</doc>
<msg timestamp="20220617 19:23:38.712" level="INFO">Clicking element 'xpath=//a[@data-slide='next']'.</msg>
<status status="PASS" starttime="20220617 19:23:38.712" endtime="20220617 19:23:38.737"/>
</kw>
<kw name="Sleep" library="BuiltIn">
<arg>1s</arg>
<doc>Pauses the test executed for the given time.</doc>
<msg timestamp="20220617 19:23:39.750" level="INFO">Slept 1 second</msg>
<status status="PASS" starttime="20220617 19:23:38.737" endtime="20220617 19:23:39.750"/>
</kw>
<status status="PASS" starttime="20220617 19:23:38.428" endtime="20220617 19:23:39.750"/>
</iter>
<iter>
<var name="${i}">15</var>
<kw name="Mouse Over" library="SeleniumLibrary">
<arg>${MAIN_SLIDER_NEXT_BUTTON}</arg>
<doc>Simulates hovering the mouse over the element ``locator``.</doc>
<msg timestamp="20220617 19:23:39.750" level="INFO">Simulating Mouse Over on element 'xpath=//a[@data-slide='next']'.</msg>
<status status="PASS" starttime="20220617 19:23:39.750" endtime="20220617 19:23:40.029"/>
</kw>
<kw name="Click Element" library="SeleniumLibrary">
<arg>${MAIN_SLIDER_NEXT_BUTTON}</arg>
<doc>Click the element identified by ``locator``.</doc>
<msg timestamp="20220617 19:23:40.029" level="INFO">Clicking element 'xpath=//a[@data-slide='next']'.</msg>
<status status="PASS" starttime="20220617 19:23:40.029" endtime="20220617 19:23:40.055"/>
</kw>
<kw name="Sleep" library="BuiltIn">
<arg>1s</arg>
<doc>Pauses the test executed for the given time.</doc>
<msg timestamp="20220617 19:23:41.058" level="INFO">Slept 1 second</msg>
<status status="PASS" starttime="20220617 19:23:40.056" endtime="20220617 19:23:41.058"/>
</kw>
<status status="PASS" starttime="20220617 19:23:39.750" endtime="20220617 19:23:41.058"/>
</iter>
<iter>
<var name="${i}">16</var>
<kw name="Mouse Over" library="SeleniumLibrary">
<arg>${MAIN_SLIDER_NEXT_BUTTON}</arg>
<doc>Simulates hovering the mouse over the element ``locator``.</doc>
<msg timestamp="20220617 19:23:41.059" level="INFO">Simulating Mouse Over on element 'xpath=//a[@data-slide='next']'.</msg>
<status status="PASS" starttime="20220617 19:23:41.058" endtime="20220617 19:23:41.339"/>
</kw>
<kw name="Click Element" library="SeleniumLibrary">
<arg>${MAIN_SLIDER_NEXT_BUTTON}</arg>
<doc>Click the element identified by ``locator``.</doc>
<msg timestamp="20220617 19:23:41.339" level="INFO">Clicking element 'xpath=//a[@data-slide='next']'.</msg>
<status status="PASS" starttime="20220617 19:23:41.339" endtime="20220617 19:23:41.367"/>
</kw>
<kw name="Sleep" library="BuiltIn">
<arg>1s</arg>
<doc>Pauses the test executed for the given time.</doc>
<msg timestamp="20220617 19:23:42.376" level="INFO">Slept 1 second</msg>
<status status="PASS" starttime="20220617 19:23:41.367" endtime="20220617 19:23:42.376"/>
</kw>
<status status="PASS" starttime="20220617 19:23:41.058" endtime="20220617 19:23:42.376"/>
</iter>
<iter>
<var name="${i}">17</var>
<kw name="Mouse Over" library="SeleniumLibrary">
<arg>${MAIN_SLIDER_NEXT_BUTTON}</arg>
<doc>Simulates hovering the mouse over the element ``locator``.</doc>
<msg timestamp="20220617 19:23:42.377" level="INFO">Simulating Mouse Over on element 'xpath=//a[@data-slide='next']'.</msg>
<status status="PASS" starttime="20220617 19:23:42.376" endtime="20220617 19:23:42.654"/>
</kw>
<kw name="Click Element" library="SeleniumLibrary">
<arg>${MAIN_SLIDER_NEXT_BUTTON}</arg>
<doc>Click the element identified by ``locator``.</doc>
<msg timestamp="20220617 19:23:42.655" level="INFO">Clicking element 'xpath=//a[@data-slide='next']'.</msg>
<status status="PASS" starttime="20220617 19:23:42.654" endtime="20220617 19:23:42.681"/>
</kw>
<kw name="Sleep" library="BuiltIn">
<arg>1s</arg>
<doc>Pauses the test executed for the given time.</doc>
<msg timestamp="20220617 19:23:43.686" level="INFO">Slept 1 second</msg>
<status status="PASS" starttime="20220617 19:23:42.681" endtime="20220617 19:23:43.686"/>
</kw>
<status status="PASS" starttime="20220617 19:23:42.376" endtime="20220617 19:23:43.686"/>
</iter>
<iter>
<var name="${i}">18</var>
<kw name="Mouse Over" library="SeleniumLibrary">
<arg>${MAIN_SLIDER_NEXT_BUTTON}</arg>
<doc>Simulates hovering the mouse over the element ``locator``.</doc>
<msg timestamp="20220617 19:23:43.686" level="INFO">Simulating Mouse Over on element 'xpath=//a[@data-slide='next']'.</msg>
<status status="PASS" starttime="20220617 19:23:43.686" endtime="20220617 19:23:43.964"/>
</kw>
<kw name="Click Element" library="SeleniumLibrary">
<arg>${MAIN_SLIDER_NEXT_BUTTON}</arg>
<doc>Click the element identified by ``locator``.</doc>
<msg timestamp="20220617 19:23:43.964" level="INFO">Clicking element 'xpath=//a[@data-slide='next']'.</msg>
<status status="PASS" starttime="20220617 19:23:43.964" endtime="20220617 19:23:43.989"/>
</kw>
<kw name="Sleep" library="BuiltIn">
<arg>1s</arg>
<doc>Pauses the test executed for the given time.</doc>
<msg timestamp="20220617 19:23:44.990" level="INFO">Slept 1 second</msg>
<status status="PASS" starttime="20220617 19:23:43.989" endtime="20220617 19:23:44.990"/>
</kw>
<status status="PASS" starttime="20220617 19:23:43.686" endtime="20220617 19:23:44.990"/>
</iter>
<iter>
<var name="${i}">19</var>
<kw name="Mouse Over" library="SeleniumLibrary">
<arg>${MAIN_SLIDER_NEXT_BUTTON}</arg>
<doc>Simulates hovering the mouse over the element ``locator``.</doc>
<msg timestamp="20220617 19:23:44.991" level="INFO">Simulating Mouse Over on element 'xpath=//a[@data-slide='next']'.</msg>
<status status="PASS" starttime="20220617 19:23:44.990" endtime="20220617 19:23:45.270"/>
</kw>
<kw name="Click Element" library="SeleniumLibrary">
<arg>${MAIN_SLIDER_NEXT_BUTTON}</arg>
<doc>Click the element identified by ``locator``.</doc>
<msg timestamp="20220617 19:23:45.270" level="INFO">Clicking element 'xpath=//a[@data-slide='next']'.</msg>
<status status="PASS" starttime="20220617 19:23:45.270" endtime="20220617 19:23:45.295"/>
</kw>
<kw name="Sleep" library="BuiltIn">
<arg>1s</arg>
<doc>Pauses the test executed for the given time.</doc>
<msg timestamp="20220617 19:23:46.306" level="INFO">Slept 1 second</msg>
<status status="PASS" starttime="20220617 19:23:45.295" endtime="20220617 19:23:46.306"/>
</kw>
<status status="PASS" starttime="20220617 19:23:44.990" endtime="20220617 19:23:46.306"/>
</iter>
<iter>
<var name="${i}">20</var>
<kw name="Mouse Over" library="SeleniumLibrary">
<arg>${MAIN_SLIDER_NEXT_BUTTON}</arg>
<doc>Simulates hovering the mouse over the element ``locator``.</doc>
<msg timestamp="20220617 19:23:46.306" level="INFO">Simulating Mouse Over on element 'xpath=//a[@data-slide='next']'.</msg>
<status status="PASS" starttime="20220617 19:23:46.306" endtime="20220617 19:23:46.575"/>
</kw>
<kw name="Click Element" library="SeleniumLibrary">
<arg>${MAIN_SLIDER_NEXT_BUTTON}</arg>
<doc>Click the element identified by ``locator``.</doc>
<msg timestamp="20220617 19:23:46.575" level="INFO">Clicking element 'xpath=//a[@data-slide='next']'.</msg>
<status status="PASS" starttime="20220617 19:23:46.575" endtime="20220617 19:23:46.600"/>
</kw>
<kw name="Sleep" library="BuiltIn">
<arg>1s</arg>
<doc>Pauses the test executed for the given time.</doc>
<msg timestamp="20220617 19:23:47.604" level="INFO">Slept 1 second</msg>
<status status="PASS" starttime="20220617 19:23:46.600" endtime="20220617 19:23:47.604"/>
</kw>
<status status="PASS" starttime="20220617 19:23:46.306" endtime="20220617 19:23:47.604"/>
</iter>
<iter>
<var name="${i}">21</var>
<kw name="Mouse Over" library="SeleniumLibrary">
<arg>${MAIN_SLIDER_NEXT_BUTTON}</arg>
<doc>Simulates hovering the mouse over the element ``locator``.</doc>
<msg timestamp="20220617 19:23:47.604" level="INFO">Simulating Mouse Over on element 'xpath=//a[@data-slide='next']'.</msg>
<status status="PASS" starttime="20220617 19:23:47.604" endtime="20220617 19:23:47.885"/>
</kw>
<kw name="Click Element" library="SeleniumLibrary">
<arg>${MAIN_SLIDER_NEXT_BUTTON}</arg>
<doc>Click the element identified by ``locator``.</doc>
<msg timestamp="20220617 19:23:47.885" level="INFO">Clicking element 'xpath=//a[@data-slide='next']'.</msg>
<status status="PASS" starttime="20220617 19:23:47.885" endtime="20220617 19:23:47.911"/>
</kw>
<kw name="Sleep" library="BuiltIn">
<arg>1s</arg>
<doc>Pauses the test executed for the given time.</doc>
<msg timestamp="20220617 19:23:48.923" level="INFO">Slept 1 second</msg>
<status status="PASS" starttime="20220617 19:23:47.911" endtime="20220617 19:23:48.923"/>
</kw>
<status status="PASS" starttime="20220617 19:23:47.604" endtime="20220617 19:23:48.923"/>
</iter>
<status status="PASS" starttime="20220617 19:23:19.709" endtime="20220617 19:23:48.923"/>
</for>
<status status="PASS" starttime="20220617 19:23:19.709" endtime="20220617 19:23:48.923"/>
</kw>
<status status="PASS" starttime="20220617 19:23:19.709" endtime="20220617 19:23:48.923"/>
</kw>
<kw name="Navigate &quot;Open Positions&quot; Slider" library="Kariyer.Baykartech.App">
<kw name="Navigate open poz slider in loop" library="Homepage">
<arg>${OPEN_POZ_SLIDER_RANGE}</arg>
<arg>BACKWARD</arg>
<kw name="Scroll Element Into View" library="SeleniumLibrary">
<arg>${OPEN_POZ_SLIDER_NEXT_BUTTON}</arg>
<doc>Scrolls the element identified by ``locator`` into view.</doc>
<status status="PASS" starttime="20220617 19:23:48.924" endtime="20220617 19:23:49.208"/>
</kw>
<for flavor="IN RANGE">
<var>${i}</var>
<value>${SLIDER_RANGE}</value>
<iter>
<var name="${i}">0</var>
<kw name="Run Keyword If" library="BuiltIn">
<arg>"${GEAR}" == "FORWARD"</arg>
<arg>Click Element</arg>
<arg>${OPEN_POZ_SLIDER_NEXT_BUTTON}</arg>
<arg>ELSE</arg>
<arg>Click Element</arg>
<arg>${OPEN_POZ_SLIDER_PREV_BUTTON}</arg>
<doc>Runs the given keyword with the given arguments, if ``condition`` is true.</doc>
<kw name="Click Element" library="SeleniumLibrary">
<arg>${OPEN_POZ_SLIDER_PREV_BUTTON}</arg>
<doc>Click the element identified by ``locator``.</doc>
<msg timestamp="20220617 19:23:49.209" level="INFO">Clicking element 'xpath=//div[@class='services-carousel-4-col owl-carousel owl-theme owl-loaded owl-drag']//i[@class='fa fa-angle-left']'.</msg>
<status status="PASS" starttime="20220617 19:23:49.209" endtime="20220617 19:23:49.256"/>
</kw>
<status status="PASS" starttime="20220617 19:23:49.208" endtime="20220617 19:23:49.256"/>
</kw>
<kw name="Sleep" library="BuiltIn">
<arg>0.5s</arg>
<doc>Pauses the test executed for the given time.</doc>
<msg timestamp="20220617 19:23:49.767" level="INFO">Slept 500 milliseconds</msg>
<status status="PASS" starttime="20220617 19:23:49.256" endtime="20220617 19:23:49.767"/>
</kw>
<status status="PASS" starttime="20220617 19:23:49.208" endtime="20220617 19:23:49.767"/>
</iter>
<iter>
<var name="${i}">1</var>
<kw name="Run Keyword If" library="BuiltIn">
<arg>"${GEAR}" == "FORWARD"</arg>
<arg>Click Element</arg>
<arg>${OPEN_POZ_SLIDER_NEXT_BUTTON}</arg>
<arg>ELSE</arg>
<arg>Click Element</arg>
<arg>${OPEN_POZ_SLIDER_PREV_BUTTON}</arg>
<doc>Runs the given keyword with the given arguments, if ``condition`` is true.</doc>
<kw name="Click Element" library="SeleniumLibrary">
<arg>${OPEN_POZ_SLIDER_PREV_BUTTON}</arg>
<doc>Click the element identified by ``locator``.</doc>
<msg timestamp="20220617 19:23:49.768" level="INFO">Clicking element 'xpath=//div[@class='services-carousel-4-col owl-carousel owl-theme owl-loaded owl-drag']//i[@class='fa fa-angle-left']'.</msg>
<status status="PASS" starttime="20220617 19:23:49.767" endtime="20220617 19:23:49.790"/>
</kw>
<status status="PASS" starttime="20220617 19:23:49.767" endtime="20220617 19:23:49.790"/>
</kw>
<kw name="Sleep" library="BuiltIn">
<arg>0.5s</arg>
<doc>Pauses the test executed for the given time.</doc>
<msg timestamp="20220617 19:23:50.297" level="INFO">Slept 500 milliseconds</msg>
<status status="PASS" starttime="20220617 19:23:49.790" endtime="20220617 19:23:50.297"/>
</kw>
<status status="PASS" starttime="20220617 19:23:49.767" endtime="20220617 19:23:50.297"/>
</iter>
<iter>
<var name="${i}">2</var>
<kw name="Run Keyword If" library="BuiltIn">
<arg>"${GEAR}" == "FORWARD"</arg>
<arg>Click Element</arg>
<arg>${OPEN_POZ_SLIDER_NEXT_BUTTON}</arg>
<arg>ELSE</arg>
<arg>Click Element</arg>
<arg>${OPEN_POZ_SLIDER_PREV_BUTTON}</arg>
<doc>Runs the given keyword with the given arguments, if ``condition`` is true.</doc>
<kw name="Click Element" library="SeleniumLibrary">
<arg>${OPEN_POZ_SLIDER_PREV_BUTTON}</arg>
<doc>Click the element identified by ``locator``.</doc>
<msg timestamp="20220617 19:23:50.298" level="INFO">Clicking element 'xpath=//div[@class='services-carousel-4-col owl-carousel owl-theme owl-loaded owl-drag']//i[@class='fa fa-angle-left']'.</msg>
<status status="PASS" starttime="20220617 19:23:50.298" endtime="20220617 19:23:50.322"/>
</kw>
<status status="PASS" starttime="20220617 19:23:50.297" endtime="20220617 19:23:50.322"/>
</kw>
<kw name="Sleep" library="BuiltIn">
<arg>0.5s</arg>
<doc>Pauses the test executed for the given time.</doc>
<msg timestamp="20220617 19:23:50.822" level="INFO">Slept 500 milliseconds</msg>
<status status="PASS" starttime="20220617 19:23:50.322" endtime="20220617 19:23:50.822"/>
</kw>
<status status="PASS" starttime="20220617 19:23:50.297" endtime="20220617 19:23:50.822"/>
</iter>
<iter>
<var name="${i}">3</var>
<kw name="Run Keyword If" library="BuiltIn">
<arg>"${GEAR}" == "FORWARD"</arg>
<arg>Click Element</arg>
<arg>${OPEN_POZ_SLIDER_NEXT_BUTTON}</arg>
<arg>ELSE</arg>
<arg>Click Element</arg>
<arg>${OPEN_POZ_SLIDER_PREV_BUTTON}</arg>
<doc>Runs the given keyword with the given arguments, if ``condition`` is true.</doc>
<kw name="Click Element" library="SeleniumLibrary">
<arg>${OPEN_POZ_SLIDER_PREV_BUTTON}</arg>
<doc>Click the element identified by ``locator``.</doc>
<msg timestamp="20220617 19:23:50.823" level="INFO">Clicking element 'xpath=//div[@class='services-carousel-4-col owl-carousel owl-theme owl-loaded owl-drag']//i[@class='fa fa-angle-left']'.</msg>
<status status="PASS" starttime="20220617 19:23:50.823" endtime="20220617 19:23:50.847"/>
</kw>
<status status="PASS" starttime="20220617 19:23:50.822" endtime="20220617 19:23:50.847"/>
</kw>
<kw name="Sleep" library="BuiltIn">
<arg>0.5s</arg>
<doc>Pauses the test executed for the given time.</doc>
<msg timestamp="20220617 19:23:51.354" level="INFO">Slept 500 milliseconds</msg>
<status status="PASS" starttime="20220617 19:23:50.847" endtime="20220617 19:23:51.354"/>
</kw>
<status status="PASS" starttime="20220617 19:23:50.822" endtime="20220617 19:23:51.354"/>
</iter>
<status status="PASS" starttime="20220617 19:23:49.208" endtime="20220617 19:23:51.354"/>
</for>
<status status="PASS" starttime="20220617 19:23:48.924" endtime="20220617 19:23:51.354"/>
</kw>
<kw name="Navigate open poz slider in loop" library="Homepage">
<arg>${OPEN_POZ_SLIDER_RANGE}</arg>
<arg>FORWARD</arg>
<kw name="Scroll Element Into View" library="SeleniumLibrary">
<arg>${OPEN_POZ_SLIDER_NEXT_BUTTON}</arg>
<doc>Scrolls the element identified by ``locator`` into view.</doc>
<status status="PASS" starttime="20220617 19:23:51.354" endtime="20220617 19:23:51.620"/>
</kw>
<for flavor="IN RANGE">
<var>${i}</var>
<value>${SLIDER_RANGE}</value>
<iter>
<var name="${i}">0</var>
<kw name="Run Keyword If" library="BuiltIn">
<arg>"${GEAR}" == "FORWARD"</arg>
<arg>Click Element</arg>
<arg>${OPEN_POZ_SLIDER_NEXT_BUTTON}</arg>
<arg>ELSE</arg>
<arg>Click Element</arg>
<arg>${OPEN_POZ_SLIDER_PREV_BUTTON}</arg>
<doc>Runs the given keyword with the given arguments, if ``condition`` is true.</doc>
<kw name="Click Element" library="SeleniumLibrary">
<arg>${OPEN_POZ_SLIDER_NEXT_BUTTON}</arg>
<doc>Click the element identified by ``locator``.</doc>
<msg timestamp="20220617 19:23:51.621" level="INFO">Clicking element 'xpath=//div[@class='services-carousel-4-col owl-carousel owl-theme owl-loaded owl-drag']//i[@class='fa fa-angle-right']'.</msg>
<status status="PASS" starttime="20220617 19:23:51.621" endtime="20220617 19:23:51.653"/>
</kw>
<status status="PASS" starttime="20220617 19:23:51.621" endtime="20220617 19:23:51.653"/>
</kw>
<kw name="Sleep" library="BuiltIn">
<arg>0.5s</arg>
<doc>Pauses the test executed for the given time.</doc>
<msg timestamp="20220617 19:23:52.164" level="INFO">Slept 500 milliseconds</msg>
<status status="PASS" starttime="20220617 19:23:51.653" endtime="20220617 19:23:52.164"/>
</kw>
<status status="PASS" starttime="20220617 19:23:51.620" endtime="20220617 19:23:52.164"/>
</iter>
<iter>
<var name="${i}">1</var>
<kw name="Run Keyword If" library="BuiltIn">
<arg>"${GEAR}" == "FORWARD"</arg>
<arg>Click Element</arg>
<arg>${OPEN_POZ_SLIDER_NEXT_BUTTON}</arg>
<arg>ELSE</arg>
<arg>Click Element</arg>
<arg>${OPEN_POZ_SLIDER_PREV_BUTTON}</arg>
<doc>Runs the given keyword with the given arguments, if ``condition`` is true.</doc>
<kw name="Click Element" library="SeleniumLibrary">
<arg>${OPEN_POZ_SLIDER_NEXT_BUTTON}</arg>
<doc>Click the element identified by ``locator``.</doc>
<msg timestamp="20220617 19:23:52.165" level="INFO">Clicking element 'xpath=//div[@class='services-carousel-4-col owl-carousel owl-theme owl-loaded owl-drag']//i[@class='fa fa-angle-right']'.</msg>
<status status="PASS" starttime="20220617 19:23:52.165" endtime="20220617 19:23:52.188"/>
</kw>
<status status="PASS" starttime="20220617 19:23:52.164" endtime="20220617 19:23:52.188"/>
</kw>
<kw name="Sleep" library="BuiltIn">
<arg>0.5s</arg>
<doc>Pauses the test executed for the given time.</doc>
<msg timestamp="20220617 19:23:52.695" level="INFO">Slept 500 milliseconds</msg>
<status status="PASS" starttime="20220617 19:23:52.189" endtime="20220617 19:23:52.695"/>
</kw>
<status status="PASS" starttime="20220617 19:23:52.164" endtime="20220617 19:23:52.695"/>
</iter>
<iter>
<var name="${i}">2</var>
<kw name="Run Keyword If" library="BuiltIn">
<arg>"${GEAR}" == "FORWARD"</arg>
<arg>Click Element</arg>
<arg>${OPEN_POZ_SLIDER_NEXT_BUTTON}</arg>
<arg>ELSE</arg>
<arg>Click Element</arg>
<arg>${OPEN_POZ_SLIDER_PREV_BUTTON}</arg>
<doc>Runs the given keyword with the given arguments, if ``condition`` is true.</doc>
<kw name="Click Element" library="SeleniumLibrary">
<arg>${OPEN_POZ_SLIDER_NEXT_BUTTON}</arg>
<doc>Click the element identified by ``locator``.</doc>
<msg timestamp="20220617 19:23:52.696" level="INFO">Clicking element 'xpath=//div[@class='services-carousel-4-col owl-carousel owl-theme owl-loaded owl-drag']//i[@class='fa fa-angle-right']'.</msg>
<status status="PASS" starttime="20220617 19:23:52.696" endtime="20220617 19:23:52.719"/>
</kw>
<status status="PASS" starttime="20220617 19:23:52.695" endtime="20220617 19:23:52.719"/>
</kw>
<kw name="Sleep" library="BuiltIn">
<arg>0.5s</arg>
<doc>Pauses the test executed for the given time.</doc>
<msg timestamp="20220617 19:23:53.221" level="INFO">Slept 500 milliseconds</msg>
<status status="PASS" starttime="20220617 19:23:52.719" endtime="20220617 19:23:53.221"/>
</kw>
<status status="PASS" starttime="20220617 19:23:52.695" endtime="20220617 19:23:53.221"/>
</iter>
<iter>
<var name="${i}">3</var>
<kw name="Run Keyword If" library="BuiltIn">
<arg>"${GEAR}" == "FORWARD"</arg>
<arg>Click Element</arg>
<arg>${OPEN_POZ_SLIDER_NEXT_BUTTON}</arg>
<arg>ELSE</arg>
<arg>Click Element</arg>
<arg>${OPEN_POZ_SLIDER_PREV_BUTTON}</arg>
<doc>Runs the given keyword with the given arguments, if ``condition`` is true.</doc>
<kw name="Click Element" library="SeleniumLibrary">
<arg>${OPEN_POZ_SLIDER_NEXT_BUTTON}</arg>
<doc>Click the element identified by ``locator``.</doc>
<msg timestamp="20220617 19:23:53.222" level="INFO">Clicking element 'xpath=//div[@class='services-carousel-4-col owl-carousel owl-theme owl-loaded owl-drag']//i[@class='fa fa-angle-right']'.</msg>
<status status="PASS" starttime="20220617 19:23:53.222" endtime="20220617 19:23:53.247"/>
</kw>
<status status="PASS" starttime="20220617 19:23:53.221" endtime="20220617 19:23:53.247"/>
</kw>
<kw name="Sleep" library="BuiltIn">
<arg>0.5s</arg>
<doc>Pauses the test executed for the given time.</doc>
<msg timestamp="20220617 19:23:53.749" level="INFO">Slept 500 milliseconds</msg>
<status status="PASS" starttime="20220617 19:23:53.247" endtime="20220617 19:23:53.749"/>
</kw>
<status status="PASS" starttime="20220617 19:23:53.221" endtime="20220617 19:23:53.749"/>
</iter>
<status status="PASS" starttime="20220617 19:23:51.620" endtime="20220617 19:23:53.749"/>
</for>
<status status="PASS" starttime="20220617 19:23:51.354" endtime="20220617 19:23:53.749"/>
</kw>
<status status="PASS" starttime="20220617 19:23:48.924" endtime="20220617 19:23:53.749"/>
</kw>
<kw name="End Baykar Web Test" library="Common" type="TEARDOWN">
<kw name="Close Browser" library="SeleniumLibrary">
<doc>Closes the current browser.</doc>
<status status="PASS" starttime="20220617 19:23:53.750" endtime="20220617 19:23:55.855"/>
</kw>
<status status="PASS" starttime="20220617 19:23:53.750" endtime="20220617 19:23:55.855"/>
</kw>
<doc>All visitors should be able navigate all sliders</doc>
<tag>Main Slider</tag>
<tag>Open Poz Slider</tag>
<tag>Smoke</tag>
<status status="PASS" starttime="20220617 19:23:13.932" endtime="20220617 19:23:55.856"/>
</test>
<status status="PASS" starttime="20220617 19:23:13.749" endtime="20220617 19:23:55.857"/>
</suite>
<status status="PASS" starttime="20220617 19:23:13.731" endtime="20220617 19:23:55.859"/>
</suite>
<statistics>
<total>
<stat pass="1" fail="0" skip="0">All Tests</stat>
</total>
<tag>
<stat pass="1" fail="0" skip="0">Main Slider</stat>
<stat pass="1" fail="0" skip="0">Open Poz Slider</stat>
<stat pass="1" fail="0" skip="0">Smoke</stat>
</tag>
<suite>
<stat pass="1" fail="0" skip="0" id="s1" name="Tests">Tests</stat>
<stat pass="1" fail="0" skip="0" id="s1-s1" name="Kariyer.Baykartech">Tests.Kariyer.Baykartech</stat>
</suite>
</statistics>
<errors>
<msg timestamp="20220617 19:23:13.919" level="WARN">Imported resource file 'C:\Users\byuks\Desktop\QA\QA-Test-Automation-Baykar\Resources\PO\Footer.robot' is empty.</msg>
<msg timestamp="20220617 19:23:13.923" level="WARN">Imported resource file 'C:\Users\byuks\Desktop\QA\QA-Test-Automation-Baykar\Resources\PO\Kariyer.robot' is empty.</msg>
<msg timestamp="20220617 19:23:13.924" level="WARN">Imported resource file 'C:\Users\byuks\Desktop\QA\QA-Test-Automation-Baykar\Resources\PO\Staj.robot' is empty.</msg>
</errors>
</robot>
