<?xml version="1.0" encoding="UTF-8"?>
<robot generator="Robot 5.0.1 (Python 3.9.7 on win32)" generated="20220701 18:13:38.826" rpa="false" schemaversion="3">
<suite id="s1" name="Tests" source="C:\Users\byuks\Desktop\QA\QA-Test-Automation-Baykar\tests">
<suite id="s1-s1" name="Kariyer.Baykartech" source="C:\Users\byuks\Desktop\QA\QA-Test-Automation-Baykar\tests\Kariyer.Baykartech.robot">
<test id="s1-s1-t1" name="Visitor should be able click and see all &quot;Footer&quot; elements" line="66">
<kw name="Start Baykar Web Test" library="Common" type="SETUP">
<arg>${BROWSER}</arg>
<kw name="Open Browser" library="SeleniumLibrary">
<arg>about:blank</arg>
<arg>${BROWSER}</arg>
<doc>Opens a new browser instance to the optional ``url``.</doc>
<msg timestamp="20220701 18:13:39.062" level="INFO">Opening browser 'firefox' to base url 'about:blank'.</msg>
<msg timestamp="20220701 18:13:39.064" level="INFO">Firefox driver log is always forced to to: C:\Users\byuks\Desktop\QA\QA-Test-Automation-Baykar\results\geckodriver-10.log</msg>
<status status="PASS" starttime="20220701 18:13:39.062" endtime="20220701 18:13:43.809"/>
</kw>
<kw name="Maximize Browser Window" library="SeleniumLibrary">
<doc>Maximizes current browser window.</doc>
<status status="PASS" starttime="20220701 18:13:43.810" endtime="20220701 18:13:44.069"/>
</kw>
<status status="PASS" starttime="20220701 18:13:39.061" endtime="20220701 18:13:44.069"/>
</kw>
<kw name="Open Website" library="Common">
<arg>${SITE_URL}${RUN_LANG}</arg>
<kw name="Go To" library="SeleniumLibrary">
<arg>${SITE_URL}\/</arg>
<doc>Navigates the current browser window to the provided ``url``.</doc>
<msg timestamp="20220701 18:13:44.070" level="INFO">Opening url 'https://kariyer.baykartech.com/tr/'</msg>
<status status="PASS" starttime="20220701 18:13:44.070" endtime="20220701 18:13:51.961"/>
</kw>
<status status="PASS" starttime="20220701 18:13:44.070" endtime="20220701 18:13:51.961"/>
</kw>
<kw name="Verify Page Loaded" library="Common">
<arg>${RUN_LANG}</arg>
<doc>Verify all pages successfully loaded</doc>
<kw name="Wait Until Element Is Enabled" library="SeleniumLibrary">
<arg>${BAYKAR_LOGO_${LANG}}</arg>
<doc>Waits until the element ``locator`` is enabled.</doc>
<status status="PASS" starttime="20220701 18:13:51.962" endtime="20220701 18:13:52.003"/>
</kw>
<kw name="Run Keyword And Return Status" library="BuiltIn">
<var>${check_loader}</var>
<arg>Element Should Be Visible</arg>
<arg>${PRE_LOADER}</arg>
<doc>Runs the given keyword with given arguments and returns the status as a Boolean value.</doc>
<kw name="Element Should Be Visible" library="SeleniumLibrary">
<arg>${PRE_LOADER}</arg>
<doc>Verifies that the element identified by ``locator`` is visible.</doc>
<msg timestamp="20220701 18:13:52.019" level="INFO">Element 'xpath=//div[@class='se-pre-con']' is displayed.</msg>
<status status="PASS" starttime="20220701 18:13:52.004" endtime="20220701 18:13:52.019"/>
</kw>
<msg timestamp="20220701 18:13:52.019" level="INFO">${check_loader} = True</msg>
<status status="PASS" starttime="20220701 18:13:52.004" endtime="20220701 18:13:52.019"/>
</kw>
<kw name="Run Keyword If" library="BuiltIn">
<arg>${check_loader}</arg>
<arg>Wait Until Element Is Not Visible</arg>
<arg>${PRE_LOADER}</arg>
<doc>Runs the given keyword with the given arguments, if ``condition`` is true.</doc>
<kw name="Wait Until Element Is Not Visible" library="SeleniumLibrary">
<arg>${PRE_LOADER}</arg>
<doc>Waits until the element ``locator`` is not visible.</doc>
<status status="PASS" starttime="20220701 18:13:52.020" endtime="20220701 18:13:52.681"/>
</kw>
<status status="PASS" starttime="20220701 18:13:52.020" endtime="20220701 18:13:52.681"/>
</kw>
<status status="PASS" starttime="20220701 18:13:51.961" endtime="20220701 18:13:52.681"/>
</kw>
<kw name="Navigate &quot;Footer&quot; Elements" library="Kariyer.Baykartech.App">
<arg>${RUN_LANG}</arg>
<kw name="Scroll to end of the page" library="Footer">
<kw name="Run Keyword And Ignore Error" library="BuiltIn">
<arg>Scroll Element Into View</arg>
<arg>${PAGE_END}</arg>
<doc>Runs the given keyword with the given arguments and ignores possible error.</doc>
<kw name="Scroll Element Into View" library="SeleniumLibrary">
<arg>${PAGE_END}</arg>
<doc>Scrolls the element identified by ``locator`` into view.</doc>
<msg timestamp="20220701 18:13:52.860" level="INFO" html="true">&lt;/td&gt;&lt;/tr&gt;&lt;tr&gt;&lt;td colspan="3"&gt;&lt;a href="selenium-screenshot-10.png"&gt;&lt;img src="selenium-screenshot-10.png" width="800px"&gt;&lt;/a&gt;</msg>
<msg timestamp="20220701 18:13:52.861" level="FAIL">MoveTargetOutOfBoundsException: Message: (475, 2686) is out of bounds of viewport width (1536) and height (731)
Stacktrace:
WebDriverError@chrome://remote/content/shared/webdriver/Errors.jsm:186:5
MoveTargetOutOfBoundsError@chrome://remote/content/shared/webdriver/Errors.jsm:376:5
dispatchPointerMove/&lt;@chrome://remote/content/marionette/action.js:1120:13
dispatchPointerMove@chrome://remote/content/marionette/action.js:1111:10
toEvents/&lt;@chrome://remote/content/marionette/action.js:870:16
action.dispatchTickActions@chrome://remote/content/marionette/action.js:780:35
action.dispatch/chainEvents&lt;@chrome://remote/content/marionette/action.js:748:20
action.dispatch@chrome://remote/content/marionette/action.js:754:5
performActions@chrome://remote/content/marionette/actors/MarionetteCommandsChild.jsm:459:18
receiveMessage@chrome://remote/content/marionette/actors/MarionetteCommandsChild.jsm:144:31
</msg>
<status status="FAIL" starttime="20220701 18:13:52.682" endtime="20220701 18:13:52.863"/>
</kw>
<status status="PASS" starttime="20220701 18:13:52.682" endtime="20220701 18:13:52.863"/>
</kw>
<status status="PASS" starttime="20220701 18:13:52.682" endtime="20220701 18:13:52.863"/>
</kw>
<kw name="Navigate footer elements in loop" library="Footer">
<arg>${LANG}</arg>
<doc>Clicks all footer links by created list</doc>
<for flavor="IN ZIP">
<var>${LINK_TR}</var>
<var>${LINK_EN}</var>
<var>${IN_OUT}</var>
<value>${FOOTER_LINKS_TR}</value>
<value>${FOOTER_LINKS_EN}</value>
<value>${INNER_OR_OUTER_PAGE}</value>
<iter>
<var name="${LINK_TR}">xpath=//footer//a[.="Hakkımızda"]</var>
<var name="${LINK_EN}">xpath=//footer//a[.="About Us"]</var>
<var name="${IN_OUT}">0</var>
<kw name="Run Keyword If" library="BuiltIn">
<arg>"${LANG}" == "tr"</arg>
<arg>Click Link</arg>
<arg>${LINK_TR}</arg>
<arg>ELSE IF</arg>
<arg>"${LANG}" == "en"</arg>
<arg>Click Link</arg>
<arg>${LINK_EN}</arg>
<doc>Runs the given keyword with the given arguments, if ``condition`` is true.</doc>
<kw name="Click Link" library="SeleniumLibrary">
<arg>${LINK_TR}</arg>
<doc>Clicks a link identified by ``locator``.</doc>
<msg timestamp="20220701 18:13:52.864" level="INFO">Clicking link 'xpath=//footer//a[.="Hakkımızda"]'.</msg>
<status status="PASS" starttime="20220701 18:13:52.864" endtime="20220701 18:13:53.925"/>
</kw>
<status status="PASS" starttime="20220701 18:13:52.864" endtime="20220701 18:13:53.926"/>
</kw>
<kw name="Run Keyword If" library="BuiltIn">
<arg>"${IN_OUT}" == "0"</arg>
<arg>Baykartech.App.Check Baykar's Main Site By Argument</arg>
<arg>${LINK_${LANG}}</arg>
<arg>${LANG}</arg>
<doc>Runs the given keyword with the given arguments, if ``condition`` is true.</doc>
<kw name="Check Baykar's Main Site By Argument" library="Baykartech.App">
<arg>${LINK_${LANG}}</arg>
<arg>${LANG}</arg>
<kw name="Evaluate" library="BuiltIn">
<var>${ABOUT_CON}</var>
<arg>"${ABOUT_US_TEXTS_${LANG}}" in """${PAGE}"""</arg>
<doc>Evaluates the given expression in Python and returns the result.</doc>
<msg timestamp="20220701 18:13:53.927" level="INFO">${ABOUT_CON} = True</msg>
<status status="PASS" starttime="20220701 18:13:53.927" endtime="20220701 18:13:53.927"/>
</kw>
<kw name="Evaluate" library="BuiltIn">
<var>${MANAG_CON}</var>
<arg>"${MANAGEMENT_TEXTS_${LANG}}" in """${PAGE}"""</arg>
<doc>Evaluates the given expression in Python and returns the result.</doc>
<msg timestamp="20220701 18:13:53.927" level="INFO">${MANAG_CON} = False</msg>
<status status="PASS" starttime="20220701 18:13:53.927" endtime="20220701 18:13:53.927"/>
</kw>
<kw name="Evaluate" library="BuiltIn">
<var>${HISTO_CON}</var>
<arg>"${HISTORY_TEXTS_${LANG}}" in """${PAGE}"""</arg>
<doc>Evaluates the given expression in Python and returns the result.</doc>
<msg timestamp="20220701 18:13:53.928" level="INFO">${HISTO_CON} = False</msg>
<status status="PASS" starttime="20220701 18:13:53.927" endtime="20220701 18:13:53.928"/>
</kw>
<kw name="Run Keyword If" library="BuiltIn">
<arg>${ABOUT_CON}</arg>
<arg>About.Verify Page Loaded</arg>
<arg>ELSE IF</arg>
<arg>${MANAG_CON}</arg>
<arg>Management.Verify Page Loaded</arg>
<arg>ELSE IF</arg>
<arg>${HISTO_CON}</arg>
<arg>History.Verify Page Loaded</arg>
<arg>ELSE</arg>
<arg>FAIL</arg>
<doc>Runs the given keyword with the given arguments, if ``condition`` is true.</doc>
<kw name="Verify Page Loaded" library="About">
<kw name="Page Should Contain Element" library="SeleniumLibrary">
<arg>${BAYKAR_MAIN_ABOUT_VERIFY_ELEMENT}</arg>
<doc>Verifies that element ``locator`` is found on the current page.</doc>
<msg timestamp="20220701 18:13:53.933" level="INFO">Current page contains element 'xpath=//div[@class='aboutText']'.</msg>
<status status="PASS" starttime="20220701 18:13:53.928" endtime="20220701 18:13:53.933"/>
</kw>
<kw name="Scroll Element Into View" library="SeleniumLibrary">
<arg>${BAYKAR_MAIN_ABOUT_VERIFY_ELEMENT}</arg>
<doc>Scrolls the element identified by ``locator`` into view.</doc>
<status status="PASS" starttime="20220701 18:13:53.934" endtime="20220701 18:13:54.216"/>
</kw>
<kw name="Wait Until Element Is Visible" library="SeleniumLibrary">
<arg>${BAYKAR_MAIN_ABOUT_VERIFY_ELEMENT}</arg>
<doc>Waits until the element ``locator`` is visible.</doc>
<status status="PASS" starttime="20220701 18:13:54.217" endtime="20220701 18:13:54.229"/>
</kw>
<status status="PASS" starttime="20220701 18:13:53.928" endtime="20220701 18:13:54.229"/>
</kw>
<status status="PASS" starttime="20220701 18:13:53.928" endtime="20220701 18:13:54.229"/>
</kw>
<status status="PASS" starttime="20220701 18:13:53.926" endtime="20220701 18:13:54.230"/>
</kw>
<status status="PASS" starttime="20220701 18:13:53.926" endtime="20220701 18:13:54.230"/>
</kw>
<kw name="Go Back" library="SeleniumLibrary">
<doc>Simulates the user clicking the back button on their browser.</doc>
<status status="PASS" starttime="20220701 18:13:54.230" endtime="20220701 18:13:54.719"/>
</kw>
<kw name="Verify Page Loaded" library="Common">
<arg>${LANG}</arg>
<doc>Verify all pages successfully loaded</doc>
<kw name="Wait Until Element Is Enabled" library="SeleniumLibrary">
<arg>${BAYKAR_LOGO_${LANG}}</arg>
<doc>Waits until the element ``locator`` is enabled.</doc>
<status status="PASS" starttime="20220701 18:13:54.720" endtime="20220701 18:13:54.782"/>
</kw>
<kw name="Run Keyword And Return Status" library="BuiltIn">
<var>${check_loader}</var>
<arg>Element Should Be Visible</arg>
<arg>${PRE_LOADER}</arg>
<doc>Runs the given keyword with given arguments and returns the status as a Boolean value.</doc>
<kw name="Element Should Be Visible" library="SeleniumLibrary">
<arg>${PRE_LOADER}</arg>
<doc>Verifies that the element identified by ``locator`` is visible.</doc>
<msg timestamp="20220701 18:13:54.802" level="INFO">Element 'xpath=//div[@class='se-pre-con']' is displayed.</msg>
<status status="PASS" starttime="20220701 18:13:54.783" endtime="20220701 18:13:54.802"/>
</kw>
<msg timestamp="20220701 18:13:54.802" level="INFO">${check_loader} = True</msg>
<status status="PASS" starttime="20220701 18:13:54.782" endtime="20220701 18:13:54.802"/>
</kw>
<kw name="Run Keyword If" library="BuiltIn">
<arg>${check_loader}</arg>
<arg>Wait Until Element Is Not Visible</arg>
<arg>${PRE_LOADER}</arg>
<doc>Runs the given keyword with the given arguments, if ``condition`` is true.</doc>
<kw name="Wait Until Element Is Not Visible" library="SeleniumLibrary">
<arg>${PRE_LOADER}</arg>
<doc>Waits until the element ``locator`` is not visible.</doc>
<status status="PASS" starttime="20220701 18:13:54.803" endtime="20220701 18:13:55.476"/>
</kw>
<status status="PASS" starttime="20220701 18:13:54.802" endtime="20220701 18:13:55.476"/>
</kw>
<status status="PASS" starttime="20220701 18:13:54.719" endtime="20220701 18:13:55.476"/>
</kw>
<kw name="Wait Until Element Is Visible" library="SeleniumLibrary">
<arg>${PAGE_END}</arg>
<doc>Waits until the element ``locator`` is visible.</doc>
<status status="PASS" starttime="20220701 18:13:55.476" endtime="20220701 18:13:55.490"/>
</kw>
<kw name="Run Keyword" library="BuiltIn">
<arg>Scroll to end of the page</arg>
<doc>Executes the given keyword with the given arguments.</doc>
<kw name="Scroll to end of the page" library="Footer">
<kw name="Run Keyword And Ignore Error" library="BuiltIn">
<arg>Scroll Element Into View</arg>
<arg>${PAGE_END}</arg>
<doc>Runs the given keyword with the given arguments and ignores possible error.</doc>
<kw name="Scroll Element Into View" library="SeleniumLibrary">
<arg>${PAGE_END}</arg>
<doc>Scrolls the element identified by ``locator`` into view.</doc>
<msg timestamp="20220701 18:13:55.560" level="INFO" html="true">&lt;/td&gt;&lt;/tr&gt;&lt;tr&gt;&lt;td colspan="3"&gt;&lt;a href="selenium-screenshot-11.png"&gt;&lt;img src="selenium-screenshot-11.png" width="800px"&gt;&lt;/a&gt;</msg>
<msg timestamp="20220701 18:13:55.561" level="FAIL">MoveTargetOutOfBoundsException: Message: (475, 877) is out of bounds of viewport width (1536) and height (731)
Stacktrace:
WebDriverError@chrome://remote/content/shared/webdriver/Errors.jsm:186:5
MoveTargetOutOfBoundsError@chrome://remote/content/shared/webdriver/Errors.jsm:376:5
dispatchPointerMove/&lt;@chrome://remote/content/marionette/action.js:1120:13
dispatchPointerMove@chrome://remote/content/marionette/action.js:1111:10
toEvents/&lt;@chrome://remote/content/marionette/action.js:870:16
action.dispatchTickActions@chrome://remote/content/marionette/action.js:780:35
action.dispatch/chainEvents&lt;@chrome://remote/content/marionette/action.js:748:20
action.dispatch@chrome://remote/content/marionette/action.js:754:5
performActions@chrome://remote/content/marionette/actors/MarionetteCommandsChild.jsm:459:18
receiveMessage@chrome://remote/content/marionette/actors/MarionetteCommandsChild.jsm:144:31
</msg>
<status status="FAIL" starttime="20220701 18:13:55.491" endtime="20220701 18:13:55.561"/>
</kw>
<status status="PASS" starttime="20220701 18:13:55.490" endtime="20220701 18:13:55.561"/>
</kw>
<status status="PASS" starttime="20220701 18:13:55.490" endtime="20220701 18:13:55.561"/>
</kw>
<status status="PASS" starttime="20220701 18:13:55.490" endtime="20220701 18:13:55.561"/>
</kw>
<status status="PASS" starttime="20220701 18:13:52.863" endtime="20220701 18:13:55.561"/>
</iter>
<iter>
<var name="${LINK_TR}">xpath=//footer//a[.="Yönetim"]</var>
<var name="${LINK_EN}">xpath=//footer//a[.="Management"]</var>
<var name="${IN_OUT}">0</var>
<kw name="Run Keyword If" library="BuiltIn">
<arg>"${LANG}" == "tr"</arg>
<arg>Click Link</arg>
<arg>${LINK_TR}</arg>
<arg>ELSE IF</arg>
<arg>"${LANG}" == "en"</arg>
<arg>Click Link</arg>
<arg>${LINK_EN}</arg>
<doc>Runs the given keyword with the given arguments, if ``condition`` is true.</doc>
<kw name="Click Link" library="SeleniumLibrary">
<arg>${LINK_TR}</arg>
<doc>Clicks a link identified by ``locator``.</doc>
<msg timestamp="20220701 18:13:55.562" level="INFO">Clicking link 'xpath=//footer//a[.="Yönetim"]'.</msg>
<status status="PASS" starttime="20220701 18:13:55.562" endtime="20220701 18:13:56.393"/>
</kw>
<status status="PASS" starttime="20220701 18:13:55.562" endtime="20220701 18:13:56.393"/>
</kw>
<kw name="Run Keyword If" library="BuiltIn">
<arg>"${IN_OUT}" == "0"</arg>
<arg>Baykartech.App.Check Baykar's Main Site By Argument</arg>
<arg>${LINK_${LANG}}</arg>
<arg>${LANG}</arg>
<doc>Runs the given keyword with the given arguments, if ``condition`` is true.</doc>
<kw name="Check Baykar's Main Site By Argument" library="Baykartech.App">
<arg>${LINK_${LANG}}</arg>
<arg>${LANG}</arg>
<kw name="Evaluate" library="BuiltIn">
<var>${ABOUT_CON}</var>
<arg>"${ABOUT_US_TEXTS_${LANG}}" in """${PAGE}"""</arg>
<doc>Evaluates the given expression in Python and returns the result.</doc>
<msg timestamp="20220701 18:13:56.395" level="INFO">${ABOUT_CON} = False</msg>
<status status="PASS" starttime="20220701 18:13:56.395" endtime="20220701 18:13:56.395"/>
</kw>
<kw name="Evaluate" library="BuiltIn">
<var>${MANAG_CON}</var>
<arg>"${MANAGEMENT_TEXTS_${LANG}}" in """${PAGE}"""</arg>
<doc>Evaluates the given expression in Python and returns the result.</doc>
<msg timestamp="20220701 18:13:56.396" level="INFO">${MANAG_CON} = True</msg>
<status status="PASS" starttime="20220701 18:13:56.395" endtime="20220701 18:13:56.396"/>
</kw>
<kw name="Evaluate" library="BuiltIn">
<var>${HISTO_CON}</var>
<arg>"${HISTORY_TEXTS_${LANG}}" in """${PAGE}"""</arg>
<doc>Evaluates the given expression in Python and returns the result.</doc>
<msg timestamp="20220701 18:13:56.396" level="INFO">${HISTO_CON} = False</msg>
<status status="PASS" starttime="20220701 18:13:56.396" endtime="20220701 18:13:56.396"/>
</kw>
<kw name="Run Keyword If" library="BuiltIn">
<arg>${ABOUT_CON}</arg>
<arg>About.Verify Page Loaded</arg>
<arg>ELSE IF</arg>
<arg>${MANAG_CON}</arg>
<arg>Management.Verify Page Loaded</arg>
<arg>ELSE IF</arg>
<arg>${HISTO_CON}</arg>
<arg>History.Verify Page Loaded</arg>
<arg>ELSE</arg>
<arg>FAIL</arg>
<doc>Runs the given keyword with the given arguments, if ``condition`` is true.</doc>
<kw name="Verify Page Loaded" library="Management">
<kw name="Page Should Contain Element" library="SeleniumLibrary">
<arg>${BAYKAR_MAIN_MANAGEMENT_VERIFY_ELEMENT}</arg>
<doc>Verifies that element ``locator`` is found on the current page.</doc>
<msg timestamp="20220701 18:13:56.403" level="INFO">Current page contains element 'xpath=//div[@class='managementList']//a[contains(@href, '/ozdemir-bayraktar/')]'.</msg>
<status status="PASS" starttime="20220701 18:13:56.397" endtime="20220701 18:13:56.403"/>
</kw>
<kw name="Scroll Element Into View" library="SeleniumLibrary">
<arg>${BAYKAR_MAIN_MANAGEMENT_VERIFY_ELEMENT}</arg>
<doc>Scrolls the element identified by ``locator`` into view.</doc>
<status status="PASS" starttime="20220701 18:13:56.403" endtime="20220701 18:13:56.691"/>
</kw>
<kw name="Wait Until Element Is Visible" library="SeleniumLibrary">
<arg>${BAYKAR_MAIN_MANAGEMENT_VERIFY_ELEMENT}</arg>
<doc>Waits until the element ``locator`` is visible.</doc>
<status status="PASS" starttime="20220701 18:13:56.691" endtime="20220701 18:13:56.706"/>
</kw>
<status status="PASS" starttime="20220701 18:13:56.397" endtime="20220701 18:13:56.706"/>
</kw>
<status status="PASS" starttime="20220701 18:13:56.396" endtime="20220701 18:13:56.706"/>
</kw>
<status status="PASS" starttime="20220701 18:13:56.394" endtime="20220701 18:13:56.706"/>
</kw>
<status status="PASS" starttime="20220701 18:13:56.394" endtime="20220701 18:13:56.706"/>
</kw>
<kw name="Go Back" library="SeleniumLibrary">
<doc>Simulates the user clicking the back button on their browser.</doc>
<status status="PASS" starttime="20220701 18:13:56.706" endtime="20220701 18:13:56.975"/>
</kw>
<kw name="Verify Page Loaded" library="Common">
<arg>${LANG}</arg>
<doc>Verify all pages successfully loaded</doc>
<kw name="Wait Until Element Is Enabled" library="SeleniumLibrary">
<arg>${BAYKAR_LOGO_${LANG}}</arg>
<doc>Waits until the element ``locator`` is enabled.</doc>
<status status="PASS" starttime="20220701 18:13:56.975" endtime="20220701 18:13:57.023"/>
</kw>
<kw name="Run Keyword And Return Status" library="BuiltIn">
<var>${check_loader}</var>
<arg>Element Should Be Visible</arg>
<arg>${PRE_LOADER}</arg>
<doc>Runs the given keyword with given arguments and returns the status as a Boolean value.</doc>
<kw name="Element Should Be Visible" library="SeleniumLibrary">
<arg>${PRE_LOADER}</arg>
<doc>Verifies that the element identified by ``locator`` is visible.</doc>
<msg timestamp="20220701 18:13:57.043" level="INFO">Element 'xpath=//div[@class='se-pre-con']' is displayed.</msg>
<status status="PASS" starttime="20220701 18:13:57.023" endtime="20220701 18:13:57.043"/>
</kw>
<msg timestamp="20220701 18:13:57.043" level="INFO">${check_loader} = True</msg>
<status status="PASS" starttime="20220701 18:13:57.023" endtime="20220701 18:13:57.043"/>
</kw>
<kw name="Run Keyword If" library="BuiltIn">
<arg>${check_loader}</arg>
<arg>Wait Until Element Is Not Visible</arg>
<arg>${PRE_LOADER}</arg>
<doc>Runs the given keyword with the given arguments, if ``condition`` is true.</doc>
<kw name="Wait Until Element Is Not Visible" library="SeleniumLibrary">
<arg>${PRE_LOADER}</arg>
<doc>Waits until the element ``locator`` is not visible.</doc>
<status status="PASS" starttime="20220701 18:13:57.044" endtime="20220701 18:13:57.720"/>
</kw>
<status status="PASS" starttime="20220701 18:13:57.043" endtime="20220701 18:13:57.720"/>
</kw>
<status status="PASS" starttime="20220701 18:13:56.975" endtime="20220701 18:13:57.720"/>
</kw>
<kw name="Wait Until Element Is Visible" library="SeleniumLibrary">
<arg>${PAGE_END}</arg>
<doc>Waits until the element ``locator`` is visible.</doc>
<status status="PASS" starttime="20220701 18:13:57.720" endtime="20220701 18:13:57.733"/>
</kw>
<kw name="Run Keyword" library="BuiltIn">
<arg>Scroll to end of the page</arg>
<doc>Executes the given keyword with the given arguments.</doc>
<kw name="Scroll to end of the page" library="Footer">
<kw name="Run Keyword And Ignore Error" library="BuiltIn">
<arg>Scroll Element Into View</arg>
<arg>${PAGE_END}</arg>
<doc>Runs the given keyword with the given arguments and ignores possible error.</doc>
<kw name="Scroll Element Into View" library="SeleniumLibrary">
<arg>${PAGE_END}</arg>
<doc>Scrolls the element identified by ``locator`` into view.</doc>
<msg timestamp="20220701 18:13:57.820" level="INFO" html="true">&lt;/td&gt;&lt;/tr&gt;&lt;tr&gt;&lt;td colspan="3"&gt;&lt;a href="selenium-screenshot-12.png"&gt;&lt;img src="selenium-screenshot-12.png" width="800px"&gt;&lt;/a&gt;</msg>
<msg timestamp="20220701 18:13:57.820" level="FAIL">MoveTargetOutOfBoundsException: Message: (475, 854) is out of bounds of viewport width (1536) and height (731)
Stacktrace:
WebDriverError@chrome://remote/content/shared/webdriver/Errors.jsm:186:5
MoveTargetOutOfBoundsError@chrome://remote/content/shared/webdriver/Errors.jsm:376:5
dispatchPointerMove/&lt;@chrome://remote/content/marionette/action.js:1120:13
dispatchPointerMove@chrome://remote/content/marionette/action.js:1111:10
toEvents/&lt;@chrome://remote/content/marionette/action.js:870:16
action.dispatchTickActions@chrome://remote/content/marionette/action.js:780:35
action.dispatch/chainEvents&lt;@chrome://remote/content/marionette/action.js:748:20
action.dispatch@chrome://remote/content/marionette/action.js:754:5
performActions@chrome://remote/content/marionette/actors/MarionetteCommandsChild.jsm:459:18
receiveMessage@chrome://remote/content/marionette/actors/MarionetteCommandsChild.jsm:144:31
</msg>
<status status="FAIL" starttime="20220701 18:13:57.734" endtime="20220701 18:13:57.820"/>
</kw>
<status status="PASS" starttime="20220701 18:13:57.734" endtime="20220701 18:13:57.820"/>
</kw>
<status status="PASS" starttime="20220701 18:13:57.734" endtime="20220701 18:13:57.820"/>
</kw>
<status status="PASS" starttime="20220701 18:13:57.733" endtime="20220701 18:13:57.821"/>
</kw>
<status status="PASS" starttime="20220701 18:13:55.561" endtime="20220701 18:13:57.821"/>
</iter>
<iter>
<var name="${LINK_TR}">xpath=//footer//a[.="Tarihçe"]</var>
<var name="${LINK_EN}">xpath=//footer//a[.="History"]</var>
<var name="${IN_OUT}">0</var>
<kw name="Run Keyword If" library="BuiltIn">
<arg>"${LANG}" == "tr"</arg>
<arg>Click Link</arg>
<arg>${LINK_TR}</arg>
<arg>ELSE IF</arg>
<arg>"${LANG}" == "en"</arg>
<arg>Click Link</arg>
<arg>${LINK_EN}</arg>
<doc>Runs the given keyword with the given arguments, if ``condition`` is true.</doc>
<kw name="Click Link" library="SeleniumLibrary">
<arg>${LINK_TR}</arg>
<doc>Clicks a link identified by ``locator``.</doc>
<msg timestamp="20220701 18:13:57.821" level="INFO">Clicking link 'xpath=//footer//a[.="Tarihçe"]'.</msg>
<status status="PASS" starttime="20220701 18:13:57.821" endtime="20220701 18:13:58.856"/>
</kw>
<status status="PASS" starttime="20220701 18:13:57.821" endtime="20220701 18:13:58.856"/>
</kw>
<kw name="Run Keyword If" library="BuiltIn">
<arg>"${IN_OUT}" == "0"</arg>
<arg>Baykartech.App.Check Baykar's Main Site By Argument</arg>
<arg>${LINK_${LANG}}</arg>
<arg>${LANG}</arg>
<doc>Runs the given keyword with the given arguments, if ``condition`` is true.</doc>
<kw name="Check Baykar's Main Site By Argument" library="Baykartech.App">
<arg>${LINK_${LANG}}</arg>
<arg>${LANG}</arg>
<kw name="Evaluate" library="BuiltIn">
<var>${ABOUT_CON}</var>
<arg>"${ABOUT_US_TEXTS_${LANG}}" in """${PAGE}"""</arg>
<doc>Evaluates the given expression in Python and returns the result.</doc>
<msg timestamp="20220701 18:13:58.857" level="INFO">${ABOUT_CON} = False</msg>
<status status="PASS" starttime="20220701 18:13:58.857" endtime="20220701 18:13:58.857"/>
</kw>
<kw name="Evaluate" library="BuiltIn">
<var>${MANAG_CON}</var>
<arg>"${MANAGEMENT_TEXTS_${LANG}}" in """${PAGE}"""</arg>
<doc>Evaluates the given expression in Python and returns the result.</doc>
<msg timestamp="20220701 18:13:58.858" level="INFO">${MANAG_CON} = False</msg>
<status status="PASS" starttime="20220701 18:13:58.858" endtime="20220701 18:13:58.858"/>
</kw>
<kw name="Evaluate" library="BuiltIn">
<var>${HISTO_CON}</var>
<arg>"${HISTORY_TEXTS_${LANG}}" in """${PAGE}"""</arg>
<doc>Evaluates the given expression in Python and returns the result.</doc>
<msg timestamp="20220701 18:13:58.858" level="INFO">${HISTO_CON} = True</msg>
<status status="PASS" starttime="20220701 18:13:58.858" endtime="20220701 18:13:58.858"/>
</kw>
<kw name="Run Keyword If" library="BuiltIn">
<arg>${ABOUT_CON}</arg>
<arg>About.Verify Page Loaded</arg>
<arg>ELSE IF</arg>
<arg>${MANAG_CON}</arg>
<arg>Management.Verify Page Loaded</arg>
<arg>ELSE IF</arg>
<arg>${HISTO_CON}</arg>
<arg>History.Verify Page Loaded</arg>
<arg>ELSE</arg>
<arg>FAIL</arg>
<doc>Runs the given keyword with the given arguments, if ``condition`` is true.</doc>
<kw name="Verify Page Loaded" library="History">
<kw name="Page Should Contain Element" library="SeleniumLibrary">
<arg>${BAYKAR_MAIN_HISTORY_VERIFY_ELEMENT}</arg>
<doc>Verifies that element ``locator`` is found on the current page.</doc>
<msg timestamp="20220701 18:13:58.863" level="INFO">Current page contains element 'xpath=//div[@class='aboutTimeLineLR']/div[@class='tlCard'][1]'.</msg>
<status status="PASS" starttime="20220701 18:13:58.859" endtime="20220701 18:13:58.863"/>
</kw>
<kw name="Scroll Element Into View" library="SeleniumLibrary">
<arg>${BAYKAR_MAIN_HISTORY_VERIFY_ELEMENT}</arg>
<doc>Scrolls the element identified by ``locator`` into view.</doc>
<status status="PASS" starttime="20220701 18:13:58.864" endtime="20220701 18:13:59.137"/>
</kw>
<kw name="Wait Until Element Is Visible" library="SeleniumLibrary">
<arg>${BAYKAR_MAIN_HISTORY_VERIFY_ELEMENT}</arg>
<doc>Waits until the element ``locator`` is visible.</doc>
<status status="PASS" starttime="20220701 18:13:59.138" endtime="20220701 18:13:59.149"/>
</kw>
<status status="PASS" starttime="20220701 18:13:58.859" endtime="20220701 18:13:59.149"/>
</kw>
<status status="PASS" starttime="20220701 18:13:58.858" endtime="20220701 18:13:59.149"/>
</kw>
<status status="PASS" starttime="20220701 18:13:58.857" endtime="20220701 18:13:59.149"/>
</kw>
<status status="PASS" starttime="20220701 18:13:58.856" endtime="20220701 18:13:59.149"/>
</kw>
<kw name="Go Back" library="SeleniumLibrary">
<doc>Simulates the user clicking the back button on their browser.</doc>
<status status="PASS" starttime="20220701 18:13:59.149" endtime="20220701 18:13:59.461"/>
</kw>
<kw name="Verify Page Loaded" library="Common">
<arg>${LANG}</arg>
<doc>Verify all pages successfully loaded</doc>
<kw name="Wait Until Element Is Enabled" library="SeleniumLibrary">
<arg>${BAYKAR_LOGO_${LANG}}</arg>
<doc>Waits until the element ``locator`` is enabled.</doc>
<status status="PASS" starttime="20220701 18:13:59.462" endtime="20220701 18:13:59.526"/>
</kw>
<kw name="Run Keyword And Return Status" library="BuiltIn">
<var>${check_loader}</var>
<arg>Element Should Be Visible</arg>
<arg>${PRE_LOADER}</arg>
<doc>Runs the given keyword with given arguments and returns the status as a Boolean value.</doc>
<kw name="Element Should Be Visible" library="SeleniumLibrary">
<arg>${PRE_LOADER}</arg>
<doc>Verifies that the element identified by ``locator`` is visible.</doc>
<msg timestamp="20220701 18:13:59.544" level="INFO">Element 'xpath=//div[@class='se-pre-con']' is displayed.</msg>
<status status="PASS" starttime="20220701 18:13:59.527" endtime="20220701 18:13:59.544"/>
</kw>
<msg timestamp="20220701 18:13:59.544" level="INFO">${check_loader} = True</msg>
<status status="PASS" starttime="20220701 18:13:59.526" endtime="20220701 18:13:59.544"/>
</kw>
<kw name="Run Keyword If" library="BuiltIn">
<arg>${check_loader}</arg>
<arg>Wait Until Element Is Not Visible</arg>
<arg>${PRE_LOADER}</arg>
<doc>Runs the given keyword with the given arguments, if ``condition`` is true.</doc>
<kw name="Wait Until Element Is Not Visible" library="SeleniumLibrary">
<arg>${PRE_LOADER}</arg>
<doc>Waits until the element ``locator`` is not visible.</doc>
<status status="PASS" starttime="20220701 18:13:59.545" endtime="20220701 18:14:00.223"/>
</kw>
<status status="PASS" starttime="20220701 18:13:59.544" endtime="20220701 18:14:00.224"/>
</kw>
<status status="PASS" starttime="20220701 18:13:59.461" endtime="20220701 18:14:00.224"/>
</kw>
<kw name="Wait Until Element Is Visible" library="SeleniumLibrary">
<arg>${PAGE_END}</arg>
<doc>Waits until the element ``locator`` is visible.</doc>
<status status="PASS" starttime="20220701 18:14:00.224" endtime="20220701 18:14:00.236"/>
</kw>
<kw name="Run Keyword" library="BuiltIn">
<arg>Scroll to end of the page</arg>
<doc>Executes the given keyword with the given arguments.</doc>
<kw name="Scroll to end of the page" library="Footer">
<kw name="Run Keyword And Ignore Error" library="BuiltIn">
<arg>Scroll Element Into View</arg>
<arg>${PAGE_END}</arg>
<doc>Runs the given keyword with the given arguments and ignores possible error.</doc>
<kw name="Scroll Element Into View" library="SeleniumLibrary">
<arg>${PAGE_END}</arg>
<doc>Scrolls the element identified by ``locator`` into view.</doc>
<msg timestamp="20220701 18:14:00.308" level="INFO" html="true">&lt;/td&gt;&lt;/tr&gt;&lt;tr&gt;&lt;td colspan="3"&gt;&lt;a href="selenium-screenshot-13.png"&gt;&lt;img src="selenium-screenshot-13.png" width="800px"&gt;&lt;/a&gt;</msg>
<msg timestamp="20220701 18:14:00.308" level="FAIL">MoveTargetOutOfBoundsException: Message: (475, 831) is out of bounds of viewport width (1536) and height (731)
Stacktrace:
WebDriverError@chrome://remote/content/shared/webdriver/Errors.jsm:186:5
MoveTargetOutOfBoundsError@chrome://remote/content/shared/webdriver/Errors.jsm:376:5
dispatchPointerMove/&lt;@chrome://remote/content/marionette/action.js:1120:13
dispatchPointerMove@chrome://remote/content/marionette/action.js:1111:10
toEvents/&lt;@chrome://remote/content/marionette/action.js:870:16
action.dispatchTickActions@chrome://remote/content/marionette/action.js:780:35
action.dispatch/chainEvents&lt;@chrome://remote/content/marionette/action.js:748:20
action.dispatch@chrome://remote/content/marionette/action.js:754:5
performActions@chrome://remote/content/marionette/actors/MarionetteCommandsChild.jsm:459:18
receiveMessage@chrome://remote/content/marionette/actors/MarionetteCommandsChild.jsm:144:31
</msg>
<status status="FAIL" starttime="20220701 18:14:00.237" endtime="20220701 18:14:00.308"/>
</kw>
<status status="PASS" starttime="20220701 18:14:00.237" endtime="20220701 18:14:00.308"/>
</kw>
<status status="PASS" starttime="20220701 18:14:00.237" endtime="20220701 18:14:00.308"/>
</kw>
<status status="PASS" starttime="20220701 18:14:00.237" endtime="20220701 18:14:00.309"/>
</kw>
<status status="PASS" starttime="20220701 18:13:57.821" endtime="20220701 18:14:00.309"/>
</iter>
<iter>
<var name="${LINK_TR}">xpath=//footer//a[.="Açık Pozisyonlar"]</var>
<var name="${LINK_EN}">xpath=//footer//a[.="Open Positions"]</var>
<var name="${IN_OUT}">1</var>
<kw name="Run Keyword If" library="BuiltIn">
<arg>"${LANG}" == "tr"</arg>
<arg>Click Link</arg>
<arg>${LINK_TR}</arg>
<arg>ELSE IF</arg>
<arg>"${LANG}" == "en"</arg>
<arg>Click Link</arg>
<arg>${LINK_EN}</arg>
<doc>Runs the given keyword with the given arguments, if ``condition`` is true.</doc>
<kw name="Click Link" library="SeleniumLibrary">
<arg>${LINK_TR}</arg>
<doc>Clicks a link identified by ``locator``.</doc>
<msg timestamp="20220701 18:14:00.309" level="INFO">Clicking link 'xpath=//footer//a[.="Açık Pozisyonlar"]'.</msg>
<status status="PASS" starttime="20220701 18:14:00.309" endtime="20220701 18:14:02.817"/>
</kw>
<status status="PASS" starttime="20220701 18:14:00.309" endtime="20220701 18:14:02.817"/>
</kw>
<kw name="Run Keyword If" library="BuiltIn">
<arg>"${IN_OUT}" == "0"</arg>
<arg>Baykartech.App.Check Baykar's Main Site By Argument</arg>
<arg>${LINK_${LANG}}</arg>
<arg>${LANG}</arg>
<doc>Runs the given keyword with the given arguments, if ``condition`` is true.</doc>
<status status="PASS" starttime="20220701 18:14:02.817" endtime="20220701 18:14:02.817"/>
</kw>
<kw name="Go Back" library="SeleniumLibrary">
<doc>Simulates the user clicking the back button on their browser.</doc>
<status status="PASS" starttime="20220701 18:14:02.817" endtime="20220701 18:14:03.111"/>
</kw>
<kw name="Verify Page Loaded" library="Common">
<arg>${LANG}</arg>
<doc>Verify all pages successfully loaded</doc>
<kw name="Wait Until Element Is Enabled" library="SeleniumLibrary">
<arg>${BAYKAR_LOGO_${LANG}}</arg>
<doc>Waits until the element ``locator`` is enabled.</doc>
<status status="PASS" starttime="20220701 18:14:03.112" endtime="20220701 18:14:03.164"/>
</kw>
<kw name="Run Keyword And Return Status" library="BuiltIn">
<var>${check_loader}</var>
<arg>Element Should Be Visible</arg>
<arg>${PRE_LOADER}</arg>
<doc>Runs the given keyword with given arguments and returns the status as a Boolean value.</doc>
<kw name="Element Should Be Visible" library="SeleniumLibrary">
<arg>${PRE_LOADER}</arg>
<doc>Verifies that the element identified by ``locator`` is visible.</doc>
<msg timestamp="20220701 18:14:03.184" level="INFO">Element 'xpath=//div[@class='se-pre-con']' is displayed.</msg>
<status status="PASS" starttime="20220701 18:14:03.164" endtime="20220701 18:14:03.184"/>
</kw>
<msg timestamp="20220701 18:14:03.184" level="INFO">${check_loader} = True</msg>
<status status="PASS" starttime="20220701 18:14:03.164" endtime="20220701 18:14:03.184"/>
</kw>
<kw name="Run Keyword If" library="BuiltIn">
<arg>${check_loader}</arg>
<arg>Wait Until Element Is Not Visible</arg>
<arg>${PRE_LOADER}</arg>
<doc>Runs the given keyword with the given arguments, if ``condition`` is true.</doc>
<kw name="Wait Until Element Is Not Visible" library="SeleniumLibrary">
<arg>${PRE_LOADER}</arg>
<doc>Waits until the element ``locator`` is not visible.</doc>
<status status="PASS" starttime="20220701 18:14:03.184" endtime="20220701 18:14:03.850"/>
</kw>
<status status="PASS" starttime="20220701 18:14:03.184" endtime="20220701 18:14:03.850"/>
</kw>
<status status="PASS" starttime="20220701 18:14:03.111" endtime="20220701 18:14:03.850"/>
</kw>
<kw name="Wait Until Element Is Visible" library="SeleniumLibrary">
<arg>${PAGE_END}</arg>
<doc>Waits until the element ``locator`` is visible.</doc>
<status status="PASS" starttime="20220701 18:14:03.851" endtime="20220701 18:14:03.864"/>
</kw>
<kw name="Run Keyword" library="BuiltIn">
<arg>Scroll to end of the page</arg>
<doc>Executes the given keyword with the given arguments.</doc>
<kw name="Scroll to end of the page" library="Footer">
<kw name="Run Keyword And Ignore Error" library="BuiltIn">
<arg>Scroll Element Into View</arg>
<arg>${PAGE_END}</arg>
<doc>Runs the given keyword with the given arguments and ignores possible error.</doc>
<kw name="Scroll Element Into View" library="SeleniumLibrary">
<arg>${PAGE_END}</arg>
<doc>Scrolls the element identified by ``locator`` into view.</doc>
<msg timestamp="20220701 18:14:03.926" level="INFO" html="true">&lt;/td&gt;&lt;/tr&gt;&lt;tr&gt;&lt;td colspan="3"&gt;&lt;a href="selenium-screenshot-14.png"&gt;&lt;img src="selenium-screenshot-14.png" width="800px"&gt;&lt;/a&gt;</msg>
<msg timestamp="20220701 18:14:03.927" level="FAIL">MoveTargetOutOfBoundsException: Message: (475, 831) is out of bounds of viewport width (1536) and height (731)
Stacktrace:
WebDriverError@chrome://remote/content/shared/webdriver/Errors.jsm:186:5
MoveTargetOutOfBoundsError@chrome://remote/content/shared/webdriver/Errors.jsm:376:5
dispatchPointerMove/&lt;@chrome://remote/content/marionette/action.js:1120:13
dispatchPointerMove@chrome://remote/content/marionette/action.js:1111:10
toEvents/&lt;@chrome://remote/content/marionette/action.js:870:16
action.dispatchTickActions@chrome://remote/content/marionette/action.js:780:35
action.dispatch/chainEvents&lt;@chrome://remote/content/marionette/action.js:748:20
action.dispatch@chrome://remote/content/marionette/action.js:754:5
performActions@chrome://remote/content/marionette/actors/MarionetteCommandsChild.jsm:459:18
receiveMessage@chrome://remote/content/marionette/actors/MarionetteCommandsChild.jsm:144:31
</msg>
<status status="FAIL" starttime="20220701 18:14:03.865" endtime="20220701 18:14:03.927"/>
</kw>
<status status="PASS" starttime="20220701 18:14:03.864" endtime="20220701 18:14:03.927"/>
</kw>
<status status="PASS" starttime="20220701 18:14:03.864" endtime="20220701 18:14:03.927"/>
</kw>
<status status="PASS" starttime="20220701 18:14:03.864" endtime="20220701 18:14:03.927"/>
</kw>
<status status="PASS" starttime="20220701 18:14:00.309" endtime="20220701 18:14:03.927"/>
</iter>
<iter>
<var name="${LINK_TR}">xpath=//footer//a[.="İş"]</var>
<var name="${LINK_EN}">xpath=//footer//a[.="Jobs"]</var>
<var name="${IN_OUT}">1</var>
<kw name="Run Keyword If" library="BuiltIn">
<arg>"${LANG}" == "tr"</arg>
<arg>Click Link</arg>
<arg>${LINK_TR}</arg>
<arg>ELSE IF</arg>
<arg>"${LANG}" == "en"</arg>
<arg>Click Link</arg>
<arg>${LINK_EN}</arg>
<doc>Runs the given keyword with the given arguments, if ``condition`` is true.</doc>
<kw name="Click Link" library="SeleniumLibrary">
<arg>${LINK_TR}</arg>
<doc>Clicks a link identified by ``locator``.</doc>
<msg timestamp="20220701 18:14:03.928" level="INFO">Clicking link 'xpath=//footer//a[.="İş"]'.</msg>
<status status="PASS" starttime="20220701 18:14:03.928" endtime="20220701 18:14:04.453"/>
</kw>
<status status="PASS" starttime="20220701 18:14:03.927" endtime="20220701 18:14:04.453"/>
</kw>
<kw name="Run Keyword If" library="BuiltIn">
<arg>"${IN_OUT}" == "0"</arg>
<arg>Baykartech.App.Check Baykar's Main Site By Argument</arg>
<arg>${LINK_${LANG}}</arg>
<arg>${LANG}</arg>
<doc>Runs the given keyword with the given arguments, if ``condition`` is true.</doc>
<status status="PASS" starttime="20220701 18:14:04.453" endtime="20220701 18:14:04.454"/>
</kw>
<kw name="Go Back" library="SeleniumLibrary">
<doc>Simulates the user clicking the back button on their browser.</doc>
<status status="PASS" starttime="20220701 18:14:04.454" endtime="20220701 18:14:04.502"/>
</kw>
<kw name="Verify Page Loaded" library="Common">
<arg>${LANG}</arg>
<doc>Verify all pages successfully loaded</doc>
<kw name="Wait Until Element Is Enabled" library="SeleniumLibrary">
<arg>${BAYKAR_LOGO_${LANG}}</arg>
<doc>Waits until the element ``locator`` is enabled.</doc>
<msg timestamp="20220701 18:14:09.596" level="INFO" html="true">&lt;/td&gt;&lt;/tr&gt;&lt;tr&gt;&lt;td colspan="3"&gt;&lt;a href="selenium-screenshot-15.png"&gt;&lt;img src="selenium-screenshot-15.png" width="800px"&gt;&lt;/a&gt;</msg>
<msg timestamp="20220701 18:14:09.597" level="FAIL">Element with locator 'xpath=//img[@src='https://cdnik.baykartech.com/media/images/contents/hr-logo-white.png']' not found.</msg>
<status status="FAIL" starttime="20220701 18:14:04.503" endtime="20220701 18:14:09.597"/>
</kw>
<kw name="Run Keyword And Return Status" library="BuiltIn">
<var>${check_loader}</var>
<arg>Element Should Be Visible</arg>
<arg>${PRE_LOADER}</arg>
<doc>Runs the given keyword with given arguments and returns the status as a Boolean value.</doc>
<status status="NOT RUN" starttime="20220701 18:14:09.598" endtime="20220701 18:14:09.598"/>
</kw>
<kw name="Run Keyword If" library="BuiltIn">
<arg>${check_loader}</arg>
<arg>Wait Until Element Is Not Visible</arg>
<arg>${PRE_LOADER}</arg>
<doc>Runs the given keyword with the given arguments, if ``condition`` is true.</doc>
<status status="NOT RUN" starttime="20220701 18:14:09.598" endtime="20220701 18:14:09.598"/>
</kw>
<status status="FAIL" starttime="20220701 18:14:04.502" endtime="20220701 18:14:09.598"/>
</kw>
<kw name="Wait Until Element Is Visible" library="SeleniumLibrary">
<arg>${PAGE_END}</arg>
<doc>Waits until the element ``locator`` is visible.</doc>
<status status="NOT RUN" starttime="20220701 18:14:09.598" endtime="20220701 18:14:09.599"/>
</kw>
<kw name="Run Keyword" library="BuiltIn">
<arg>Scroll to end of the page</arg>
<doc>Executes the given keyword with the given arguments.</doc>
<status status="NOT RUN" starttime="20220701 18:14:09.599" endtime="20220701 18:14:09.599"/>
</kw>
<status status="FAIL" starttime="20220701 18:14:03.927" endtime="20220701 18:14:09.599"/>
</iter>
<status status="FAIL" starttime="20220701 18:13:52.863" endtime="20220701 18:14:09.599"/>
</for>
<status status="FAIL" starttime="20220701 18:13:52.863" endtime="20220701 18:14:09.599"/>
</kw>
<status status="FAIL" starttime="20220701 18:13:52.681" endtime="20220701 18:14:09.600"/>
</kw>
<kw name="End Baykar Web Test" library="Common" type="TEARDOWN">
<kw name="Close Browser" library="SeleniumLibrary">
<doc>Closes the current browser.</doc>
<status status="PASS" starttime="20220701 18:14:09.601" endtime="20220701 18:14:10.217"/>
</kw>
<status status="PASS" starttime="20220701 18:14:09.600" endtime="20220701 18:14:10.217"/>
</kw>
<doc>All visitors should be able navigate footer links</doc>
<tag>Footer</tag>
<tag>Smoke</tag>
<status status="FAIL" starttime="20220701 18:13:39.061" endtime="20220701 18:14:10.217">Element with locator 'xpath=//img[@src='https://cdnik.baykartech.com/media/images/contents/hr-logo-white.png']' not found.</status>
</test>
<doc>This test file includes all tests for *kariyer.baykartech.com*,
if you wanna change Browser or Runtime Language go to *Variables* section in this file.</doc>
<status status="FAIL" starttime="20220701 18:13:38.845" endtime="20220701 18:14:10.218"/>
</suite>
<status status="FAIL" starttime="20220701 18:13:38.827" endtime="20220701 18:14:10.220"/>
</suite>
<statistics>
<total>
<stat pass="0" fail="1" skip="0">All Tests</stat>
</total>
<tag>
<stat pass="0" fail="1" skip="0">Footer</stat>
<stat pass="0" fail="1" skip="0">Smoke</stat>
</tag>
<suite>
<stat pass="0" fail="1" skip="0" id="s1" name="Tests">Tests</stat>
<stat pass="0" fail="1" skip="0" id="s1-s1" name="Kariyer.Baykartech">Tests.Kariyer.Baykartech</stat>
</suite>
</statistics>
<errors>
</errors>
</robot>
