<?xml version="1.0" encoding="UTF-8"?>
<robot generator="Robot 5.0.1 (Python 3.9.7 on win32)" generated="20220701 17:47:27.181" rpa="false" schemaversion="3">
<suite id="s1" name="Tests" source="C:\Users\byuks\Desktop\QA\QA-Test-Automation-Baykar\tests">
<suite id="s1-s1" name="Kariyer.Baykartech" source="C:\Users\byuks\Desktop\QA\QA-Test-Automation-Baykar\tests\Kariyer.Baykartech.robot">
<test id="s1-s1-t1" name="Visitor should be able enter site" line="17">
<kw name="Start Baykar Web Test" library="Common" type="SETUP">
<arg>${BROWSER}</arg>
<kw name="Open Browser" library="SeleniumLibrary">
<arg>about:blank</arg>
<arg>${BROWSER}</arg>
<doc>Opens a new browser instance to the optional ``url``.</doc>
<msg timestamp="20220701 17:47:27.423" level="INFO">Opening browser 'edge' to base url 'about:blank'.</msg>
<status status="PASS" starttime="20220701 17:47:27.423" endtime="20220701 17:47:28.558"/>
</kw>
<kw name="Maximize Browser Window" library="SeleniumLibrary">
<doc>Maximizes current browser window.</doc>
<status status="PASS" starttime="20220701 17:47:28.558" endtime="20220701 17:47:28.672"/>
</kw>
<status status="PASS" starttime="20220701 17:47:27.423" endtime="20220701 17:47:28.672"/>
</kw>
<kw name="Open Website" library="Common">
<arg>${SITE_URL}${RUN_LANG}</arg>
<kw name="Go To" library="SeleniumLibrary">
<arg>${SITE_URL}\/</arg>
<doc>Navigates the current browser window to the provided ``url``.</doc>
<msg timestamp="20220701 17:47:28.673" level="INFO">Opening url 'https://kariyer.baykartech.com/tr/'</msg>
<status status="PASS" starttime="20220701 17:47:28.673" endtime="20220701 17:47:35.784"/>
</kw>
<status status="PASS" starttime="20220701 17:47:28.673" endtime="20220701 17:47:35.784"/>
</kw>
<kw name="Verify Page Loaded" library="Common">
<arg>${RUN_LANG}</arg>
<doc>Verify all pages successfully loaded</doc>
<kw name="Wait Until Element Is Enabled" library="SeleniumLibrary">
<arg>${BAYKAR_LOGO_${LANG}}</arg>
<doc>Waits until the element ``locator`` is enabled.</doc>
<status status="PASS" starttime="20220701 17:47:35.785" endtime="20220701 17:47:35.813"/>
</kw>
<kw name="Run Keyword And Return Status" library="BuiltIn">
<var>${check_loader}</var>
<arg>Element Should Be Visible</arg>
<arg>${PRE_LOADER}</arg>
<doc>Runs the given keyword with given arguments and returns the status as a Boolean value.</doc>
<kw name="Element Should Be Visible" library="SeleniumLibrary">
<arg>${PRE_LOADER}</arg>
<doc>Verifies that the element identified by ``locator`` is visible.</doc>
<msg timestamp="20220701 17:47:35.834" level="INFO">Element 'xpath=//div[@class='se-pre-con']' is displayed.</msg>
<status status="PASS" starttime="20220701 17:47:35.813" endtime="20220701 17:47:35.834"/>
</kw>
<msg timestamp="20220701 17:47:35.834" level="INFO">${check_loader} = True</msg>
<status status="PASS" starttime="20220701 17:47:35.813" endtime="20220701 17:47:35.834"/>
</kw>
<kw name="Run Keyword If" library="BuiltIn">
<arg>${check_loader}</arg>
<arg>Wait Until Element Is Not Visible</arg>
<arg>${PRE_LOADER}</arg>
<doc>Runs the given keyword with the given arguments, if ``condition`` is true.</doc>
<kw name="Wait Until Element Is Not Visible" library="SeleniumLibrary">
<arg>${PRE_LOADER}</arg>
<doc>Waits until the element ``locator`` is not visible.</doc>
<status status="PASS" starttime="20220701 17:47:35.834" endtime="20220701 17:47:36.507"/>
</kw>
<status status="PASS" starttime="20220701 17:47:35.834" endtime="20220701 17:47:36.507"/>
</kw>
<status status="PASS" starttime="20220701 17:47:35.785" endtime="20220701 17:47:36.507"/>
</kw>
<kw name="End Baykar Web Test" library="Common" type="TEARDOWN">
<kw name="Close Browser" library="SeleniumLibrary">
<doc>Closes the current browser.</doc>
<status status="PASS" starttime="20220701 17:47:36.508" endtime="20220701 17:47:38.646"/>
</kw>
<status status="PASS" starttime="20220701 17:47:36.508" endtime="20220701 17:47:38.647"/>
</kw>
<doc>All visitors should be able enter site</doc>
<tag>Common</tag>
<tag>Smoke</tag>
<status status="PASS" starttime="20220701 17:47:27.422" endtime="20220701 17:47:38.647"/>
</test>
<test id="s1-s1-t2" name="Visitor should be able navigate navbar" line="23">
<kw name="Start Baykar Web Test" library="Common" type="SETUP">
<arg>${BROWSER}</arg>
<kw name="Open Browser" library="SeleniumLibrary">
<arg>about:blank</arg>
<arg>${BROWSER}</arg>
<doc>Opens a new browser instance to the optional ``url``.</doc>
<msg timestamp="20220701 17:47:38.649" level="INFO">Opening browser 'edge' to base url 'about:blank'.</msg>
<status status="PASS" starttime="20220701 17:47:38.649" endtime="20220701 17:47:39.657"/>
</kw>
<kw name="Maximize Browser Window" library="SeleniumLibrary">
<doc>Maximizes current browser window.</doc>
<status status="PASS" starttime="20220701 17:47:39.657" endtime="20220701 17:47:39.786"/>
</kw>
<status status="PASS" starttime="20220701 17:47:38.649" endtime="20220701 17:47:39.786"/>
</kw>
<kw name="Open Website" library="Common">
<arg>${SITE_URL}${RUN_LANG}</arg>
<kw name="Go To" library="SeleniumLibrary">
<arg>${SITE_URL}\/</arg>
<doc>Navigates the current browser window to the provided ``url``.</doc>
<msg timestamp="20220701 17:47:39.787" level="INFO">Opening url 'https://kariyer.baykartech.com/tr/'</msg>
<status status="PASS" starttime="20220701 17:47:39.787" endtime="20220701 17:47:46.892"/>
</kw>
<status status="PASS" starttime="20220701 17:47:39.786" endtime="20220701 17:47:46.892"/>
</kw>
<kw name="Verify Page Loaded" library="Common">
<arg>${RUN_LANG}</arg>
<doc>Verify all pages successfully loaded</doc>
<kw name="Wait Until Element Is Enabled" library="SeleniumLibrary">
<arg>${BAYKAR_LOGO_${LANG}}</arg>
<doc>Waits until the element ``locator`` is enabled.</doc>
<status status="PASS" starttime="20220701 17:47:46.893" endtime="20220701 17:47:46.922"/>
</kw>
<kw name="Run Keyword And Return Status" library="BuiltIn">
<var>${check_loader}</var>
<arg>Element Should Be Visible</arg>
<arg>${PRE_LOADER}</arg>
<doc>Runs the given keyword with given arguments and returns the status as a Boolean value.</doc>
<kw name="Element Should Be Visible" library="SeleniumLibrary">
<arg>${PRE_LOADER}</arg>
<doc>Verifies that the element identified by ``locator`` is visible.</doc>
<msg timestamp="20220701 17:47:46.940" level="INFO">Element 'xpath=//div[@class='se-pre-con']' is displayed.</msg>
<status status="PASS" starttime="20220701 17:47:46.922" endtime="20220701 17:47:46.940"/>
</kw>
<msg timestamp="20220701 17:47:46.940" level="INFO">${check_loader} = True</msg>
<status status="PASS" starttime="20220701 17:47:46.922" endtime="20220701 17:47:46.940"/>
</kw>
<kw name="Run Keyword If" library="BuiltIn">
<arg>${check_loader}</arg>
<arg>Wait Until Element Is Not Visible</arg>
<arg>${PRE_LOADER}</arg>
<doc>Runs the given keyword with the given arguments, if ``condition`` is true.</doc>
<kw name="Wait Until Element Is Not Visible" library="SeleniumLibrary">
<arg>${PRE_LOADER}</arg>
<doc>Waits until the element ``locator`` is not visible.</doc>
<status status="PASS" starttime="20220701 17:47:46.942" endtime="20220701 17:47:47.614"/>
</kw>
<status status="PASS" starttime="20220701 17:47:46.942" endtime="20220701 17:47:47.615"/>
</kw>
<status status="PASS" starttime="20220701 17:47:46.893" endtime="20220701 17:47:47.615"/>
</kw>
<kw name="Navbar Mouse Over Tests" library="Kariyer.Baykartech.App">
<kw name="Mouse Over &quot;Kariyer&quot; Section" library="Navbar">
<doc>[1] is a first section in navbar</doc>
<kw name="Set Variable" library="BuiltIn">
<var>${sec_num}</var>
<arg>${KARIYER_SECTION_NUMBER}</arg>
<doc>Returns the given values which can then be assigned to a variables.</doc>
<msg timestamp="20220701 17:47:47.616" level="INFO">${sec_num} = 1</msg>
<status status="PASS" starttime="20220701 17:47:47.616" endtime="20220701 17:47:47.616"/>
</kw>
<kw name="Mouse Over" library="SeleniumLibrary">
<arg>${NAVBAR_SECTION}\[${sec_num}\]</arg>
<doc>Simulates hovering the mouse over the element ``locator``.</doc>
<msg timestamp="20220701 17:47:47.616" level="INFO">Simulating Mouse Over on element 'xpath=//*[@id="navbar-menu"]/ul/li[1]'.</msg>
<status status="PASS" starttime="20220701 17:47:47.616" endtime="20220701 17:47:47.899"/>
</kw>
<kw name="Wait Until Element Is Visible" library="SeleniumLibrary">
<arg>${NAVBAR_SECTION}\[${sec_num}\]${DROPDOWN_ELEMENT}\[1]/a</arg>
<doc>Waits until the element ``locator`` is visible.</doc>
<status status="PASS" starttime="20220701 17:47:47.899" endtime="20220701 17:47:47.916"/>
</kw>
<status status="PASS" starttime="20220701 17:47:47.616" endtime="20220701 17:47:47.916"/>
</kw>
<kw name="Mouse Over &quot;Staj&quot; Section" library="Navbar">
<doc>[3] is a third section in navbar</doc>
<kw name="Set Variable" library="BuiltIn">
<var>${sec_num}</var>
<arg>${STAJ_SECTION_NUMBER}</arg>
<doc>Returns the given values which can then be assigned to a variables.</doc>
<msg timestamp="20220701 17:47:47.917" level="INFO">${sec_num} = 3</msg>
<status status="PASS" starttime="20220701 17:47:47.917" endtime="20220701 17:47:47.917"/>
</kw>
<kw name="Mouse Over" library="SeleniumLibrary">
<arg>${NAVBAR_SECTION}\[${sec_num}\]</arg>
<doc>Simulates hovering the mouse over the element ``locator``.</doc>
<msg timestamp="20220701 17:47:47.917" level="INFO">Simulating Mouse Over on element 'xpath=//*[@id="navbar-menu"]/ul/li[3]'.</msg>
<status status="PASS" starttime="20220701 17:47:47.917" endtime="20220701 17:47:48.193"/>
</kw>
<kw name="Wait Until Element Is Visible" library="SeleniumLibrary">
<arg>${NAVBAR_SECTION}\[${sec_num}\]${DROPDOWN_ELEMENT}\[1]/a</arg>
<doc>Waits until the element ``locator`` is visible.</doc>
<status status="PASS" starttime="20220701 17:47:48.194" endtime="20220701 17:47:48.213"/>
</kw>
<status status="PASS" starttime="20220701 17:47:47.917" endtime="20220701 17:47:48.213"/>
</kw>
<status status="PASS" starttime="20220701 17:47:47.615" endtime="20220701 17:47:48.213"/>
</kw>
<kw name="Click non dropdown sections" library="Kariyer.Baykartech.App">
<arg>${RUN_LANG}</arg>
<kw name="Click &quot;Açık Pozisyonlar&quot; Section" library="Navbar">
<doc>[2] is a second section in navbar</doc>
<kw name="Set Variable" library="BuiltIn">
<var>${sec_num}</var>
<arg>2</arg>
<doc>Returns the given values which can then be assigned to a variables.</doc>
<msg timestamp="20220701 17:47:48.214" level="INFO">${sec_num} = 2</msg>
<status status="PASS" starttime="20220701 17:47:48.214" endtime="20220701 17:47:48.214"/>
</kw>
<kw name="Click Link" library="SeleniumLibrary">
<arg>${NAVBAR_SECTION}\[${sec_num}\]/a</arg>
<doc>Clicks a link identified by ``locator``.</doc>
<msg timestamp="20220701 17:47:48.214" level="INFO">Clicking link 'xpath=//*[@id="navbar-menu"]/ul/li[2]/a'.</msg>
<status status="PASS" starttime="20220701 17:47:48.214" endtime="20220701 17:47:48.256"/>
</kw>
<status status="PASS" starttime="20220701 17:47:48.214" endtime="20220701 17:47:48.256"/>
</kw>
<kw name="Verify Section is Visible" library="Homepage">
<arg>${OPEN_POZ_SECTION}</arg>
<kw name="Wait Until Element Is Visible" library="SeleniumLibrary">
<arg>${SECTION_ELEMENT}</arg>
<doc>Waits until the element ``locator`` is visible.</doc>
<status status="PASS" starttime="20220701 17:47:48.257" endtime="20220701 17:47:48.273"/>
</kw>
<kw name="Element Should Be Visible" library="SeleniumLibrary">
<arg>${SECTION_ELEMENT}</arg>
<doc>Verifies that the element identified by ``locator`` is visible.</doc>
<msg timestamp="20220701 17:47:48.285" level="INFO">Element 'css=div[id='services']' is displayed.</msg>
<status status="PASS" starttime="20220701 17:47:48.273" endtime="20220701 17:47:48.285"/>
</kw>
<status status="PASS" starttime="20220701 17:47:48.257" endtime="20220701 17:47:48.285"/>
</kw>
<kw name="Click &quot;Baykarda Yaşam&quot; Section" library="Navbar">
<doc>[4] is a fourth section in navbar</doc>
<kw name="Set Variable" library="BuiltIn">
<var>${sec_num}</var>
<arg>4</arg>
<doc>Returns the given values which can then be assigned to a variables.</doc>
<msg timestamp="20220701 17:47:48.286" level="INFO">${sec_num} = 4</msg>
<status status="PASS" starttime="20220701 17:47:48.285" endtime="20220701 17:47:48.286"/>
</kw>
<kw name="Click Link" library="SeleniumLibrary">
<arg>${NAVBAR_SECTION}\[${sec_num}\]/a</arg>
<doc>Clicks a link identified by ``locator``.</doc>
<msg timestamp="20220701 17:47:48.286" level="INFO">Clicking link 'xpath=//*[@id="navbar-menu"]/ul/li[4]/a'.</msg>
<status status="PASS" starttime="20220701 17:47:48.286" endtime="20220701 17:47:48.325"/>
</kw>
<status status="PASS" starttime="20220701 17:47:48.285" endtime="20220701 17:47:48.325"/>
</kw>
<kw name="Verify Section is Visible" library="Homepage">
<arg>${BAYKAR_LIFE_SECTION}</arg>
<kw name="Wait Until Element Is Visible" library="SeleniumLibrary">
<arg>${SECTION_ELEMENT}</arg>
<doc>Waits until the element ``locator`` is visible.</doc>
<status status="PASS" starttime="20220701 17:47:48.326" endtime="20220701 17:47:48.362"/>
</kw>
<kw name="Element Should Be Visible" library="SeleniumLibrary">
<arg>${SECTION_ELEMENT}</arg>
<doc>Verifies that the element identified by ``locator`` is visible.</doc>
<msg timestamp="20220701 17:47:48.381" level="INFO">Element 'css=div[id='portfolio']' is displayed.</msg>
<status status="PASS" starttime="20220701 17:47:48.363" endtime="20220701 17:47:48.381"/>
</kw>
<status status="PASS" starttime="20220701 17:47:48.325" endtime="20220701 17:47:48.381"/>
</kw>
<kw name="Click &quot;S.S.S&quot; Section" library="Navbar">
<doc>[5] is a fifth section in navbar</doc>
<kw name="Set Variable" library="BuiltIn">
<var>${sec_num}</var>
<arg>5</arg>
<doc>Returns the given values which can then be assigned to a variables.</doc>
<msg timestamp="20220701 17:47:48.382" level="INFO">${sec_num} = 5</msg>
<status status="PASS" starttime="20220701 17:47:48.382" endtime="20220701 17:47:48.382"/>
</kw>
<kw name="Click Link" library="SeleniumLibrary">
<arg>${NAVBAR_SECTION}\[${sec_num}\]/a</arg>
<doc>Clicks a link identified by ``locator``.</doc>
<msg timestamp="20220701 17:47:48.382" level="INFO">Clicking link 'xpath=//*[@id="navbar-menu"]/ul/li[5]/a'.</msg>
<status status="PASS" starttime="20220701 17:47:48.382" endtime="20220701 17:47:48.426"/>
</kw>
<status status="PASS" starttime="20220701 17:47:48.381" endtime="20220701 17:47:48.426"/>
</kw>
<kw name="Verify Section is Visible" library="Homepage">
<arg>${SSS_SECTION}</arg>
<kw name="Wait Until Element Is Visible" library="SeleniumLibrary">
<arg>${SECTION_ELEMENT}</arg>
<doc>Waits until the element ``locator`` is visible.</doc>
<status status="PASS" starttime="20220701 17:47:48.427" endtime="20220701 17:47:48.448"/>
</kw>
<kw name="Element Should Be Visible" library="SeleniumLibrary">
<arg>${SECTION_ELEMENT}</arg>
<doc>Verifies that the element identified by ``locator`` is visible.</doc>
<msg timestamp="20220701 17:47:48.458" level="INFO">Element 'css=div[id='sss']' is displayed.</msg>
<status status="PASS" starttime="20220701 17:47:48.448" endtime="20220701 17:47:48.458"/>
</kw>
<status status="PASS" starttime="20220701 17:47:48.427" endtime="20220701 17:47:48.458"/>
</kw>
<kw name="Click &quot;BAYKAR&quot; Section" library="Navbar">
<doc>[6] is a sixth section in navbar</doc>
<kw name="Set Variable" library="BuiltIn">
<var>${sec_num}</var>
<arg>6</arg>
<doc>Returns the given values which can then be assigned to a variables.</doc>
<msg timestamp="20220701 17:47:48.459" level="INFO">${sec_num} = 6</msg>
<status status="PASS" starttime="20220701 17:47:48.459" endtime="20220701 17:47:48.459"/>
</kw>
<kw name="Click Link" library="SeleniumLibrary">
<arg>${NAVBAR_SECTION}\[${sec_num}\]/a</arg>
<doc>Clicks a link identified by ``locator``.</doc>
<msg timestamp="20220701 17:47:48.459" level="INFO">Clicking link 'xpath=//*[@id="navbar-menu"]/ul/li[6]/a'.</msg>
<status status="PASS" starttime="20220701 17:47:48.459" endtime="20220701 17:47:48.538"/>
</kw>
<kw name="Get Window Handles" library="SeleniumLibrary">
<var>${handle}</var>
<doc>Returns all child window handles of the selected browser as a list.</doc>
<msg timestamp="20220701 17:47:48.544" level="INFO">${handle} = ['CDwindow-E6FA0485D4538DD507B6AF8192877C28', 'CDwindow-A722D00CDFCEF395608627D247CAB09E']</msg>
<status status="PASS" starttime="20220701 17:47:48.538" endtime="20220701 17:47:48.544"/>
</kw>
<kw name="Switch Window" library="SeleniumLibrary">
<arg>${handle}[1]</arg>
<doc>Switches to browser window matching ``locator``.</doc>
<status status="PASS" starttime="20220701 17:47:48.545" endtime="20220701 17:47:48.725"/>
</kw>
<status status="PASS" starttime="20220701 17:47:48.459" endtime="20220701 17:47:48.725"/>
</kw>
<kw name="Verify &quot;baykartech.com&quot; opens" library="End-to-End">
<kw name="Get Window Handles" library="SeleniumLibrary">
<var>${handle}</var>
<doc>Returns all child window handles of the selected browser as a list.</doc>
<msg timestamp="20220701 17:47:48.730" level="INFO">${handle} = ['CDwindow-E6FA0485D4538DD507B6AF8192877C28', 'CDwindow-A722D00CDFCEF395608627D247CAB09E']</msg>
<status status="PASS" starttime="20220701 17:47:48.726" endtime="20220701 17:47:48.730"/>
</kw>
<kw name="Wait Until Element Is Visible" library="SeleniumLibrary">
<arg>${BAYKAR_MAIN_LOGO}</arg>
<doc>Waits until the element ``locator`` is visible.</doc>
<status status="PASS" starttime="20220701 17:47:48.730" endtime="20220701 17:47:57.523"/>
</kw>
<kw name="Element Should Be Visible" library="SeleniumLibrary">
<arg>${BAYKAR_MAIN_LOGO}</arg>
<doc>Verifies that the element identified by ``locator`` is visible.</doc>
<msg timestamp="20220701 17:47:57.537" level="INFO">Element 'xpath=//img[@alt='https://cdn.baykartech.com/media/images/contents/logo.png']' is displayed.</msg>
<status status="PASS" starttime="20220701 17:47:57.523" endtime="20220701 17:47:57.537"/>
</kw>
<kw name="Switch Window" library="SeleniumLibrary">
<arg>${handle}[0]</arg>
<doc>Switches to browser window matching ``locator``.</doc>
<status status="PASS" starttime="20220701 17:47:57.537" endtime="20220701 17:47:57.558"/>
</kw>
<status status="PASS" starttime="20220701 17:47:48.725" endtime="20220701 17:47:57.558"/>
</kw>
<kw name="Change Language" library="Navbar">
<doc>Changes current language</doc>
<kw name="Click Link" library="SeleniumLibrary">
<arg>${NAVBAR_LANG_BUTTON}</arg>
<doc>Clicks a link identified by ``locator``.</doc>
<msg timestamp="20220701 17:47:57.559" level="INFO">Clicking link 'xpath=//li[@class='baykarLi']//a'.</msg>
<status status="PASS" starttime="20220701 17:47:57.559" endtime="20220701 17:47:58.649"/>
</kw>
<status status="PASS" starttime="20220701 17:47:57.558" endtime="20220701 17:47:58.649"/>
</kw>
<kw name="Run Keyword If" library="BuiltIn">
<arg>"${LANG}" == "tr"</arg>
<arg>Common.Verify Page Loaded</arg>
<arg>en</arg>
<arg>ELSE</arg>
<arg>Common.Verify Page Loaded</arg>
<arg>tr</arg>
<doc>Runs the given keyword with the given arguments, if ``condition`` is true.</doc>
<kw name="Verify Page Loaded" library="Common">
<arg>en</arg>
<doc>Verify all pages successfully loaded</doc>
<kw name="Wait Until Element Is Enabled" library="SeleniumLibrary">
<arg>${BAYKAR_LOGO_${LANG}}</arg>
<doc>Waits until the element ``locator`` is enabled.</doc>
<status status="PASS" starttime="20220701 17:47:58.650" endtime="20220701 17:47:58.675"/>
</kw>
<kw name="Run Keyword And Return Status" library="BuiltIn">
<var>${check_loader}</var>
<arg>Element Should Be Visible</arg>
<arg>${PRE_LOADER}</arg>
<doc>Runs the given keyword with given arguments and returns the status as a Boolean value.</doc>
<kw name="Element Should Be Visible" library="SeleniumLibrary">
<arg>${PRE_LOADER}</arg>
<doc>Verifies that the element identified by ``locator`` is visible.</doc>
<msg timestamp="20220701 17:47:58.690" level="INFO">Element 'xpath=//div[@class='se-pre-con']' is displayed.</msg>
<status status="PASS" starttime="20220701 17:47:58.675" endtime="20220701 17:47:58.690"/>
</kw>
<msg timestamp="20220701 17:47:58.690" level="INFO">${check_loader} = True</msg>
<status status="PASS" starttime="20220701 17:47:58.675" endtime="20220701 17:47:58.690"/>
</kw>
<kw name="Run Keyword If" library="BuiltIn">
<arg>${check_loader}</arg>
<arg>Wait Until Element Is Not Visible</arg>
<arg>${PRE_LOADER}</arg>
<doc>Runs the given keyword with the given arguments, if ``condition`` is true.</doc>
<kw name="Wait Until Element Is Not Visible" library="SeleniumLibrary">
<arg>${PRE_LOADER}</arg>
<doc>Waits until the element ``locator`` is not visible.</doc>
<status status="PASS" starttime="20220701 17:47:58.690" endtime="20220701 17:47:59.355"/>
</kw>
<status status="PASS" starttime="20220701 17:47:58.690" endtime="20220701 17:47:59.355"/>
</kw>
<status status="PASS" starttime="20220701 17:47:58.650" endtime="20220701 17:47:59.355"/>
</kw>
<status status="PASS" starttime="20220701 17:47:58.649" endtime="20220701 17:47:59.356"/>
</kw>
<kw name="Change Language" library="Navbar">
<doc>Changes current language</doc>
<kw name="Click Link" library="SeleniumLibrary">
<arg>${NAVBAR_LANG_BUTTON}</arg>
<doc>Clicks a link identified by ``locator``.</doc>
<msg timestamp="20220701 17:47:59.356" level="INFO">Clicking link 'xpath=//li[@class='baykarLi']//a'.</msg>
<status status="PASS" starttime="20220701 17:47:59.356" endtime="20220701 17:48:00.078"/>
</kw>
<status status="PASS" starttime="20220701 17:47:59.356" endtime="20220701 17:48:00.079"/>
</kw>
<kw name="Run Keyword If" library="BuiltIn">
<arg>"${LANG}" == "tr"</arg>
<arg>Common.Verify Page Loaded</arg>
<arg>tr</arg>
<arg>ELSE</arg>
<arg>Common.Verify Page Loaded</arg>
<arg>en</arg>
<doc>Runs the given keyword with the given arguments, if ``condition`` is true.</doc>
<kw name="Verify Page Loaded" library="Common">
<arg>tr</arg>
<doc>Verify all pages successfully loaded</doc>
<kw name="Wait Until Element Is Enabled" library="SeleniumLibrary">
<arg>${BAYKAR_LOGO_${LANG}}</arg>
<doc>Waits until the element ``locator`` is enabled.</doc>
<status status="PASS" starttime="20220701 17:48:00.081" endtime="20220701 17:48:00.104"/>
</kw>
<kw name="Run Keyword And Return Status" library="BuiltIn">
<var>${check_loader}</var>
<arg>Element Should Be Visible</arg>
<arg>${PRE_LOADER}</arg>
<doc>Runs the given keyword with given arguments and returns the status as a Boolean value.</doc>
<kw name="Element Should Be Visible" library="SeleniumLibrary">
<arg>${PRE_LOADER}</arg>
<doc>Verifies that the element identified by ``locator`` is visible.</doc>
<msg timestamp="20220701 17:48:00.118" level="INFO">Element 'xpath=//div[@class='se-pre-con']' is displayed.</msg>
<status status="PASS" starttime="20220701 17:48:00.105" endtime="20220701 17:48:00.119"/>
</kw>
<msg timestamp="20220701 17:48:00.119" level="INFO">${check_loader} = True</msg>
<status status="PASS" starttime="20220701 17:48:00.104" endtime="20220701 17:48:00.119"/>
</kw>
<kw name="Run Keyword If" library="BuiltIn">
<arg>${check_loader}</arg>
<arg>Wait Until Element Is Not Visible</arg>
<arg>${PRE_LOADER}</arg>
<doc>Runs the given keyword with the given arguments, if ``condition`` is true.</doc>
<kw name="Wait Until Element Is Not Visible" library="SeleniumLibrary">
<arg>${PRE_LOADER}</arg>
<doc>Waits until the element ``locator`` is not visible.</doc>
<status status="PASS" starttime="20220701 17:48:00.119" endtime="20220701 17:48:00.790"/>
</kw>
<status status="PASS" starttime="20220701 17:48:00.119" endtime="20220701 17:48:00.790"/>
</kw>
<status status="PASS" starttime="20220701 17:48:00.080" endtime="20220701 17:48:00.790"/>
</kw>
<status status="PASS" starttime="20220701 17:48:00.079" endtime="20220701 17:48:00.790"/>
</kw>
<status status="PASS" starttime="20220701 17:47:48.214" endtime="20220701 17:48:00.790"/>
</kw>
<kw name="End Baykar Web Test" library="Common" type="TEARDOWN">
<kw name="Close Browser" library="SeleniumLibrary">
<doc>Closes the current browser.</doc>
<status status="PASS" starttime="20220701 17:48:00.791" endtime="20220701 17:48:03.032"/>
</kw>
<status status="PASS" starttime="20220701 17:48:00.791" endtime="20220701 17:48:03.032"/>
</kw>
<doc>All visitors should be able navigate navbar</doc>
<tag>Navbar Common</tag>
<tag>Smoke</tag>
<status status="PASS" starttime="20220701 17:47:38.648" endtime="20220701 17:48:03.033"/>
</test>
<test id="s1-s1-t3" name="Visitor should be able click and see all &quot;Kariyer&quot; section pages" line="31">
<kw name="Start Baykar Web Test" library="Common" type="SETUP">
<arg>${BROWSER}</arg>
<kw name="Open Browser" library="SeleniumLibrary">
<arg>about:blank</arg>
<arg>${BROWSER}</arg>
<doc>Opens a new browser instance to the optional ``url``.</doc>
<msg timestamp="20220701 17:48:03.035" level="INFO">Opening browser 'edge' to base url 'about:blank'.</msg>
<status status="PASS" starttime="20220701 17:48:03.035" endtime="20220701 17:48:04.110"/>
</kw>
<kw name="Maximize Browser Window" library="SeleniumLibrary">
<doc>Maximizes current browser window.</doc>
<status status="PASS" starttime="20220701 17:48:04.110" endtime="20220701 17:48:04.225"/>
</kw>
<status status="PASS" starttime="20220701 17:48:03.034" endtime="20220701 17:48:04.225"/>
</kw>
<kw name="Open Website" library="Common">
<arg>${SITE_URL}${RUN_LANG}</arg>
<kw name="Go To" library="SeleniumLibrary">
<arg>${SITE_URL}\/</arg>
<doc>Navigates the current browser window to the provided ``url``.</doc>
<msg timestamp="20220701 17:48:04.226" level="INFO">Opening url 'https://kariyer.baykartech.com/tr/'</msg>
<status status="PASS" starttime="20220701 17:48:04.226" endtime="20220701 17:48:11.360"/>
</kw>
<status status="PASS" starttime="20220701 17:48:04.225" endtime="20220701 17:48:11.360"/>
</kw>
<kw name="Verify Page Loaded" library="Common">
<arg>${RUN_LANG}</arg>
<doc>Verify all pages successfully loaded</doc>
<kw name="Wait Until Element Is Enabled" library="SeleniumLibrary">
<arg>${BAYKAR_LOGO_${LANG}}</arg>
<doc>Waits until the element ``locator`` is enabled.</doc>
<status status="PASS" starttime="20220701 17:48:11.361" endtime="20220701 17:48:11.386"/>
</kw>
<kw name="Run Keyword And Return Status" library="BuiltIn">
<var>${check_loader}</var>
<arg>Element Should Be Visible</arg>
<arg>${PRE_LOADER}</arg>
<doc>Runs the given keyword with given arguments and returns the status as a Boolean value.</doc>
<kw name="Element Should Be Visible" library="SeleniumLibrary">
<arg>${PRE_LOADER}</arg>
<doc>Verifies that the element identified by ``locator`` is visible.</doc>
<msg timestamp="20220701 17:48:11.407" level="INFO">Element 'xpath=//div[@class='se-pre-con']' is displayed.</msg>
<status status="PASS" starttime="20220701 17:48:11.387" endtime="20220701 17:48:11.407"/>
</kw>
<msg timestamp="20220701 17:48:11.407" level="INFO">${check_loader} = True</msg>
<status status="PASS" starttime="20220701 17:48:11.387" endtime="20220701 17:48:11.407"/>
</kw>
<kw name="Run Keyword If" library="BuiltIn">
<arg>${check_loader}</arg>
<arg>Wait Until Element Is Not Visible</arg>
<arg>${PRE_LOADER}</arg>
<doc>Runs the given keyword with the given arguments, if ``condition`` is true.</doc>
<kw name="Wait Until Element Is Not Visible" library="SeleniumLibrary">
<arg>${PRE_LOADER}</arg>
<doc>Waits until the element ``locator`` is not visible.</doc>
<status status="PASS" starttime="20220701 17:48:11.407" endtime="20220701 17:48:12.072"/>
</kw>
<status status="PASS" starttime="20220701 17:48:11.407" endtime="20220701 17:48:12.072"/>
</kw>
<status status="PASS" starttime="20220701 17:48:11.360" endtime="20220701 17:48:12.072"/>
</kw>
<kw name="Click &quot;Kariyer&quot; Section Dropdowns and Check Page" library="Kariyer.Baykartech.App">
<kw name="Click &quot;Yerleşkelerimiz&quot; Dropdown" library="Navbar">
<doc>Clicks Yerleşkelerimiz dropdown in Kariyer section</doc>
<kw name="Set Variable" library="BuiltIn">
<var>${sec_num}</var>
<arg>${KARIYER_SECTION_NUMBER}</arg>
<doc>Returns the given values which can then be assigned to a variables.</doc>
<msg timestamp="20220701 17:48:12.074" level="INFO">${sec_num} = 1</msg>
<status status="PASS" starttime="20220701 17:48:12.074" endtime="20220701 17:48:12.074"/>
</kw>
<kw name="Run Keyword" library="BuiltIn">
<arg>Mouse Over "Kariyer" Section</arg>
<doc>Executes the given keyword with the given arguments.</doc>
<kw name="Mouse Over &quot;Kariyer&quot; Section" library="Navbar">
<doc>[1] is a first section in navbar</doc>
<kw name="Set Variable" library="BuiltIn">
<var>${sec_num}</var>
<arg>${KARIYER_SECTION_NUMBER}</arg>
<doc>Returns the given values which can then be assigned to a variables.</doc>
<msg timestamp="20220701 17:48:12.075" level="INFO">${sec_num} = 1</msg>
<status status="PASS" starttime="20220701 17:48:12.074" endtime="20220701 17:48:12.075"/>
</kw>
<kw name="Mouse Over" library="SeleniumLibrary">
<arg>${NAVBAR_SECTION}\[${sec_num}\]</arg>
<doc>Simulates hovering the mouse over the element ``locator``.</doc>
<msg timestamp="20220701 17:48:12.075" level="INFO">Simulating Mouse Over on element 'xpath=//*[@id="navbar-menu"]/ul/li[1]'.</msg>
<status status="PASS" starttime="20220701 17:48:12.075" endtime="20220701 17:48:12.357"/>
</kw>
<kw name="Wait Until Element Is Visible" library="SeleniumLibrary">
<arg>${NAVBAR_SECTION}\[${sec_num}\]${DROPDOWN_ELEMENT}\[1]/a</arg>
<doc>Waits until the element ``locator`` is visible.</doc>
<status status="PASS" starttime="20220701 17:48:12.357" endtime="20220701 17:48:12.375"/>
</kw>
<status status="PASS" starttime="20220701 17:48:12.074" endtime="20220701 17:48:12.375"/>
</kw>
<status status="PASS" starttime="20220701 17:48:12.074" endtime="20220701 17:48:12.375"/>
</kw>
<kw name="Click Link" library="SeleniumLibrary">
<arg>${NAVBAR_SECTION}\[${sec_num}\]${DROPDOWN_ELEMENT}\[1]/a</arg>
<doc>Clicks a link identified by ``locator``.</doc>
<msg timestamp="20220701 17:48:12.375" level="INFO">Clicking link 'xpath=//*[@id="navbar-menu"]/ul/li[1]/ul/li[1]/a'.</msg>
<status status="PASS" starttime="20220701 17:48:12.375" endtime="20220701 17:48:23.296"/>
</kw>
<status status="PASS" starttime="20220701 17:48:12.073" endtime="20220701 17:48:23.296"/>
</kw>
<kw name="Verify &quot;Yerleşkelerimiz&quot; in show" library="Kariyer">
<kw name="Wait Until Element Is Visible" library="SeleniumLibrary">
<arg>${YERLESKELER_VERIFY_ELEMENT}</arg>
<doc>Waits until the element ``locator`` is visible.</doc>
<status status="PASS" starttime="20220701 17:48:23.297" endtime="20220701 17:48:23.313"/>
</kw>
<kw name="Page Should Contain Element" library="SeleniumLibrary">
<arg>${YERLESKELER_VERIFY_ELEMENT}</arg>
<doc>Verifies that element ``locator`` is found on the current page.</doc>
<msg timestamp="20220701 17:48:23.319" level="INFO">Current page contains element 'xpath=//ul[@class='nav nav-pills']//a[@href='#campus1']'.</msg>
<status status="PASS" starttime="20220701 17:48:23.313" endtime="20220701 17:48:23.319"/>
</kw>
<status status="PASS" starttime="20220701 17:48:23.296" endtime="20220701 17:48:23.319"/>
</kw>
<kw name="Scroll to Top of The Page" library="Common">
<kw name="Run Keyword And Ignore Error" library="BuiltIn">
<arg>Execute javascript</arg>
<arg>window.scrollTo(0,0)</arg>
<doc>Runs the given keyword with the given arguments and ignores possible error.</doc>
<kw name="Execute Javascript" library="SeleniumLibrary">
<arg>window.scrollTo(0,0)</arg>
<doc>Executes the given JavaScript code with possible arguments.</doc>
<msg timestamp="20220701 17:48:23.320" level="INFO">Executing JavaScript:
window.scrollTo(0,0)
Without any arguments.</msg>
<status status="PASS" starttime="20220701 17:48:23.320" endtime="20220701 17:48:23.327"/>
</kw>
<status status="PASS" starttime="20220701 17:48:23.319" endtime="20220701 17:48:23.328"/>
</kw>
<status status="PASS" starttime="20220701 17:48:23.319" endtime="20220701 17:48:23.328"/>
</kw>
<kw name="Click &quot;Sunduğumuz Faydalar&quot; Dropdown" library="Navbar">
<doc>Clicks Sunduğumuz Faydalar dropdown in Kariyer section</doc>
<kw name="Set Variable" library="BuiltIn">
<var>${sec_num}</var>
<arg>${KARIYER_SECTION_NUMBER}</arg>
<doc>Returns the given values which can then be assigned to a variables.</doc>
<msg timestamp="20220701 17:48:23.329" level="INFO">${sec_num} = 1</msg>
<status status="PASS" starttime="20220701 17:48:23.328" endtime="20220701 17:48:23.329"/>
</kw>
<kw name="Run Keyword" library="BuiltIn">
<arg>Mouse Over "Kariyer" Section</arg>
<doc>Executes the given keyword with the given arguments.</doc>
<kw name="Mouse Over &quot;Kariyer&quot; Section" library="Navbar">
<doc>[1] is a first section in navbar</doc>
<kw name="Set Variable" library="BuiltIn">
<var>${sec_num}</var>
<arg>${KARIYER_SECTION_NUMBER}</arg>
<doc>Returns the given values which can then be assigned to a variables.</doc>
<msg timestamp="20220701 17:48:23.329" level="INFO">${sec_num} = 1</msg>
<status status="PASS" starttime="20220701 17:48:23.329" endtime="20220701 17:48:23.329"/>
</kw>
<kw name="Mouse Over" library="SeleniumLibrary">
<arg>${NAVBAR_SECTION}\[${sec_num}\]</arg>
<doc>Simulates hovering the mouse over the element ``locator``.</doc>
<msg timestamp="20220701 17:48:23.330" level="INFO">Simulating Mouse Over on element 'xpath=//*[@id="navbar-menu"]/ul/li[1]'.</msg>
<status status="PASS" starttime="20220701 17:48:23.330" endtime="20220701 17:48:23.608"/>
</kw>
<kw name="Wait Until Element Is Visible" library="SeleniumLibrary">
<arg>${NAVBAR_SECTION}\[${sec_num}\]${DROPDOWN_ELEMENT}\[1]/a</arg>
<doc>Waits until the element ``locator`` is visible.</doc>
<status status="PASS" starttime="20220701 17:48:23.608" endtime="20220701 17:48:23.623"/>
</kw>
<status status="PASS" starttime="20220701 17:48:23.329" endtime="20220701 17:48:23.623"/>
</kw>
<status status="PASS" starttime="20220701 17:48:23.329" endtime="20220701 17:48:23.623"/>
</kw>
<kw name="Click Link" library="SeleniumLibrary">
<arg>${NAVBAR_SECTION}\[${sec_num}\]${DROPDOWN_ELEMENT}\[2]/a</arg>
<doc>Clicks a link identified by ``locator``.</doc>
<msg timestamp="20220701 17:48:23.623" level="INFO">Clicking link 'xpath=//*[@id="navbar-menu"]/ul/li[1]/ul/li[2]/a'.</msg>
<status status="PASS" starttime="20220701 17:48:23.623" endtime="20220701 17:48:23.664"/>
</kw>
<status status="PASS" starttime="20220701 17:48:23.328" endtime="20220701 17:48:23.665"/>
</kw>
<kw name="Verify &quot;Sosyal Alanlar&quot; in show" library="Kariyer">
<kw name="Wait Until Element Is Visible" library="SeleniumLibrary">
<arg>${ALANLAR_VERIFY_ELEMENT}</arg>
<doc>Waits until the element ``locator`` is visible.</doc>
<status status="PASS" starttime="20220701 17:48:23.665" endtime="20220701 17:48:23.683"/>
</kw>
<kw name="Page Should Contain Element" library="SeleniumLibrary">
<arg>${ALANLAR_VERIFY_ELEMENT}</arg>
<doc>Verifies that element ``locator`` is found on the current page.</doc>
<msg timestamp="20220701 17:48:23.690" level="INFO">Current page contains element 'xpath=//div[@id='life_in_baykar']'.</msg>
<status status="PASS" starttime="20220701 17:48:23.683" endtime="20220701 17:48:23.690"/>
</kw>
<status status="PASS" starttime="20220701 17:48:23.665" endtime="20220701 17:48:23.690"/>
</kw>
<kw name="Click &quot;Sosyal Alanlar&quot; Dropdown" library="Navbar">
<doc>Clicks Sosyal Alanlar dropdown in Kariyer section</doc>
<kw name="Set Variable" library="BuiltIn">
<var>${sec_num}</var>
<arg>${KARIYER_SECTION_NUMBER}</arg>
<doc>Returns the given values which can then be assigned to a variables.</doc>
<msg timestamp="20220701 17:48:23.691" level="INFO">${sec_num} = 1</msg>
<status status="PASS" starttime="20220701 17:48:23.691" endtime="20220701 17:48:23.691"/>
</kw>
<kw name="Run Keyword" library="BuiltIn">
<arg>Mouse Over "Kariyer" Section</arg>
<doc>Executes the given keyword with the given arguments.</doc>
<kw name="Mouse Over &quot;Kariyer&quot; Section" library="Navbar">
<doc>[1] is a first section in navbar</doc>
<kw name="Set Variable" library="BuiltIn">
<var>${sec_num}</var>
<arg>${KARIYER_SECTION_NUMBER}</arg>
<doc>Returns the given values which can then be assigned to a variables.</doc>
<msg timestamp="20220701 17:48:23.691" level="INFO">${sec_num} = 1</msg>
<status status="PASS" starttime="20220701 17:48:23.691" endtime="20220701 17:48:23.691"/>
</kw>
<kw name="Mouse Over" library="SeleniumLibrary">
<arg>${NAVBAR_SECTION}\[${sec_num}\]</arg>
<doc>Simulates hovering the mouse over the element ``locator``.</doc>
<msg timestamp="20220701 17:48:23.692" level="INFO">Simulating Mouse Over on element 'xpath=//*[@id="navbar-menu"]/ul/li[1]'.</msg>
<status status="PASS" starttime="20220701 17:48:23.691" endtime="20220701 17:48:23.968"/>
</kw>
<kw name="Wait Until Element Is Visible" library="SeleniumLibrary">
<arg>${NAVBAR_SECTION}\[${sec_num}\]${DROPDOWN_ELEMENT}\[1]/a</arg>
<doc>Waits until the element ``locator`` is visible.</doc>
<status status="PASS" starttime="20220701 17:48:23.969" endtime="20220701 17:48:23.983"/>
</kw>
<status status="PASS" starttime="20220701 17:48:23.691" endtime="20220701 17:48:23.983"/>
</kw>
<status status="PASS" starttime="20220701 17:48:23.691" endtime="20220701 17:48:23.983"/>
</kw>
<kw name="Click Link" library="SeleniumLibrary">
<arg>${NAVBAR_SECTION}\[${sec_num}\]${DROPDOWN_ELEMENT}\[3]/a</arg>
<doc>Clicks a link identified by ``locator``.</doc>
<msg timestamp="20220701 17:48:23.984" level="INFO">Clicking link 'xpath=//*[@id="navbar-menu"]/ul/li[1]/ul/li[3]/a'.</msg>
<status status="PASS" starttime="20220701 17:48:23.983" endtime="20220701 17:48:24.029"/>
</kw>
<status status="PASS" starttime="20220701 17:48:23.690" endtime="20220701 17:48:24.030"/>
</kw>
<kw name="Verify &quot;Sosyal Alanlar&quot; in show" library="Kariyer">
<kw name="Wait Until Element Is Visible" library="SeleniumLibrary">
<arg>${ALANLAR_VERIFY_ELEMENT}</arg>
<doc>Waits until the element ``locator`` is visible.</doc>
<status status="PASS" starttime="20220701 17:48:24.030" endtime="20220701 17:48:24.044"/>
</kw>
<kw name="Page Should Contain Element" library="SeleniumLibrary">
<arg>${ALANLAR_VERIFY_ELEMENT}</arg>
<doc>Verifies that element ``locator`` is found on the current page.</doc>
<msg timestamp="20220701 17:48:24.051" level="INFO">Current page contains element 'xpath=//div[@id='life_in_baykar']'.</msg>
<status status="PASS" starttime="20220701 17:48:24.044" endtime="20220701 17:48:24.051"/>
</kw>
<status status="PASS" starttime="20220701 17:48:24.030" endtime="20220701 17:48:24.051"/>
</kw>
<kw name="Click &quot;İstatistik&quot; Dropdown" library="Navbar">
<doc>Clicks İstatistik dropdown in Kariyer section</doc>
<kw name="Set Variable" library="BuiltIn">
<var>${sec_num}</var>
<arg>${KARIYER_SECTION_NUMBER}</arg>
<doc>Returns the given values which can then be assigned to a variables.</doc>
<msg timestamp="20220701 17:48:24.051" level="INFO">${sec_num} = 1</msg>
<status status="PASS" starttime="20220701 17:48:24.051" endtime="20220701 17:48:24.051"/>
</kw>
<kw name="Run Keyword" library="BuiltIn">
<arg>Mouse Over "Kariyer" Section</arg>
<doc>Executes the given keyword with the given arguments.</doc>
<kw name="Mouse Over &quot;Kariyer&quot; Section" library="Navbar">
<doc>[1] is a first section in navbar</doc>
<kw name="Set Variable" library="BuiltIn">
<var>${sec_num}</var>
<arg>${KARIYER_SECTION_NUMBER}</arg>
<doc>Returns the given values which can then be assigned to a variables.</doc>
<msg timestamp="20220701 17:48:24.052" level="INFO">${sec_num} = 1</msg>
<status status="PASS" starttime="20220701 17:48:24.052" endtime="20220701 17:48:24.052"/>
</kw>
<kw name="Mouse Over" library="SeleniumLibrary">
<arg>${NAVBAR_SECTION}\[${sec_num}\]</arg>
<doc>Simulates hovering the mouse over the element ``locator``.</doc>
<msg timestamp="20220701 17:48:24.052" level="INFO">Simulating Mouse Over on element 'xpath=//*[@id="navbar-menu"]/ul/li[1]'.</msg>
<status status="PASS" starttime="20220701 17:48:24.052" endtime="20220701 17:48:24.326"/>
</kw>
<kw name="Wait Until Element Is Visible" library="SeleniumLibrary">
<arg>${NAVBAR_SECTION}\[${sec_num}\]${DROPDOWN_ELEMENT}\[1]/a</arg>
<doc>Waits until the element ``locator`` is visible.</doc>
<status status="PASS" starttime="20220701 17:48:24.326" endtime="20220701 17:48:24.342"/>
</kw>
<status status="PASS" starttime="20220701 17:48:24.052" endtime="20220701 17:48:24.342"/>
</kw>
<status status="PASS" starttime="20220701 17:48:24.052" endtime="20220701 17:48:24.342"/>
</kw>
<kw name="Click Link" library="SeleniumLibrary">
<arg>${NAVBAR_SECTION}\[${sec_num}\]${DROPDOWN_ELEMENT}\[4]/a</arg>
<doc>Clicks a link identified by ``locator``.</doc>
<msg timestamp="20220701 17:48:24.344" level="INFO">Clicking link 'xpath=//*[@id="navbar-menu"]/ul/li[1]/ul/li[4]/a'.</msg>
<status status="PASS" starttime="20220701 17:48:24.343" endtime="20220701 17:48:24.424"/>
</kw>
<status status="PASS" starttime="20220701 17:48:24.051" endtime="20220701 17:48:24.424"/>
</kw>
<kw name="Verify &quot;İstatistik&quot; in show" library="Kariyer">
<kw name="Wait Until Element Is Visible" library="SeleniumLibrary">
<arg>${ISTATISTIKLER_VERIFY_ELEMENT}</arg>
<doc>Waits until the element ``locator`` is visible.</doc>
<status status="PASS" starttime="20220701 17:48:24.425" endtime="20220701 17:48:24.447"/>
</kw>
<kw name="Page Should Contain Element" library="SeleniumLibrary">
<arg>${ISTATISTIKLER_VERIFY_ELEMENT}</arg>
<doc>Verifies that element ``locator`` is found on the current page.</doc>
<msg timestamp="20220701 17:48:24.455" level="INFO">Current page contains element 'xpath=//div[@id='personal_data']'.</msg>
<status status="PASS" starttime="20220701 17:48:24.447" endtime="20220701 17:48:24.455"/>
</kw>
<status status="PASS" starttime="20220701 17:48:24.424" endtime="20220701 17:48:24.455"/>
</kw>
<status status="PASS" starttime="20220701 17:48:12.073" endtime="20220701 17:48:24.455"/>
</kw>
<kw name="Navigate &quot;Benefits&quot; Panels" library="Kariyer.Baykartech.App">
<arg>${RUN_LANG}</arg>
<kw name="Click and Check &quot;Benefits&quot; panel in loop" library="Kariyer">
<arg>${LANG}</arg>
<if>
<branch type="IF" condition="&quot;${LANG}&quot; == &quot;tr&quot;">
<kw name="Get Length" library="BuiltIn">
<var>${list_len}</var>
<arg>${BENEFITS_LIST_TR}</arg>
<doc>Returns and logs the length of the given item as an integer.</doc>
<msg timestamp="20220701 17:48:24.457" level="INFO">Length is 5</msg>
<msg timestamp="20220701 17:48:24.457" level="INFO">${list_len} = 5</msg>
<status status="PASS" starttime="20220701 17:48:24.456" endtime="20220701 17:48:24.457"/>
</kw>
<status status="PASS" starttime="20220701 17:48:24.456" endtime="20220701 17:48:24.457"/>
</branch>
<branch type="ELSE IF" condition="&quot;${LANG}&quot; == &quot;en&quot;">
<kw name="Get Length" library="BuiltIn">
<var>${list_len}</var>
<arg>${BENEFITS_LIST_EN}</arg>
<doc>Returns and logs the length of the given item as an integer.</doc>
<status status="NOT RUN" starttime="20220701 17:48:24.457" endtime="20220701 17:48:24.457"/>
</kw>
<status status="NOT RUN" starttime="20220701 17:48:24.457" endtime="20220701 17:48:24.457"/>
</branch>
<status status="PASS" starttime="20220701 17:48:24.456" endtime="20220701 17:48:24.457"/>
</if>
<kw name="Create A List By Number" library="CreateList">
<var>${listed_len}</var>
<arg>${list_len}</arg>
<msg timestamp="20220701 17:48:24.457" level="INFO">${listed_len} = [1, 2, 3, 4]</msg>
<status status="PASS" starttime="20220701 17:48:24.457" endtime="20220701 17:48:24.457"/>
</kw>
<kw name="Run Keyword And Ignore Error" library="BuiltIn">
<arg>Scroll Element Into View</arg>
<arg>${BENEFITS_LIST_XPATH}</arg>
<doc>Runs the given keyword with the given arguments and ignores possible error.</doc>
<kw name="Scroll Element Into View" library="SeleniumLibrary">
<arg>${BENEFITS_LIST_XPATH}</arg>
<doc>Scrolls the element identified by ``locator`` into view.</doc>
<status status="PASS" starttime="20220701 17:48:24.458" endtime="20220701 17:48:24.747"/>
</kw>
<status status="PASS" starttime="20220701 17:48:24.457" endtime="20220701 17:48:24.747"/>
</kw>
<kw name="Wait Until Element Is Visible" library="SeleniumLibrary">
<arg>${BENEFITS_LIST_XPATH}</arg>
<doc>Waits until the element ``locator`` is visible.</doc>
<status status="PASS" starttime="20220701 17:48:24.747" endtime="20220701 17:48:24.763"/>
</kw>
<for flavor="IN ZIP">
<var>${BENEFIT_TR}</var>
<var>${BENEFIT_EN}</var>
<var>${i}</var>
<value>${BENEFITS_LIST_TR}</value>
<value>${BENEFITS_LIST_EN}</value>
<value>${listed_len}</value>
<iter>
<var name="${BENEFIT_TR}">h4[.='EĞİTİM']</var>
<var name="${BENEFIT_EN}">h4[.='EDUCATION']</var>
<var name="${i}">1</var>
<kw name="Click Element" library="SeleniumLibrary">
<arg>${BENEFITS_LIST_XPATH}\//li[${i}\]</arg>
<doc>Click the element identified by ``locator``.</doc>
<msg timestamp="20220701 17:48:24.763" level="INFO">Clicking element 'xpath=//div[@id='benefits']//ul[@class='nav nav-pills w-100 d-flex justify-content-center']//li[1]'.</msg>
<status status="PASS" starttime="20220701 17:48:24.763" endtime="20220701 17:48:24.805"/>
</kw>
<kw name="Sleep" library="BuiltIn">
<arg>0.5s</arg>
<doc>Pauses the test executed for the given time.</doc>
<msg timestamp="20220701 17:48:25.307" level="INFO">Slept 500 milliseconds</msg>
<status status="PASS" starttime="20220701 17:48:24.805" endtime="20220701 17:48:25.307"/>
</kw>
<status status="PASS" starttime="20220701 17:48:24.763" endtime="20220701 17:48:25.307"/>
</iter>
<iter>
<var name="${BENEFIT_TR}">h4[.='SERVİS HİZMETİ']</var>
<var name="${BENEFIT_EN}">h4[.='SHUTTLE SERVICE']</var>
<var name="${i}">2</var>
<kw name="Click Element" library="SeleniumLibrary">
<arg>${BENEFITS_LIST_XPATH}\//li[${i}\]</arg>
<doc>Click the element identified by ``locator``.</doc>
<msg timestamp="20220701 17:48:25.308" level="INFO">Clicking element 'xpath=//div[@id='benefits']//ul[@class='nav nav-pills w-100 d-flex justify-content-center']//li[2]'.</msg>
<status status="PASS" starttime="20220701 17:48:25.307" endtime="20220701 17:48:25.354"/>
</kw>
<kw name="Sleep" library="BuiltIn">
<arg>0.5s</arg>
<doc>Pauses the test executed for the given time.</doc>
<msg timestamp="20220701 17:48:25.864" level="INFO">Slept 500 milliseconds</msg>
<status status="PASS" starttime="20220701 17:48:25.354" endtime="20220701 17:48:25.864"/>
</kw>
<status status="PASS" starttime="20220701 17:48:25.307" endtime="20220701 17:48:25.864"/>
</iter>
<iter>
<var name="${BENEFIT_TR}">h4[.='SOSYAL YAŞAM']</var>
<var name="${BENEFIT_EN}">h4[.='SOCIAL LIFE']</var>
<var name="${i}">3</var>
<kw name="Click Element" library="SeleniumLibrary">
<arg>${BENEFITS_LIST_XPATH}\//li[${i}\]</arg>
<doc>Click the element identified by ``locator``.</doc>
<msg timestamp="20220701 17:48:25.865" level="INFO">Clicking element 'xpath=//div[@id='benefits']//ul[@class='nav nav-pills w-100 d-flex justify-content-center']//li[3]'.</msg>
<status status="PASS" starttime="20220701 17:48:25.864" endtime="20220701 17:48:25.905"/>
</kw>
<kw name="Sleep" library="BuiltIn">
<arg>0.5s</arg>
<doc>Pauses the test executed for the given time.</doc>
<msg timestamp="20220701 17:48:26.408" level="INFO">Slept 500 milliseconds</msg>
<status status="PASS" starttime="20220701 17:48:25.905" endtime="20220701 17:48:26.408"/>
</kw>
<status status="PASS" starttime="20220701 17:48:25.864" endtime="20220701 17:48:26.408"/>
</iter>
<iter>
<var name="${BENEFIT_TR}">h4[.='SAĞLIK']</var>
<var name="${BENEFIT_EN}">h4[.='HEALTH']</var>
<var name="${i}">4</var>
<kw name="Click Element" library="SeleniumLibrary">
<arg>${BENEFITS_LIST_XPATH}\//li[${i}\]</arg>
<doc>Click the element identified by ``locator``.</doc>
<msg timestamp="20220701 17:48:26.409" level="INFO">Clicking element 'xpath=//div[@id='benefits']//ul[@class='nav nav-pills w-100 d-flex justify-content-center']//li[4]'.</msg>
<status status="PASS" starttime="20220701 17:48:26.409" endtime="20220701 17:48:26.443"/>
</kw>
<kw name="Sleep" library="BuiltIn">
<arg>0.5s</arg>
<doc>Pauses the test executed for the given time.</doc>
<msg timestamp="20220701 17:48:26.955" level="INFO">Slept 500 milliseconds</msg>
<status status="PASS" starttime="20220701 17:48:26.443" endtime="20220701 17:48:26.955"/>
</kw>
<status status="PASS" starttime="20220701 17:48:26.409" endtime="20220701 17:48:26.955"/>
</iter>
<status status="PASS" starttime="20220701 17:48:24.763" endtime="20220701 17:48:26.955"/>
</for>
<status status="PASS" starttime="20220701 17:48:24.456" endtime="20220701 17:48:26.955"/>
</kw>
<status status="PASS" starttime="20220701 17:48:24.456" endtime="20220701 17:48:26.955"/>
</kw>
<kw name="End Baykar Web Test" library="Common" type="TEARDOWN">
<kw name="Close Browser" library="SeleniumLibrary">
<doc>Closes the current browser.</doc>
<status status="PASS" starttime="20220701 17:48:26.956" endtime="20220701 17:48:29.082"/>
</kw>
<status status="PASS" starttime="20220701 17:48:26.956" endtime="20220701 17:48:29.082"/>
</kw>
<doc>All visitors should be able click and see kariyer pages</doc>
<tag>Navbar Career</tag>
<tag>Smoke</tag>
<status status="PASS" starttime="20220701 17:48:03.034" endtime="20220701 17:48:29.083"/>
</test>
<test id="s1-s1-t4" name="Visitor should be able click and see all &quot;Staj&quot; section pages" line="39">
<kw name="Start Baykar Web Test" library="Common" type="SETUP">
<arg>${BROWSER}</arg>
<kw name="Open Browser" library="SeleniumLibrary">
<arg>about:blank</arg>
<arg>${BROWSER}</arg>
<doc>Opens a new browser instance to the optional ``url``.</doc>
<msg timestamp="20220701 17:48:29.085" level="INFO">Opening browser 'edge' to base url 'about:blank'.</msg>
<status status="PASS" starttime="20220701 17:48:29.085" endtime="20220701 17:48:30.165"/>
</kw>
<kw name="Maximize Browser Window" library="SeleniumLibrary">
<doc>Maximizes current browser window.</doc>
<status status="PASS" starttime="20220701 17:48:30.165" endtime="20220701 17:48:30.285"/>
</kw>
<status status="PASS" starttime="20220701 17:48:29.084" endtime="20220701 17:48:30.285"/>
</kw>
<kw name="Open Website" library="Common">
<arg>${SITE_URL}${RUN_LANG}</arg>
<kw name="Go To" library="SeleniumLibrary">
<arg>${SITE_URL}\/</arg>
<doc>Navigates the current browser window to the provided ``url``.</doc>
<msg timestamp="20220701 17:48:30.286" level="INFO">Opening url 'https://kariyer.baykartech.com/tr/'</msg>
<status status="PASS" starttime="20220701 17:48:30.286" endtime="20220701 17:48:37.577"/>
</kw>
<status status="PASS" starttime="20220701 17:48:30.285" endtime="20220701 17:48:37.577"/>
</kw>
<kw name="Verify Page Loaded" library="Common">
<arg>${RUN_LANG}</arg>
<doc>Verify all pages successfully loaded</doc>
<kw name="Wait Until Element Is Enabled" library="SeleniumLibrary">
<arg>${BAYKAR_LOGO_${LANG}}</arg>
<doc>Waits until the element ``locator`` is enabled.</doc>
<status status="PASS" starttime="20220701 17:48:37.579" endtime="20220701 17:48:37.604"/>
</kw>
<kw name="Run Keyword And Return Status" library="BuiltIn">
<var>${check_loader}</var>
<arg>Element Should Be Visible</arg>
<arg>${PRE_LOADER}</arg>
<doc>Runs the given keyword with given arguments and returns the status as a Boolean value.</doc>
<kw name="Element Should Be Visible" library="SeleniumLibrary">
<arg>${PRE_LOADER}</arg>
<doc>Verifies that the element identified by ``locator`` is visible.</doc>
<msg timestamp="20220701 17:48:37.624" level="INFO">Element 'xpath=//div[@class='se-pre-con']' is displayed.</msg>
<status status="PASS" starttime="20220701 17:48:37.605" endtime="20220701 17:48:37.624"/>
</kw>
<msg timestamp="20220701 17:48:37.625" level="INFO">${check_loader} = True</msg>
<status status="PASS" starttime="20220701 17:48:37.604" endtime="20220701 17:48:37.625"/>
</kw>
<kw name="Run Keyword If" library="BuiltIn">
<arg>${check_loader}</arg>
<arg>Wait Until Element Is Not Visible</arg>
<arg>${PRE_LOADER}</arg>
<doc>Runs the given keyword with the given arguments, if ``condition`` is true.</doc>
<kw name="Wait Until Element Is Not Visible" library="SeleniumLibrary">
<arg>${PRE_LOADER}</arg>
<doc>Waits until the element ``locator`` is not visible.</doc>
<status status="PASS" starttime="20220701 17:48:37.625" endtime="20220701 17:48:38.313"/>
</kw>
<status status="PASS" starttime="20220701 17:48:37.625" endtime="20220701 17:48:38.313"/>
</kw>
<status status="PASS" starttime="20220701 17:48:37.578" endtime="20220701 17:48:38.313"/>
</kw>
<kw name="Click &quot;Staj&quot; Section Dropdowns and Check Page" library="Kariyer.Baykartech.App">
<kw name="Click &quot;Staj Dönemleri&quot; Dropdown" library="Navbar">
<doc>Clicks Staj Dönemleri dropdown in Staj section</doc>
<kw name="Set Variable" library="BuiltIn">
<var>${sec_num}</var>
<arg>${STAJ_SECTION_NUMBER}</arg>
<doc>Returns the given values which can then be assigned to a variables.</doc>
<msg timestamp="20220701 17:48:38.315" level="INFO">${sec_num} = 3</msg>
<status status="PASS" starttime="20220701 17:48:38.314" endtime="20220701 17:48:38.315"/>
</kw>
<kw name="Run Keyword" library="BuiltIn">
<arg>Mouse Over "Staj" Section</arg>
<doc>Executes the given keyword with the given arguments.</doc>
<kw name="Mouse Over &quot;Staj&quot; Section" library="Navbar">
<doc>[3] is a third section in navbar</doc>
<kw name="Set Variable" library="BuiltIn">
<var>${sec_num}</var>
<arg>${STAJ_SECTION_NUMBER}</arg>
<doc>Returns the given values which can then be assigned to a variables.</doc>
<msg timestamp="20220701 17:48:38.315" level="INFO">${sec_num} = 3</msg>
<status status="PASS" starttime="20220701 17:48:38.315" endtime="20220701 17:48:38.315"/>
</kw>
<kw name="Mouse Over" library="SeleniumLibrary">
<arg>${NAVBAR_SECTION}\[${sec_num}\]</arg>
<doc>Simulates hovering the mouse over the element ``locator``.</doc>
<msg timestamp="20220701 17:48:38.315" level="INFO">Simulating Mouse Over on element 'xpath=//*[@id="navbar-menu"]/ul/li[3]'.</msg>
<status status="PASS" starttime="20220701 17:48:38.315" endtime="20220701 17:48:38.598"/>
</kw>
<kw name="Wait Until Element Is Visible" library="SeleniumLibrary">
<arg>${NAVBAR_SECTION}\[${sec_num}\]${DROPDOWN_ELEMENT}\[1]/a</arg>
<doc>Waits until the element ``locator`` is visible.</doc>
<status status="PASS" starttime="20220701 17:48:38.598" endtime="20220701 17:48:38.616"/>
</kw>
<status status="PASS" starttime="20220701 17:48:38.315" endtime="20220701 17:48:38.616"/>
</kw>
<status status="PASS" starttime="20220701 17:48:38.315" endtime="20220701 17:48:38.616"/>
</kw>
<kw name="Click Link" library="SeleniumLibrary">
<arg>${NAVBAR_SECTION}\[${sec_num}\]${DROPDOWN_ELEMENT}\[1]/a</arg>
<doc>Clicks a link identified by ``locator``.</doc>
<msg timestamp="20220701 17:48:38.616" level="INFO">Clicking link 'xpath=//*[@id="navbar-menu"]/ul/li[3]/ul/li[1]/a'.</msg>
<status status="PASS" starttime="20220701 17:48:38.616" endtime="20220701 17:48:39.695"/>
</kw>
<status status="PASS" starttime="20220701 17:48:38.314" endtime="20220701 17:48:39.695"/>
</kw>
<kw name="Verify &quot;Staj Dönemleri&quot; in show" library="Staj">
<kw name="Wait Until Element Is Visible" library="SeleniumLibrary">
<arg>${DONEM_VERIFY_ELEMENT}</arg>
<doc>Waits until the element ``locator`` is visible.</doc>
<status status="PASS" starttime="20220701 17:48:39.695" endtime="20220701 17:48:39.711"/>
</kw>
<kw name="Page Should Contain Element" library="SeleniumLibrary">
<arg>${DONEM_VERIFY_ELEMENT}</arg>
<doc>Verifies that element ``locator`` is found on the current page.</doc>
<msg timestamp="20220701 17:48:39.718" level="INFO">Current page contains element 'xpath=//div[@id='seasons']'.</msg>
<status status="PASS" starttime="20220701 17:48:39.712" endtime="20220701 17:48:39.718"/>
</kw>
<status status="PASS" starttime="20220701 17:48:39.695" endtime="20220701 17:48:39.718"/>
</kw>
<kw name="Click &quot;Staj Takvimi&quot; Dropdown" library="Navbar">
<doc>Clicks Staj Takvimi dropdown in Staj section</doc>
<kw name="Set Variable" library="BuiltIn">
<var>${sec_num}</var>
<arg>${STAJ_SECTION_NUMBER}</arg>
<doc>Returns the given values which can then be assigned to a variables.</doc>
<msg timestamp="20220701 17:48:39.719" level="INFO">${sec_num} = 3</msg>
<status status="PASS" starttime="20220701 17:48:39.719" endtime="20220701 17:48:39.719"/>
</kw>
<kw name="Run Keyword" library="BuiltIn">
<arg>Mouse Over "Staj" Section</arg>
<doc>Executes the given keyword with the given arguments.</doc>
<kw name="Mouse Over &quot;Staj&quot; Section" library="Navbar">
<doc>[3] is a third section in navbar</doc>
<kw name="Set Variable" library="BuiltIn">
<var>${sec_num}</var>
<arg>${STAJ_SECTION_NUMBER}</arg>
<doc>Returns the given values which can then be assigned to a variables.</doc>
<msg timestamp="20220701 17:48:39.720" level="INFO">${sec_num} = 3</msg>
<status status="PASS" starttime="20220701 17:48:39.720" endtime="20220701 17:48:39.720"/>
</kw>
<kw name="Mouse Over" library="SeleniumLibrary">
<arg>${NAVBAR_SECTION}\[${sec_num}\]</arg>
<doc>Simulates hovering the mouse over the element ``locator``.</doc>
<msg timestamp="20220701 17:48:39.720" level="INFO">Simulating Mouse Over on element 'xpath=//*[@id="navbar-menu"]/ul/li[3]'.</msg>
<status status="PASS" starttime="20220701 17:48:39.720" endtime="20220701 17:48:40.004"/>
</kw>
<kw name="Wait Until Element Is Visible" library="SeleniumLibrary">
<arg>${NAVBAR_SECTION}\[${sec_num}\]${DROPDOWN_ELEMENT}\[1]/a</arg>
<doc>Waits until the element ``locator`` is visible.</doc>
<status status="PASS" starttime="20220701 17:48:40.004" endtime="20220701 17:48:40.018"/>
</kw>
<status status="PASS" starttime="20220701 17:48:39.719" endtime="20220701 17:48:40.018"/>
</kw>
<status status="PASS" starttime="20220701 17:48:39.719" endtime="20220701 17:48:40.018"/>
</kw>
<kw name="Click Link" library="SeleniumLibrary">
<arg>${NAVBAR_SECTION}\[${sec_num}\]${DROPDOWN_ELEMENT}\[2]/a</arg>
<doc>Clicks a link identified by ``locator``.</doc>
<msg timestamp="20220701 17:48:40.018" level="INFO">Clicking link 'xpath=//*[@id="navbar-menu"]/ul/li[3]/ul/li[2]/a'.</msg>
<status status="PASS" starttime="20220701 17:48:40.018" endtime="20220701 17:48:40.059"/>
</kw>
<status status="PASS" starttime="20220701 17:48:39.719" endtime="20220701 17:48:40.059"/>
</kw>
<kw name="Verify &quot;Staj Takvimi&quot; in show" library="Staj">
<kw name="Wait Until Element Is Visible" library="SeleniumLibrary">
<arg>${TAKVIM_VERIFY_ELEMENT}</arg>
<doc>Waits until the element ``locator`` is visible.</doc>
<status status="PASS" starttime="20220701 17:48:40.060" endtime="20220701 17:48:40.083"/>
</kw>
<kw name="Page Should Contain Element" library="SeleniumLibrary">
<arg>${TAKVIM_VERIFY_ELEMENT}</arg>
<doc>Verifies that element ``locator`` is found on the current page.</doc>
<msg timestamp="20220701 17:48:40.089" level="INFO">Current page contains element 'xpath=//div[@id='calendar']'.</msg>
<status status="PASS" starttime="20220701 17:48:40.083" endtime="20220701 17:48:40.089"/>
</kw>
<status status="PASS" starttime="20220701 17:48:40.059" endtime="20220701 17:48:40.089"/>
</kw>
<kw name="Click &quot;Staj SSS&quot; Dropdown" library="Navbar">
<doc>Clicks Staj SSS dropdown in Staj section</doc>
<kw name="Set Variable" library="BuiltIn">
<var>${sec_num}</var>
<arg>${STAJ_SECTION_NUMBER}</arg>
<doc>Returns the given values which can then be assigned to a variables.</doc>
<msg timestamp="20220701 17:48:40.089" level="INFO">${sec_num} = 3</msg>
<status status="PASS" starttime="20220701 17:48:40.089" endtime="20220701 17:48:40.090"/>
</kw>
<kw name="Run Keyword" library="BuiltIn">
<arg>Mouse Over "Staj" Section</arg>
<doc>Executes the given keyword with the given arguments.</doc>
<kw name="Mouse Over &quot;Staj&quot; Section" library="Navbar">
<doc>[3] is a third section in navbar</doc>
<kw name="Set Variable" library="BuiltIn">
<var>${sec_num}</var>
<arg>${STAJ_SECTION_NUMBER}</arg>
<doc>Returns the given values which can then be assigned to a variables.</doc>
<msg timestamp="20220701 17:48:40.090" level="INFO">${sec_num} = 3</msg>
<status status="PASS" starttime="20220701 17:48:40.090" endtime="20220701 17:48:40.090"/>
</kw>
<kw name="Mouse Over" library="SeleniumLibrary">
<arg>${NAVBAR_SECTION}\[${sec_num}\]</arg>
<doc>Simulates hovering the mouse over the element ``locator``.</doc>
<msg timestamp="20220701 17:48:40.091" level="INFO">Simulating Mouse Over on element 'xpath=//*[@id="navbar-menu"]/ul/li[3]'.</msg>
<status status="PASS" starttime="20220701 17:48:40.091" endtime="20220701 17:48:40.363"/>
</kw>
<kw name="Wait Until Element Is Visible" library="SeleniumLibrary">
<arg>${NAVBAR_SECTION}\[${sec_num}\]${DROPDOWN_ELEMENT}\[1]/a</arg>
<doc>Waits until the element ``locator`` is visible.</doc>
<status status="PASS" starttime="20220701 17:48:40.363" endtime="20220701 17:48:40.375"/>
</kw>
<status status="PASS" starttime="20220701 17:48:40.090" endtime="20220701 17:48:40.375"/>
</kw>
<status status="PASS" starttime="20220701 17:48:40.090" endtime="20220701 17:48:40.375"/>
</kw>
<kw name="Click Link" library="SeleniumLibrary">
<arg>${NAVBAR_SECTION}\[${sec_num}\]${DROPDOWN_ELEMENT}\[3]/a</arg>
<doc>Clicks a link identified by ``locator``.</doc>
<msg timestamp="20220701 17:48:40.376" level="INFO">Clicking link 'xpath=//*[@id="navbar-menu"]/ul/li[3]/ul/li[3]/a'.</msg>
<status status="PASS" starttime="20220701 17:48:40.375" endtime="20220701 17:48:40.414"/>
</kw>
<status status="PASS" starttime="20220701 17:48:40.089" endtime="20220701 17:48:40.414"/>
</kw>
<kw name="Verify &quot;Staj SSS&quot; in show" library="Staj">
<kw name="Wait Until Element Is Visible" library="SeleniumLibrary">
<arg>${SSS_VERIFY_ELEMENT}</arg>
<doc>Waits until the element ``locator`` is visible.</doc>
<status status="PASS" starttime="20220701 17:48:40.415" endtime="20220701 17:48:40.431"/>
</kw>
<kw name="Page Should Contain Element" library="SeleniumLibrary">
<arg>${SSS_VERIFY_ELEMENT}</arg>
<doc>Verifies that element ``locator`` is found on the current page.</doc>
<msg timestamp="20220701 17:48:40.438" level="INFO">Current page contains element 'xpath=//div[@id='faqs']/div[@id='sss']'.</msg>
<status status="PASS" starttime="20220701 17:48:40.432" endtime="20220701 17:48:40.438"/>
</kw>
<status status="PASS" starttime="20220701 17:48:40.414" endtime="20220701 17:48:40.439"/>
</kw>
<status status="PASS" starttime="20220701 17:48:38.314" endtime="20220701 17:48:40.439"/>
</kw>
<kw name="Check and click &quot;Staj Dönemleri&quot; section" library="Kariyer.Baykartech.App">
<arg>${RUN_LANG}</arg>
<kw name="Click &quot;Staj Dönemleri&quot; Dropdown" library="Navbar">
<doc>Clicks Staj Dönemleri dropdown in Staj section</doc>
<kw name="Set Variable" library="BuiltIn">
<var>${sec_num}</var>
<arg>${STAJ_SECTION_NUMBER}</arg>
<doc>Returns the given values which can then be assigned to a variables.</doc>
<msg timestamp="20220701 17:48:40.441" level="INFO">${sec_num} = 3</msg>
<status status="PASS" starttime="20220701 17:48:40.440" endtime="20220701 17:48:40.441"/>
</kw>
<kw name="Run Keyword" library="BuiltIn">
<arg>Mouse Over "Staj" Section</arg>
<doc>Executes the given keyword with the given arguments.</doc>
<kw name="Mouse Over &quot;Staj&quot; Section" library="Navbar">
<doc>[3] is a third section in navbar</doc>
<kw name="Set Variable" library="BuiltIn">
<var>${sec_num}</var>
<arg>${STAJ_SECTION_NUMBER}</arg>
<doc>Returns the given values which can then be assigned to a variables.</doc>
<msg timestamp="20220701 17:48:40.441" level="INFO">${sec_num} = 3</msg>
<status status="PASS" starttime="20220701 17:48:40.441" endtime="20220701 17:48:40.441"/>
</kw>
<kw name="Mouse Over" library="SeleniumLibrary">
<arg>${NAVBAR_SECTION}\[${sec_num}\]</arg>
<doc>Simulates hovering the mouse over the element ``locator``.</doc>
<msg timestamp="20220701 17:48:40.442" level="INFO">Simulating Mouse Over on element 'xpath=//*[@id="navbar-menu"]/ul/li[3]'.</msg>
<status status="PASS" starttime="20220701 17:48:40.441" endtime="20220701 17:48:40.720"/>
</kw>
<kw name="Wait Until Element Is Visible" library="SeleniumLibrary">
<arg>${NAVBAR_SECTION}\[${sec_num}\]${DROPDOWN_ELEMENT}\[1]/a</arg>
<doc>Waits until the element ``locator`` is visible.</doc>
<status status="PASS" starttime="20220701 17:48:40.720" endtime="20220701 17:48:40.748"/>
</kw>
<status status="PASS" starttime="20220701 17:48:40.441" endtime="20220701 17:48:40.748"/>
</kw>
<status status="PASS" starttime="20220701 17:48:40.441" endtime="20220701 17:48:40.748"/>
</kw>
<kw name="Click Link" library="SeleniumLibrary">
<arg>${NAVBAR_SECTION}\[${sec_num}\]${DROPDOWN_ELEMENT}\[1]/a</arg>
<doc>Clicks a link identified by ``locator``.</doc>
<msg timestamp="20220701 17:48:40.748" level="INFO">Clicking link 'xpath=//*[@id="navbar-menu"]/ul/li[3]/ul/li[1]/a'.</msg>
<status status="PASS" starttime="20220701 17:48:40.748" endtime="20220701 17:48:40.793"/>
</kw>
<status status="PASS" starttime="20220701 17:48:40.440" endtime="20220701 17:48:40.793"/>
</kw>
<kw name="Verify &quot;Staj Dönemleri&quot; in show" library="Staj">
<kw name="Wait Until Element Is Visible" library="SeleniumLibrary">
<arg>${DONEM_VERIFY_ELEMENT}</arg>
<doc>Waits until the element ``locator`` is visible.</doc>
<status status="PASS" starttime="20220701 17:48:40.794" endtime="20220701 17:48:40.809"/>
</kw>
<kw name="Page Should Contain Element" library="SeleniumLibrary">
<arg>${DONEM_VERIFY_ELEMENT}</arg>
<doc>Verifies that element ``locator`` is found on the current page.</doc>
<msg timestamp="20220701 17:48:40.815" level="INFO">Current page contains element 'xpath=//div[@id='seasons']'.</msg>
<status status="PASS" starttime="20220701 17:48:40.810" endtime="20220701 17:48:40.815"/>
</kw>
<status status="PASS" starttime="20220701 17:48:40.793" endtime="20220701 17:48:40.815"/>
</kw>
<kw name="Run Keyword And Continue On Failure" library="BuiltIn">
<arg>Staj.Check "Staj Dönemleri" Displays Correct Text by Language</arg>
<arg>${LANG}</arg>
<doc>Runs the keyword and continues execution even if a failure occurs.</doc>
<kw name="Check &quot;Staj Dönemleri&quot; Displays Correct Text by Language" library="Staj">
<arg>${LANG}</arg>
<kw name="Run Keyword If" library="BuiltIn">
<arg>"${LANG}" == "tr"</arg>
<arg>Element Text Should Be</arg>
<arg>${AUTUMN_TERM}</arg>
<arg>GÜZ DÖNEMİ</arg>
<arg>ELSE IF</arg>
<arg>"${LANG}" == "en"</arg>
<arg>Element Text Should Be</arg>
<arg>${AUTUMN_TERM}</arg>
<arg>AUTUMN PERIOD</arg>
<doc>Runs the given keyword with the given arguments, if ``condition`` is true.</doc>
<kw name="Element Text Should Be" library="SeleniumLibrary">
<arg>${AUTUMN_TERM}</arg>
<arg>GÜZ DÖNEMİ</arg>
<doc>Verifies that element ``locator`` contains exact the text ``expected``.</doc>
<msg timestamp="20220701 17:48:40.817" level="INFO">Verifying element 'xpath=//div[@class='owl-item active'][1]//div[@class='item']/a[contains(@href, '/application/open-positions-filter/')][1]' contains exact text 'GÜZ DÖNEMİ'.</msg>
<status status="PASS" starttime="20220701 17:48:40.816" endtime="20220701 17:48:40.835"/>
</kw>
<status status="PASS" starttime="20220701 17:48:40.816" endtime="20220701 17:48:40.835"/>
</kw>
<kw name="Run Keyword If" library="BuiltIn">
<arg>"${LANG}" == "tr"</arg>
<arg>Element Text Should Be</arg>
<arg>${SPRING_TERM}</arg>
<arg>BAHAR DÖNEMİ</arg>
<arg>ELSE IF</arg>
<arg>"${LANG}" == "en"</arg>
<arg>Element Text Should Be</arg>
<arg>${SPRING_TERM}</arg>
<arg>SPRING PERIOD</arg>
<doc>Runs the given keyword with the given arguments, if ``condition`` is true.</doc>
<kw name="Element Text Should Be" library="SeleniumLibrary">
<arg>${SPRING_TERM}</arg>
<arg>BAHAR DÖNEMİ</arg>
<doc>Verifies that element ``locator`` contains exact the text ``expected``.</doc>
<msg timestamp="20220701 17:48:40.836" level="INFO">Verifying element 'xpath=//div[@class='owl-item active'][2]//div[@class='item']/a[contains(@href, '/application/open-positions-filter/')][1]' contains exact text 'BAHAR DÖNEMİ'.</msg>
<status status="PASS" starttime="20220701 17:48:40.836" endtime="20220701 17:48:40.853"/>
</kw>
<status status="PASS" starttime="20220701 17:48:40.835" endtime="20220701 17:48:40.853"/>
</kw>
<kw name="Run Keyword If" library="BuiltIn">
<arg>"${LANG}" == "tr"</arg>
<arg>Element Text Should Be</arg>
<arg>${SUMMER_TERM}</arg>
<arg>YAZ DÖNEMİ</arg>
<arg>ELSE IF</arg>
<arg>"${LANG}" == "en"</arg>
<arg>Element Text Should Be</arg>
<arg>${SUMMER_TERM}</arg>
<arg>SUMMER PERIOD</arg>
<doc>Runs the given keyword with the given arguments, if ``condition`` is true.</doc>
<kw name="Element Text Should Be" library="SeleniumLibrary">
<arg>${SUMMER_TERM}</arg>
<arg>YAZ DÖNEMİ</arg>
<doc>Verifies that element ``locator`` contains exact the text ``expected``.</doc>
<msg timestamp="20220701 17:48:40.854" level="INFO">Verifying element 'xpath=//div[@class='owl-item active'][3]//div[@class='item']/a[contains(@href, '/application/open-positions-filter/')][1]' contains exact text 'YAZ DÖNEMİ'.</msg>
<status status="PASS" starttime="20220701 17:48:40.853" endtime="20220701 17:48:40.873"/>
</kw>
<status status="PASS" starttime="20220701 17:48:40.853" endtime="20220701 17:48:40.873"/>
</kw>
<status status="PASS" starttime="20220701 17:48:40.816" endtime="20220701 17:48:40.873"/>
</kw>
<status status="PASS" starttime="20220701 17:48:40.816" endtime="20220701 17:48:40.873"/>
</kw>
<kw name="Click &quot;Güz Dönemi&quot; Link" library="Staj">
<kw name="Click Link" library="SeleniumLibrary">
<arg>${AUTUMN_TERM}</arg>
<doc>Clicks a link identified by ``locator``.</doc>
<msg timestamp="20220701 17:48:40.874" level="INFO">Clicking link 'xpath=//div[@class='owl-item active'][1]//div[@class='item']/a[contains(@href, '/application/open-positions-filter/')][1]'.</msg>
<status status="PASS" starttime="20220701 17:48:40.874" endtime="20220701 17:48:41.805"/>
</kw>
<status status="PASS" starttime="20220701 17:48:40.873" endtime="20220701 17:48:41.805"/>
</kw>
<kw name="Verify Page Loaded" library="Application">
<kw name="Wait Until Element Is Visible" library="SeleniumLibrary">
<arg>${APPLICATION_VERIFY_ELEMENT}</arg>
<doc>Waits until the element ``locator`` is visible.</doc>
<status status="PASS" starttime="20220701 17:48:41.806" endtime="20220701 17:48:41.823"/>
</kw>
<kw name="Page Should Contain Element" library="SeleniumLibrary">
<arg>${APPLICATION_VERIFY_ELEMENT}</arg>
<doc>Verifies that element ``locator`` is found on the current page.</doc>
<msg timestamp="20220701 17:48:41.830" level="INFO">Current page contains element 'xpath=//input[@onkeyup='searchProgram()']'.</msg>
<status status="PASS" starttime="20220701 17:48:41.824" endtime="20220701 17:48:41.830"/>
</kw>
<status status="PASS" starttime="20220701 17:48:41.805" endtime="20220701 17:48:41.830"/>
</kw>
<kw name="Go Back" library="SeleniumLibrary">
<doc>Simulates the user clicking the back button on their browser.</doc>
<status status="PASS" starttime="20220701 17:48:41.830" endtime="20220701 17:48:41.942"/>
</kw>
<kw name="Click &quot;Bahar Dönemi&quot; Link" library="Staj">
<kw name="Click Link" library="SeleniumLibrary">
<arg>${SPRING_TERM}</arg>
<doc>Clicks a link identified by ``locator``.</doc>
<msg timestamp="20220701 17:48:41.943" level="INFO">Clicking link 'xpath=//div[@class='owl-item active'][2]//div[@class='item']/a[contains(@href, '/application/open-positions-filter/')][1]'.</msg>
<status status="PASS" starttime="20220701 17:48:41.943" endtime="20220701 17:48:42.502"/>
</kw>
<status status="PASS" starttime="20220701 17:48:41.942" endtime="20220701 17:48:42.502"/>
</kw>
<kw name="Verify Page Loaded" library="Application">
<kw name="Wait Until Element Is Visible" library="SeleniumLibrary">
<arg>${APPLICATION_VERIFY_ELEMENT}</arg>
<doc>Waits until the element ``locator`` is visible.</doc>
<status status="PASS" starttime="20220701 17:48:42.503" endtime="20220701 17:48:42.518"/>
</kw>
<kw name="Page Should Contain Element" library="SeleniumLibrary">
<arg>${APPLICATION_VERIFY_ELEMENT}</arg>
<doc>Verifies that element ``locator`` is found on the current page.</doc>
<msg timestamp="20220701 17:48:42.523" level="INFO">Current page contains element 'xpath=//input[@onkeyup='searchProgram()']'.</msg>
<status status="PASS" starttime="20220701 17:48:42.518" endtime="20220701 17:48:42.523"/>
</kw>
<status status="PASS" starttime="20220701 17:48:42.502" endtime="20220701 17:48:42.523"/>
</kw>
<kw name="Go Back" library="SeleniumLibrary">
<doc>Simulates the user clicking the back button on their browser.</doc>
<status status="PASS" starttime="20220701 17:48:42.523" endtime="20220701 17:48:42.616"/>
</kw>
<kw name="Click &quot;Yaz Dönemi&quot; Link" library="Staj">
<kw name="Click Link" library="SeleniumLibrary">
<arg>${SPRING_TERM}</arg>
<doc>Clicks a link identified by ``locator``.</doc>
<msg timestamp="20220701 17:48:42.617" level="INFO">Clicking link 'xpath=//div[@class='owl-item active'][2]//div[@class='item']/a[contains(@href, '/application/open-positions-filter/')][1]'.</msg>
<status status="PASS" starttime="20220701 17:48:42.616" endtime="20220701 17:48:43.323"/>
</kw>
<status status="PASS" starttime="20220701 17:48:42.616" endtime="20220701 17:48:43.323"/>
</kw>
<kw name="Verify Page Loaded" library="Application">
<kw name="Wait Until Element Is Visible" library="SeleniumLibrary">
<arg>${APPLICATION_VERIFY_ELEMENT}</arg>
<doc>Waits until the element ``locator`` is visible.</doc>
<status status="PASS" starttime="20220701 17:48:43.323" endtime="20220701 17:48:43.344"/>
</kw>
<kw name="Page Should Contain Element" library="SeleniumLibrary">
<arg>${APPLICATION_VERIFY_ELEMENT}</arg>
<doc>Verifies that element ``locator`` is found on the current page.</doc>
<msg timestamp="20220701 17:48:43.349" level="INFO">Current page contains element 'xpath=//input[@onkeyup='searchProgram()']'.</msg>
<status status="PASS" starttime="20220701 17:48:43.344" endtime="20220701 17:48:43.349"/>
</kw>
<status status="PASS" starttime="20220701 17:48:43.323" endtime="20220701 17:48:43.349"/>
</kw>
<status status="PASS" starttime="20220701 17:48:40.440" endtime="20220701 17:48:43.349"/>
</kw>
<kw name="End Baykar Web Test" library="Common" type="TEARDOWN">
<kw name="Close Browser" library="SeleniumLibrary">
<doc>Closes the current browser.</doc>
<status status="PASS" starttime="20220701 17:48:43.350" endtime="20220701 17:48:45.518"/>
</kw>
<status status="PASS" starttime="20220701 17:48:43.350" endtime="20220701 17:48:45.518"/>
</kw>
<doc>All visitors should be able click and see Staj pages</doc>
<tag>Navbar Intern</tag>
<tag>Smoke</tag>
<status status="PASS" starttime="20220701 17:48:29.084" endtime="20220701 17:48:45.519"/>
</test>
<test id="s1-s1-t5" name="Visitor should be able navigate all sliders and panels" line="47">
<kw name="Start Baykar Web Test" library="Common" type="SETUP">
<arg>${BROWSER}</arg>
<kw name="Open Browser" library="SeleniumLibrary">
<arg>about:blank</arg>
<arg>${BROWSER}</arg>
<doc>Opens a new browser instance to the optional ``url``.</doc>
<msg timestamp="20220701 17:48:45.520" level="INFO">Opening browser 'edge' to base url 'about:blank'.</msg>
<status status="PASS" starttime="20220701 17:48:45.520" endtime="20220701 17:48:46.595"/>
</kw>
<kw name="Maximize Browser Window" library="SeleniumLibrary">
<doc>Maximizes current browser window.</doc>
<status status="PASS" starttime="20220701 17:48:46.595" endtime="20220701 17:48:46.722"/>
</kw>
<status status="PASS" starttime="20220701 17:48:45.520" endtime="20220701 17:48:46.722"/>
</kw>
<kw name="Open Website" library="Common">
<arg>${SITE_URL}${RUN_LANG}</arg>
<kw name="Go To" library="SeleniumLibrary">
<arg>${SITE_URL}\/</arg>
<doc>Navigates the current browser window to the provided ``url``.</doc>
<msg timestamp="20220701 17:48:46.724" level="INFO">Opening url 'https://kariyer.baykartech.com/tr/'</msg>
<status status="PASS" starttime="20220701 17:48:46.723" endtime="20220701 17:48:54.003"/>
</kw>
<status status="PASS" starttime="20220701 17:48:46.723" endtime="20220701 17:48:54.003"/>
</kw>
<kw name="Verify Page Loaded" library="Common">
<arg>${RUN_LANG}</arg>
<doc>Verify all pages successfully loaded</doc>
<kw name="Wait Until Element Is Enabled" library="SeleniumLibrary">
<arg>${BAYKAR_LOGO_${LANG}}</arg>
<doc>Waits until the element ``locator`` is enabled.</doc>
<status status="PASS" starttime="20220701 17:48:54.004" endtime="20220701 17:48:54.031"/>
</kw>
<kw name="Run Keyword And Return Status" library="BuiltIn">
<var>${check_loader}</var>
<arg>Element Should Be Visible</arg>
<arg>${PRE_LOADER}</arg>
<doc>Runs the given keyword with given arguments and returns the status as a Boolean value.</doc>
<kw name="Element Should Be Visible" library="SeleniumLibrary">
<arg>${PRE_LOADER}</arg>
<doc>Verifies that the element identified by ``locator`` is visible.</doc>
<msg timestamp="20220701 17:48:54.051" level="INFO">Element 'xpath=//div[@class='se-pre-con']' is displayed.</msg>
<status status="PASS" starttime="20220701 17:48:54.032" endtime="20220701 17:48:54.051"/>
</kw>
<msg timestamp="20220701 17:48:54.051" level="INFO">${check_loader} = True</msg>
<status status="PASS" starttime="20220701 17:48:54.032" endtime="20220701 17:48:54.051"/>
</kw>
<kw name="Run Keyword If" library="BuiltIn">
<arg>${check_loader}</arg>
<arg>Wait Until Element Is Not Visible</arg>
<arg>${PRE_LOADER}</arg>
<doc>Runs the given keyword with the given arguments, if ``condition`` is true.</doc>
<kw name="Wait Until Element Is Not Visible" library="SeleniumLibrary">
<arg>${PRE_LOADER}</arg>
<doc>Waits until the element ``locator`` is not visible.</doc>
<status status="PASS" starttime="20220701 17:48:54.052" endtime="20220701 17:48:54.725"/>
</kw>
<status status="PASS" starttime="20220701 17:48:54.052" endtime="20220701 17:48:54.725"/>
</kw>
<status status="PASS" starttime="20220701 17:48:54.004" endtime="20220701 17:48:54.725"/>
</kw>
<kw name="Navigate &quot;Main&quot; Slider" library="Kariyer.Baykartech.App">
<kw name="Navigate main slider in loop" library="Homepage">
<arg>${MAIN_SLIDER_RANGE}</arg>
<for flavor="IN RANGE">
<var>${i}</var>
<value>${SLIDER_RANGE}</value>
<iter>
<var name="${i}">0</var>
<kw name="Mouse Over" library="SeleniumLibrary">
<arg>${MAIN_SLIDER_NEXT_BUTTON}</arg>
<doc>Simulates hovering the mouse over the element ``locator``.</doc>
<msg timestamp="20220701 17:48:54.726" level="INFO">Simulating Mouse Over on element 'xpath=//a[@data-slide='next']'.</msg>
<status status="PASS" starttime="20220701 17:48:54.726" endtime="20220701 17:48:55.025"/>
</kw>
<kw name="Click Element" library="SeleniumLibrary">
<arg>${MAIN_SLIDER_NEXT_BUTTON}</arg>
<doc>Click the element identified by ``locator``.</doc>
<msg timestamp="20220701 17:48:55.025" level="INFO">Clicking element 'xpath=//a[@data-slide='next']'.</msg>
<status status="PASS" starttime="20220701 17:48:55.025" endtime="20220701 17:48:55.065"/>
</kw>
<kw name="Sleep" library="BuiltIn">
<arg>1s</arg>
<doc>Pauses the test executed for the given time.</doc>
<msg timestamp="20220701 17:48:56.080" level="INFO">Slept 1 second</msg>
<status status="PASS" starttime="20220701 17:48:55.066" endtime="20220701 17:48:56.080"/>
</kw>
<status status="PASS" starttime="20220701 17:48:54.726" endtime="20220701 17:48:56.080"/>
</iter>
<iter>
<var name="${i}">1</var>
<kw name="Mouse Over" library="SeleniumLibrary">
<arg>${MAIN_SLIDER_NEXT_BUTTON}</arg>
<doc>Simulates hovering the mouse over the element ``locator``.</doc>
<msg timestamp="20220701 17:48:56.081" level="INFO">Simulating Mouse Over on element 'xpath=//a[@data-slide='next']'.</msg>
<status status="PASS" starttime="20220701 17:48:56.080" endtime="20220701 17:48:56.361"/>
</kw>
<kw name="Click Element" library="SeleniumLibrary">
<arg>${MAIN_SLIDER_NEXT_BUTTON}</arg>
<doc>Click the element identified by ``locator``.</doc>
<msg timestamp="20220701 17:48:56.362" level="INFO">Clicking element 'xpath=//a[@data-slide='next']'.</msg>
<status status="PASS" starttime="20220701 17:48:56.361" endtime="20220701 17:48:56.387"/>
</kw>
<kw name="Sleep" library="BuiltIn">
<arg>1s</arg>
<doc>Pauses the test executed for the given time.</doc>
<msg timestamp="20220701 17:48:57.393" level="INFO">Slept 1 second</msg>
<status status="PASS" starttime="20220701 17:48:56.387" endtime="20220701 17:48:57.393"/>
</kw>
<status status="PASS" starttime="20220701 17:48:56.080" endtime="20220701 17:48:57.393"/>
</iter>
<iter>
<var name="${i}">2</var>
[...]
<kw name="Click &quot;Yerleşkelerimiz&quot; Dropdown" library="Navbar">
<doc>Clicks Yerleşkelerimiz dropdown in Kariyer section</doc>
<kw name="Set Variable" library="BuiltIn">
<var>${sec_num}</var>
<arg>${KARIYER_SECTION_NUMBER}</arg>
<doc>Returns the given values which can then be assigned to a variables.</doc>
<msg timestamp="20220701 17:50:31.981" level="INFO">${sec_num} = 1</msg>
<status status="PASS" starttime="20220701 17:50:31.981" endtime="20220701 17:50:31.981"/>
</kw>
<kw name="Run Keyword" library="BuiltIn">
<arg>Mouse Over "Kariyer" Section</arg>
<doc>Executes the given keyword with the given arguments.</doc>
<kw name="Mouse Over &quot;Kariyer&quot; Section" library="Navbar">
<doc>[1] is a first section in navbar</doc>
<kw name="Set Variable" library="BuiltIn">
<var>${sec_num}</var>
<arg>${KARIYER_SECTION_NUMBER}</arg>
<doc>Returns the given values which can then be assigned to a variables.</doc>
<msg timestamp="20220701 17:50:31.981" level="INFO">${sec_num} = 1</msg>
<status status="PASS" starttime="20220701 17:50:31.981" endtime="20220701 17:50:31.982"/>
</kw>
<kw name="Mouse Over" library="SeleniumLibrary">
<arg>${NAVBAR_SECTION}\[${sec_num}\]</arg>
<doc>Simulates hovering the mouse over the element ``locator``.</doc>
<msg timestamp="20220701 17:50:31.982" level="INFO">Simulating Mouse Over on element 'xpath=//*[@id="navbar-menu"]/ul/li[1]'.</msg>
<status status="PASS" starttime="20220701 17:50:31.982" endtime="20220701 17:50:32.262"/>
</kw>
<kw name="Wait Until Element Is Visible" library="SeleniumLibrary">
<arg>${NAVBAR_SECTION}\[${sec_num}\]${DROPDOWN_ELEMENT}\[1]/a</arg>
<doc>Waits until the element ``locator`` is visible.</doc>
<status status="PASS" starttime="20220701 17:50:32.262" endtime="20220701 17:50:32.279"/>
</kw>
<status status="PASS" starttime="20220701 17:50:31.981" endtime="20220701 17:50:32.279"/>
</kw>
<status status="PASS" starttime="20220701 17:50:31.981" endtime="20220701 17:50:32.279"/>
</kw>
<kw name="Click Link" library="SeleniumLibrary">
<arg>${NAVBAR_SECTION}\[${sec_num}\]${DROPDOWN_ELEMENT}\[1]/a</arg>
<doc>Clicks a link identified by ``locator``.</doc>
<msg timestamp="20220701 17:50:32.280" level="INFO">Clicking link 'xpath=//*[@id="navbar-menu"]/ul/li[1]/ul/li[1]/a'.</msg>
<status status="PASS" starttime="20220701 17:50:32.279" endtime="20220701 17:50:43.261"/>
</kw>
<status status="PASS" starttime="20220701 17:50:31.981" endtime="20220701 17:50:43.261"/>
</kw>
<kw name="Run Keyword And Continue On Failure" library="BuiltIn">
<arg>Kariyer.Verify "Yerleşkelerimiz" in show</arg>
<doc>Runs the keyword and continues execution even if a failure occurs.</doc>
<kw name="Verify &quot;Yerleşkelerimiz&quot; in show" library="Kariyer">
<kw name="Wait Until Element Is Visible" library="SeleniumLibrary">
<arg>${YERLESKELER_VERIFY_ELEMENT}</arg>
<doc>Waits until the element ``locator`` is visible.</doc>
<status status="PASS" starttime="20220701 17:50:43.262" endtime="20220701 17:50:43.278"/>
</kw>
<kw name="Page Should Contain Element" library="SeleniumLibrary">
<arg>${YERLESKELER_VERIFY_ELEMENT}</arg>
<doc>Verifies that element ``locator`` is found on the current page.</doc>
<msg timestamp="20220701 17:50:43.284" level="INFO">Current page contains element 'xpath=//ul[@class='nav nav-pills']//a[@href='#campus1']'.</msg>
<status status="PASS" starttime="20220701 17:50:43.278" endtime="20220701 17:50:43.284"/>
</kw>
<status status="PASS" starttime="20220701 17:50:43.261" endtime="20220701 17:50:43.284"/>
</kw>
<status status="PASS" starttime="20220701 17:50:43.261" endtime="20220701 17:50:43.284"/>
</kw>
<kw name="Click &quot;Açık Pozisyonlar&quot; Section" library="Navbar">
<doc>[2] is a second section in navbar</doc>
<kw name="Set Variable" library="BuiltIn">
<var>${sec_num}</var>
<arg>2</arg>
<doc>Returns the given values which can then be assigned to a variables.</doc>
<msg timestamp="20220701 17:50:43.285" level="INFO">${sec_num} = 2</msg>
<status status="PASS" starttime="20220701 17:50:43.284" endtime="20220701 17:50:43.285"/>
</kw>
<kw name="Click Link" library="SeleniumLibrary">
<arg>${NAVBAR_SECTION}\[${sec_num}\]/a</arg>
<doc>Clicks a link identified by ``locator``.</doc>
<msg timestamp="20220701 17:50:43.285" level="INFO">Clicking link 'xpath=//*[@id="navbar-menu"]/ul/li[2]/a'.</msg>
<status status="PASS" starttime="20220701 17:50:43.285" endtime="20220701 17:50:44.236"/>
</kw>
<status status="PASS" starttime="20220701 17:50:43.284" endtime="20220701 17:50:44.236"/>
</kw>
<kw name="Run Keyword And Continue On Failure" library="BuiltIn">
<arg>Homepage.Verify Section is Visible</arg>
<arg>${OPEN_POZ_SECTION}</arg>
<doc>Runs the keyword and continues execution even if a failure occurs.</doc>
<kw name="Verify Section is Visible" library="Homepage">
<arg>${OPEN_POZ_SECTION}</arg>
<kw name="Wait Until Element Is Visible" library="SeleniumLibrary">
<arg>${SECTION_ELEMENT}</arg>
<doc>Waits until the element ``locator`` is visible.</doc>
<status status="PASS" starttime="20220701 17:50:44.237" endtime="20220701 17:50:44.306"/>
</kw>
<kw name="Element Should Be Visible" library="SeleniumLibrary">
<arg>${SECTION_ELEMENT}</arg>
<doc>Verifies that the element identified by ``locator`` is visible.</doc>
<msg timestamp="20220701 17:50:44.356" level="INFO">Element 'css=div[id='services']' is displayed.</msg>
<status status="PASS" starttime="20220701 17:50:44.306" endtime="20220701 17:50:44.356"/>
</kw>
<status status="PASS" starttime="20220701 17:50:44.236" endtime="20220701 17:50:44.356"/>
</kw>
<status status="PASS" starttime="20220701 17:50:44.236" endtime="20220701 17:50:44.356"/>
</kw>
<status status="PASS" starttime="20220701 17:50:31.980" endtime="20220701 17:50:44.356"/>
</kw>
<kw name="Navigate &quot;Intern&quot; page to &quot;Open Positions&quot; Section" library="Kariyer.Baykartech.App">
<kw name="Click &quot;Staj Dönemleri&quot; Dropdown" library="Navbar">
<doc>Clicks Staj Dönemleri dropdown in Staj section</doc>
<kw name="Set Variable" library="BuiltIn">
<var>${sec_num}</var>
<arg>${STAJ_SECTION_NUMBER}</arg>
<doc>Returns the given values which can then be assigned to a variables.</doc>
<msg timestamp="20220701 17:50:44.357" level="INFO">${sec_num} = 3</msg>
<status status="PASS" starttime="20220701 17:50:44.357" endtime="20220701 17:50:44.357"/>
</kw>
<kw name="Run Keyword" library="BuiltIn">
<arg>Mouse Over "Staj" Section</arg>
<doc>Executes the given keyword with the given arguments.</doc>
<kw name="Mouse Over &quot;Staj&quot; Section" library="Navbar">
<doc>[3] is a third section in navbar</doc>
<kw name="Set Variable" library="BuiltIn">
<var>${sec_num}</var>
<arg>${STAJ_SECTION_NUMBER}</arg>
<doc>Returns the given values which can then be assigned to a variables.</doc>
<msg timestamp="20220701 17:50:44.358" level="INFO">${sec_num} = 3</msg>
<status status="PASS" starttime="20220701 17:50:44.358" endtime="20220701 17:50:44.358"/>
</kw>
<kw name="Mouse Over" library="SeleniumLibrary">
<arg>${NAVBAR_SECTION}\[${sec_num}\]</arg>
<doc>Simulates hovering the mouse over the element ``locator``.</doc>
<msg timestamp="20220701 17:50:44.359" level="INFO">Simulating Mouse Over on element 'xpath=//*[@id="navbar-menu"]/ul/li[3]'.</msg>
<status status="PASS" starttime="20220701 17:50:44.358" endtime="20220701 17:50:44.673"/>
</kw>
<kw name="Wait Until Element Is Visible" library="SeleniumLibrary">
<arg>${NAVBAR_SECTION}\[${sec_num}\]${DROPDOWN_ELEMENT}\[1]/a</arg>
<doc>Waits until the element ``locator`` is visible.</doc>
<status status="PASS" starttime="20220701 17:50:44.673" endtime="20220701 17:50:44.931"/>
</kw>
<status status="PASS" starttime="20220701 17:50:44.358" endtime="20220701 17:50:44.931"/>
</kw>
<status status="PASS" starttime="20220701 17:50:44.358" endtime="20220701 17:50:44.931"/>
</kw>
<kw name="Click Link" library="SeleniumLibrary">
<arg>${NAVBAR_SECTION}\[${sec_num}\]${DROPDOWN_ELEMENT}\[1]/a</arg>
<doc>Clicks a link identified by ``locator``.</doc>
<msg timestamp="20220701 17:50:44.932" level="INFO">Clicking link 'xpath=//*[@id="navbar-menu"]/ul/li[3]/ul/li[1]/a'.</msg>
<status status="PASS" starttime="20220701 17:50:44.931" endtime="20220701 17:50:45.958"/>
</kw>
<status status="PASS" starttime="20220701 17:50:44.357" endtime="20220701 17:50:45.958"/>
</kw>
<kw name="Run Keyword And Continue On Failure" library="BuiltIn">
<arg>Staj.Verify "Staj Dönemleri" in show</arg>
<doc>Runs the keyword and continues execution even if a failure occurs.</doc>
<kw name="Verify &quot;Staj Dönemleri&quot; in show" library="Staj">
<kw name="Wait Until Element Is Visible" library="SeleniumLibrary">
<arg>${DONEM_VERIFY_ELEMENT}</arg>
<doc>Waits until the element ``locator`` is visible.</doc>
<status status="PASS" starttime="20220701 17:50:45.959" endtime="20220701 17:50:45.975"/>
</kw>
<kw name="Page Should Contain Element" library="SeleniumLibrary">
<arg>${DONEM_VERIFY_ELEMENT}</arg>
<doc>Verifies that element ``locator`` is found on the current page.</doc>
<msg timestamp="20220701 17:50:45.982" level="INFO">Current page contains element 'xpath=//div[@id='seasons']'.</msg>
<status status="PASS" starttime="20220701 17:50:45.975" endtime="20220701 17:50:45.982"/>
</kw>
<status status="PASS" starttime="20220701 17:50:45.958" endtime="20220701 17:50:45.983"/>
</kw>
<status status="PASS" starttime="20220701 17:50:45.958" endtime="20220701 17:50:45.983"/>
</kw>
<kw name="Click &quot;Açık Pozisyonlar&quot; Section" library="Navbar">
<doc>[2] is a second section in navbar</doc>
<kw name="Set Variable" library="BuiltIn">
<var>${sec_num}</var>
<arg>2</arg>
<doc>Returns the given values which can then be assigned to a variables.</doc>
<msg timestamp="20220701 17:50:45.983" level="INFO">${sec_num} = 2</msg>
<status status="PASS" starttime="20220701 17:50:45.983" endtime="20220701 17:50:45.983"/>
</kw>
<kw name="Click Link" library="SeleniumLibrary">
<arg>${NAVBAR_SECTION}\[${sec_num}\]/a</arg>
<doc>Clicks a link identified by ``locator``.</doc>
<msg timestamp="20220701 17:50:45.983" level="INFO">Clicking link 'xpath=//*[@id="navbar-menu"]/ul/li[2]/a'.</msg>
<status status="PASS" starttime="20220701 17:50:45.983" endtime="20220701 17:50:46.027"/>
</kw>
<status status="PASS" starttime="20220701 17:50:45.983" endtime="20220701 17:50:46.028"/>
</kw>
<kw name="Run Keyword And Continue On Failure" library="BuiltIn">
<arg>Homepage.Verify Section is Visible</arg>
<arg>${OPEN_POZ_SECTION}</arg>
<doc>Runs the keyword and continues execution even if a failure occurs.</doc>
<kw name="Verify Section is Visible" library="Homepage">
<arg>${OPEN_POZ_SECTION}</arg>
<kw name="Wait Until Element Is Visible" library="SeleniumLibrary">
<arg>${SECTION_ELEMENT}</arg>
<doc>Waits until the element ``locator`` is visible.</doc>
<msg timestamp="20220701 17:50:51.352" level="INFO" html="true">&lt;/td&gt;&lt;/tr&gt;&lt;tr&gt;&lt;td colspan="3"&gt;&lt;a href="selenium-screenshot-1.png"&gt;&lt;img src="selenium-screenshot-1.png" width="800px"&gt;&lt;/a&gt;</msg>
<msg timestamp="20220701 17:50:51.353" level="FAIL">Element 'css=div[id='services']' not visible after 5 seconds.</msg>
<status status="FAIL" starttime="20220701 17:50:46.028" endtime="20220701 17:50:51.354"/>
</kw>
<kw name="Element Should Be Visible" library="SeleniumLibrary">
<arg>${SECTION_ELEMENT}</arg>
<doc>Verifies that the element identified by ``locator`` is visible.</doc>
<status status="NOT RUN" starttime="20220701 17:50:51.354" endtime="20220701 17:50:51.354"/>
</kw>
<status status="FAIL" starttime="20220701 17:50:46.028" endtime="20220701 17:50:51.354"/>
</kw>
<status status="FAIL" starttime="20220701 17:50:46.028" endtime="20220701 17:50:51.355"/>
</kw>
<status status="FAIL" starttime="20220701 17:50:44.357" endtime="20220701 17:50:51.355"/>
</kw>
<kw name="Navigate &quot;Intern&quot; page to &quot;Life In Baykar&quot; Section" library="Kariyer.Baykartech.App">
<kw name="Click &quot;Staj Dönemleri&quot; Dropdown" library="Navbar">
<doc>Clicks Staj Dönemleri dropdown in Staj section</doc>
<kw name="Set Variable" library="BuiltIn">
<var>${sec_num}</var>
<arg>${STAJ_SECTION_NUMBER}</arg>
<doc>Returns the given values which can then be assigned to a variables.</doc>
<msg timestamp="20220701 17:50:51.356" level="INFO">${sec_num} = 3</msg>
<status status="PASS" starttime="20220701 17:50:51.356" endtime="20220701 17:50:51.356"/>
</kw>
<kw name="Run Keyword" library="BuiltIn">
<arg>Mouse Over "Staj" Section</arg>
<doc>Executes the given keyword with the given arguments.</doc>
<kw name="Mouse Over &quot;Staj&quot; Section" library="Navbar">
<doc>[3] is a third section in navbar</doc>
<kw name="Set Variable" library="BuiltIn">
<var>${sec_num}</var>
<arg>${STAJ_SECTION_NUMBER}</arg>
<doc>Returns the given values which can then be assigned to a variables.</doc>
<msg timestamp="20220701 17:50:51.357" level="INFO">${sec_num} = 3</msg>
<status status="PASS" starttime="20220701 17:50:51.357" endtime="20220701 17:50:51.357"/>
</kw>
<kw name="Mouse Over" library="SeleniumLibrary">
<arg>${NAVBAR_SECTION}\[${sec_num}\]</arg>
<doc>Simulates hovering the mouse over the element ``locator``.</doc>
<msg timestamp="20220701 17:50:51.357" level="INFO">Simulating Mouse Over on element 'xpath=//*[@id="navbar-menu"]/ul/li[3]'.</msg>
<status status="PASS" starttime="20220701 17:50:51.357" endtime="20220701 17:50:51.630"/>
</kw>
<kw name="Wait Until Element Is Visible" library="SeleniumLibrary">
<arg>${NAVBAR_SECTION}\[${sec_num}\]${DROPDOWN_ELEMENT}\[1]/a</arg>
<doc>Waits until the element ``locator`` is visible.</doc>
<status status="PASS" starttime="20220701 17:50:51.630" endtime="20220701 17:50:51.644"/>
</kw>
<status status="PASS" starttime="20220701 17:50:51.356" endtime="20220701 17:50:51.644"/>
</kw>
<status status="PASS" starttime="20220701 17:50:51.356" endtime="20220701 17:50:51.644"/>
</kw>
<kw name="Click Link" library="SeleniumLibrary">
<arg>${NAVBAR_SECTION}\[${sec_num}\]${DROPDOWN_ELEMENT}\[1]/a</arg>
<doc>Clicks a link identified by ``locator``.</doc>
<msg timestamp="20220701 17:50:51.645" level="INFO">Clicking link 'xpath=//*[@id="navbar-menu"]/ul/li[3]/ul/li[1]/a'.</msg>
<status status="PASS" starttime="20220701 17:50:51.645" endtime="20220701 17:50:51.681"/>
</kw>
<status status="PASS" starttime="20220701 17:50:51.356" endtime="20220701 17:50:51.681"/>
</kw>
<kw name="Run Keyword And Continue On Failure" library="BuiltIn">
<arg>Staj.Verify "Staj Dönemleri" in show</arg>
<doc>Runs the keyword and continues execution even if a failure occurs.</doc>
<kw name="Verify &quot;Staj Dönemleri&quot; in show" library="Staj">
<kw name="Wait Until Element Is Visible" library="SeleniumLibrary">
<arg>${DONEM_VERIFY_ELEMENT}</arg>
<doc>Waits until the element ``locator`` is visible.</doc>
<status status="PASS" starttime="20220701 17:50:51.681" endtime="20220701 17:50:51.695"/>
</kw>
<kw name="Page Should Contain Element" library="SeleniumLibrary">
<arg>${DONEM_VERIFY_ELEMENT}</arg>
<doc>Verifies that element ``locator`` is found on the current page.</doc>
<msg timestamp="20220701 17:50:51.701" level="INFO">Current page contains element 'xpath=//div[@id='seasons']'.</msg>
<status status="PASS" starttime="20220701 17:50:51.695" endtime="20220701 17:50:51.701"/>
</kw>
<status status="PASS" starttime="20220701 17:50:51.681" endtime="20220701 17:50:51.702"/>
</kw>
<status status="PASS" starttime="20220701 17:50:51.681" endtime="20220701 17:50:51.702"/>
</kw>
<kw name="Click &quot;Baykarda Yaşam&quot; Section" library="Navbar">
<doc>[4] is a fourth section in navbar</doc>
<kw name="Set Variable" library="BuiltIn">
<var>${sec_num}</var>
<arg>4</arg>
<doc>Returns the given values which can then be assigned to a variables.</doc>
<msg timestamp="20220701 17:50:51.702" level="INFO">${sec_num} = 4</msg>
<status status="PASS" starttime="20220701 17:50:51.702" endtime="20220701 17:50:51.702"/>
</kw>
<kw name="Click Link" library="SeleniumLibrary">
<arg>${NAVBAR_SECTION}\[${sec_num}\]/a</arg>
<doc>Clicks a link identified by ``locator``.</doc>
<msg timestamp="20220701 17:50:51.702" level="INFO">Clicking link 'xpath=//*[@id="navbar-menu"]/ul/li[4]/a'.</msg>
<status status="PASS" starttime="20220701 17:50:51.702" endtime="20220701 17:50:51.749"/>
</kw>
<status status="PASS" starttime="20220701 17:50:51.702" endtime="20220701 17:50:51.749"/>
</kw>
<kw name="Run Keyword And Continue On Failure" library="BuiltIn">
<arg>Homepage.Verify Section is Visible</arg>
<arg>${BAYKAR_LIFE_SECTION}</arg>
<doc>Runs the keyword and continues execution even if a failure occurs.</doc>
<kw name="Verify Section is Visible" library="Homepage">
<arg>${BAYKAR_LIFE_SECTION}</arg>
<kw name="Wait Until Element Is Visible" library="SeleniumLibrary">
<arg>${SECTION_ELEMENT}</arg>
<doc>Waits until the element ``locator`` is visible.</doc>
<msg timestamp="20220701 17:50:56.877" level="INFO" html="true">&lt;/td&gt;&lt;/tr&gt;&lt;tr&gt;&lt;td colspan="3"&gt;&lt;a href="selenium-screenshot-2.png"&gt;&lt;img src="selenium-screenshot-2.png" width="800px"&gt;&lt;/a&gt;</msg>
<msg timestamp="20220701 17:50:56.877" level="FAIL">Element 'css=div[id='portfolio']' not visible after 5 seconds.</msg>
<status status="FAIL" starttime="20220701 17:50:51.750" endtime="20220701 17:50:56.877"/>
</kw>
<kw name="Element Should Be Visible" library="SeleniumLibrary">
<arg>${SECTION_ELEMENT}</arg>
<doc>Verifies that the element identified by ``locator`` is visible.</doc>
<status status="NOT RUN" starttime="20220701 17:50:56.878" endtime="20220701 17:50:56.878"/>
</kw>
<status status="FAIL" starttime="20220701 17:50:51.750" endtime="20220701 17:50:56.878"/>
</kw>
<status status="FAIL" starttime="20220701 17:50:51.749" endtime="20220701 17:50:56.878"/>
</kw>
<status status="FAIL" starttime="20220701 17:50:51.356" endtime="20220701 17:50:56.879"/>
</kw>
<kw name="End Baykar Web Test" library="Common" type="TEARDOWN">
<kw name="Close Browser" library="SeleniumLibrary">
<doc>Closes the current browser.</doc>
<status status="PASS" starttime="20220701 17:50:56.880" endtime="20220701 17:50:59.008"/>
</kw>
<status status="PASS" starttime="20220701 17:50:56.879" endtime="20220701 17:50:59.009"/>
</kw>
<doc>All pages in website should be integrated with others</doc>
<tag>I-01</tag>
<tag>Integration</tag>
<status status="FAIL" starttime="20220701 17:50:22.995" endtime="20220701 17:50:59.009">Several failures occurred:

1) Element 'css=div[id='services']' not visible after 5 seconds.

2) Element 'css=div[id='portfolio']' not visible after 5 seconds.</status>
</test>
<doc>This test file includes all tests for *kariyer.baykartech.com*,
if you wanna change Browser or Runtime Language go to *Variables* section in this file.</doc>
<status status="FAIL" starttime="20220701 17:47:27.201" endtime="20220701 17:50:59.010"/>
</suite>
<status status="FAIL" starttime="20220701 17:47:27.182" endtime="20220701 17:50:59.012"/>
</suite>
<statistics>
<total>
<stat pass="7" fail="1" skip="0">All Tests</stat>
</total>
<tag>
<stat pass="1" fail="0" skip="0">Common</stat>
<stat pass="1" fail="0" skip="0">Footer</stat>
<stat pass="1" fail="0" skip="0">Forget Password</stat>
<stat pass="0" fail="1" skip="0">I-01</stat>
<stat pass="0" fail="1" skip="0">Integration</stat>
<stat pass="1" fail="0" skip="0">Life in Baykar Slider</stat>
<stat pass="1" fail="0" skip="0">Login</stat>
<stat pass="1" fail="0" skip="0">Main Slider</stat>
<stat pass="1" fail="0" skip="0">Navbar Career</stat>
<stat pass="1" fail="0" skip="0">Navbar Common</stat>
<stat pass="1" fail="0" skip="0">Navbar Intern</stat>
<stat pass="1" fail="0" skip="0">Open Pos Slider</stat>
<stat pass="1" fail="0" skip="0">Sign Up</stat>
<stat pass="7" fail="0" skip="0">Smoke</stat>
<stat pass="1" fail="0" skip="0">SSS Panels</stat>
</tag>
<suite>
<stat pass="7" fail="1" skip="0" id="s1" name="Tests">Tests</stat>
<stat pass="7" fail="1" skip="0" id="s1-s1" name="Kariyer.Baykartech">Tests.Kariyer.Baykartech</stat>
</suite>
</statistics>
<errors>
</errors>
</robot>
