<?xml version="1.0" encoding="UTF-8"?>
<robot generator="Robot 5.0.1 (Python 3.9.7 on win32)" generated="20220620 14:12:21.824" rpa="false" schemaversion="3">
<suite id="s1" name="Tests" source="C:\Users\byuks\Desktop\QA\QA-Test-Automation-Baykar\tests">
<suite id="s1-s1" name="Kariyer.Baykartech" source="C:\Users\byuks\Desktop\QA\QA-Test-Automation-Baykar\tests\Kariyer.Baykartech.robot">
<test id="s1-s1-t1" name="Visitor should be able enter site" line="16">
<kw name="Start Baykar Web Test" library="Common" type="SETUP">
<arg>${BROWSER}</arg>
<kw name="Open Browser" library="SeleniumLibrary">
<arg>about:blank</arg>
<arg>${BROWSER}</arg>
<doc>Opens a new browser instance to the optional ``url``.</doc>
<msg timestamp="20220620 14:12:22.059" level="INFO">Opening browser 'chrome' to base url 'about:blank'.</msg>
<status status="PASS" starttime="20220620 14:12:22.059" endtime="20220620 14:12:23.132"/>
</kw>
<kw name="Maximize Browser Window" library="SeleniumLibrary">
<doc>Maximizes current browser window.</doc>
<status status="PASS" starttime="20220620 14:12:23.132" endtime="20220620 14:12:23.246"/>
</kw>
<status status="PASS" starttime="20220620 14:12:22.058" endtime="20220620 14:12:23.246"/>
</kw>
<kw name="Open Website" library="Common">
<arg>${SITE_URL}${RUN_LANG}</arg>
<kw name="Go To" library="SeleniumLibrary">
<arg>${SITE_URL}</arg>
<doc>Navigates the current browser window to the provided ``url``.</doc>
<msg timestamp="20220620 14:12:23.247" level="INFO">Opening url 'https://kariyer.baykartech.com/tr'</msg>
<status status="PASS" starttime="20220620 14:12:23.247" endtime="20220620 14:12:27.824"/>
</kw>
<status status="PASS" starttime="20220620 14:12:23.247" endtime="20220620 14:12:27.824"/>
</kw>
<kw name="Verify Page Loaded" library="Common">
<arg>${RUN_LANG}</arg>
<doc>Verify all pages successfully loaded</doc>
<kw name="Wait Until Element Is Visible" library="SeleniumLibrary">
<arg>${BAYKAR_LOGO_${LANG}}</arg>
<doc>Waits until the element ``locator`` is visible.</doc>
<status status="PASS" starttime="20220620 14:12:27.825" endtime="20220620 14:12:27.845"/>
</kw>
<status status="PASS" starttime="20220620 14:12:27.825" endtime="20220620 14:12:27.845"/>
</kw>
<kw name="End Baykar Web Test" library="Common" type="TEARDOWN">
<kw name="Close Browser" library="SeleniumLibrary">
<doc>Closes the current browser.</doc>
<status status="PASS" starttime="20220620 14:12:27.846" endtime="20220620 14:12:29.938"/>
</kw>
<status status="PASS" starttime="20220620 14:12:27.846" endtime="20220620 14:12:29.939"/>
</kw>
<doc>All visitors should be able enter site</doc>
<tag>Common</tag>
<tag>Smoke</tag>
<status status="PASS" starttime="20220620 14:12:22.058" endtime="20220620 14:12:29.939"/>
</test>
<test id="s1-s1-t2" name="Visitor should be able navigate navbar" line="22">
<kw name="Start Baykar Web Test" library="Common" type="SETUP">
<arg>${BROWSER}</arg>
<kw name="Open Browser" library="SeleniumLibrary">
<arg>about:blank</arg>
<arg>${BROWSER}</arg>
<doc>Opens a new browser instance to the optional ``url``.</doc>
<msg timestamp="20220620 14:12:29.942" level="INFO">Opening browser 'chrome' to base url 'about:blank'.</msg>
<status status="PASS" starttime="20220620 14:12:29.942" endtime="20220620 14:12:30.980"/>
</kw>
<kw name="Maximize Browser Window" library="SeleniumLibrary">
<doc>Maximizes current browser window.</doc>
<status status="PASS" starttime="20220620 14:12:30.980" endtime="20220620 14:12:31.093"/>
</kw>
<status status="PASS" starttime="20220620 14:12:29.941" endtime="20220620 14:12:31.093"/>
</kw>
<kw name="Open Website" library="Common">
<arg>${SITE_URL}${RUN_LANG}</arg>
<kw name="Go To" library="SeleniumLibrary">
<arg>${SITE_URL}</arg>
<doc>Navigates the current browser window to the provided ``url``.</doc>
<msg timestamp="20220620 14:12:31.094" level="INFO">Opening url 'https://kariyer.baykartech.com/tr'</msg>
<status status="PASS" starttime="20220620 14:12:31.094" endtime="20220620 14:12:36.191"/>
</kw>
<status status="PASS" starttime="20220620 14:12:31.094" endtime="20220620 14:12:36.191"/>
</kw>
<kw name="Verify Page Loaded" library="Common">
<arg>${RUN_LANG}</arg>
<doc>Verify all pages successfully loaded</doc>
<kw name="Wait Until Element Is Visible" library="SeleniumLibrary">
<arg>${BAYKAR_LOGO_${LANG}}</arg>
<doc>Waits until the element ``locator`` is visible.</doc>
<status status="PASS" starttime="20220620 14:12:36.192" endtime="20220620 14:12:36.212"/>
</kw>
<status status="PASS" starttime="20220620 14:12:36.192" endtime="20220620 14:12:36.212"/>
</kw>
<kw name="Navbar Mouse Over Tests" library="Kariyer.Baykartech.App">
<kw name="Mouse Over &quot;Kariyer&quot; Section" library="Navbar">
<doc>[1] is a first section in navbar</doc>
<kw name="Set Variable" library="BuiltIn">
<var>${sec_num}</var>
<arg>${KARIYER_SECTION_NUMBER}</arg>
<doc>Returns the given values which can then be assigned to a variables.</doc>
<msg timestamp="20220620 14:12:36.214" level="INFO">${sec_num} = 1</msg>
<status status="PASS" starttime="20220620 14:12:36.214" endtime="20220620 14:12:36.214"/>
</kw>
<kw name="Mouse Over" library="SeleniumLibrary">
<arg>${NAVBAR_SECTION}\[${sec_num}\]</arg>
<doc>Simulates hovering the mouse over the element ``locator``.</doc>
<msg timestamp="20220620 14:12:36.214" level="INFO">Simulating Mouse Over on element 'xpath=//*[@id="navbar-menu"]/ul/li[1]'.</msg>
<status status="PASS" starttime="20220620 14:12:36.214" endtime="20220620 14:12:36.493"/>
</kw>
<kw name="Wait Until Element Is Visible" library="SeleniumLibrary">
<arg>${NAVBAR_SECTION}\[${sec_num}\]${DROPDOWN_ELEMENT}\[1]/a</arg>
<doc>Waits until the element ``locator`` is visible.</doc>
<status status="PASS" starttime="20220620 14:12:36.493" endtime="20220620 14:12:36.959"/>
</kw>
<status status="PASS" starttime="20220620 14:12:36.214" endtime="20220620 14:12:36.959"/>
</kw>
<kw name="Mouse Over &quot;Staj&quot; Section" library="Navbar">
<doc>[3] is a third section in navbar</doc>
<kw name="Set Variable" library="BuiltIn">
<var>${sec_num}</var>
<arg>${STAJ_SECTION_NUMBER}</arg>
<doc>Returns the given values which can then be assigned to a variables.</doc>
<msg timestamp="20220620 14:12:36.960" level="INFO">${sec_num} = 3</msg>
<status status="PASS" starttime="20220620 14:12:36.959" endtime="20220620 14:12:36.960"/>
</kw>
<kw name="Mouse Over" library="SeleniumLibrary">
<arg>${NAVBAR_SECTION}\[${sec_num}\]</arg>
<doc>Simulates hovering the mouse over the element ``locator``.</doc>
<msg timestamp="20220620 14:12:36.960" level="INFO">Simulating Mouse Over on element 'xpath=//*[@id="navbar-menu"]/ul/li[3]'.</msg>
<status status="PASS" starttime="20220620 14:12:36.960" endtime="20220620 14:12:37.243"/>
</kw>
<kw name="Wait Until Element Is Visible" library="SeleniumLibrary">
<arg>${NAVBAR_SECTION}\[${sec_num}\]${DROPDOWN_ELEMENT}\[1]/a</arg>
<doc>Waits until the element ``locator`` is visible.</doc>
<status status="PASS" starttime="20220620 14:12:37.243" endtime="20220620 14:12:37.264"/>
</kw>
<status status="PASS" starttime="20220620 14:12:36.959" endtime="20220620 14:12:37.264"/>
</kw>
<status status="PASS" starttime="20220620 14:12:36.213" endtime="20220620 14:12:37.264"/>
</kw>
<kw name="Click non dropdown sections" library="Kariyer.Baykartech.App">
<arg>${RUN_LANG}</arg>
<kw name="Click &quot;Açık Pozisyonlar&quot; Section" library="Navbar">
<doc>[2] is a second section in navbar</doc>
<kw name="Set Variable" library="BuiltIn">
<var>${sec_num}</var>
<arg>2</arg>
<doc>Returns the given values which can then be assigned to a variables.</doc>
<msg timestamp="20220620 14:12:37.265" level="INFO">${sec_num} = 2</msg>
<status status="PASS" starttime="20220620 14:12:37.265" endtime="20220620 14:12:37.265"/>
</kw>
<kw name="Click Link" library="SeleniumLibrary">
<arg>${NAVBAR_SECTION}\[${sec_num}\]/a</arg>
<doc>Clicks a link identified by ``locator``.</doc>
<msg timestamp="20220620 14:12:37.266" level="INFO">Clicking link 'xpath=//*[@id="navbar-menu"]/ul/li[2]/a'.</msg>
<status status="PASS" starttime="20220620 14:12:37.265" endtime="20220620 14:12:37.311"/>
</kw>
<status status="PASS" starttime="20220620 14:12:37.265" endtime="20220620 14:12:37.312"/>
</kw>
<kw name="Verify Section is Visible" library="Homepage">
<arg>${OPEN_POZ_SECTION}</arg>
<kw name="Wait Until Element Is Visible" library="SeleniumLibrary">
<arg>${SECTION_ELEMENT}</arg>
<doc>Waits until the element ``locator`` is visible.</doc>
<status status="PASS" starttime="20220620 14:12:37.312" endtime="20220620 14:12:37.330"/>
</kw>
<kw name="Element Should Be Visible" library="SeleniumLibrary">
<arg>${SECTION_ELEMENT}</arg>
<doc>Verifies that the element identified by ``locator`` is visible.</doc>
<msg timestamp="20220620 14:12:37.343" level="INFO">Element 'css=div[id='services']' is displayed.</msg>
<status status="PASS" starttime="20220620 14:12:37.330" endtime="20220620 14:12:37.343"/>
</kw>
<status status="PASS" starttime="20220620 14:12:37.312" endtime="20220620 14:12:37.343"/>
</kw>
<kw name="Click &quot;Baykarda Yaşam&quot; Section" library="Navbar">
<doc>[4] is a fourth section in navbar</doc>
<kw name="Set Variable" library="BuiltIn">
<var>${sec_num}</var>
<arg>4</arg>
<doc>Returns the given values which can then be assigned to a variables.</doc>
<msg timestamp="20220620 14:12:37.344" level="INFO">${sec_num} = 4</msg>
<status status="PASS" starttime="20220620 14:12:37.344" endtime="20220620 14:12:37.344"/>
</kw>
<kw name="Click Link" library="SeleniumLibrary">
<arg>${NAVBAR_SECTION}\[${sec_num}\]/a</arg>
<doc>Clicks a link identified by ``locator``.</doc>
<msg timestamp="20220620 14:12:37.344" level="INFO">Clicking link 'xpath=//*[@id="navbar-menu"]/ul/li[4]/a'.</msg>
<status status="PASS" starttime="20220620 14:12:37.344" endtime="20220620 14:12:37.381"/>
</kw>
<status status="PASS" starttime="20220620 14:12:37.343" endtime="20220620 14:12:37.381"/>
</kw>
<kw name="Verify Section is Visible" library="Homepage">
<arg>${BAYKAR_LIFE_SECTION}</arg>
<kw name="Wait Until Element Is Visible" library="SeleniumLibrary">
<arg>${SECTION_ELEMENT}</arg>
<doc>Waits until the element ``locator`` is visible.</doc>
<status status="PASS" starttime="20220620 14:12:37.382" endtime="20220620 14:12:37.400"/>
</kw>
<kw name="Element Should Be Visible" library="SeleniumLibrary">
<arg>${SECTION_ELEMENT}</arg>
<doc>Verifies that the element identified by ``locator`` is visible.</doc>
<msg timestamp="20220620 14:12:37.414" level="INFO">Element 'css=div[id='portfolio']' is displayed.</msg>
<status status="PASS" starttime="20220620 14:12:37.401" endtime="20220620 14:12:37.414"/>
</kw>
<status status="PASS" starttime="20220620 14:12:37.382" endtime="20220620 14:12:37.414"/>
</kw>
<kw name="Click &quot;S.S.S&quot; Section" library="Navbar">
<doc>[5] is a fifth section in navbar</doc>
<kw name="Set Variable" library="BuiltIn">
<var>${sec_num}</var>
<arg>5</arg>
<doc>Returns the given values which can then be assigned to a variables.</doc>
<msg timestamp="20220620 14:12:37.415" level="INFO">${sec_num} = 5</msg>
<status status="PASS" starttime="20220620 14:12:37.414" endtime="20220620 14:12:37.415"/>
</kw>
<kw name="Click Link" library="SeleniumLibrary">
<arg>${NAVBAR_SECTION}\[${sec_num}\]/a</arg>
<doc>Clicks a link identified by ``locator``.</doc>
<msg timestamp="20220620 14:12:37.415" level="INFO">Clicking link 'xpath=//*[@id="navbar-menu"]/ul/li[5]/a'.</msg>
<status status="PASS" starttime="20220620 14:12:37.415" endtime="20220620 14:12:37.456"/>
</kw>
<status status="PASS" starttime="20220620 14:12:37.414" endtime="20220620 14:12:37.456"/>
</kw>
<kw name="Verify Section is Visible" library="Homepage">
<arg>${SSS_SECTION}</arg>
<kw name="Wait Until Element Is Visible" library="SeleniumLibrary">
<arg>${SECTION_ELEMENT}</arg>
<doc>Waits until the element ``locator`` is visible.</doc>
<status status="PASS" starttime="20220620 14:12:37.456" endtime="20220620 14:12:37.482"/>
</kw>
<kw name="Element Should Be Visible" library="SeleniumLibrary">
<arg>${SECTION_ELEMENT}</arg>
<doc>Verifies that the element identified by ``locator`` is visible.</doc>
<msg timestamp="20220620 14:12:37.495" level="INFO">Element 'css=div[id='sss']' is displayed.</msg>
<status status="PASS" starttime="20220620 14:12:37.482" endtime="20220620 14:12:37.495"/>
</kw>
<status status="PASS" starttime="20220620 14:12:37.456" endtime="20220620 14:12:37.495"/>
</kw>
<kw name="Click &quot;BAYKAR&quot; Section" library="Navbar">
<doc>[6] is a sixth section in navbar</doc>
<kw name="Set Variable" library="BuiltIn">
<var>${sec_num}</var>
<arg>6</arg>
<doc>Returns the given values which can then be assigned to a variables.</doc>
<msg timestamp="20220620 14:12:37.496" level="INFO">${sec_num} = 6</msg>
<status status="PASS" starttime="20220620 14:12:37.496" endtime="20220620 14:12:37.496"/>
</kw>
<kw name="Click Link" library="SeleniumLibrary">
<arg>${NAVBAR_SECTION}\[${sec_num}\]/a</arg>
<doc>Clicks a link identified by ``locator``.</doc>
<msg timestamp="20220620 14:12:37.496" level="INFO">Clicking link 'xpath=//*[@id="navbar-menu"]/ul/li[6]/a'.</msg>
<status status="PASS" starttime="20220620 14:12:37.496" endtime="20220620 14:12:37.559"/>
</kw>
<kw name="Get Window Handles" library="SeleniumLibrary">
<var>${handle}</var>
<doc>Returns all child window handles of the selected browser as a list.</doc>
<msg timestamp="20220620 14:12:37.563" level="INFO">${handle} = ['CDwindow-353DDA33FB520637D7C9BE1CD236E632', 'CDwindow-E1C0F69CA4ECF4740FD0BC550E7DC724']</msg>
<status status="PASS" starttime="20220620 14:12:37.560" endtime="20220620 14:12:37.563"/>
</kw>
<kw name="Switch Window" library="SeleniumLibrary">
<arg>${handle}[1]</arg>
<doc>Switches to browser window matching ``locator``.</doc>
<status status="PASS" starttime="20220620 14:12:37.563" endtime="20220620 14:12:37.726"/>
</kw>
<status status="PASS" starttime="20220620 14:12:37.495" endtime="20220620 14:12:37.726"/>
</kw>
<kw name="Verify &quot;baykartech.com&quot; opens" library="End-to-End">
<kw name="Get Window Handles" library="SeleniumLibrary">
<var>${handle}</var>
<doc>Returns all child window handles of the selected browser as a list.</doc>
<msg timestamp="20220620 14:12:37.730" level="INFO">${handle} = ['CDwindow-353DDA33FB520637D7C9BE1CD236E632', 'CDwindow-E1C0F69CA4ECF4740FD0BC550E7DC724']</msg>
<status status="PASS" starttime="20220620 14:12:37.726" endtime="20220620 14:12:37.730"/>
</kw>
<kw name="Wait Until Element Is Visible" library="SeleniumLibrary">
<arg>${BAYKAR_MAIN_LOGO}</arg>
<doc>Waits until the element ``locator`` is visible.</doc>
<status status="PASS" starttime="20220620 14:12:37.730" endtime="20220620 14:12:47.324"/>
</kw>
<kw name="Element Should Be Visible" library="SeleniumLibrary">
<arg>${BAYKAR_MAIN_LOGO}</arg>
<doc>Verifies that the element identified by ``locator`` is visible.</doc>
<msg timestamp="20220620 14:12:47.340" level="INFO">Element 'xpath=//img[@alt='https://cdn.baykartech.com/media/images/contents/logo.png']' is displayed.</msg>
<status status="PASS" starttime="20220620 14:12:47.325" endtime="20220620 14:12:47.340"/>
</kw>
<kw name="Switch Window" library="SeleniumLibrary">
<arg>${handle}[0]</arg>
<doc>Switches to browser window matching ``locator``.</doc>
<status status="PASS" starttime="20220620 14:12:47.340" endtime="20220620 14:12:47.358"/>
</kw>
<status status="PASS" starttime="20220620 14:12:37.726" endtime="20220620 14:12:47.358"/>
</kw>
<kw name="Change Language" library="Navbar">
<doc>Changes current language</doc>
<kw name="Click Link" library="SeleniumLibrary">
<arg>${NAVBAR_LANG_BUTTON}</arg>
<doc>Clicks a link identified by ``locator``.</doc>
<msg timestamp="20220620 14:12:47.359" level="INFO">Clicking link 'xpath=//li[@class='baykarLi']//a'.</msg>
<status status="PASS" starttime="20220620 14:12:47.359" endtime="20220620 14:12:48.478"/>
</kw>
<status status="PASS" starttime="20220620 14:12:47.358" endtime="20220620 14:12:48.478"/>
</kw>
<kw name="Run Keyword If" library="BuiltIn">
<arg>"${LANG}" == "tr"</arg>
<arg>Common.Verify Page Loaded</arg>
<arg>en</arg>
<arg>ELSE</arg>
<arg>Common.Verify Page Loaded</arg>
<arg>tr</arg>
<doc>Runs the given keyword with the given arguments, if ``condition`` is true.</doc>
<kw name="Verify Page Loaded" library="Common">
<arg>en</arg>
<doc>Verify all pages successfully loaded</doc>
<kw name="Wait Until Element Is Visible" library="SeleniumLibrary">
<arg>${BAYKAR_LOGO_${LANG}}</arg>
<doc>Waits until the element ``locator`` is visible.</doc>
<status status="PASS" starttime="20220620 14:12:48.481" endtime="20220620 14:12:48.565"/>
</kw>
<status status="PASS" starttime="20220620 14:12:48.480" endtime="20220620 14:12:48.565"/>
</kw>
<status status="PASS" starttime="20220620 14:12:48.478" endtime="20220620 14:12:48.565"/>
</kw>
<kw name="Change Language" library="Navbar">
<doc>Changes current language</doc>
<kw name="Click Link" library="SeleniumLibrary">
<arg>${NAVBAR_LANG_BUTTON}</arg>
<doc>Clicks a link identified by ``locator``.</doc>
<msg timestamp="20220620 14:12:48.566" level="INFO">Clicking link 'xpath=//li[@class='baykarLi']//a'.</msg>
<status status="PASS" starttime="20220620 14:12:48.566" endtime="20220620 14:12:49.831"/>
</kw>
<status status="PASS" starttime="20220620 14:12:48.565" endtime="20220620 14:12:49.831"/>
</kw>
<kw name="Run Keyword If" library="BuiltIn">
<arg>"${LANG}" == "tr"</arg>
<arg>Common.Verify Page Loaded</arg>
<arg>tr</arg>
<arg>ELSE</arg>
<arg>Common.Verify Page Loaded</arg>
<arg>en</arg>
<doc>Runs the given keyword with the given arguments, if ``condition`` is true.</doc>
<kw name="Verify Page Loaded" library="Common">
<arg>tr</arg>
<doc>Verify all pages successfully loaded</doc>
<kw name="Wait Until Element Is Visible" library="SeleniumLibrary">
<arg>${BAYKAR_LOGO_${LANG}}</arg>
<doc>Waits until the element ``locator`` is visible.</doc>
<status status="PASS" starttime="20220620 14:12:49.832" endtime="20220620 14:12:49.953"/>
</kw>
<status status="PASS" starttime="20220620 14:12:49.832" endtime="20220620 14:12:49.953"/>
</kw>
<status status="PASS" starttime="20220620 14:12:49.832" endtime="20220620 14:12:49.953"/>
</kw>
<status status="PASS" starttime="20220620 14:12:37.264" endtime="20220620 14:12:49.953"/>
</kw>
<kw name="End Baykar Web Test" library="Common" type="TEARDOWN">
<kw name="Close Browser" library="SeleniumLibrary">
<doc>Closes the current browser.</doc>
<status status="PASS" starttime="20220620 14:12:49.954" endtime="20220620 14:12:52.113"/>
</kw>
<status status="PASS" starttime="20220620 14:12:49.954" endtime="20220620 14:12:52.113"/>
</kw>
<doc>All visitors should be able navigate navbar</doc>
<tag>Navbar Common</tag>
<tag>Smoke</tag>
<status status="PASS" starttime="20220620 14:12:29.941" endtime="20220620 14:12:52.113"/>
</test>
<test id="s1-s1-t3" name="Visitor should be able click and see all &quot;Kariyer&quot; section pages" line="30">
<kw name="Start Baykar Web Test" library="Common" type="SETUP">
<arg>${BROWSER}</arg>
<kw name="Open Browser" library="SeleniumLibrary">
<arg>about:blank</arg>
<arg>${BROWSER}</arg>
<doc>Opens a new browser instance to the optional ``url``.</doc>
<msg timestamp="20220620 14:12:52.116" level="INFO">Opening browser 'chrome' to base url 'about:blank'.</msg>
<status status="PASS" starttime="20220620 14:12:52.116" endtime="20220620 14:12:53.165"/>
</kw>
<kw name="Maximize Browser Window" library="SeleniumLibrary">
<doc>Maximizes current browser window.</doc>
<status status="PASS" starttime="20220620 14:12:53.165" endtime="20220620 14:12:53.280"/>
</kw>
<status status="PASS" starttime="20220620 14:12:52.115" endtime="20220620 14:12:53.280"/>
</kw>
<kw name="Open Website" library="Common">
<arg>${SITE_URL}${RUN_LANG}</arg>
<kw name="Go To" library="SeleniumLibrary">
<arg>${SITE_URL}</arg>
<doc>Navigates the current browser window to the provided ``url``.</doc>
<msg timestamp="20220620 14:12:53.281" level="INFO">Opening url 'https://kariyer.baykartech.com/tr'</msg>
<status status="PASS" starttime="20220620 14:12:53.281" endtime="20220620 14:12:57.826"/>
</kw>
<status status="PASS" starttime="20220620 14:12:53.280" endtime="20220620 14:12:57.826"/>
</kw>
<kw name="Verify Page Loaded" library="Common">
<arg>${RUN_LANG}</arg>
<doc>Verify all pages successfully loaded</doc>
<kw name="Wait Until Element Is Visible" library="SeleniumLibrary">
<arg>${BAYKAR_LOGO_${LANG}}</arg>
<doc>Waits until the element ``locator`` is visible.</doc>
<status status="PASS" starttime="20220620 14:12:57.827" endtime="20220620 14:12:57.847"/>
</kw>
<status status="PASS" starttime="20220620 14:12:57.827" endtime="20220620 14:12:57.848"/>
</kw>
<kw name="Click &quot;Kariyer&quot; Section Dropdowns and Check Page" library="Kariyer.Baykartech.App">
<kw name="Click &quot;Yerleşkelerimiz&quot; Dropdown" library="Navbar">
<doc>Clicks Yerleşkelerimiz dropdown in Kariyer section</doc>
<kw name="Set Variable" library="BuiltIn">
<var>${sec_num}</var>
<arg>${KARIYER_SECTION_NUMBER}</arg>
<doc>Returns the given values which can then be assigned to a variables.</doc>
<msg timestamp="20220620 14:12:57.849" level="INFO">${sec_num} = 1</msg>
<status status="PASS" starttime="20220620 14:12:57.849" endtime="20220620 14:12:57.849"/>
</kw>
<kw name="Run Keyword" library="BuiltIn">
<arg>Mouse Over "Kariyer" Section</arg>
<doc>Executes the given keyword with the given arguments.</doc>
<kw name="Mouse Over &quot;Kariyer&quot; Section" library="Navbar">
<doc>[1] is a first section in navbar</doc>
<kw name="Set Variable" library="BuiltIn">
<var>${sec_num}</var>
<arg>${KARIYER_SECTION_NUMBER}</arg>
<doc>Returns the given values which can then be assigned to a variables.</doc>
<msg timestamp="20220620 14:12:57.850" level="INFO">${sec_num} = 1</msg>
<status status="PASS" starttime="20220620 14:12:57.849" endtime="20220620 14:12:57.850"/>
</kw>
<kw name="Mouse Over" library="SeleniumLibrary">
<arg>${NAVBAR_SECTION}\[${sec_num}\]</arg>
<doc>Simulates hovering the mouse over the element ``locator``.</doc>
<msg timestamp="20220620 14:12:57.851" level="INFO">Simulating Mouse Over on element 'xpath=//*[@id="navbar-menu"]/ul/li[1]'.</msg>
<status status="PASS" starttime="20220620 14:12:57.850" endtime="20220620 14:12:58.133"/>
</kw>
<kw name="Wait Until Element Is Visible" library="SeleniumLibrary">
<arg>${NAVBAR_SECTION}\[${sec_num}\]${DROPDOWN_ELEMENT}\[1]/a</arg>
<doc>Waits until the element ``locator`` is visible.</doc>
<status status="PASS" starttime="20220620 14:12:58.133" endtime="20220620 14:12:58.603"/>
</kw>
<status status="PASS" starttime="20220620 14:12:57.849" endtime="20220620 14:12:58.603"/>
</kw>
<status status="PASS" starttime="20220620 14:12:57.849" endtime="20220620 14:12:58.603"/>
</kw>
<kw name="Click Link" library="SeleniumLibrary">
<arg>${NAVBAR_SECTION}\[${sec_num}\]${DROPDOWN_ELEMENT}\[1]/a</arg>
<doc>Clicks a link identified by ``locator``.</doc>
<msg timestamp="20220620 14:12:58.604" level="INFO">Clicking link 'xpath=//*[@id="navbar-menu"]/ul/li[1]/ul/li[1]/a'.</msg>
<status status="PASS" starttime="20220620 14:12:58.603" endtime="20220620 14:13:05.822"/>
</kw>
<status status="PASS" starttime="20220620 14:12:57.848" endtime="20220620 14:13:05.822"/>
</kw>
<kw name="Verify &quot;Yerleşkelerimiz&quot; in show" library="Kariyer">
<kw name="Wait Until Element Is Visible" library="SeleniumLibrary">
<arg>${YERLESKELER_VERIFY_ELEMENT}</arg>
<doc>Waits until the element ``locator`` is visible.</doc>
<status status="PASS" starttime="20220620 14:13:05.822" endtime="20220620 14:13:05.839"/>
</kw>
<kw name="Page Should Contain Element" library="SeleniumLibrary">
<arg>${YERLESKELER_VERIFY_ELEMENT}</arg>
<doc>Verifies that element ``locator`` is found on the current page.</doc>
<msg timestamp="20220620 14:13:05.845" level="INFO">Current page contains element 'xpath=//ul[@class='nav nav-pills']//a[@href='#campus1']'.</msg>
<status status="PASS" starttime="20220620 14:13:05.839" endtime="20220620 14:13:05.845"/>
</kw>
<status status="PASS" starttime="20220620 14:13:05.822" endtime="20220620 14:13:05.845"/>
</kw>
<kw name="Click &quot;Sunduğumuz Faydalar&quot; Dropdown" library="Navbar">
<doc>Clicks Sunduğumuz Faydalar dropdown in Kariyer section</doc>
<kw name="Set Variable" library="BuiltIn">
<var>${sec_num}</var>
<arg>${KARIYER_SECTION_NUMBER}</arg>
<doc>Returns the given values which can then be assigned to a variables.</doc>
<msg timestamp="20220620 14:13:05.846" level="INFO">${sec_num} = 1</msg>
<status status="PASS" starttime="20220620 14:13:05.845" endtime="20220620 14:13:05.846"/>
</kw>
<kw name="Run Keyword" library="BuiltIn">
<arg>Mouse Over "Kariyer" Section</arg>
<doc>Executes the given keyword with the given arguments.</doc>
<kw name="Mouse Over &quot;Kariyer&quot; Section" library="Navbar">
<doc>[1] is a first section in navbar</doc>
<kw name="Set Variable" library="BuiltIn">
<var>${sec_num}</var>
<arg>${KARIYER_SECTION_NUMBER}</arg>
<doc>Returns the given values which can then be assigned to a variables.</doc>
<msg timestamp="20220620 14:13:05.846" level="INFO">${sec_num} = 1</msg>
<status status="PASS" starttime="20220620 14:13:05.846" endtime="20220620 14:13:05.846"/>
</kw>
<kw name="Mouse Over" library="SeleniumLibrary">
<arg>${NAVBAR_SECTION}\[${sec_num}\]</arg>
<doc>Simulates hovering the mouse over the element ``locator``.</doc>
<msg timestamp="20220620 14:13:05.847" level="INFO">Simulating Mouse Over on element 'xpath=//*[@id="navbar-menu"]/ul/li[1]'.</msg>
<status status="PASS" starttime="20220620 14:13:05.847" endtime="20220620 14:13:06.123"/>
</kw>
<kw name="Wait Until Element Is Visible" library="SeleniumLibrary">
<arg>${NAVBAR_SECTION}\[${sec_num}\]${DROPDOWN_ELEMENT}\[1]/a</arg>
<doc>Waits until the element ``locator`` is visible.</doc>
<status status="PASS" starttime="20220620 14:13:06.124" endtime="20220620 14:13:06.138"/>
</kw>
<status status="PASS" starttime="20220620 14:13:05.846" endtime="20220620 14:13:06.138"/>
</kw>
<status status="PASS" starttime="20220620 14:13:05.846" endtime="20220620 14:13:06.138"/>
</kw>
<kw name="Click Link" library="SeleniumLibrary">
<arg>${NAVBAR_SECTION}\[${sec_num}\]${DROPDOWN_ELEMENT}\[2]/a</arg>
<doc>Clicks a link identified by ``locator``.</doc>
<msg timestamp="20220620 14:13:06.140" level="INFO">Clicking link 'xpath=//*[@id="navbar-menu"]/ul/li[1]/ul/li[2]/a'.</msg>
<status status="PASS" starttime="20220620 14:13:06.138" endtime="20220620 14:13:06.179"/>
</kw>
<status status="PASS" starttime="20220620 14:13:05.845" endtime="20220620 14:13:06.179"/>
</kw>
<kw name="Verify &quot;Sosyal Alanlar&quot; in show" library="Kariyer">
<kw name="Wait Until Element Is Visible" library="SeleniumLibrary">
<arg>${ALANLAR_VERIFY_ELEMENT}</arg>
<doc>Waits until the element ``locator`` is visible.</doc>
<status status="PASS" starttime="20220620 14:13:06.180" endtime="20220620 14:13:06.197"/>
</kw>
<kw name="Page Should Contain Element" library="SeleniumLibrary">
<arg>${ALANLAR_VERIFY_ELEMENT}</arg>
<doc>Verifies that element ``locator`` is found on the current page.</doc>
<msg timestamp="20220620 14:13:06.204" level="INFO">Current page contains element 'xpath=//div[@id='life_in_baykar']'.</msg>
<status status="PASS" starttime="20220620 14:13:06.198" endtime="20220620 14:13:06.204"/>
</kw>
<status status="PASS" starttime="20220620 14:13:06.179" endtime="20220620 14:13:06.205"/>
</kw>
<kw name="Click &quot;Sosyal Alanlar&quot; Dropdown" library="Navbar">
<doc>Clicks Sosyal Alanlar dropdown in Kariyer section</doc>
<kw name="Set Variable" library="BuiltIn">
<var>${sec_num}</var>
<arg>${KARIYER_SECTION_NUMBER}</arg>
<doc>Returns the given values which can then be assigned to a variables.</doc>
<msg timestamp="20220620 14:13:06.205" level="INFO">${sec_num} = 1</msg>
<status status="PASS" starttime="20220620 14:13:06.205" endtime="20220620 14:13:06.205"/>
</kw>
<kw name="Run Keyword" library="BuiltIn">
<arg>Mouse Over "Kariyer" Section</arg>
<doc>Executes the given keyword with the given arguments.</doc>
<kw name="Mouse Over &quot;Kariyer&quot; Section" library="Navbar">
<doc>[1] is a first section in navbar</doc>
<kw name="Set Variable" library="BuiltIn">
<var>${sec_num}</var>
<arg>${KARIYER_SECTION_NUMBER}</arg>
<doc>Returns the given values which can then be assigned to a variables.</doc>
<msg timestamp="20220620 14:13:06.206" level="INFO">${sec_num} = 1</msg>
<status status="PASS" starttime="20220620 14:13:06.206" endtime="20220620 14:13:06.206"/>
</kw>
<kw name="Mouse Over" library="SeleniumLibrary">
<arg>${NAVBAR_SECTION}\[${sec_num}\]</arg>
<doc>Simulates hovering the mouse over the element ``locator``.</doc>
<msg timestamp="20220620 14:13:06.206" level="INFO">Simulating Mouse Over on element 'xpath=//*[@id="navbar-menu"]/ul/li[1]'.</msg>
<status status="PASS" starttime="20220620 14:13:06.206" endtime="20220620 14:13:06.480"/>
</kw>
<kw name="Wait Until Element Is Visible" library="SeleniumLibrary">
<arg>${NAVBAR_SECTION}\[${sec_num}\]${DROPDOWN_ELEMENT}\[1]/a</arg>
<doc>Waits until the element ``locator`` is visible.</doc>
<status status="PASS" starttime="20220620 14:13:06.480" endtime="20220620 14:13:06.494"/>
</kw>
<status status="PASS" starttime="20220620 14:13:06.205" endtime="20220620 14:13:06.494"/>
</kw>
<status status="PASS" starttime="20220620 14:13:06.205" endtime="20220620 14:13:06.494"/>
</kw>
<kw name="Click Link" library="SeleniumLibrary">
<arg>${NAVBAR_SECTION}\[${sec_num}\]${DROPDOWN_ELEMENT}\[3]/a</arg>
<doc>Clicks a link identified by ``locator``.</doc>
<msg timestamp="20220620 14:13:06.495" level="INFO">Clicking link 'xpath=//*[@id="navbar-menu"]/ul/li[1]/ul/li[3]/a'.</msg>
<status status="PASS" starttime="20220620 14:13:06.494" endtime="20220620 14:13:06.535"/>
</kw>
<status status="PASS" starttime="20220620 14:13:06.205" endtime="20220620 14:13:06.536"/>
</kw>
<kw name="Verify &quot;Sosyal Alanlar&quot; in show" library="Kariyer">
<kw name="Wait Until Element Is Visible" library="SeleniumLibrary">
<arg>${ALANLAR_VERIFY_ELEMENT}</arg>
<doc>Waits until the element ``locator`` is visible.</doc>
<status status="PASS" starttime="20220620 14:13:06.536" endtime="20220620 14:13:06.549"/>
</kw>
<kw name="Page Should Contain Element" library="SeleniumLibrary">
<arg>${ALANLAR_VERIFY_ELEMENT}</arg>
<doc>Verifies that element ``locator`` is found on the current page.</doc>
<msg timestamp="20220620 14:13:06.555" level="INFO">Current page contains element 'xpath=//div[@id='life_in_baykar']'.</msg>
<status status="PASS" starttime="20220620 14:13:06.549" endtime="20220620 14:13:06.555"/>
</kw>
<status status="PASS" starttime="20220620 14:13:06.536" endtime="20220620 14:13:06.555"/>
</kw>
<kw name="Click &quot;İstatistik&quot; Dropdown" library="Navbar">
<doc>Clicks İstatistik dropdown in Kariyer section</doc>
<kw name="Set Variable" library="BuiltIn">
<var>${sec_num}</var>
<arg>${KARIYER_SECTION_NUMBER}</arg>
<doc>Returns the given values which can then be assigned to a variables.</doc>
<msg timestamp="20220620 14:13:06.556" level="INFO">${sec_num} = 1</msg>
<status status="PASS" starttime="20220620 14:13:06.556" endtime="20220620 14:13:06.556"/>
</kw>
<kw name="Run Keyword" library="BuiltIn">
<arg>Mouse Over "Kariyer" Section</arg>
<doc>Executes the given keyword with the given arguments.</doc>
<kw name="Mouse Over &quot;Kariyer&quot; Section" library="Navbar">
<doc>[1] is a first section in navbar</doc>
<kw name="Set Variable" library="BuiltIn">
<var>${sec_num}</var>
<arg>${KARIYER_SECTION_NUMBER}</arg>
<doc>Returns the given values which can then be assigned to a variables.</doc>
<msg timestamp="20220620 14:13:06.557" level="INFO">${sec_num} = 1</msg>
<status status="PASS" starttime="20220620 14:13:06.557" endtime="20220620 14:13:06.557"/>
</kw>
<kw name="Mouse Over" library="SeleniumLibrary">
<arg>${NAVBAR_SECTION}\[${sec_num}\]</arg>
<doc>Simulates hovering the mouse over the element ``locator``.</doc>
<msg timestamp="20220620 14:13:06.557" level="INFO">Simulating Mouse Over on element 'xpath=//*[@id="navbar-menu"]/ul/li[1]'.</msg>
<status status="PASS" starttime="20220620 14:13:06.557" endtime="20220620 14:13:06.839"/>
</kw>
<kw name="Wait Until Element Is Visible" library="SeleniumLibrary">
<arg>${NAVBAR_SECTION}\[${sec_num}\]${DROPDOWN_ELEMENT}\[1]/a</arg>
<doc>Waits until the element ``locator`` is visible.</doc>
<status status="PASS" starttime="20220620 14:13:06.839" endtime="20220620 14:13:06.852"/>
</kw>
<status status="PASS" starttime="20220620 14:13:06.556" endtime="20220620 14:13:06.853"/>
</kw>
<status status="PASS" starttime="20220620 14:13:06.556" endtime="20220620 14:13:06.853"/>
</kw>
<kw name="Click Link" library="SeleniumLibrary">
<arg>${NAVBAR_SECTION}\[${sec_num}\]${DROPDOWN_ELEMENT}\[4]/a</arg>
<doc>Clicks a link identified by ``locator``.</doc>
<msg timestamp="20220620 14:13:06.853" level="INFO">Clicking link 'xpath=//*[@id="navbar-menu"]/ul/li[1]/ul/li[4]/a'.</msg>
<status status="PASS" starttime="20220620 14:13:06.853" endtime="20220620 14:13:06.894"/>
</kw>
<status status="PASS" starttime="20220620 14:13:06.555" endtime="20220620 14:13:06.894"/>
</kw>
<kw name="Verify &quot;İstatistik&quot; in show" library="Kariyer">
<kw name="Wait Until Element Is Visible" library="SeleniumLibrary">
<arg>${ISTATISTIKLER_VERIFY_ELEMENT}</arg>
<doc>Waits until the element ``locator`` is visible.</doc>
<status status="PASS" starttime="20220620 14:13:06.894" endtime="20220620 14:13:06.912"/>
</kw>
<kw name="Page Should Contain Element" library="SeleniumLibrary">
<arg>${ISTATISTIKLER_VERIFY_ELEMENT}</arg>
<doc>Verifies that element ``locator`` is found on the current page.</doc>
<msg timestamp="20220620 14:13:06.919" level="INFO">Current page contains element 'xpath=//div[@id='personal_data']'.</msg>
<status status="PASS" starttime="20220620 14:13:06.912" endtime="20220620 14:13:06.919"/>
</kw>
<status status="PASS" starttime="20220620 14:13:06.894" endtime="20220620 14:13:06.919"/>
</kw>
<status status="PASS" starttime="20220620 14:12:57.848" endtime="20220620 14:13:06.919"/>
</kw>
<kw name="Navigate &quot;Benefits&quot; Panels" library="Kariyer.Baykartech.App">
<arg>${RUN_LANG}</arg>
<kw name="Click and Check &quot;Benefits&quot; panel in loop" library="Kariyer">
<arg>${LANG}</arg>
<if>
<branch type="IF" condition="&quot;${LANG}&quot; == &quot;tr&quot;">
<kw name="Get Length" library="BuiltIn">
<var>${list_len}</var>
<arg>${BENEFITS_LIST_TR}</arg>
<doc>Returns and logs the length of the given item as an integer.</doc>
<msg timestamp="20220620 14:13:06.921" level="INFO">Length is 5</msg>
<msg timestamp="20220620 14:13:06.921" level="INFO">${list_len} = 5</msg>
<status status="PASS" starttime="20220620 14:13:06.921" endtime="20220620 14:13:06.921"/>
</kw>
<status status="PASS" starttime="20220620 14:13:06.921" endtime="20220620 14:13:06.921"/>
</branch>
<branch type="ELSE IF" condition="&quot;${LANG}&quot; == &quot;en&quot;">
<kw name="Get Length" library="BuiltIn">
<var>${list_len}</var>
<arg>${BENEFITS_LIST_EN}</arg>
<doc>Returns and logs the length of the given item as an integer.</doc>
<status status="NOT RUN" starttime="20220620 14:13:06.921" endtime="20220620 14:13:06.921"/>
</kw>
<status status="NOT RUN" starttime="20220620 14:13:06.921" endtime="20220620 14:13:06.921"/>
</branch>
<status status="PASS" starttime="20220620 14:13:06.921" endtime="20220620 14:13:06.921"/>
</if>
<kw name="Create A List By Number" library="CreateList">
<var>${listed_len}</var>
<arg>${list_len}</arg>
<msg timestamp="20220620 14:13:06.921" level="INFO">${listed_len} = [1, 2, 3, 4]</msg>
<status status="PASS" starttime="20220620 14:13:06.921" endtime="20220620 14:13:06.921"/>
</kw>
<kw name="Scroll Element Into View" library="SeleniumLibrary">
<arg>${BENEFITS_LIST_XPATH}</arg>
<doc>Scrolls the element identified by ``locator`` into view.</doc>
<status status="PASS" starttime="20220620 14:13:06.922" endtime="20220620 14:13:07.194"/>
</kw>
<kw name="Wait Until Element Is Visible" library="SeleniumLibrary">
<arg>${BENEFITS_LIST_XPATH}</arg>
<doc>Waits until the element ``locator`` is visible.</doc>
<status status="PASS" starttime="20220620 14:13:07.194" endtime="20220620 14:13:07.212"/>
</kw>
<for flavor="IN ZIP">
<var>${BENEFIT_TR}</var>
<var>${BENEFIT_EN}</var>
<var>${i}</var>
<value>${BENEFITS_LIST_TR}</value>
<value>${BENEFITS_LIST_EN}</value>
<value>${listed_len}</value>
<iter>
<var name="${BENEFIT_TR}">h4[.='EĞİTİM']</var>
<var name="${BENEFIT_EN}">h4[.='EDUCATION']</var>
<var name="${i}">1</var>
<kw name="Click Element" library="SeleniumLibrary">
<arg>${BENEFITS_LIST_XPATH}\//li[${i}\]</arg>
<doc>Click the element identified by ``locator``.</doc>
<msg timestamp="20220620 14:13:07.213" level="INFO">Clicking element 'xpath=//div[@id='benefits']//ul[@class='nav nav-pills w-100 d-flex justify-content-center']//li[1]'.</msg>
<status status="PASS" starttime="20220620 14:13:07.212" endtime="20220620 14:13:07.257"/>
</kw>
<kw name="Sleep" library="BuiltIn">
<arg>0.5s</arg>
<doc>Pauses the test executed for the given time.</doc>
<msg timestamp="20220620 14:13:07.768" level="INFO">Slept 500 milliseconds</msg>
<status status="PASS" starttime="20220620 14:13:07.257" endtime="20220620 14:13:07.768"/>
</kw>
<status status="PASS" starttime="20220620 14:13:07.212" endtime="20220620 14:13:07.768"/>
</iter>
<iter>
<var name="${BENEFIT_TR}">h4[.='SERVİS HİZMETİ']</var>
<var name="${BENEFIT_EN}">h4[.='SHUTTLE SERVICE']</var>
<var name="${i}">2</var>
<kw name="Click Element" library="SeleniumLibrary">
<arg>${BENEFITS_LIST_XPATH}\//li[${i}\]</arg>
<doc>Click the element identified by ``locator``.</doc>
<msg timestamp="20220620 14:13:07.769" level="INFO">Clicking element 'xpath=//div[@id='benefits']//ul[@class='nav nav-pills w-100 d-flex justify-content-center']//li[2]'.</msg>
<status status="PASS" starttime="20220620 14:13:07.768" endtime="20220620 14:13:07.816"/>
</kw>
<kw name="Sleep" library="BuiltIn">
<arg>0.5s</arg>
<doc>Pauses the test executed for the given time.</doc>
<msg timestamp="20220620 14:13:08.329" level="INFO">Slept 500 milliseconds</msg>
<status status="PASS" starttime="20220620 14:13:07.816" endtime="20220620 14:13:08.329"/>
</kw>
<status status="PASS" starttime="20220620 14:13:07.768" endtime="20220620 14:13:08.329"/>
</iter>
<iter>
<var name="${BENEFIT_TR}">h4[.='SOSYAL YAŞAM']</var>
<var name="${BENEFIT_EN}">h4[.='SOCIAL LIFE']</var>
<var name="${i}">3</var>
<kw name="Click Element" library="SeleniumLibrary">
<arg>${BENEFITS_LIST_XPATH}\//li[${i}\]</arg>
<doc>Click the element identified by ``locator``.</doc>
<msg timestamp="20220620 14:13:08.330" level="INFO">Clicking element 'xpath=//div[@id='benefits']//ul[@class='nav nav-pills w-100 d-flex justify-content-center']//li[3]'.</msg>
<status status="PASS" starttime="20220620 14:13:08.329" endtime="20220620 14:13:08.374"/>
</kw>
<kw name="Sleep" library="BuiltIn">
<arg>0.5s</arg>
<doc>Pauses the test executed for the given time.</doc>
<msg timestamp="20220620 14:13:08.889" level="INFO">Slept 500 milliseconds</msg>
<status status="PASS" starttime="20220620 14:13:08.374" endtime="20220620 14:13:08.889"/>
</kw>
<status status="PASS" starttime="20220620 14:13:08.329" endtime="20220620 14:13:08.889"/>
</iter>
<iter>
<var name="${BENEFIT_TR}">h4[.='SAĞLIK']</var>
<var name="${BENEFIT_EN}">h4[.='HEALTH']</var>
<var name="${i}">4</var>
<kw name="Click Element" library="SeleniumLibrary">
<arg>${BENEFITS_LIST_XPATH}\//li[${i}\]</arg>
<doc>Click the element identified by ``locator``.</doc>
<msg timestamp="20220620 14:13:08.890" level="INFO">Clicking element 'xpath=//div[@id='benefits']//ul[@class='nav nav-pills w-100 d-flex justify-content-center']//li[4]'.</msg>
<status status="PASS" starttime="20220620 14:13:08.889" endtime="20220620 14:13:08.928"/>
</kw>
<kw name="Sleep" library="BuiltIn">
<arg>0.5s</arg>
<doc>Pauses the test executed for the given time.</doc>
<msg timestamp="20220620 14:13:09.433" level="INFO">Slept 500 milliseconds</msg>
<status status="PASS" starttime="20220620 14:13:08.928" endtime="20220620 14:13:09.433"/>
</kw>
<status status="PASS" starttime="20220620 14:13:08.889" endtime="20220620 14:13:09.433"/>
</iter>
<status status="PASS" starttime="20220620 14:13:07.212" endtime="20220620 14:13:09.433"/>
</for>
<status status="PASS" starttime="20220620 14:13:06.920" endtime="20220620 14:13:09.433"/>
</kw>
<status status="PASS" starttime="20220620 14:13:06.920" endtime="20220620 14:13:09.434"/>
</kw>
<kw name="End Baykar Web Test" library="Common" type="TEARDOWN">
<kw name="Close Browser" library="SeleniumLibrary">
<doc>Closes the current browser.</doc>
<status status="PASS" starttime="20220620 14:13:09.434" endtime="20220620 14:13:11.560"/>
</kw>
<status status="PASS" starttime="20220620 14:13:09.434" endtime="20220620 14:13:11.560"/>
</kw>
<doc>All visitors should be able click and see kariyer pages</doc>
<tag>Navbar Career</tag>
<tag>Smoke</tag>
<status status="PASS" starttime="20220620 14:12:52.115" endtime="20220620 14:13:11.561"/>
</test>
<test id="s1-s1-t4" name="Visitor should be able click and see all &quot;Staj&quot; section pages" line="38">
<kw name="Start Baykar Web Test" library="Common" type="SETUP">
<arg>${BROWSER}</arg>
<kw name="Open Browser" library="SeleniumLibrary">
<arg>about:blank</arg>
<arg>${BROWSER}</arg>
<doc>Opens a new browser instance to the optional ``url``.</doc>
<msg timestamp="20220620 14:13:11.563" level="INFO">Opening browser 'chrome' to base url 'about:blank'.</msg>
<status status="PASS" starttime="20220620 14:13:11.563" endtime="20220620 14:13:12.615"/>
</kw>
<kw name="Maximize Browser Window" library="SeleniumLibrary">
<doc>Maximizes current browser window.</doc>
<status status="PASS" starttime="20220620 14:13:12.616" endtime="20220620 14:13:12.733"/>
</kw>
<status status="PASS" starttime="20220620 14:13:11.562" endtime="20220620 14:13:12.733"/>
</kw>
<kw name="Open Website" library="Common">
<arg>${SITE_URL}${RUN_LANG}</arg>
<kw name="Go To" library="SeleniumLibrary">
<arg>${SITE_URL}</arg>
<doc>Navigates the current browser window to the provided ``url``.</doc>
<msg timestamp="20220620 14:13:12.735" level="INFO">Opening url 'https://kariyer.baykartech.com/tr'</msg>
<status status="PASS" starttime="20220620 14:13:12.735" endtime="20220620 14:13:17.290"/>
</kw>
<status status="PASS" starttime="20220620 14:13:12.733" endtime="20220620 14:13:17.290"/>
</kw>
<kw name="Verify Page Loaded" library="Common">
<arg>${RUN_LANG}</arg>
<doc>Verify all pages successfully loaded</doc>
<kw name="Wait Until Element Is Visible" library="SeleniumLibrary">
<arg>${BAYKAR_LOGO_${LANG}}</arg>
<doc>Waits until the element ``locator`` is visible.</doc>
<status status="PASS" starttime="20220620 14:13:17.291" endtime="20220620 14:13:17.312"/>
</kw>
<status status="PASS" starttime="20220620 14:13:17.290" endtime="20220620 14:13:17.312"/>
</kw>
<kw name="Click &quot;Staj&quot; Section Dropdowns and Check Page" library="Kariyer.Baykartech.App">
<kw name="Click &quot;Staj Dönemleri&quot; Dropdown" library="Navbar">
<doc>Clicks Staj Dönemleri dropdown in Staj section</doc>
<kw name="Set Variable" library="BuiltIn">
<var>${sec_num}</var>
<arg>${STAJ_SECTION_NUMBER}</arg>
<doc>Returns the given values which can then be assigned to a variables.</doc>
<msg timestamp="20220620 14:13:17.313" level="INFO">${sec_num} = 3</msg>
<status status="PASS" starttime="20220620 14:13:17.313" endtime="20220620 14:13:17.313"/>
</kw>
<kw name="Run Keyword" library="BuiltIn">
<arg>Mouse Over "Staj" Section</arg>
<doc>Executes the given keyword with the given arguments.</doc>
<kw name="Mouse Over &quot;Staj&quot; Section" library="Navbar">
<doc>[3] is a third section in navbar</doc>
<kw name="Set Variable" library="BuiltIn">
<var>${sec_num}</var>
<arg>${STAJ_SECTION_NUMBER}</arg>
<doc>Returns the given values which can then be assigned to a variables.</doc>
<msg timestamp="20220620 14:13:17.314" level="INFO">${sec_num} = 3</msg>
<status status="PASS" starttime="20220620 14:13:17.314" endtime="20220620 14:13:17.314"/>
</kw>
<kw name="Mouse Over" library="SeleniumLibrary">
<arg>${NAVBAR_SECTION}\[${sec_num}\]</arg>
<doc>Simulates hovering the mouse over the element ``locator``.</doc>
<msg timestamp="20220620 14:13:17.315" level="INFO">Simulating Mouse Over on element 'xpath=//*[@id="navbar-menu"]/ul/li[3]'.</msg>
<status status="PASS" starttime="20220620 14:13:17.314" endtime="20220620 14:13:17.591"/>
</kw>
<kw name="Wait Until Element Is Visible" library="SeleniumLibrary">
<arg>${NAVBAR_SECTION}\[${sec_num}\]${DROPDOWN_ELEMENT}\[1]/a</arg>
<doc>Waits until the element ``locator`` is visible.</doc>
<status status="PASS" starttime="20220620 14:13:17.591" endtime="20220620 14:13:18.052"/>
</kw>
<status status="PASS" starttime="20220620 14:13:17.314" endtime="20220620 14:13:18.052"/>
</kw>
<status status="PASS" starttime="20220620 14:13:17.313" endtime="20220620 14:13:18.052"/>
</kw>
<kw name="Click Link" library="SeleniumLibrary">
<arg>${NAVBAR_SECTION}\[${sec_num}\]${DROPDOWN_ELEMENT}\[1]/a</arg>
<doc>Clicks a link identified by ``locator``.</doc>
<msg timestamp="20220620 14:13:18.052" level="INFO">Clicking link 'xpath=//*[@id="navbar-menu"]/ul/li[3]/ul/li[1]/a'.</msg>
<status status="PASS" starttime="20220620 14:13:18.052" endtime="20220620 14:13:18.849"/>
</kw>
<status status="PASS" starttime="20220620 14:13:17.312" endtime="20220620 14:13:18.849"/>
</kw>
<kw name="Verify &quot;Staj Dönemleri&quot; in show" library="Staj">
<kw name="Wait Until Element Is Visible" library="SeleniumLibrary">
<arg>${DONEM_VERIFY_ELEMENT}</arg>
<doc>Waits until the element ``locator`` is visible.</doc>
<status status="PASS" starttime="20220620 14:13:18.850" endtime="20220620 14:13:18.898"/>
</kw>
<kw name="Page Should Contain Element" library="SeleniumLibrary">
<arg>${DONEM_VERIFY_ELEMENT}</arg>
<doc>Verifies that element ``locator`` is found on the current page.</doc>
<msg timestamp="20220620 14:13:18.911" level="INFO">Current page contains element 'xpath=//div[@id='seasons']'.</msg>
<status status="PASS" starttime="20220620 14:13:18.898" endtime="20220620 14:13:18.911"/>
</kw>
<status status="PASS" starttime="20220620 14:13:18.850" endtime="20220620 14:13:18.911"/>
</kw>
<kw name="Click &quot;Staj Takvimi&quot; Dropdown" library="Navbar">
<doc>Clicks Staj Takvimi dropdown in Staj section</doc>
<kw name="Set Variable" library="BuiltIn">
<var>${sec_num}</var>
<arg>${STAJ_SECTION_NUMBER}</arg>
<doc>Returns the given values which can then be assigned to a variables.</doc>
<msg timestamp="20220620 14:13:18.912" level="INFO">${sec_num} = 3</msg>
<status status="PASS" starttime="20220620 14:13:18.912" endtime="20220620 14:13:18.912"/>
</kw>
<kw name="Run Keyword" library="BuiltIn">
<arg>Mouse Over "Staj" Section</arg>
<doc>Executes the given keyword with the given arguments.</doc>
<kw name="Mouse Over &quot;Staj&quot; Section" library="Navbar">
<doc>[3] is a third section in navbar</doc>
<kw name="Set Variable" library="BuiltIn">
<var>${sec_num}</var>
<arg>${STAJ_SECTION_NUMBER}</arg>
<doc>Returns the given values which can then be assigned to a variables.</doc>
<msg timestamp="20220620 14:13:18.913" level="INFO">${sec_num} = 3</msg>
<status status="PASS" starttime="20220620 14:13:18.912" endtime="20220620 14:13:18.913"/>
</kw>
<kw name="Mouse Over" library="SeleniumLibrary">
<arg>${NAVBAR_SECTION}\[${sec_num}\]</arg>
<doc>Simulates hovering the mouse over the element ``locator``.</doc>
<msg timestamp="20220620 14:13:18.913" level="INFO">Simulating Mouse Over on element 'xpath=//*[@id="navbar-menu"]/ul/li[3]'.</msg>
<status status="PASS" starttime="20220620 14:13:18.913" endtime="20220620 14:13:19.201"/>
</kw>
<kw name="Wait Until Element Is Visible" library="SeleniumLibrary">
<arg>${NAVBAR_SECTION}\[${sec_num}\]${DROPDOWN_ELEMENT}\[1]/a</arg>
<doc>Waits until the element ``locator`` is visible.</doc>
<status status="PASS" starttime="20220620 14:13:19.201" endtime="20220620 14:13:19.220"/>
</kw>
<status status="PASS" starttime="20220620 14:13:18.912" endtime="20220620 14:13:19.220"/>
</kw>
<status status="PASS" starttime="20220620 14:13:18.912" endtime="20220620 14:13:19.220"/>
</kw>
<kw name="Click Link" library="SeleniumLibrary">
<arg>${NAVBAR_SECTION}\[${sec_num}\]${DROPDOWN_ELEMENT}\[2]/a</arg>
<doc>Clicks a link identified by ``locator``.</doc>
<msg timestamp="20220620 14:13:19.220" level="INFO">Clicking link 'xpath=//*[@id="navbar-menu"]/ul/li[3]/ul/li[2]/a'.</msg>
<status status="PASS" starttime="20220620 14:13:19.220" endtime="20220620 14:13:19.264"/>
</kw>
<status status="PASS" starttime="20220620 14:13:18.911" endtime="20220620 14:13:19.264"/>
</kw>
<kw name="Verify &quot;Staj Takvimi&quot; in show" library="Staj">
<kw name="Wait Until Element Is Visible" library="SeleniumLibrary">
<arg>${TAKVIM_VERIFY_ELEMENT}</arg>
<doc>Waits until the element ``locator`` is visible.</doc>
<status status="PASS" starttime="20220620 14:13:19.265" endtime="20220620 14:13:19.284"/>
</kw>
<kw name="Page Should Contain Element" library="SeleniumLibrary">
<arg>${TAKVIM_VERIFY_ELEMENT}</arg>
<doc>Verifies that element ``locator`` is found on the current page.</doc>
<msg timestamp="20220620 14:13:19.290" level="INFO">Current page contains element 'xpath=//div[@id='calendar']'.</msg>
<status status="PASS" starttime="20220620 14:13:19.284" endtime="20220620 14:13:19.290"/>
</kw>
<status status="PASS" starttime="20220620 14:13:19.264" endtime="20220620 14:13:19.290"/>
</kw>
<kw name="Click &quot;Staj SSS&quot; Dropdown" library="Navbar">
<doc>Clicks Staj SSS dropdown in Staj section</doc>
<kw name="Set Variable" library="BuiltIn">
<var>${sec_num}</var>
<arg>${STAJ_SECTION_NUMBER}</arg>
<doc>Returns the given values which can then be assigned to a variables.</doc>
<msg timestamp="20220620 14:13:19.291" level="INFO">${sec_num} = 3</msg>
<status status="PASS" starttime="20220620 14:13:19.291" endtime="20220620 14:13:19.291"/>
</kw>
<kw name="Run Keyword" library="BuiltIn">
<arg>Mouse Over "Staj" Section</arg>
<doc>Executes the given keyword with the given arguments.</doc>
<kw name="Mouse Over &quot;Staj&quot; Section" library="Navbar">
<doc>[3] is a third section in navbar</doc>
<kw name="Set Variable" library="BuiltIn">
<var>${sec_num}</var>
<arg>${STAJ_SECTION_NUMBER}</arg>
<doc>Returns the given values which can then be assigned to a variables.</doc>
<msg timestamp="20220620 14:13:19.292" level="INFO">${sec_num} = 3</msg>
<status status="PASS" starttime="20220620 14:13:19.291" endtime="20220620 14:13:19.292"/>
</kw>
<kw name="Mouse Over" library="SeleniumLibrary">
<arg>${NAVBAR_SECTION}\[${sec_num}\]</arg>
<doc>Simulates hovering the mouse over the element ``locator``.</doc>
<msg timestamp="20220620 14:13:19.292" level="INFO">Simulating Mouse Over on element 'xpath=//*[@id="navbar-menu"]/ul/li[3]'.</msg>
<status status="PASS" starttime="20220620 14:13:19.292" endtime="20220620 14:13:19.563"/>
</kw>
<kw name="Wait Until Element Is Visible" library="SeleniumLibrary">
<arg>${NAVBAR_SECTION}\[${sec_num}\]${DROPDOWN_ELEMENT}\[1]/a</arg>
<doc>Waits until the element ``locator`` is visible.</doc>
<status status="PASS" starttime="20220620 14:13:19.564" endtime="20220620 14:13:19.577"/>
</kw>
<status status="PASS" starttime="20220620 14:13:19.291" endtime="20220620 14:13:19.578"/>
</kw>
<status status="PASS" starttime="20220620 14:13:19.291" endtime="20220620 14:13:19.578"/>
</kw>
<kw name="Click Link" library="SeleniumLibrary">
<arg>${NAVBAR_SECTION}\[${sec_num}\]${DROPDOWN_ELEMENT}\[3]/a</arg>
<doc>Clicks a link identified by ``locator``.</doc>
<msg timestamp="20220620 14:13:19.578" level="INFO">Clicking link 'xpath=//*[@id="navbar-menu"]/ul/li[3]/ul/li[3]/a'.</msg>
<status status="PASS" starttime="20220620 14:13:19.578" endtime="20220620 14:13:19.618"/>
</kw>
<status status="PASS" starttime="20220620 14:13:19.291" endtime="20220620 14:13:19.618"/>
</kw>
<kw name="Verify &quot;Staj SSS&quot; in show" library="Staj">
<kw name="Wait Until Element Is Visible" library="SeleniumLibrary">
<arg>${SSS_VERIFY_ELEMENT}</arg>
<doc>Waits until the element ``locator`` is visible.</doc>
<status status="PASS" starttime="20220620 14:13:19.618" endtime="20220620 14:13:19.637"/>
</kw>
<kw name="Page Should Contain Element" library="SeleniumLibrary">
<arg>${SSS_VERIFY_ELEMENT}</arg>
<doc>Verifies that element ``locator`` is found on the current page.</doc>
<msg timestamp="20220620 14:13:19.644" level="INFO">Current page contains element 'xpath=//div[@id='faqs']/div[@id='sss']'.</msg>
<status status="PASS" starttime="20220620 14:13:19.637" endtime="20220620 14:13:19.644"/>
</kw>
<status status="PASS" starttime="20220620 14:13:19.618" endtime="20220620 14:13:19.644"/>
</kw>
<status status="PASS" starttime="20220620 14:13:17.312" endtime="20220620 14:13:19.644"/>
</kw>
<kw name="Check and click &quot;Staj Dönemleri&quot; section" library="Kariyer.Baykartech.App">
<arg>${RUN_LANG}</arg>
<kw name="Click &quot;Staj Dönemleri&quot; Dropdown" library="Navbar">
<doc>Clicks Staj Dönemleri dropdown in Staj section</doc>
<kw name="Set Variable" library="BuiltIn">
<var>${sec_num}</var>
<arg>${STAJ_SECTION_NUMBER}</arg>
<doc>Returns the given values which can then be assigned to a variables.</doc>
<msg timestamp="20220620 14:13:19.645" level="INFO">${sec_num} = 3</msg>
<status status="PASS" starttime="20220620 14:13:19.645" endtime="20220620 14:13:19.645"/>
</kw>
<kw name="Run Keyword" library="BuiltIn">
<arg>Mouse Over "Staj" Section</arg>
<doc>Executes the given keyword with the given arguments.</doc>
<kw name="Mouse Over &quot;Staj&quot; Section" library="Navbar">
<doc>[3] is a third section in navbar</doc>
<kw name="Set Variable" library="BuiltIn">
<var>${sec_num}</var>
<arg>${STAJ_SECTION_NUMBER}</arg>
<doc>Returns the given values which can then be assigned to a variables.</doc>
<msg timestamp="20220620 14:13:19.646" level="INFO">${sec_num} = 3</msg>
<status status="PASS" starttime="20220620 14:13:19.645" endtime="20220620 14:13:19.646"/>
</kw>
<kw name="Mouse Over" library="SeleniumLibrary">
<arg>${NAVBAR_SECTION}\[${sec_num}\]</arg>
<doc>Simulates hovering the mouse over the element ``locator``.</doc>
<msg timestamp="20220620 14:13:19.646" level="INFO">Simulating Mouse Over on element 'xpath=//*[@id="navbar-menu"]/ul/li[3]'.</msg>
<status status="PASS" starttime="20220620 14:13:19.646" endtime="20220620 14:13:19.921"/>
</kw>
<kw name="Wait Until Element Is Visible" library="SeleniumLibrary">
<arg>${NAVBAR_SECTION}\[${sec_num}\]${DROPDOWN_ELEMENT}\[1]/a</arg>
<doc>Waits until the element ``locator`` is visible.</doc>
<status status="PASS" starttime="20220620 14:13:19.921" endtime="20220620 14:13:19.936"/>
</kw>
<status status="PASS" starttime="20220620 14:13:19.645" endtime="20220620 14:13:19.936"/>
</kw>
<status status="PASS" starttime="20220620 14:13:19.645" endtime="20220620 14:13:19.936"/>
</kw>
<kw name="Click Link" library="SeleniumLibrary">
<arg>${NAVBAR_SECTION}\[${sec_num}\]${DROPDOWN_ELEMENT}\[1]/a</arg>
<doc>Clicks a link identified by ``locator``.</doc>
<msg timestamp="20220620 14:13:19.936" level="INFO">Clicking link 'xpath=//*[@id="navbar-menu"]/ul/li[3]/ul/li[1]/a'.</msg>
<status status="PASS" starttime="20220620 14:13:19.936" endtime="20220620 14:13:19.972"/>
</kw>
<status status="PASS" starttime="20220620 14:13:19.645" endtime="20220620 14:13:19.972"/>
</kw>
<kw name="Verify &quot;Staj Dönemleri&quot; in show" library="Staj">
<kw name="Wait Until Element Is Visible" library="SeleniumLibrary">
<arg>${DONEM_VERIFY_ELEMENT}</arg>
<doc>Waits until the element ``locator`` is visible.</doc>
<status status="PASS" starttime="20220620 14:13:19.973" endtime="20220620 14:13:19.986"/>
</kw>
<kw name="Page Should Contain Element" library="SeleniumLibrary">
<arg>${DONEM_VERIFY_ELEMENT}</arg>
<doc>Verifies that element ``locator`` is found on the current page.</doc>
<msg timestamp="20220620 14:13:19.992" level="INFO">Current page contains element 'xpath=//div[@id='seasons']'.</msg>
<status status="PASS" starttime="20220620 14:13:19.987" endtime="20220620 14:13:19.992"/>
</kw>
<status status="PASS" starttime="20220620 14:13:19.972" endtime="20220620 14:13:19.992"/>
</kw>
<kw name="Run Keyword And Continue On Failure" library="BuiltIn">
<arg>Staj.Check "Staj Dönemleri" Displays Correct Text by Language</arg>
<arg>${LANG}</arg>
<doc>Runs the keyword and continues execution even if a failure occurs.</doc>
<kw name="Check &quot;Staj Dönemleri&quot; Displays Correct Text by Language" library="Staj">
<arg>${LANG}</arg>
<kw name="Run Keyword If" library="BuiltIn">
<arg>"${LANG}" == "tr"</arg>
<arg>Element Text Should Be</arg>
<arg>${AUTUMN_TERM}</arg>
<arg>GÜZ DÖNEMİ</arg>
<arg>ELSE IF</arg>
<arg>"${LANG}" == "en"</arg>
<arg>Element Text Should Be</arg>
<arg>${AUTUMN_TERM}</arg>
<arg>AUTUMN PERIOD</arg>
<doc>Runs the given keyword with the given arguments, if ``condition`` is true.</doc>
<kw name="Element Text Should Be" library="SeleniumLibrary">
<arg>${AUTUMN_TERM}</arg>
<arg>GÜZ DÖNEMİ</arg>
<doc>Verifies that element ``locator`` contains exact the text ``expected``.</doc>
<msg timestamp="20220620 14:13:19.994" level="INFO">Verifying element 'xpath=//div[@class='owl-item active'][1]//div[@class='item']/a[contains(@href, '/application/open-positions-filter/')][1]' contains exact text 'GÜZ DÖNEMİ'.</msg>
<status status="PASS" starttime="20220620 14:13:19.994" endtime="20220620 14:13:20.013"/>
</kw>
<status status="PASS" starttime="20220620 14:13:19.994" endtime="20220620 14:13:20.013"/>
</kw>
<kw name="Run Keyword If" library="BuiltIn">
<arg>"${LANG}" == "tr"</arg>
<arg>Element Text Should Be</arg>
<arg>${SPRING_TERM}</arg>
<arg>BAHAR DÖNEMİ</arg>
<arg>ELSE IF</arg>
<arg>"${LANG}" == "en"</arg>
<arg>Element Text Should Be</arg>
<arg>${SPRING_TERM}</arg>
<arg>SPRING PERIOD</arg>
<doc>Runs the given keyword with the given arguments, if ``condition`` is true.</doc>
<kw name="Element Text Should Be" library="SeleniumLibrary">
<arg>${SPRING_TERM}</arg>
<arg>BAHAR DÖNEMİ</arg>
<doc>Verifies that element ``locator`` contains exact the text ``expected``.</doc>
<msg timestamp="20220620 14:13:20.014" level="INFO">Verifying element 'xpath=//div[@class='owl-item active'][2]//div[@class='item']/a[contains(@href, '/application/open-positions-filter/')][1]' contains exact text 'BAHAR DÖNEMİ'.</msg>
<status status="PASS" starttime="20220620 14:13:20.014" endtime="20220620 14:13:20.033"/>
</kw>
<status status="PASS" starttime="20220620 14:13:20.013" endtime="20220620 14:13:20.033"/>
</kw>
<kw name="Run Keyword If" library="BuiltIn">
<arg>"${LANG}" == "tr"</arg>
<arg>Element Text Should Be</arg>
<arg>${SUMMER_TERM}</arg>
<arg>YAZ DÖNEMİ</arg>
<arg>ELSE IF</arg>
<arg>"${LANG}" == "en"</arg>
<arg>Element Text Should Be</arg>
<arg>${SUMMER_TERM}</arg>
<arg>SUMMER PERIOD</arg>
<doc>Runs the given keyword with the given arguments, if ``condition`` is true.</doc>
<kw name="Element Text Should Be" library="SeleniumLibrary">
<arg>${SUMMER_TERM}</arg>
<arg>YAZ DÖNEMİ</arg>
<doc>Verifies that element ``locator`` contains exact the text ``expected``.</doc>
<msg timestamp="20220620 14:13:20.034" level="INFO">Verifying element 'xpath=//div[@class='owl-item active'][3]//div[@class='item']/a[contains(@href, '/application/open-positions-filter/')][1]' contains exact text 'YAZ DÖNEMİ'.</msg>
<status status="PASS" starttime="20220620 14:13:20.034" endtime="20220620 14:13:20.052"/>
</kw>
<status status="PASS" starttime="20220620 14:13:20.033" endtime="20220620 14:13:20.052"/>
</kw>
<status status="PASS" starttime="20220620 14:13:19.992" endtime="20220620 14:13:20.052"/>
</kw>
<status status="PASS" starttime="20220620 14:13:19.992" endtime="20220620 14:13:20.052"/>
</kw>
<kw name="Click &quot;Güz Dönemi&quot; Link" library="Staj">
<kw name="Click Link" library="SeleniumLibrary">
<arg>${AUTUMN_TERM}</arg>
<doc>Clicks a link identified by ``locator``.</doc>
<msg timestamp="20220620 14:13:20.052" level="INFO">Clicking link 'xpath=//div[@class='owl-item active'][1]//div[@class='item']/a[contains(@href, '/application/open-positions-filter/')][1]'.</msg>
<status status="PASS" starttime="20220620 14:13:20.052" endtime="20220620 14:13:20.733"/>
</kw>
<status status="PASS" starttime="20220620 14:13:20.052" endtime="20220620 14:13:20.733"/>
</kw>
<kw name="Verify Page Loaded" library="Application">
<kw name="Wait Until Element Is Visible" library="SeleniumLibrary">
<arg>${APPLICATION_VERIFY_ELEMENT}</arg>
<doc>Waits until the element ``locator`` is visible.</doc>
<status status="PASS" starttime="20220620 14:13:20.733" endtime="20220620 14:13:20.790"/>
</kw>
<kw name="Page Should Contain Element" library="SeleniumLibrary">
<arg>${APPLICATION_VERIFY_ELEMENT}</arg>
<doc>Verifies that element ``locator`` is found on the current page.</doc>
<msg timestamp="20220620 14:13:20.815" level="INFO">Current page contains element 'xpath=//input[@onkeyup='searchProgram()']'.</msg>
<status status="PASS" starttime="20220620 14:13:20.790" endtime="20220620 14:13:20.815"/>
</kw>
<status status="PASS" starttime="20220620 14:13:20.733" endtime="20220620 14:13:20.815"/>
</kw>
<kw name="Go Back" library="SeleniumLibrary">
<doc>Simulates the user clicking the back button on their browser.</doc>
<status status="PASS" starttime="20220620 14:13:20.815" endtime="20220620 14:13:20.876"/>
</kw>
<kw name="Click &quot;Bahar Dönemi&quot; Link" library="Staj">
<kw name="Click Link" library="SeleniumLibrary">
<arg>${SPRING_TERM}</arg>
<doc>Clicks a link identified by ``locator``.</doc>
<msg timestamp="20220620 14:13:20.877" level="INFO">Clicking link 'xpath=//div[@class='owl-item active'][2]//div[@class='item']/a[contains(@href, '/application/open-positions-filter/')][1]'.</msg>
<status status="PASS" starttime="20220620 14:13:20.877" endtime="20220620 14:13:21.594"/>
</kw>
<status status="PASS" starttime="20220620 14:13:20.876" endtime="20220620 14:13:21.594"/>
</kw>
<kw name="Verify Page Loaded" library="Application">
<kw name="Wait Until Element Is Visible" library="SeleniumLibrary">
<arg>${APPLICATION_VERIFY_ELEMENT}</arg>
<doc>Waits until the element ``locator`` is visible.</doc>
<status status="PASS" starttime="20220620 14:13:21.594" endtime="20220620 14:13:21.610"/>
</kw>
<kw name="Page Should Contain Element" library="SeleniumLibrary">
<arg>${APPLICATION_VERIFY_ELEMENT}</arg>
<doc>Verifies that element ``locator`` is found on the current page.</doc>
<msg timestamp="20220620 14:13:21.616" level="INFO">Current page contains element 'xpath=//input[@onkeyup='searchProgram()']'.</msg>
<status status="PASS" starttime="20220620 14:13:21.610" endtime="20220620 14:13:21.616"/>
</kw>
<status status="PASS" starttime="20220620 14:13:21.594" endtime="20220620 14:13:21.616"/>
</kw>
<kw name="Go Back" library="SeleniumLibrary">
<doc>Simulates the user clicking the back button on their browser.</doc>
<status status="PASS" starttime="20220620 14:13:21.616" endtime="20220620 14:13:21.658"/>
</kw>
<kw name="Click &quot;Yaz Dönemi&quot; Link" library="Staj">
<kw name="Click Link" library="SeleniumLibrary">
<arg>${SPRING_TERM}</arg>
<doc>Clicks a link identified by ``locator``.</doc>
<msg timestamp="20220620 14:13:21.659" level="INFO">Clicking link 'xpath=//div[@class='owl-item active'][2]//div[@class='item']/a[contains(@href, '/application/open-positions-filter/')][1]'.</msg>
<status status="PASS" starttime="20220620 14:13:21.659" endtime="20220620 14:13:22.206"/>
</kw>
<status status="PASS" starttime="20220620 14:13:21.658" endtime="20220620 14:13:22.207"/>
</kw>
<kw name="Verify Page Loaded" library="Application">
<kw name="Wait Until Element Is Visible" library="SeleniumLibrary">
<arg>${APPLICATION_VERIFY_ELEMENT}</arg>
<doc>Waits until the element ``locator`` is visible.</doc>
<status status="PASS" starttime="20220620 14:13:22.207" endtime="20220620 14:13:22.222"/>
</kw>
<kw name="Page Should Contain Element" library="SeleniumLibrary">
<arg>${APPLICATION_VERIFY_ELEMENT}</arg>
<doc>Verifies that element ``locator`` is found on the current page.</doc>
<msg timestamp="20220620 14:13:22.228" level="INFO">Current page contains element 'xpath=//input[@onkeyup='searchProgram()']'.</msg>
<status status="PASS" starttime="20220620 14:13:22.222" endtime="20220620 14:13:22.228"/>
</kw>
<status status="PASS" starttime="20220620 14:13:22.207" endtime="20220620 14:13:22.228"/>
</kw>
<status status="PASS" starttime="20220620 14:13:19.644" endtime="20220620 14:13:22.228"/>
</kw>
<kw name="End Baykar Web Test" library="Common" type="TEARDOWN">
<kw name="Close Browser" library="SeleniumLibrary">
<doc>Closes the current browser.</doc>
<status status="PASS" starttime="20220620 14:13:22.229" endtime="20220620 14:13:24.352"/>
</kw>
<status status="PASS" starttime="20220620 14:13:22.229" endtime="20220620 14:13:24.352"/>
</kw>
<doc>All visitors should be able click and see Staj pages</doc>
<tag>Navbar Intern</tag>
<tag>Smoke</tag>
<status status="PASS" starttime="20220620 14:13:11.562" endtime="20220620 14:13:24.352"/>
</test>
<test id="s1-s1-t5" name="Visitor should be able navigate all sliders and panels" line="46">
<kw name="Start Baykar Web Test" library="Common" type="SETUP">
<arg>${BROWSER}</arg>
<kw name="Open Browser" library="SeleniumLibrary">
<arg>about:blank</arg>
<arg>${BROWSER}</arg>
<doc>Opens a new browser instance to the optional ``url``.</doc>
<msg timestamp="20220620 14:13:24.355" level="INFO">Opening browser 'chrome' to base url 'about:blank'.</msg>
<status status="PASS" starttime="20220620 14:13:24.354" endtime="20220620 14:13:25.386"/>
</kw>
<kw name="Maximize Browser Window" library="SeleniumLibrary">
<doc>Maximizes current browser window.</doc>
<status status="PASS" starttime="20220620 14:13:25.386" endtime="20220620 14:13:25.505"/>
</kw>
<status status="PASS" starttime="20220620 14:13:24.354" endtime="20220620 14:13:25.505"/>
</kw>
<kw name="Open Website" library="Common">
<arg>${SITE_URL}${RUN_LANG}</arg>
<kw name="Go To" library="SeleniumLibrary">
<arg>${SITE_URL}</arg>
<doc>Navigates the current browser window to the provided ``url``.</doc>
<msg timestamp="20220620 14:13:25.506" level="INFO">Opening url 'https://kariyer.baykartech.com/tr'</msg>
<status status="PASS" starttime="20220620 14:13:25.506" endtime="20220620 14:13:30.112"/>
</kw>
<status status="PASS" starttime="20220620 14:13:25.505" endtime="20220620 14:13:30.112"/>
</kw>
<kw name="Verify Page Loaded" library="Common">
<arg>${RUN_LANG}</arg>
<doc>Verify all pages successfully loaded</doc>
<kw name="Wait Until Element Is Visible" library="SeleniumLibrary">
<arg>${BAYKAR_LOGO_${LANG}}</arg>
<doc>Waits until the element ``locator`` is visible.</doc>
<status status="PASS" starttime="20220620 14:13:30.113" endtime="20220620 14:13:30.133"/>
</kw>
<status status="PASS" starttime="20220620 14:13:30.113" endtime="20220620 14:13:30.134"/>
</kw>
<kw name="Navigate &quot;Main&quot; Slider" library="Kariyer.Baykartech.App">
<kw name="Navigate main slider in loop" library="Homepage">
<arg>${MAIN_SLIDER_RANGE}</arg>
<for flavor="IN RANGE">
<var>${i}</var>
<value>${SLIDER_RANGE}</value>
<iter>
<var name="${i}">0</var>
<kw name="Mouse Over" library="SeleniumLibrary">
<arg>${MAIN_SLIDER_NEXT_BUTTON}</arg>
<doc>Simulates hovering the mouse over the element ``locator``.</doc>
<msg timestamp="20220620 14:13:30.135" level="INFO">Simulating Mouse Over on element 'xpath=//a[@data-slide='next']'.</msg>
<status status="PASS" starttime="20220620 14:13:30.135" endtime="20220620 14:13:30.420"/>
</kw>
<kw name="Click Element" library="SeleniumLibrary">
<arg>${MAIN_SLIDER_NEXT_BUTTON}</arg>
<doc>Click the element identified by ``locator``.</doc>
<msg timestamp="20220620 14:13:30.421" level="INFO">Clicking element 'xpath=//a[@data-slide='next']'.</msg>
<status status="PASS" starttime="20220620 14:13:30.420" endtime="20220620 14:13:30.771"/>
</kw>
<kw name="Sleep" library="BuiltIn">
<arg>1s</arg>
<doc>Pauses the test executed for the given time.</doc>
<msg timestamp="20220620 14:13:31.782" level="INFO">Slept 1 second</msg>
<status status="PASS" starttime="20220620 14:13:30.771" endtime="20220620 14:13:31.782"/>
</kw>
<status status="PASS" starttime="20220620 14:13:30.135" endtime="20220620 14:13:31.782"/>
</iter>
<iter>
<var name="${i}">1</var>
<kw name="Mouse Over" library="SeleniumLibrary">
<arg>${MAIN_SLIDER_NEXT_BUTTON}</arg>
<doc>Simulates hovering the mouse over the element ``locator``.</doc>
<msg timestamp="20220620 14:13:31.782" level="INFO">Simulating Mouse Over on element 'xpath=//a[@data-slide='next']'.</msg>
<status status="PASS" starttime="20220620 14:13:31.782" endtime="20220620 14:13:32.065"/>
</kw>
<kw name="Click Element" library="SeleniumLibrary">
<arg>${MAIN_SLIDER_NEXT_BUTTON}</arg>
<doc>Click the element identified by ``locator``.</doc>
<msg timestamp="20220620 14:13:32.066" level="INFO">Clicking element 'xpath=//a[@data-slide='next']'.</msg>
<status status="PASS" starttime="20220620 14:13:32.066" endtime="20220620 14:13:32.098"/>
</kw>
<kw name="Sleep" library="BuiltIn">
<arg>1s</arg>
<doc>Pauses the test executed for the given time.</doc>
<msg timestamp="20220620 14:13:33.103" level="INFO">Slept 1 second</msg>
<status status="PASS" starttime="20220620 14:13:32.098" endtime="20220620 14:13:33.103"/>
</kw>
<status status="PASS" starttime="20220620 14:13:31.782" endtime="20220620 14:13:33.103"/>
</iter>
<iter>
<var name="${i}">2</var>
<kw name="Mouse Over" library="SeleniumLibrary">
<arg>${MAIN_SLIDER_NEXT_BUTTON}</arg>
<doc>Simulates hovering the mouse over the element ``locator``.</doc>
<msg timestamp="20220620 14:13:33.103" level="INFO">Simulating Mouse Over on element 'xpath=//a[@data-slide='next']'.</msg>
<status status="PASS" starttime="20220620 14:13:33.103" endtime="20220620 14:13:33.384"/>
</kw>
<kw name="Click Element" library="SeleniumLibrary">
<arg>${MAIN_SLIDER_NEXT_BUTTON}</arg>
<doc>Click the element identified by ``locator``.</doc>
<msg timestamp="20220620 14:13:33.385" level="INFO">Clicking element 'xpath=//a[@data-slide='next']'.</msg>
<status status="PASS" starttime="20220620 14:13:33.384" endtime="20220620 14:13:33.415"/>
</kw>
<kw name="Sleep" library="BuiltIn">
<arg>1s</arg>
<doc>Pauses the test executed for the given time.</doc>
<msg timestamp="20220620 14:13:34.426" level="INFO">Slept 1 second</msg>
<status status="PASS" starttime="20220620 14:13:33.415" endtime="20220620 14:13:34.426"/>
</kw>
<status status="PASS" starttime="20220620 14:13:33.103" endtime="20220620 14:13:34.426"/>
</iter>
<iter>
<var name="${i}">3</var>
<kw name="Mouse Over" library="SeleniumLibrary">
<arg>${MAIN_SLIDER_NEXT_BUTTON}</arg>
<doc>Simulates hovering the mouse over the element ``locator``.</doc>
<msg timestamp="20220620 14:13:34.427" level="INFO">Simulating Mouse Over on element 'xpath=//a[@data-slide='next']'.</msg>
<status status="PASS" starttime="20220620 14:13:34.426" endtime="20220620 14:13:34.705"/>
</kw>
<kw name="Click Element" library="SeleniumLibrary">
<arg>${MAIN_SLIDER_NEXT_BUTTON}</arg>
<doc>Click the element identified by ``locator``.</doc>
<msg timestamp="20220620 14:13:34.705" level="INFO">Clicking element 'xpath=//a[@data-slide='next']'.</msg>
<status status="PASS" starttime="20220620 14:13:34.705" endtime="20220620 14:13:34.729"/>
</kw>
<kw name="Sleep" library="BuiltIn">
<arg>1s</arg>
<doc>Pauses the test executed for the given time.</doc>
<msg timestamp="20220620 14:13:35.741" level="INFO">Slept 1 second</msg>
<status status="PASS" starttime="20220620 14:13:34.729" endtime="20220620 14:13:35.741"/>
</kw>
<status status="PASS" starttime="20220620 14:13:34.426" endtime="20220620 14:13:35.741"/>
</iter>
<iter>
<var name="${i}">4</var>
<kw name="Mouse Over" library="SeleniumLibrary">
<arg>${MAIN_SLIDER_NEXT_BUTTON}</arg>
<doc>Simulates hovering the mouse over the element ``locator``.</doc>
<msg timestamp="20220620 14:13:35.741" level="INFO">Simulating Mouse Over on element 'xpath=//a[@data-slide='next']'.</msg>
<status status="PASS" starttime="20220620 14:13:35.741" endtime="20220620 14:13:36.022"/>
</kw>
<kw name="Click Element" library="SeleniumLibrary">
<arg>${MAIN_SLIDER_NEXT_BUTTON}</arg>
<doc>Click the element identified by ``locator``.</doc>
<msg timestamp="20220620 14:13:36.023" level="INFO">Clicking element 'xpath=//a[@data-slide='next']'.</msg>
<status status="PASS" starttime="20220620 14:13:36.022" endtime="20220620 14:13:36.047"/>
</kw>
<kw name="Sleep" library="BuiltIn">
<arg>1s</arg>
<doc>Pauses the test executed for the given time.</doc>
<msg timestamp="20220620 14:13:37.055" level="INFO">Slept 1 second</msg>
<status status="PASS" starttime="20220620 14:13:36.048" endtime="20220620 14:13:37.055"/>
</kw>
<status status="PASS" starttime="20220620 14:13:35.741" endtime="20220620 14:13:37.055"/>
</iter>
<iter>
<var name="${i}">5</var>
<kw name="Mouse Over" library="SeleniumLibrary">
<arg>${MAIN_SLIDER_NEXT_BUTTON}</arg>
<doc>Simulates hovering the mouse over the element ``locator``.</doc>
<msg timestamp="20220620 14:13:37.055" level="INFO">Simulating Mouse Over on element 'xpath=//a[@data-slide='next']'.</msg>
<status status="PASS" starttime="20220620 14:13:37.055" endtime="20220620 14:13:37.334"/>
</kw>
<kw name="Click Element" library="SeleniumLibrary">
<arg>${MAIN_SLIDER_NEXT_BUTTON}</arg>
<doc>Click the element identified by ``locator``.</doc>
<msg timestamp="20220620 14:13:37.335" level="INFO">Clicking element 'xpath=//a[@data-slide='next']'.</msg>
<status status="PASS" starttime="20220620 14:13:37.334" endtime="20220620 14:13:37.359"/>
</kw>
<kw name="Sleep" library="BuiltIn">
<arg>1s</arg>
<doc>Pauses the test executed for the given time.</doc>
<msg timestamp="20220620 14:13:38.371" level="INFO">Slept 1 second</msg>
<status status="PASS" starttime="20220620 14:13:37.359" endtime="20220620 14:13:38.371"/>
</kw>
<status status="PASS" starttime="20220620 14:13:37.055" endtime="20220620 14:13:38.371"/>
</iter>
<iter>
<var name="${i}">6</var>
<kw name="Mouse Over" library="SeleniumLibrary">
<arg>${MAIN_SLIDER_NEXT_BUTTON}</arg>
<doc>Simulates hovering the mouse over the element ``locator``.</doc>
<msg timestamp="20220620 14:13:38.371" level="INFO">Simulating Mouse Over on element 'xpath=//a[@data-slide='next']'.</msg>
<status status="PASS" starttime="20220620 14:13:38.371" endtime="20220620 14:13:38.635"/>
</kw>
<kw name="Click Element" library="SeleniumLibrary">
<arg>${MAIN_SLIDER_NEXT_BUTTON}</arg>
<doc>Click the element identified by ``locator``.</doc>
<msg timestamp="20220620 14:13:38.635" level="INFO">Clicking element 'xpath=//a[@data-slide='next']'.</msg>
<status status="PASS" starttime="20220620 14:13:38.635" endtime="20220620 14:13:38.659"/>
</kw>
<kw name="Sleep" library="BuiltIn">
<arg>1s</arg>
<doc>Pauses the test executed for the given time.</doc>
<msg timestamp="20220620 14:13:39.668" level="INFO">Slept 1 second</msg>
<status status="PASS" starttime="20220620 14:13:38.660" endtime="20220620 14:13:39.668"/>
</kw>
<status status="PASS" starttime="20220620 14:13:38.371" endtime="20220620 14:13:39.668"/>
</iter>
<iter>
<var name="${i}">7</var>
<kw name="Mouse Over" library="SeleniumLibrary">
<arg>${MAIN_SLIDER_NEXT_BUTTON}</arg>
<doc>Simulates hovering the mouse over the element ``locator``.</doc>
<msg timestamp="20220620 14:13:39.669" level="INFO">Simulating Mouse Over on element 'xpath=//a[@data-slide='next']'.</msg>
<status status="PASS" starttime="20220620 14:13:39.668" endtime="20220620 14:13:39.945"/>
</kw>
<kw name="Click Element" library="SeleniumLibrary">
<arg>${MAIN_SLIDER_NEXT_BUTTON}</arg>
<doc>Click the element identified by ``locator``.</doc>
<msg timestamp="20220620 14:13:39.946" level="INFO">Clicking element 'xpath=//a[@data-slide='next']'.</msg>
<status status="PASS" starttime="20220620 14:13:39.945" endtime="20220620 14:13:39.970"/>
</kw>
<kw name="Sleep" library="BuiltIn">
<arg>1s</arg>
<doc>Pauses the test executed for the given time.</doc>
<msg timestamp="20220620 14:13:40.982" level="INFO">Slept 1 second</msg>
<status status="PASS" starttime="20220620 14:13:39.970" endtime="20220620 14:13:40.982"/>
</kw>
<status status="PASS" starttime="20220620 14:13:39.668" endtime="20220620 14:13:40.982"/>
</iter>
<iter>
<var name="${i}">8</var>
<kw name="Mouse Over" library="SeleniumLibrary">
<arg>${MAIN_SLIDER_NEXT_BUTTON}</arg>
<doc>Simulates hovering the mouse over the element ``locator``.</doc>
<msg timestamp="20220620 14:13:40.982" level="INFO">Simulating Mouse Over on element 'xpath=//a[@data-slide='next']'.</msg>
<status status="PASS" starttime="20220620 14:13:40.982" endtime="20220620 14:13:41.261"/>
</kw>
<kw name="Click Element" library="SeleniumLibrary">
<arg>${MAIN_SLIDER_NEXT_BUTTON}</arg>
<doc>Click the element identified by ``locator``.</doc>
<msg timestamp="20220620 14:13:41.261" level="INFO">Clicking element 'xpath=//a[@data-slide='next']'.</msg>
<status status="PASS" starttime="20220620 14:13:41.261" endtime="20220620 14:13:41.285"/>
</kw>
<kw name="Sleep" library="BuiltIn">
<arg>1s</arg>
<doc>Pauses the test executed for the given time.</doc>
<msg timestamp="20220620 14:13:42.294" level="INFO">Slept 1 second</msg>
<status status="PASS" starttime="20220620 14:13:41.285" endtime="20220620 14:13:42.294"/>
</kw>
<status status="PASS" starttime="20220620 14:13:40.982" endtime="20220620 14:13:42.294"/>
</iter>
<iter>
<var name="${i}">9</var>
<kw name="Mouse Over" library="SeleniumLibrary">
<arg>${MAIN_SLIDER_NEXT_BUTTON}</arg>
<doc>Simulates hovering the mouse over the element ``locator``.</doc>
<msg timestamp="20220620 14:13:42.295" level="INFO">Simulating Mouse Over on element 'xpath=//a[@data-slide='next']'.</msg>
<status status="PASS" starttime="20220620 14:13:42.294" endtime="20220620 14:13:42.559"/>
</kw>
<kw name="Click Element" library="SeleniumLibrary">
<arg>${MAIN_SLIDER_NEXT_BUTTON}</arg>
<doc>Click the element identified by ``locator``.</doc>
<msg timestamp="20220620 14:13:42.559" level="INFO">Clicking element 'xpath=//a[@data-slide='next']'.</msg>
<status status="PASS" starttime="20220620 14:13:42.559" endtime="20220620 14:13:42.585"/>
</kw>
<kw name="Sleep" library="BuiltIn">
<arg>1s</arg>
<doc>Pauses the test executed for the given time.</doc>
<msg timestamp="20220620 14:13:43.597" level="INFO">Slept 1 second</msg>
<status status="PASS" starttime="20220620 14:13:42.585" endtime="20220620 14:13:43.597"/>
</kw>
<status status="PASS" starttime="20220620 14:13:42.294" endtime="20220620 14:13:43.597"/>
</iter>
<iter>
<var name="${i}">10</var>
<kw name="Mouse Over" library="SeleniumLibrary">
<arg>${MAIN_SLIDER_NEXT_BUTTON}</arg>
<doc>Simulates hovering the mouse over the element ``locator``.</doc>
<msg timestamp="20220620 14:13:43.597" level="INFO">Simulating Mouse Over on element 'xpath=//a[@data-slide='next']'.</msg>
<status status="PASS" starttime="20220620 14:13:43.597" endtime="20220620 14:13:43.878"/>
</kw>
<kw name="Click Element" library="SeleniumLibrary">
<arg>${MAIN_SLIDER_NEXT_BUTTON}</arg>
<doc>Click the element identified by ``locator``.</doc>
<msg timestamp="20220620 14:13:43.878" level="INFO">Clicking element 'xpath=//a[@data-slide='next']'.</msg>
<status status="PASS" starttime="20220620 14:13:43.878" endtime="20220620 14:13:43.903"/>
</kw>
<kw name="Sleep" library="BuiltIn">
<arg>1s</arg>
<doc>Pauses the test executed for the given time.</doc>
<msg timestamp="20220620 14:13:44.915" level="INFO">Slept 1 second</msg>
<status status="PASS" starttime="20220620 14:13:43.903" endtime="20220620 14:13:44.915"/>
</kw>
<status status="PASS" starttime="20220620 14:13:43.597" endtime="20220620 14:13:44.915"/>
</iter>
<iter>
<var name="${i}">11</var>
<kw name="Mouse Over" library="SeleniumLibrary">
<arg>${MAIN_SLIDER_NEXT_BUTTON}</arg>
<doc>Simulates hovering the mouse over the element ``locator``.</doc>
<msg timestamp="20220620 14:13:44.915" level="INFO">Simulating Mouse Over on element 'xpath=//a[@data-slide='next']'.</msg>
<status status="PASS" starttime="20220620 14:13:44.915" endtime="20220620 14:13:45.198"/>
</kw>
<kw name="Click Element" library="SeleniumLibrary">
<arg>${MAIN_SLIDER_NEXT_BUTTON}</arg>
<doc>Click the element identified by ``locator``.</doc>
[...]
<kw name="Click &quot;Yerleşkelerimiz&quot; Dropdown" library="Navbar">
<doc>Clicks Yerleşkelerimiz dropdown in Kariyer section</doc>
<kw name="Set Variable" library="BuiltIn">
<var>${sec_num}</var>
<arg>${KARIYER_SECTION_NUMBER}</arg>
<doc>Returns the given values which can then be assigned to a variables.</doc>
<msg timestamp="20220620 14:14:55.262" level="INFO">${sec_num} = 1</msg>
<status status="PASS" starttime="20220620 14:14:55.262" endtime="20220620 14:14:55.262"/>
</kw>
<kw name="Run Keyword" library="BuiltIn">
<arg>Mouse Over "Kariyer" Section</arg>
<doc>Executes the given keyword with the given arguments.</doc>
<kw name="Mouse Over &quot;Kariyer&quot; Section" library="Navbar">
<doc>[1] is a first section in navbar</doc>
<kw name="Set Variable" library="BuiltIn">
<var>${sec_num}</var>
<arg>${KARIYER_SECTION_NUMBER}</arg>
<doc>Returns the given values which can then be assigned to a variables.</doc>
<msg timestamp="20220620 14:14:55.263" level="INFO">${sec_num} = 1</msg>
<status status="PASS" starttime="20220620 14:14:55.262" endtime="20220620 14:14:55.263"/>
</kw>
<kw name="Mouse Over" library="SeleniumLibrary">
<arg>${NAVBAR_SECTION}\[${sec_num}\]</arg>
<doc>Simulates hovering the mouse over the element ``locator``.</doc>
<msg timestamp="20220620 14:14:55.263" level="INFO">Simulating Mouse Over on element 'xpath=//*[@id="navbar-menu"]/ul/li[1]'.</msg>
<status status="PASS" starttime="20220620 14:14:55.263" endtime="20220620 14:14:55.544"/>
</kw>
<kw name="Wait Until Element Is Visible" library="SeleniumLibrary">
<arg>${NAVBAR_SECTION}\[${sec_num}\]${DROPDOWN_ELEMENT}\[1]/a</arg>
<doc>Waits until the element ``locator`` is visible.</doc>
<status status="PASS" starttime="20220620 14:14:55.544" endtime="20220620 14:14:56.009"/>
</kw>
<status status="PASS" starttime="20220620 14:14:55.262" endtime="20220620 14:14:56.010"/>
</kw>
<status status="PASS" starttime="20220620 14:14:55.262" endtime="20220620 14:14:56.010"/>
</kw>
<kw name="Click Link" library="SeleniumLibrary">
<arg>${NAVBAR_SECTION}\[${sec_num}\]${DROPDOWN_ELEMENT}\[1]/a</arg>
<doc>Clicks a link identified by ``locator``.</doc>
<msg timestamp="20220620 14:14:56.010" level="INFO">Clicking link 'xpath=//*[@id="navbar-menu"]/ul/li[1]/ul/li[1]/a'.</msg>
<status status="PASS" starttime="20220620 14:14:56.010" endtime="20220620 14:15:03.310"/>
</kw>
<status status="PASS" starttime="20220620 14:14:55.261" endtime="20220620 14:15:03.310"/>
</kw>
<kw name="Run Keyword And Continue On Failure" library="BuiltIn">
<arg>Kariyer.Verify "Yerleşkelerimiz" in show</arg>
<doc>Runs the keyword and continues execution even if a failure occurs.</doc>
<kw name="Verify &quot;Yerleşkelerimiz&quot; in show" library="Kariyer">
<kw name="Wait Until Element Is Visible" library="SeleniumLibrary">
<arg>${YERLESKELER_VERIFY_ELEMENT}</arg>
<doc>Waits until the element ``locator`` is visible.</doc>
<status status="PASS" starttime="20220620 14:15:03.311" endtime="20220620 14:15:03.335"/>
</kw>
<kw name="Page Should Contain Element" library="SeleniumLibrary">
<arg>${YERLESKELER_VERIFY_ELEMENT}</arg>
<doc>Verifies that element ``locator`` is found on the current page.</doc>
<msg timestamp="20220620 14:15:03.341" level="INFO">Current page contains element 'xpath=//ul[@class='nav nav-pills']//a[@href='#campus1']'.</msg>
<status status="PASS" starttime="20220620 14:15:03.335" endtime="20220620 14:15:03.341"/>
</kw>
<status status="PASS" starttime="20220620 14:15:03.311" endtime="20220620 14:15:03.341"/>
</kw>
<status status="PASS" starttime="20220620 14:15:03.310" endtime="20220620 14:15:03.341"/>
</kw>
<kw name="Click &quot;Açık Pozisyonlar&quot; Section" library="Navbar">
<doc>[2] is a second section in navbar</doc>
<kw name="Set Variable" library="BuiltIn">
<var>${sec_num}</var>
<arg>2</arg>
<doc>Returns the given values which can then be assigned to a variables.</doc>
<msg timestamp="20220620 14:15:03.342" level="INFO">${sec_num} = 2</msg>
<status status="PASS" starttime="20220620 14:15:03.341" endtime="20220620 14:15:03.342"/>
</kw>
<kw name="Click Link" library="SeleniumLibrary">
<arg>${NAVBAR_SECTION}\[${sec_num}\]/a</arg>
<doc>Clicks a link identified by ``locator``.</doc>
<msg timestamp="20220620 14:15:03.342" level="INFO">Clicking link 'xpath=//*[@id="navbar-menu"]/ul/li[2]/a'.</msg>
<status status="PASS" starttime="20220620 14:15:03.342" endtime="20220620 14:15:03.925"/>
</kw>
<status status="PASS" starttime="20220620 14:15:03.341" endtime="20220620 14:15:03.925"/>
</kw>
<kw name="Run Keyword And Continue On Failure" library="BuiltIn">
<arg>Homepage.Verify Section is Visible</arg>
<arg>${OPEN_POZ_SECTION}</arg>
<doc>Runs the keyword and continues execution even if a failure occurs.</doc>
<kw name="Verify Section is Visible" library="Homepage">
<arg>${OPEN_POZ_SECTION}</arg>
<kw name="Wait Until Element Is Visible" library="SeleniumLibrary">
<arg>${SECTION_ELEMENT}</arg>
<doc>Waits until the element ``locator`` is visible.</doc>
<status status="PASS" starttime="20220620 14:15:03.926" endtime="20220620 14:15:03.951"/>
</kw>
<kw name="Element Should Be Visible" library="SeleniumLibrary">
<arg>${SECTION_ELEMENT}</arg>
<doc>Verifies that the element identified by ``locator`` is visible.</doc>
<msg timestamp="20220620 14:15:03.969" level="INFO">Element 'css=div[id='services']' is displayed.</msg>
<status status="PASS" starttime="20220620 14:15:03.952" endtime="20220620 14:15:03.969"/>
</kw>
<status status="PASS" starttime="20220620 14:15:03.925" endtime="20220620 14:15:03.969"/>
</kw>
<status status="PASS" starttime="20220620 14:15:03.925" endtime="20220620 14:15:03.969"/>
</kw>
<status status="PASS" starttime="20220620 14:14:55.261" endtime="20220620 14:15:03.969"/>
</kw>
<kw name="Navigate &quot;Intern&quot; page to &quot;Open Positions&quot; Section" library="Kariyer.Baykartech.App">
<kw name="Click &quot;Staj Dönemleri&quot; Dropdown" library="Navbar">
<doc>Clicks Staj Dönemleri dropdown in Staj section</doc>
<kw name="Set Variable" library="BuiltIn">
<var>${sec_num}</var>
<arg>${STAJ_SECTION_NUMBER}</arg>
<doc>Returns the given values which can then be assigned to a variables.</doc>
<msg timestamp="20220620 14:15:03.971" level="INFO">${sec_num} = 3</msg>
<status status="PASS" starttime="20220620 14:15:03.970" endtime="20220620 14:15:03.971"/>
</kw>
<kw name="Run Keyword" library="BuiltIn">
<arg>Mouse Over "Staj" Section</arg>
<doc>Executes the given keyword with the given arguments.</doc>
<kw name="Mouse Over &quot;Staj&quot; Section" library="Navbar">
<doc>[3] is a third section in navbar</doc>
<kw name="Set Variable" library="BuiltIn">
<var>${sec_num}</var>
<arg>${STAJ_SECTION_NUMBER}</arg>
<doc>Returns the given values which can then be assigned to a variables.</doc>
<msg timestamp="20220620 14:15:03.971" level="INFO">${sec_num} = 3</msg>
<status status="PASS" starttime="20220620 14:15:03.971" endtime="20220620 14:15:03.971"/>
</kw>
<kw name="Mouse Over" library="SeleniumLibrary">
<arg>${NAVBAR_SECTION}\[${sec_num}\]</arg>
<doc>Simulates hovering the mouse over the element ``locator``.</doc>
<msg timestamp="20220620 14:15:03.972" level="INFO">Simulating Mouse Over on element 'xpath=//*[@id="navbar-menu"]/ul/li[3]'.</msg>
<status status="PASS" starttime="20220620 14:15:03.971" endtime="20220620 14:15:04.276"/>
</kw>
<kw name="Wait Until Element Is Visible" library="SeleniumLibrary">
<arg>${NAVBAR_SECTION}\[${sec_num}\]${DROPDOWN_ELEMENT}\[1]/a</arg>
<doc>Waits until the element ``locator`` is visible.</doc>
<status status="PASS" starttime="20220620 14:15:04.276" endtime="20220620 14:15:04.740"/>
</kw>
<status status="PASS" starttime="20220620 14:15:03.971" endtime="20220620 14:15:04.740"/>
</kw>
<status status="PASS" starttime="20220620 14:15:03.971" endtime="20220620 14:15:04.740"/>
</kw>
<kw name="Click Link" library="SeleniumLibrary">
<arg>${NAVBAR_SECTION}\[${sec_num}\]${DROPDOWN_ELEMENT}\[1]/a</arg>
<doc>Clicks a link identified by ``locator``.</doc>
<msg timestamp="20220620 14:15:04.740" level="INFO">Clicking link 'xpath=//*[@id="navbar-menu"]/ul/li[3]/ul/li[1]/a'.</msg>
<status status="PASS" starttime="20220620 14:15:04.740" endtime="20220620 14:15:05.619"/>
</kw>
<status status="PASS" starttime="20220620 14:15:03.970" endtime="20220620 14:15:05.619"/>
</kw>
<kw name="Run Keyword And Continue On Failure" library="BuiltIn">
<arg>Staj.Verify "Staj Dönemleri" in show</arg>
<doc>Runs the keyword and continues execution even if a failure occurs.</doc>
<kw name="Verify &quot;Staj Dönemleri&quot; in show" library="Staj">
<kw name="Wait Until Element Is Visible" library="SeleniumLibrary">
<arg>${DONEM_VERIFY_ELEMENT}</arg>
<doc>Waits until the element ``locator`` is visible.</doc>
<status status="PASS" starttime="20220620 14:15:05.620" endtime="20220620 14:15:05.638"/>
</kw>
<kw name="Page Should Contain Element" library="SeleniumLibrary">
<arg>${DONEM_VERIFY_ELEMENT}</arg>
<doc>Verifies that element ``locator`` is found on the current page.</doc>
<msg timestamp="20220620 14:15:05.644" level="INFO">Current page contains element 'xpath=//div[@id='seasons']'.</msg>
<status status="PASS" starttime="20220620 14:15:05.638" endtime="20220620 14:15:05.644"/>
</kw>
<status status="PASS" starttime="20220620 14:15:05.619" endtime="20220620 14:15:05.645"/>
</kw>
<status status="PASS" starttime="20220620 14:15:05.619" endtime="20220620 14:15:05.645"/>
</kw>
<kw name="Click &quot;Açık Pozisyonlar&quot; Section" library="Navbar">
<doc>[2] is a second section in navbar</doc>
<kw name="Set Variable" library="BuiltIn">
<var>${sec_num}</var>
<arg>2</arg>
<doc>Returns the given values which can then be assigned to a variables.</doc>
<msg timestamp="20220620 14:15:05.645" level="INFO">${sec_num} = 2</msg>
<status status="PASS" starttime="20220620 14:15:05.645" endtime="20220620 14:15:05.645"/>
</kw>
<kw name="Click Link" library="SeleniumLibrary">
<arg>${NAVBAR_SECTION}\[${sec_num}\]/a</arg>
<doc>Clicks a link identified by ``locator``.</doc>
<msg timestamp="20220620 14:15:05.645" level="INFO">Clicking link 'xpath=//*[@id="navbar-menu"]/ul/li[2]/a'.</msg>
<status status="PASS" starttime="20220620 14:15:05.645" endtime="20220620 14:15:05.687"/>
</kw>
<status status="PASS" starttime="20220620 14:15:05.645" endtime="20220620 14:15:05.687"/>
</kw>
<kw name="Run Keyword And Continue On Failure" library="BuiltIn">
<arg>Homepage.Verify Section is Visible</arg>
<arg>${OPEN_POZ_SECTION}</arg>
<doc>Runs the keyword and continues execution even if a failure occurs.</doc>
<kw name="Verify Section is Visible" library="Homepage">
<arg>${OPEN_POZ_SECTION}</arg>
<kw name="Wait Until Element Is Visible" library="SeleniumLibrary">
<arg>${SECTION_ELEMENT}</arg>
<doc>Waits until the element ``locator`` is visible.</doc>
<msg timestamp="20220620 14:15:12.689" level="INFO" html="true">&lt;/td&gt;&lt;/tr&gt;&lt;tr&gt;&lt;td colspan="3"&gt;&lt;a href="selenium-screenshot-17.png"&gt;&lt;img src="selenium-screenshot-17.png" width="800px"&gt;&lt;/a&gt;</msg>
<msg timestamp="20220620 14:15:12.689" level="FAIL">Element 'css=div[id='services']' not visible after 5 seconds.</msg>
<status status="FAIL" starttime="20220620 14:15:05.688" endtime="20220620 14:15:12.690"/>
</kw>
<kw name="Element Should Be Visible" library="SeleniumLibrary">
<arg>${SECTION_ELEMENT}</arg>
<doc>Verifies that the element identified by ``locator`` is visible.</doc>
<status status="NOT RUN" starttime="20220620 14:15:12.691" endtime="20220620 14:15:12.691"/>
</kw>
<status status="FAIL" starttime="20220620 14:15:05.687" endtime="20220620 14:15:12.691"/>
</kw>
<status status="FAIL" starttime="20220620 14:15:05.687" endtime="20220620 14:15:12.691"/>
</kw>
<status status="FAIL" starttime="20220620 14:15:03.970" endtime="20220620 14:15:12.692"/>
</kw>
<kw name="Navigate &quot;Intern&quot; page to &quot;Life In Baykar&quot; Section" library="Kariyer.Baykartech.App">
<kw name="Click &quot;Staj Dönemleri&quot; Dropdown" library="Navbar">
<doc>Clicks Staj Dönemleri dropdown in Staj section</doc>
<kw name="Set Variable" library="BuiltIn">
<var>${sec_num}</var>
<arg>${STAJ_SECTION_NUMBER}</arg>
<doc>Returns the given values which can then be assigned to a variables.</doc>
<msg timestamp="20220620 14:15:12.693" level="INFO">${sec_num} = 3</msg>
<status status="PASS" starttime="20220620 14:15:12.693" endtime="20220620 14:15:12.693"/>
</kw>
<kw name="Run Keyword" library="BuiltIn">
<arg>Mouse Over "Staj" Section</arg>
<doc>Executes the given keyword with the given arguments.</doc>
<kw name="Mouse Over &quot;Staj&quot; Section" library="Navbar">
<doc>[3] is a third section in navbar</doc>
<kw name="Set Variable" library="BuiltIn">
<var>${sec_num}</var>
<arg>${STAJ_SECTION_NUMBER}</arg>
<doc>Returns the given values which can then be assigned to a variables.</doc>
<msg timestamp="20220620 14:15:12.694" level="INFO">${sec_num} = 3</msg>
<status status="PASS" starttime="20220620 14:15:12.694" endtime="20220620 14:15:12.694"/>
</kw>
<kw name="Mouse Over" library="SeleniumLibrary">
<arg>${NAVBAR_SECTION}\[${sec_num}\]</arg>
<doc>Simulates hovering the mouse over the element ``locator``.</doc>
<msg timestamp="20220620 14:15:12.694" level="INFO">Simulating Mouse Over on element 'xpath=//*[@id="navbar-menu"]/ul/li[3]'.</msg>
<status status="PASS" starttime="20220620 14:15:12.694" endtime="20220620 14:15:12.972"/>
</kw>
<kw name="Wait Until Element Is Visible" library="SeleniumLibrary">
<arg>${NAVBAR_SECTION}\[${sec_num}\]${DROPDOWN_ELEMENT}\[1]/a</arg>
<doc>Waits until the element ``locator`` is visible.</doc>
<status status="PASS" starttime="20220620 14:15:12.972" endtime="20220620 14:15:12.987"/>
</kw>
<status status="PASS" starttime="20220620 14:15:12.693" endtime="20220620 14:15:12.987"/>
</kw>
<status status="PASS" starttime="20220620 14:15:12.693" endtime="20220620 14:15:12.987"/>
</kw>
<kw name="Click Link" library="SeleniumLibrary">
<arg>${NAVBAR_SECTION}\[${sec_num}\]${DROPDOWN_ELEMENT}\[1]/a</arg>
<doc>Clicks a link identified by ``locator``.</doc>
<msg timestamp="20220620 14:15:12.988" level="INFO">Clicking link 'xpath=//*[@id="navbar-menu"]/ul/li[3]/ul/li[1]/a'.</msg>
<status status="PASS" starttime="20220620 14:15:12.987" endtime="20220620 14:15:13.023"/>
</kw>
<status status="PASS" starttime="20220620 14:15:12.693" endtime="20220620 14:15:13.023"/>
</kw>
<kw name="Run Keyword And Continue On Failure" library="BuiltIn">
<arg>Staj.Verify "Staj Dönemleri" in show</arg>
<doc>Runs the keyword and continues execution even if a failure occurs.</doc>
<kw name="Verify &quot;Staj Dönemleri&quot; in show" library="Staj">
<kw name="Wait Until Element Is Visible" library="SeleniumLibrary">
<arg>${DONEM_VERIFY_ELEMENT}</arg>
<doc>Waits until the element ``locator`` is visible.</doc>
<status status="PASS" starttime="20220620 14:15:13.023" endtime="20220620 14:15:13.037"/>
</kw>
<kw name="Page Should Contain Element" library="SeleniumLibrary">
<arg>${DONEM_VERIFY_ELEMENT}</arg>
<doc>Verifies that element ``locator`` is found on the current page.</doc>
<msg timestamp="20220620 14:15:13.043" level="INFO">Current page contains element 'xpath=//div[@id='seasons']'.</msg>
<status status="PASS" starttime="20220620 14:15:13.037" endtime="20220620 14:15:13.043"/>
</kw>
<status status="PASS" starttime="20220620 14:15:13.023" endtime="20220620 14:15:13.043"/>
</kw>
<status status="PASS" starttime="20220620 14:15:13.023" endtime="20220620 14:15:13.043"/>
</kw>
<kw name="Click &quot;Baykarda Yaşam&quot; Section" library="Navbar">
<doc>[4] is a fourth section in navbar</doc>
<kw name="Set Variable" library="BuiltIn">
<var>${sec_num}</var>
<arg>4</arg>
<doc>Returns the given values which can then be assigned to a variables.</doc>
<msg timestamp="20220620 14:15:13.044" level="INFO">${sec_num} = 4</msg>
<status status="PASS" starttime="20220620 14:15:13.043" endtime="20220620 14:15:13.044"/>
</kw>
<kw name="Click Link" library="SeleniumLibrary">
<arg>${NAVBAR_SECTION}\[${sec_num}\]/a</arg>
<doc>Clicks a link identified by ``locator``.</doc>
<msg timestamp="20220620 14:15:13.044" level="INFO">Clicking link 'xpath=//*[@id="navbar-menu"]/ul/li[4]/a'.</msg>
<status status="PASS" starttime="20220620 14:15:13.044" endtime="20220620 14:15:13.085"/>
</kw>
<status status="PASS" starttime="20220620 14:15:13.043" endtime="20220620 14:15:13.085"/>
</kw>
<kw name="Run Keyword And Continue On Failure" library="BuiltIn">
<arg>Homepage.Verify Section is Visible</arg>
<arg>${BAYKAR_LIFE_SECTION}</arg>
<doc>Runs the keyword and continues execution even if a failure occurs.</doc>
<kw name="Verify Section is Visible" library="Homepage">
<arg>${BAYKAR_LIFE_SECTION}</arg>
<kw name="Wait Until Element Is Visible" library="SeleniumLibrary">
<arg>${SECTION_ELEMENT}</arg>
<doc>Waits until the element ``locator`` is visible.</doc>
<msg timestamp="20220620 14:15:20.141" level="INFO" html="true">&lt;/td&gt;&lt;/tr&gt;&lt;tr&gt;&lt;td colspan="3"&gt;&lt;a href="selenium-screenshot-18.png"&gt;&lt;img src="selenium-screenshot-18.png" width="800px"&gt;&lt;/a&gt;</msg>
<msg timestamp="20220620 14:15:20.141" level="FAIL">Element 'css=div[id='portfolio']' not visible after 5 seconds.</msg>
<status status="FAIL" starttime="20220620 14:15:13.085" endtime="20220620 14:15:20.141"/>
</kw>
<kw name="Element Should Be Visible" library="SeleniumLibrary">
<arg>${SECTION_ELEMENT}</arg>
<doc>Verifies that the element identified by ``locator`` is visible.</doc>
<status status="NOT RUN" starttime="20220620 14:15:20.141" endtime="20220620 14:15:20.141"/>
</kw>
<status status="FAIL" starttime="20220620 14:15:13.085" endtime="20220620 14:15:20.142"/>
</kw>
<status status="FAIL" starttime="20220620 14:15:13.085" endtime="20220620 14:15:20.142"/>
</kw>
<status status="FAIL" starttime="20220620 14:15:12.692" endtime="20220620 14:15:20.142"/>
</kw>
<kw name="End Baykar Web Test" library="Common" type="TEARDOWN">
<kw name="Close Browser" library="SeleniumLibrary">
<doc>Closes the current browser.</doc>
<status status="PASS" starttime="20220620 14:15:20.144" endtime="20220620 14:15:22.267"/>
</kw>
<status status="PASS" starttime="20220620 14:15:20.143" endtime="20220620 14:15:22.268"/>
</kw>
<doc>All pages in website should be integrated with others</doc>
<tag>I-01</tag>
<tag>Integration</tag>
<status status="FAIL" starttime="20220620 14:14:47.680" endtime="20220620 14:15:22.268">Several failures occurred:

1) Element 'css=div[id='services']' not visible after 5 seconds.

2) Element 'css=div[id='portfolio']' not visible after 5 seconds.</status>
</test>
<doc>This test file includes all tests for *kariyer.baykartech.com*, if you wanna change Browser or Runtime Language go to *Variables* section in this file.</doc>
<status status="FAIL" starttime="20220620 14:12:21.844" endtime="20220620 14:15:22.270"/>
</suite>
<status status="FAIL" starttime="20220620 14:12:21.825" endtime="20220620 14:15:22.272"/>
</suite>
<statistics>
<total>
<stat pass="7" fail="1" skip="0">All Tests</stat>
</total>
<tag>
<stat pass="1" fail="0" skip="0">Common</stat>
<stat pass="1" fail="0" skip="0">Footer</stat>
<stat pass="1" fail="0" skip="0">Forget Password</stat>
<stat pass="0" fail="1" skip="0">I-01</stat>
<stat pass="0" fail="1" skip="0">Integration</stat>
<stat pass="1" fail="0" skip="0">Life in Baykar Slider</stat>
<stat pass="1" fail="0" skip="0">Login</stat>
<stat pass="1" fail="0" skip="0">Main Slider</stat>
<stat pass="1" fail="0" skip="0">Navbar Career</stat>
<stat pass="1" fail="0" skip="0">Navbar Common</stat>
<stat pass="1" fail="0" skip="0">Navbar Intern</stat>
<stat pass="1" fail="0" skip="0">Open Pos Slider</stat>
<stat pass="1" fail="0" skip="0">Sign Up</stat>
<stat pass="7" fail="0" skip="0">Smoke</stat>
<stat pass="1" fail="0" skip="0">SSS Panels</stat>
</tag>
<suite>
<stat pass="7" fail="1" skip="0" id="s1" name="Tests">Tests</stat>
<stat pass="7" fail="1" skip="0" id="s1-s1" name="Kariyer.Baykartech">Tests.Kariyer.Baykartech</stat>
</suite>
</statistics>
<errors>
</errors>
</robot>
