<?xml version="1.0" encoding="UTF-8"?>
<robot generator="Robot 5.0.1 (Python 3.9.7 on win32)" generated="20220617 12:17:39.576" rpa="false" schemaversion="3">
<suite id="s1" name="Tests" source="C:\Users\byuks\Desktop\QA\QA-Test-Automation-Baykar\tests">
<suite id="s1-s1" name="Kariyer.Baykartech" source="C:\Users\byuks\Desktop\QA\QA-Test-Automation-Baykar\tests\Kariyer.Baykartech.robot">
<test id="s1-s1-t1" name="Visitor should be able navigate main slider" line="28">
<kw name="Start Baykar Web Test" library="Common" type="SETUP">
<arg>${BROWSER}</arg>
<kw name="Open Browser" library="SeleniumLibrary">
<arg>about:blank</arg>
<arg>${BROWSER}</arg>
<doc>Opens a new browser instance to the optional ``url``.</doc>
<msg timestamp="20220617 12:17:39.822" level="INFO">Opening browser 'chrome' to base url 'about:blank'.</msg>
<status status="PASS" starttime="20220617 12:17:39.822" endtime="20220617 12:17:40.909"/>
</kw>
<kw name="Maximize Browser Window" library="SeleniumLibrary">
<doc>Maximizes current browser window.</doc>
<status status="PASS" starttime="20220617 12:17:40.909" endtime="20220617 12:17:41.032"/>
</kw>
<status status="PASS" starttime="20220617 12:17:39.822" endtime="20220617 12:17:41.032"/>
</kw>
<kw name="Open Website" library="Common">
<arg>${SITE_URL}${RUN_LANG}</arg>
<kw name="Go To" library="SeleniumLibrary">
<arg>${SITE_URL}</arg>
<doc>Navigates the current browser window to the provided ``url``.</doc>
<msg timestamp="20220617 12:17:41.033" level="INFO">Opening url 'https://kariyer.baykartech.com/en'</msg>
<status status="PASS" starttime="20220617 12:17:41.033" endtime="20220617 12:17:45.698"/>
</kw>
<status status="PASS" starttime="20220617 12:17:41.032" endtime="20220617 12:17:45.698"/>
</kw>
<kw name="Verify Page Loaded" library="Common">
<arg>${RUN_LANG}</arg>
<doc>Verify all pages successfully loaded</doc>
<kw name="Wait Until Element Is Visible" library="SeleniumLibrary">
<arg>${BAYKAR_LOGO_${LANG}}</arg>
<doc>Waits until the element ``locator`` is visible.</doc>
<status status="PASS" starttime="20220617 12:17:45.699" endtime="20220617 12:17:45.723"/>
</kw>
<status status="PASS" starttime="20220617 12:17:45.698" endtime="20220617 12:17:45.724"/>
</kw>
<kw name="Navigate Main Slider" library="Kariyer.Baykartech.App">
<kw name="Navigate main slider in loop" library="Homepage">
<arg>22</arg>
<for flavor="IN RANGE">
<var>${i}</var>
<value>${SLIDER_RANGE}</value>
<iter>
<var name="${i}">0</var>
<kw name="Mouse Over" library="SeleniumLibrary">
<arg>${SLIDER_NEXT_BUTTON}</arg>
<doc>Simulates hovering the mouse over the element ``locator``.</doc>
<msg timestamp="20220617 12:17:45.726" level="INFO">Simulating Mouse Over on element 'xpath=//a[@data-slide='next']'.</msg>
<status status="PASS" starttime="20220617 12:17:45.726" endtime="20220617 12:17:46.004"/>
</kw>
<kw name="Click Element" library="SeleniumLibrary">
<arg>${SLIDER_NEXT_BUTTON}</arg>
<doc>Click the element identified by ``locator``.</doc>
<msg timestamp="20220617 12:17:46.004" level="INFO">Clicking element 'xpath=//a[@data-slide='next']'.</msg>
<status status="PASS" starttime="20220617 12:17:46.004" endtime="20220617 12:17:46.359"/>
</kw>
<kw name="Sleep" library="BuiltIn">
<arg>1s</arg>
<doc>Pauses the test executed for the given time.</doc>
<msg timestamp="20220617 12:17:47.370" level="INFO">Slept 1 second</msg>
<status status="PASS" starttime="20220617 12:17:46.359" endtime="20220617 12:17:47.370"/>
</kw>
<status status="PASS" starttime="20220617 12:17:45.726" endtime="20220617 12:17:47.370"/>
</iter>
<iter>
<var name="${i}">1</var>
<kw name="Mouse Over" library="SeleniumLibrary">
<arg>${SLIDER_NEXT_BUTTON}</arg>
<doc>Simulates hovering the mouse over the element ``locator``.</doc>
<msg timestamp="20220617 12:17:47.371" level="INFO">Simulating Mouse Over on element 'xpath=//a[@data-slide='next']'.</msg>
<status status="PASS" starttime="20220617 12:17:47.370" endtime="20220617 12:17:47.648"/>
</kw>
<kw name="Click Element" library="SeleniumLibrary">
<arg>${SLIDER_NEXT_BUTTON}</arg>
<doc>Click the element identified by ``locator``.</doc>
<msg timestamp="20220617 12:17:47.648" level="INFO">Clicking element 'xpath=//a[@data-slide='next']'.</msg>
<status status="PASS" starttime="20220617 12:17:47.648" endtime="20220617 12:17:47.679"/>
</kw>
<kw name="Sleep" library="BuiltIn">
<arg>1s</arg>
<doc>Pauses the test executed for the given time.</doc>
<msg timestamp="20220617 12:17:48.692" level="INFO">Slept 1 second</msg>
<status status="PASS" starttime="20220617 12:17:47.680" endtime="20220617 12:17:48.692"/>
</kw>
<status status="PASS" starttime="20220617 12:17:47.370" endtime="20220617 12:17:48.692"/>
</iter>
<iter>
<var name="${i}">2</var>
<kw name="Mouse Over" library="SeleniumLibrary">
<arg>${SLIDER_NEXT_BUTTON}</arg>
<doc>Simulates hovering the mouse over the element ``locator``.</doc>
<msg timestamp="20220617 12:17:48.693" level="INFO">Simulating Mouse Over on element 'xpath=//a[@data-slide='next']'.</msg>
<status status="PASS" starttime="20220617 12:17:48.692" endtime="20220617 12:17:48.971"/>
</kw>
<kw name="Click Element" library="SeleniumLibrary">
<arg>${SLIDER_NEXT_BUTTON}</arg>
<doc>Click the element identified by ``locator``.</doc>
<msg timestamp="20220617 12:17:48.972" level="INFO">Clicking element 'xpath=//a[@data-slide='next']'.</msg>
<status status="PASS" starttime="20220617 12:17:48.971" endtime="20220617 12:17:49.005"/>
</kw>
<kw name="Sleep" library="BuiltIn">
<arg>1s</arg>
<doc>Pauses the test executed for the given time.</doc>
<msg timestamp="20220617 12:17:50.011" level="INFO">Slept 1 second</msg>
<status status="PASS" starttime="20220617 12:17:49.005" endtime="20220617 12:17:50.011"/>
</kw>
<status status="PASS" starttime="20220617 12:17:48.692" endtime="20220617 12:17:50.011"/>
</iter>
<iter>
<var name="${i}">3</var>
<kw name="Mouse Over" library="SeleniumLibrary">
<arg>${SLIDER_NEXT_BUTTON}</arg>
<doc>Simulates hovering the mouse over the element ``locator``.</doc>
<msg timestamp="20220617 12:17:50.011" level="INFO">Simulating Mouse Over on element 'xpath=//a[@data-slide='next']'.</msg>
<status status="PASS" starttime="20220617 12:17:50.011" endtime="20220617 12:17:50.294"/>
</kw>
<kw name="Click Element" library="SeleniumLibrary">
<arg>${SLIDER_NEXT_BUTTON}</arg>
<doc>Click the element identified by ``locator``.</doc>
<msg timestamp="20220617 12:17:50.294" level="INFO">Clicking element 'xpath=//a[@data-slide='next']'.</msg>
<status status="PASS" starttime="20220617 12:17:50.294" endtime="20220617 12:17:50.325"/>
</kw>
<kw name="Sleep" library="BuiltIn">
<arg>1s</arg>
<doc>Pauses the test executed for the given time.</doc>
<msg timestamp="20220617 12:17:51.328" level="INFO">Slept 1 second</msg>
<status status="PASS" starttime="20220617 12:17:50.325" endtime="20220617 12:17:51.328"/>
</kw>
<status status="PASS" starttime="20220617 12:17:50.011" endtime="20220617 12:17:51.328"/>
</iter>
<iter>
<var name="${i}">4</var>
<kw name="Mouse Over" library="SeleniumLibrary">
<arg>${SLIDER_NEXT_BUTTON}</arg>
<doc>Simulates hovering the mouse over the element ``locator``.</doc>
<msg timestamp="20220617 12:17:51.329" level="INFO">Simulating Mouse Over on element 'xpath=//a[@data-slide='next']'.</msg>
<status status="PASS" starttime="20220617 12:17:51.328" endtime="20220617 12:17:51.594"/>
</kw>
<kw name="Click Element" library="SeleniumLibrary">
<arg>${SLIDER_NEXT_BUTTON}</arg>
<doc>Click the element identified by ``locator``.</doc>
<msg timestamp="20220617 12:17:51.594" level="INFO">Clicking element 'xpath=//a[@data-slide='next']'.</msg>
<status status="PASS" starttime="20220617 12:17:51.594" endtime="20220617 12:17:51.619"/>
</kw>
<kw name="Sleep" library="BuiltIn">
<arg>1s</arg>
<doc>Pauses the test executed for the given time.</doc>
<msg timestamp="20220617 12:17:52.624" level="INFO">Slept 1 second</msg>
<status status="PASS" starttime="20220617 12:17:51.619" endtime="20220617 12:17:52.624"/>
</kw>
<status status="PASS" starttime="20220617 12:17:51.328" endtime="20220617 12:17:52.624"/>
</iter>
<iter>
<var name="${i}">5</var>
<kw name="Mouse Over" library="SeleniumLibrary">
<arg>${SLIDER_NEXT_BUTTON}</arg>
<doc>Simulates hovering the mouse over the element ``locator``.</doc>
<msg timestamp="20220617 12:17:52.625" level="INFO">Simulating Mouse Over on element 'xpath=//a[@data-slide='next']'.</msg>
<status status="PASS" starttime="20220617 12:17:52.624" endtime="20220617 12:17:52.902"/>
</kw>
<kw name="Click Element" library="SeleniumLibrary">
<arg>${SLIDER_NEXT_BUTTON}</arg>
<doc>Click the element identified by ``locator``.</doc>
<msg timestamp="20220617 12:17:52.902" level="INFO">Clicking element 'xpath=//a[@data-slide='next']'.</msg>
<status status="PASS" starttime="20220617 12:17:52.902" endtime="20220617 12:17:52.929"/>
</kw>
<kw name="Sleep" library="BuiltIn">
<arg>1s</arg>
<doc>Pauses the test executed for the given time.</doc>
<msg timestamp="20220617 12:17:53.940" level="INFO">Slept 1 second</msg>
<status status="PASS" starttime="20220617 12:17:52.929" endtime="20220617 12:17:53.940"/>
</kw>
<status status="PASS" starttime="20220617 12:17:52.624" endtime="20220617 12:17:53.940"/>
</iter>
<iter>
<var name="${i}">6</var>
<kw name="Mouse Over" library="SeleniumLibrary">
<arg>${SLIDER_NEXT_BUTTON}</arg>
<doc>Simulates hovering the mouse over the element ``locator``.</doc>
<msg timestamp="20220617 12:17:53.941" level="INFO">Simulating Mouse Over on element 'xpath=//a[@data-slide='next']'.</msg>
<status status="PASS" starttime="20220617 12:17:53.940" endtime="20220617 12:17:54.223"/>
</kw>
<kw name="Click Element" library="SeleniumLibrary">
<arg>${SLIDER_NEXT_BUTTON}</arg>
<doc>Click the element identified by ``locator``.</doc>
<msg timestamp="20220617 12:17:54.224" level="INFO">Clicking element 'xpath=//a[@data-slide='next']'.</msg>
<status status="PASS" starttime="20220617 12:17:54.223" endtime="20220617 12:17:54.256"/>
</kw>
<kw name="Sleep" library="BuiltIn">
<arg>1s</arg>
<doc>Pauses the test executed for the given time.</doc>
<msg timestamp="20220617 12:17:55.270" level="INFO">Slept 1 second</msg>
<status status="PASS" starttime="20220617 12:17:54.257" endtime="20220617 12:17:55.270"/>
</kw>
<status status="PASS" starttime="20220617 12:17:53.940" endtime="20220617 12:17:55.270"/>
</iter>
<iter>
<var name="${i}">7</var>
<kw name="Mouse Over" library="SeleniumLibrary">
<arg>${SLIDER_NEXT_BUTTON}</arg>
<doc>Simulates hovering the mouse over the element ``locator``.</doc>
<msg timestamp="20220617 12:17:55.270" level="INFO">Simulating Mouse Over on element 'xpath=//a[@data-slide='next']'.</msg>
<status status="PASS" starttime="20220617 12:17:55.270" endtime="20220617 12:17:55.550"/>
</kw>
<kw name="Click Element" library="SeleniumLibrary">
<arg>${SLIDER_NEXT_BUTTON}</arg>
<doc>Click the element identified by ``locator``.</doc>
<msg timestamp="20220617 12:17:55.551" level="INFO">Clicking element 'xpath=//a[@data-slide='next']'.</msg>
<status status="PASS" starttime="20220617 12:17:55.550" endtime="20220617 12:17:55.581"/>
</kw>
<kw name="Sleep" library="BuiltIn">
<arg>1s</arg>
<doc>Pauses the test executed for the given time.</doc>
<msg timestamp="20220617 12:17:56.586" level="INFO">Slept 1 second</msg>
<status status="PASS" starttime="20220617 12:17:55.582" endtime="20220617 12:17:56.586"/>
</kw>
<status status="PASS" starttime="20220617 12:17:55.270" endtime="20220617 12:17:56.586"/>
</iter>
<iter>
<var name="${i}">8</var>
<kw name="Mouse Over" library="SeleniumLibrary">
<arg>${SLIDER_NEXT_BUTTON}</arg>
<doc>Simulates hovering the mouse over the element ``locator``.</doc>
<msg timestamp="20220617 12:17:56.586" level="INFO">Simulating Mouse Over on element 'xpath=//a[@data-slide='next']'.</msg>
<status status="PASS" starttime="20220617 12:17:56.586" endtime="20220617 12:17:56.864"/>
</kw>
<kw name="Click Element" library="SeleniumLibrary">
<arg>${SLIDER_NEXT_BUTTON}</arg>
<doc>Click the element identified by ``locator``.</doc>
<msg timestamp="20220617 12:17:56.864" level="INFO">Clicking element 'xpath=//a[@data-slide='next']'.</msg>
<status status="PASS" starttime="20220617 12:17:56.864" endtime="20220617 12:17:56.889"/>
</kw>
<kw name="Sleep" library="BuiltIn">
<arg>1s</arg>
<doc>Pauses the test executed for the given time.</doc>
<msg timestamp="20220617 12:17:57.895" level="INFO">Slept 1 second</msg>
<status status="PASS" starttime="20220617 12:17:56.889" endtime="20220617 12:17:57.895"/>
</kw>
<status status="PASS" starttime="20220617 12:17:56.586" endtime="20220617 12:17:57.895"/>
</iter>
<iter>
<var name="${i}">9</var>
<kw name="Mouse Over" library="SeleniumLibrary">
<arg>${SLIDER_NEXT_BUTTON}</arg>
<doc>Simulates hovering the mouse over the element ``locator``.</doc>
<msg timestamp="20220617 12:17:57.896" level="INFO">Simulating Mouse Over on element 'xpath=//a[@data-slide='next']'.</msg>
<status status="PASS" starttime="20220617 12:17:57.895" endtime="20220617 12:17:58.173"/>
</kw>
<kw name="Click Element" library="SeleniumLibrary">
<arg>${SLIDER_NEXT_BUTTON}</arg>
<doc>Click the element identified by ``locator``.</doc>
<msg timestamp="20220617 12:17:58.173" level="INFO">Clicking element 'xpath=//a[@data-slide='next']'.</msg>
<status status="PASS" starttime="20220617 12:17:58.173" endtime="20220617 12:17:58.200"/>
</kw>
<kw name="Sleep" library="BuiltIn">
<arg>1s</arg>
<doc>Pauses the test executed for the given time.</doc>
<msg timestamp="20220617 12:17:59.207" level="INFO">Slept 1 second</msg>
<status status="PASS" starttime="20220617 12:17:58.200" endtime="20220617 12:17:59.207"/>
</kw>
<status status="PASS" starttime="20220617 12:17:57.895" endtime="20220617 12:17:59.207"/>
</iter>
<iter>
<var name="${i}">10</var>
<kw name="Mouse Over" library="SeleniumLibrary">
<arg>${SLIDER_NEXT_BUTTON}</arg>
<doc>Simulates hovering the mouse over the element ``locator``.</doc>
<msg timestamp="20220617 12:17:59.207" level="INFO">Simulating Mouse Over on element 'xpath=//a[@data-slide='next']'.</msg>
<status status="PASS" starttime="20220617 12:17:59.207" endtime="20220617 12:17:59.487"/>
</kw>
<kw name="Click Element" library="SeleniumLibrary">
<arg>${SLIDER_NEXT_BUTTON}</arg>
<doc>Click the element identified by ``locator``.</doc>
<msg timestamp="20220617 12:17:59.488" level="INFO">Clicking element 'xpath=//a[@data-slide='next']'.</msg>
<status status="PASS" starttime="20220617 12:17:59.487" endtime="20220617 12:17:59.520"/>
</kw>
<kw name="Sleep" library="BuiltIn">
<arg>1s</arg>
<doc>Pauses the test executed for the given time.</doc>
<msg timestamp="20220617 12:18:00.524" level="INFO">Slept 1 second</msg>
<status status="PASS" starttime="20220617 12:17:59.520" endtime="20220617 12:18:00.524"/>
</kw>
<status status="PASS" starttime="20220617 12:17:59.207" endtime="20220617 12:18:00.524"/>
</iter>
<iter>
<var name="${i}">11</var>
<kw name="Mouse Over" library="SeleniumLibrary">
<arg>${SLIDER_NEXT_BUTTON}</arg>
<doc>Simulates hovering the mouse over the element ``locator``.</doc>
<msg timestamp="20220617 12:18:00.524" level="INFO">Simulating Mouse Over on element 'xpath=//a[@data-slide='next']'.</msg>
<status status="PASS" starttime="20220617 12:18:00.524" endtime="20220617 12:18:00.807"/>
</kw>
<kw name="Click Element" library="SeleniumLibrary">
<arg>${SLIDER_NEXT_BUTTON}</arg>
<doc>Click the element identified by ``locator``.</doc>
<msg timestamp="20220617 12:18:00.808" level="INFO">Clicking element 'xpath=//a[@data-slide='next']'.</msg>
<status status="PASS" starttime="20220617 12:18:00.807" endtime="20220617 12:18:00.834"/>
</kw>
<kw name="Sleep" library="BuiltIn">
<arg>1s</arg>
<doc>Pauses the test executed for the given time.</doc>
<msg timestamp="20220617 12:18:01.841" level="INFO">Slept 1 second</msg>
<status status="PASS" starttime="20220617 12:18:00.834" endtime="20220617 12:18:01.841"/>
</kw>
<status status="PASS" starttime="20220617 12:18:00.524" endtime="20220617 12:18:01.841"/>
</iter>
<iter>
<var name="${i}">12</var>
<kw name="Mouse Over" library="SeleniumLibrary">
<arg>${SLIDER_NEXT_BUTTON}</arg>
<doc>Simulates hovering the mouse over the element ``locator``.</doc>
<msg timestamp="20220617 12:18:01.842" level="INFO">Simulating Mouse Over on element 'xpath=//a[@data-slide='next']'.</msg>
<status status="PASS" starttime="20220617 12:18:01.841" endtime="20220617 12:18:02.120"/>
</kw>
<kw name="Click Element" library="SeleniumLibrary">
<arg>${SLIDER_NEXT_BUTTON}</arg>
<doc>Click the element identified by ``locator``.</doc>
<msg timestamp="20220617 12:18:02.120" level="INFO">Clicking element 'xpath=//a[@data-slide='next']'.</msg>
<status status="PASS" starttime="20220617 12:18:02.120" endtime="20220617 12:18:02.145"/>
</kw>
<kw name="Sleep" library="BuiltIn">
<arg>1s</arg>
<doc>Pauses the test executed for the given time.</doc>
<msg timestamp="20220617 12:18:03.156" level="INFO">Slept 1 second</msg>
<status status="PASS" starttime="20220617 12:18:02.145" endtime="20220617 12:18:03.156"/>
</kw>
<status status="PASS" starttime="20220617 12:18:01.841" endtime="20220617 12:18:03.156"/>
</iter>
<iter>
<var name="${i}">13</var>
<kw name="Mouse Over" library="SeleniumLibrary">
<arg>${SLIDER_NEXT_BUTTON}</arg>
<doc>Simulates hovering the mouse over the element ``locator``.</doc>
<msg timestamp="20220617 12:18:03.156" level="INFO">Simulating Mouse Over on element 'xpath=//a[@data-slide='next']'.</msg>
<status status="PASS" starttime="20220617 12:18:03.156" endtime="20220617 12:18:03.437"/>
</kw>
<kw name="Click Element" library="SeleniumLibrary">
<arg>${SLIDER_NEXT_BUTTON}</arg>
<doc>Click the element identified by ``locator``.</doc>
<msg timestamp="20220617 12:18:03.437" level="INFO">Clicking element 'xpath=//a[@data-slide='next']'.</msg>
<status status="PASS" starttime="20220617 12:18:03.437" endtime="20220617 12:18:03.462"/>
</kw>
<kw name="Sleep" library="BuiltIn">
<arg>1s</arg>
<doc>Pauses the test executed for the given time.</doc>
<msg timestamp="20220617 12:18:04.475" level="INFO">Slept 1 second</msg>
<status status="PASS" starttime="20220617 12:18:03.463" endtime="20220617 12:18:04.475"/>
</kw>
<status status="PASS" starttime="20220617 12:18:03.156" endtime="20220617 12:18:04.475"/>
</iter>
<iter>
<var name="${i}">14</var>
<kw name="Mouse Over" library="SeleniumLibrary">
<arg>${SLIDER_NEXT_BUTTON}</arg>
<doc>Simulates hovering the mouse over the element ``locator``.</doc>
<msg timestamp="20220617 12:18:04.475" level="INFO">Simulating Mouse Over on element 'xpath=//a[@data-slide='next']'.</msg>
<status status="PASS" starttime="20220617 12:18:04.475" endtime="20220617 12:18:04.758"/>
</kw>
<kw name="Click Element" library="SeleniumLibrary">
<arg>${SLIDER_NEXT_BUTTON}</arg>
<doc>Click the element identified by ``locator``.</doc>
<msg timestamp="20220617 12:18:04.759" level="INFO">Clicking element 'xpath=//a[@data-slide='next']'.</msg>
<status status="PASS" starttime="20220617 12:18:04.759" endtime="20220617 12:18:04.792"/>
</kw>
<kw name="Sleep" library="BuiltIn">
<arg>1s</arg>
<doc>Pauses the test executed for the given time.</doc>
<msg timestamp="20220617 12:18:05.807" level="INFO">Slept 1 second</msg>
<status status="PASS" starttime="20220617 12:18:04.792" endtime="20220617 12:18:05.807"/>
</kw>
<status status="PASS" starttime="20220617 12:18:04.475" endtime="20220617 12:18:05.807"/>
</iter>
<iter>
<var name="${i}">15</var>
<kw name="Mouse Over" library="SeleniumLibrary">
<arg>${SLIDER_NEXT_BUTTON}</arg>
<doc>Simulates hovering the mouse over the element ``locator``.</doc>
<msg timestamp="20220617 12:18:05.807" level="INFO">Simulating Mouse Over on element 'xpath=//a[@data-slide='next']'.</msg>
<status status="PASS" starttime="20220617 12:18:05.807" endtime="20220617 12:18:06.086"/>
</kw>
<kw name="Click Element" library="SeleniumLibrary">
<arg>${SLIDER_NEXT_BUTTON}</arg>
<doc>Click the element identified by ``locator``.</doc>
<msg timestamp="20220617 12:18:06.087" level="INFO">Clicking element 'xpath=//a[@data-slide='next']'.</msg>
<status status="PASS" starttime="20220617 12:18:06.086" endtime="20220617 12:18:06.114"/>
</kw>
<kw name="Sleep" library="BuiltIn">
<arg>1s</arg>
<doc>Pauses the test executed for the given time.</doc>
<msg timestamp="20220617 12:18:07.124" level="INFO">Slept 1 second</msg>
<status status="PASS" starttime="20220617 12:18:06.114" endtime="20220617 12:18:07.124"/>
</kw>
<status status="PASS" starttime="20220617 12:18:05.807" endtime="20220617 12:18:07.124"/>
</iter>
<iter>
<var name="${i}">16</var>
<kw name="Mouse Over" library="SeleniumLibrary">
<arg>${SLIDER_NEXT_BUTTON}</arg>
<doc>Simulates hovering the mouse over the element ``locator``.</doc>
<msg timestamp="20220617 12:18:07.125" level="INFO">Simulating Mouse Over on element 'xpath=//a[@data-slide='next']'.</msg>
<status status="PASS" starttime="20220617 12:18:07.124" endtime="20220617 12:18:07.404"/>
</kw>
<kw name="Click Element" library="SeleniumLibrary">
<arg>${SLIDER_NEXT_BUTTON}</arg>
<doc>Click the element identified by ``locator``.</doc>
<msg timestamp="20220617 12:18:07.404" level="INFO">Clicking element 'xpath=//a[@data-slide='next']'.</msg>
<status status="PASS" starttime="20220617 12:18:07.404" endtime="20220617 12:18:07.430"/>
</kw>
<kw name="Sleep" library="BuiltIn">
<arg>1s</arg>
<doc>Pauses the test executed for the given time.</doc>
<msg timestamp="20220617 12:18:08.446" level="INFO">Slept 1 second</msg>
<status status="PASS" starttime="20220617 12:18:07.430" endtime="20220617 12:18:08.446"/>
</kw>
<status status="PASS" starttime="20220617 12:18:07.124" endtime="20220617 12:18:08.446"/>
</iter>
<iter>
<var name="${i}">17</var>
<kw name="Mouse Over" library="SeleniumLibrary">
<arg>${SLIDER_NEXT_BUTTON}</arg>
<doc>Simulates hovering the mouse over the element ``locator``.</doc>
<msg timestamp="20220617 12:18:08.447" level="INFO">Simulating Mouse Over on element 'xpath=//a[@data-slide='next']'.</msg>
<status status="PASS" starttime="20220617 12:18:08.446" endtime="20220617 12:18:08.713"/>
</kw>
<kw name="Click Element" library="SeleniumLibrary">
<arg>${SLIDER_NEXT_BUTTON}</arg>
<doc>Click the element identified by ``locator``.</doc>
<msg timestamp="20220617 12:18:08.713" level="INFO">Clicking element 'xpath=//a[@data-slide='next']'.</msg>
<status status="PASS" starttime="20220617 12:18:08.713" endtime="20220617 12:18:08.740"/>
</kw>
<kw name="Sleep" library="BuiltIn">
<arg>1s</arg>
<doc>Pauses the test executed for the given time.</doc>
<msg timestamp="20220617 12:18:09.742" level="INFO">Slept 1 second</msg>
<status status="PASS" starttime="20220617 12:18:08.740" endtime="20220617 12:18:09.742"/>
</kw>
<status status="PASS" starttime="20220617 12:18:08.446" endtime="20220617 12:18:09.742"/>
</iter>
<iter>
<var name="${i}">18</var>
<kw name="Mouse Over" library="SeleniumLibrary">
<arg>${SLIDER_NEXT_BUTTON}</arg>
<doc>Simulates hovering the mouse over the element ``locator``.</doc>
<msg timestamp="20220617 12:18:09.743" level="INFO">Simulating Mouse Over on element 'xpath=//a[@data-slide='next']'.</msg>
<status status="PASS" starttime="20220617 12:18:09.742" endtime="20220617 12:18:10.020"/>
</kw>
<kw name="Click Element" library="SeleniumLibrary">
<arg>${SLIDER_NEXT_BUTTON}</arg>
<doc>Click the element identified by ``locator``.</doc>
<msg timestamp="20220617 12:18:10.021" level="INFO">Clicking element 'xpath=//a[@data-slide='next']'.</msg>
<status status="PASS" starttime="20220617 12:18:10.020" endtime="20220617 12:18:10.051"/>
</kw>
<kw name="Sleep" library="BuiltIn">
<arg>1s</arg>
<doc>Pauses the test executed for the given time.</doc>
<msg timestamp="20220617 12:18:11.063" level="INFO">Slept 1 second</msg>
<status status="PASS" starttime="20220617 12:18:10.051" endtime="20220617 12:18:11.063"/>
</kw>
<status status="PASS" starttime="20220617 12:18:09.742" endtime="20220617 12:18:11.063"/>
</iter>
<iter>
<var name="${i}">19</var>
<kw name="Mouse Over" library="SeleniumLibrary">
<arg>${SLIDER_NEXT_BUTTON}</arg>
<doc>Simulates hovering the mouse over the element ``locator``.</doc>
<msg timestamp="20220617 12:18:11.064" level="INFO">Simulating Mouse Over on element 'xpath=//a[@data-slide='next']'.</msg>
<status status="PASS" starttime="20220617 12:18:11.063" endtime="20220617 12:18:11.329"/>
</kw>
<kw name="Click Element" library="SeleniumLibrary">
<arg>${SLIDER_NEXT_BUTTON}</arg>
<doc>Click the element identified by ``locator``.</doc>
<msg timestamp="20220617 12:18:11.330" level="INFO">Clicking element 'xpath=//a[@data-slide='next']'.</msg>
<status status="PASS" starttime="20220617 12:18:11.330" endtime="20220617 12:18:11.355"/>
</kw>
<kw name="Sleep" library="BuiltIn">
<arg>1s</arg>
<doc>Pauses the test executed for the given time.</doc>
<msg timestamp="20220617 12:18:12.369" level="INFO">Slept 1 second</msg>
<status status="PASS" starttime="20220617 12:18:11.355" endtime="20220617 12:18:12.369"/>
</kw>
<status status="PASS" starttime="20220617 12:18:11.063" endtime="20220617 12:18:12.369"/>
</iter>
<iter>
<var name="${i}">20</var>
<kw name="Mouse Over" library="SeleniumLibrary">
<arg>${SLIDER_NEXT_BUTTON}</arg>
<doc>Simulates hovering the mouse over the element ``locator``.</doc>
<msg timestamp="20220617 12:18:12.369" level="INFO">Simulating Mouse Over on element 'xpath=//a[@data-slide='next']'.</msg>
<status status="PASS" starttime="20220617 12:18:12.369" endtime="20220617 12:18:12.649"/>
</kw>
<kw name="Click Element" library="SeleniumLibrary">
<arg>${SLIDER_NEXT_BUTTON}</arg>
<doc>Click the element identified by ``locator``.</doc>
<msg timestamp="20220617 12:18:12.649" level="INFO">Clicking element 'xpath=//a[@data-slide='next']'.</msg>
<status status="PASS" starttime="20220617 12:18:12.649" endtime="20220617 12:18:12.674"/>
</kw>
<kw name="Sleep" library="BuiltIn">
<arg>1s</arg>
<doc>Pauses the test executed for the given time.</doc>
<msg timestamp="20220617 12:18:13.688" level="INFO">Slept 1 second</msg>
<status status="PASS" starttime="20220617 12:18:12.674" endtime="20220617 12:18:13.688"/>
</kw>
<status status="PASS" starttime="20220617 12:18:12.369" endtime="20220617 12:18:13.688"/>
</iter>
<iter>
<var name="${i}">21</var>
<kw name="Mouse Over" library="SeleniumLibrary">
<arg>${SLIDER_NEXT_BUTTON}</arg>
<doc>Simulates hovering the mouse over the element ``locator``.</doc>
<msg timestamp="20220617 12:18:13.689" level="INFO">Simulating Mouse Over on element 'xpath=//a[@data-slide='next']'.</msg>
<status status="PASS" starttime="20220617 12:18:13.688" endtime="20220617 12:18:13.968"/>
</kw>
<kw name="Click Element" library="SeleniumLibrary">
<arg>${SLIDER_NEXT_BUTTON}</arg>
<doc>Click the element identified by ``locator``.</doc>
<msg timestamp="20220617 12:18:13.969" level="INFO">Clicking element 'xpath=//a[@data-slide='next']'.</msg>
<status status="PASS" starttime="20220617 12:18:13.968" endtime="20220617 12:18:13.997"/>
</kw>
<kw name="Sleep" library="BuiltIn">
<arg>1s</arg>
<doc>Pauses the test executed for the given time.</doc>
<msg timestamp="20220617 12:18:15.012" level="INFO">Slept 1 second</msg>
<status status="PASS" starttime="20220617 12:18:13.998" endtime="20220617 12:18:15.012"/>
</kw>
<status status="PASS" starttime="20220617 12:18:13.688" endtime="20220617 12:18:15.012"/>
</iter>
<status status="PASS" starttime="20220617 12:17:45.726" endtime="20220617 12:18:15.012"/>
</for>
<status status="PASS" starttime="20220617 12:17:45.725" endtime="20220617 12:18:15.012"/>
</kw>
<status status="PASS" starttime="20220617 12:17:45.724" endtime="20220617 12:18:15.012"/>
</kw>
<kw name="End Baykar Web Test" library="Common" type="TEARDOWN">
<kw name="Close Browser" library="SeleniumLibrary">
<doc>Closes the current browser.</doc>
<status status="PASS" starttime="20220617 12:18:15.013" endtime="20220617 12:18:17.169"/>
</kw>
<status status="PASS" starttime="20220617 12:18:15.013" endtime="20220617 12:18:17.169"/>
</kw>
<doc>All visitors should be able navigate main slider and see correct image/text</doc>
<tag>Main Slider</tag>
<tag>Smoke</tag>
<status status="PASS" starttime="20220617 12:17:39.821" endtime="20220617 12:18:17.170"/>
</test>
<status status="PASS" starttime="20220617 12:17:39.597" endtime="20220617 12:18:17.171"/>
</suite>
<status status="PASS" starttime="20220617 12:17:39.578" endtime="20220617 12:18:17.173"/>
</suite>
<statistics>
<total>
<stat pass="1" fail="0" skip="0">All Tests</stat>
</total>
<tag>
<stat pass="1" fail="0" skip="0">Main Slider</stat>
<stat pass="1" fail="0" skip="0">Smoke</stat>
</tag>
<suite>
<stat pass="1" fail="0" skip="0" id="s1" name="Tests">Tests</stat>
<stat pass="1" fail="0" skip="0" id="s1-s1" name="Kariyer.Baykartech">Tests.Kariyer.Baykartech</stat>
</suite>
</statistics>
<errors>
<msg timestamp="20220617 12:17:39.805" level="WARN">Imported resource file 'C:\Users\byuks\Desktop\QA\QA-Test-Automation-Baykar\Resources\PO\Footer.robot' is empty.</msg>
<msg timestamp="20220617 12:17:39.809" level="WARN">Imported resource file 'C:\Users\byuks\Desktop\QA\QA-Test-Automation-Baykar\Resources\PO\Kariyer.robot' is empty.</msg>
<msg timestamp="20220617 12:17:39.811" level="WARN">Imported resource file 'C:\Users\byuks\Desktop\QA\QA-Test-Automation-Baykar\Resources\PO\Staj.robot' is empty.</msg>
</errors>
</robot>
