<?xml version="1.0" encoding="UTF-8"?>
<robot generator="Robot 5.0.1 (Python 3.9.7 on win32)" generated="20220720 14:10:18.887" rpa="false" schemaversion="3">
<suite id="s1" name="Tests" source="C:\Users\byuks\Desktop\QA\QA-Test-Automation-Baykar\tests">
<suite id="s1-s1" name="Kariyer.Baykartech" source="C:\Users\byuks\Desktop\QA\QA-Test-Automation-Baykar\tests\Kariyer.Baykartech.robot">
<test id="s1-s1-t1" name="Visitor should be able click and see all &quot;Staj&quot; section pages" line="39">
<kw name="Start Baykar Web Test" library="Common" type="SETUP">
<arg>${BROWSER}</arg>
<kw name="Open Browser" library="SeleniumLibrary">
<arg>about:blank</arg>
<arg>${BROWSER}</arg>
<doc>Opens a new browser instance to the optional ``url``.</doc>
<msg timestamp="20220720 14:10:19.159" level="INFO">Opening browser 'edge' to base url 'about:blank'.</msg>
<status status="PASS" starttime="20220720 14:10:19.159" endtime="20220720 14:10:20.249"/>
</kw>
<kw name="Maximize Browser Window" library="SeleniumLibrary">
<doc>Maximizes current browser window.</doc>
<status status="PASS" starttime="20220720 14:10:20.250" endtime="20220720 14:10:20.381"/>
</kw>
<status status="PASS" starttime="20220720 14:10:19.159" endtime="20220720 14:10:20.381"/>
</kw>
<kw name="Open Website" library="Common">
<arg>${SITE_URL}${RUN_LANG}</arg>
<kw name="Go To" library="SeleniumLibrary">
<arg>${SITE_URL}\/</arg>
<doc>Navigates the current browser window to the provided ``url``.</doc>
<msg timestamp="20220720 14:10:20.383" level="INFO">Opening url 'https://kariyer.baykartech.com/en/'</msg>
<status status="PASS" starttime="20220720 14:10:20.382" endtime="20220720 14:10:34.367"/>
</kw>
<status status="PASS" starttime="20220720 14:10:20.382" endtime="20220720 14:10:34.367"/>
</kw>
<kw name="Verify Page Loaded" library="Common">
<arg>${RUN_LANG}</arg>
<doc>Verify all pages successfully loaded</doc>
<kw name="Wait Until Element Is Enabled" library="SeleniumLibrary">
<arg>${BAYKAR_LOGO_${LANG}}</arg>
<doc>Waits until the element ``locator`` is enabled.</doc>
<status status="PASS" starttime="20220720 14:10:34.368" endtime="20220720 14:10:34.399"/>
</kw>
<kw name="Run Keyword And Return Status" library="BuiltIn">
<var>${check_loader}</var>
<arg>Element Should Be Visible</arg>
<arg>${PRE_LOADER}</arg>
<doc>Runs the given keyword with given arguments and returns the status as a Boolean value.</doc>
<kw name="Element Should Be Visible" library="SeleniumLibrary">
<arg>${PRE_LOADER}</arg>
<doc>Verifies that the element identified by ``locator`` is visible.</doc>
<msg timestamp="20220720 14:10:34.418" level="INFO">Element 'xpath=//div[@class='se-pre-con']' is displayed.</msg>
<status status="PASS" starttime="20220720 14:10:34.400" endtime="20220720 14:10:34.418"/>
</kw>
<msg timestamp="20220720 14:10:34.418" level="INFO">${check_loader} = True</msg>
<status status="PASS" starttime="20220720 14:10:34.400" endtime="20220720 14:10:34.418"/>
</kw>
<kw name="Run Keyword If" library="BuiltIn">
<arg>${check_loader}</arg>
<arg>Wait Until Element Is Not Visible</arg>
<arg>${PRE_LOADER}</arg>
<doc>Runs the given keyword with the given arguments, if ``condition`` is true.</doc>
<kw name="Wait Until Element Is Not Visible" library="SeleniumLibrary">
<arg>${PRE_LOADER}</arg>
<doc>Waits until the element ``locator`` is not visible.</doc>
<status status="PASS" starttime="20220720 14:10:34.418" endtime="20220720 14:10:35.092"/>
</kw>
<status status="PASS" starttime="20220720 14:10:34.418" endtime="20220720 14:10:35.092"/>
</kw>
<status status="PASS" starttime="20220720 14:10:34.367" endtime="20220720 14:10:35.092"/>
</kw>
<kw name="Click &quot;Staj&quot; Section Dropdowns and Check Page" library="Kariyer.Baykartech.App">
<kw name="Click &quot;Staj Dönemleri&quot; Dropdown" library="Navbar">
<doc>Clicks Staj Dönemleri dropdown in Staj section</doc>
<kw name="Set Variable" library="BuiltIn">
<var>${sec_num}</var>
<arg>${STAJ_SECTION_NUMBER}</arg>
<doc>Returns the given values which can then be assigned to a variables.</doc>
<msg timestamp="20220720 14:10:35.093" level="INFO">${sec_num} = 3</msg>
<status status="PASS" starttime="20220720 14:10:35.093" endtime="20220720 14:10:35.093"/>
</kw>
<kw name="Run Keyword" library="BuiltIn">
<arg>Mouse Over "Staj" Section</arg>
<doc>Executes the given keyword with the given arguments.</doc>
<kw name="Mouse Over &quot;Staj&quot; Section" library="Navbar">
<kw name="Set Variable" library="BuiltIn">
<var>${sec_num}</var>
<arg>${STAJ_SECTION_NUMBER}</arg>
<doc>Returns the given values which can then be assigned to a variables.</doc>
<msg timestamp="20220720 14:10:35.094" level="INFO">${sec_num} = 3</msg>
<status status="PASS" starttime="20220720 14:10:35.094" endtime="20220720 14:10:35.094"/>
</kw>
<kw name="Mouse Over" library="SeleniumLibrary">
<arg>${NAVBAR_SECTION}\[${sec_num}\]</arg>
<doc>Simulates hovering the mouse over the element ``locator``.</doc>
<msg timestamp="20220720 14:10:35.094" level="INFO">Simulating Mouse Over on element 'xpath=//*[@id="navbar-menu"]/ul/li[3]'.</msg>
<status status="PASS" starttime="20220720 14:10:35.094" endtime="20220720 14:10:35.378"/>
</kw>
<kw name="Wait Until Element Is Visible" library="SeleniumLibrary">
<arg>${NAVBAR_SECTION}\[${sec_num}\]${DROPDOWN_ELEMENT}\[1]/a</arg>
<doc>Waits until the element ``locator`` is visible.</doc>
<status status="PASS" starttime="20220720 14:10:35.378" endtime="20220720 14:10:35.394"/>
</kw>
<status status="PASS" starttime="20220720 14:10:35.094" endtime="20220720 14:10:35.394"/>
</kw>
<status status="PASS" starttime="20220720 14:10:35.094" endtime="20220720 14:10:35.394"/>
</kw>
<kw name="Click Link" library="SeleniumLibrary">
<arg>${NAVBAR_SECTION}\[${sec_num}\]${DROPDOWN_ELEMENT}\[1]/a</arg>
<doc>Clicks a link identified by ``locator``.</doc>
<msg timestamp="20220720 14:10:35.395" level="INFO">Clicking link 'xpath=//*[@id="navbar-menu"]/ul/li[3]/ul/li[1]/a'.</msg>
<status status="PASS" starttime="20220720 14:10:35.394" endtime="20220720 14:10:36.626"/>
</kw>
<status status="PASS" starttime="20220720 14:10:35.093" endtime="20220720 14:10:36.626"/>
</kw>
<kw name="Verify &quot;Staj Dönemleri&quot; in show" library="Staj">
<kw name="Wait Until Element Is Visible" library="SeleniumLibrary">
<arg>${DONEM_VERIFY_ELEMENT}</arg>
<doc>Waits until the element ``locator`` is visible.</doc>
<status status="PASS" starttime="20220720 14:10:36.627" endtime="20220720 14:10:36.642"/>
</kw>
<kw name="Page Should Contain Element" library="SeleniumLibrary">
<arg>${DONEM_VERIFY_ELEMENT}</arg>
<doc>Verifies that element ``locator`` is found on the current page.</doc>
<msg timestamp="20220720 14:10:36.649" level="INFO">Current page contains element 'xpath=//div[@id='seasons']'.</msg>
<status status="PASS" starttime="20220720 14:10:36.643" endtime="20220720 14:10:36.650"/>
</kw>
<status status="PASS" starttime="20220720 14:10:36.626" endtime="20220720 14:10:36.650"/>
</kw>
<kw name="Scroll to Top of The Page" library="Common">
<kw name="Run Keyword And Ignore Error" library="BuiltIn">
<arg>Execute javascript</arg>
<arg>window.scrollTo(0,0)</arg>
<doc>Runs the given keyword with the given arguments and ignores possible error.</doc>
<kw name="Execute Javascript" library="SeleniumLibrary">
<arg>window.scrollTo(0,0)</arg>
<doc>Executes the given JavaScript code with possible arguments.</doc>
<msg timestamp="20220720 14:10:36.651" level="INFO">Executing JavaScript:
window.scrollTo(0,0)
Without any arguments.</msg>
<status status="PASS" starttime="20220720 14:10:36.651" endtime="20220720 14:10:36.656"/>
</kw>
<status status="PASS" starttime="20220720 14:10:36.650" endtime="20220720 14:10:36.656"/>
</kw>
<status status="PASS" starttime="20220720 14:10:36.650" endtime="20220720 14:10:36.656"/>
</kw>
<kw name="Click &quot;Staj Takvimi&quot; Dropdown" library="Navbar">
<doc>Clicks Staj Takvimi dropdown in Staj section</doc>
<kw name="Set Variable" library="BuiltIn">
<var>${sec_num}</var>
<arg>${STAJ_SECTION_NUMBER}</arg>
<doc>Returns the given values which can then be assigned to a variables.</doc>
<msg timestamp="20220720 14:10:36.657" level="INFO">${sec_num} = 3</msg>
<status status="PASS" starttime="20220720 14:10:36.657" endtime="20220720 14:10:36.657"/>
</kw>
<kw name="Run Keyword" library="BuiltIn">
<arg>Mouse Over "Staj" Section</arg>
<doc>Executes the given keyword with the given arguments.</doc>
<kw name="Mouse Over &quot;Staj&quot; Section" library="Navbar">
<kw name="Set Variable" library="BuiltIn">
<var>${sec_num}</var>
<arg>${STAJ_SECTION_NUMBER}</arg>
<doc>Returns the given values which can then be assigned to a variables.</doc>
<msg timestamp="20220720 14:10:36.658" level="INFO">${sec_num} = 3</msg>
<status status="PASS" starttime="20220720 14:10:36.657" endtime="20220720 14:10:36.658"/>
</kw>
<kw name="Mouse Over" library="SeleniumLibrary">
<arg>${NAVBAR_SECTION}\[${sec_num}\]</arg>
<doc>Simulates hovering the mouse over the element ``locator``.</doc>
<msg timestamp="20220720 14:10:36.658" level="INFO">Simulating Mouse Over on element 'xpath=//*[@id="navbar-menu"]/ul/li[3]'.</msg>
<status status="PASS" starttime="20220720 14:10:36.658" endtime="20220720 14:10:36.935"/>
</kw>
<kw name="Wait Until Element Is Visible" library="SeleniumLibrary">
<arg>${NAVBAR_SECTION}\[${sec_num}\]${DROPDOWN_ELEMENT}\[1]/a</arg>
<doc>Waits until the element ``locator`` is visible.</doc>
<status status="PASS" starttime="20220720 14:10:36.935" endtime="20220720 14:10:36.949"/>
</kw>
<status status="PASS" starttime="20220720 14:10:36.657" endtime="20220720 14:10:36.949"/>
</kw>
<status status="PASS" starttime="20220720 14:10:36.657" endtime="20220720 14:10:36.949"/>
</kw>
<kw name="Click Link" library="SeleniumLibrary">
<arg>${NAVBAR_SECTION}\[${sec_num}\]${DROPDOWN_ELEMENT}\[2]/a</arg>
<doc>Clicks a link identified by ``locator``.</doc>
<msg timestamp="20220720 14:10:36.950" level="INFO">Clicking link 'xpath=//*[@id="navbar-menu"]/ul/li[3]/ul/li[2]/a'.</msg>
<status status="PASS" starttime="20220720 14:10:36.949" endtime="20220720 14:10:36.993"/>
</kw>
<status status="PASS" starttime="20220720 14:10:36.656" endtime="20220720 14:10:36.993"/>
</kw>
<kw name="Verify &quot;Staj Takvimi&quot; in show" library="Staj">
<kw name="Wait Until Element Is Visible" library="SeleniumLibrary">
<arg>${TAKVIM_VERIFY_ELEMENT}</arg>
<doc>Waits until the element ``locator`` is visible.</doc>
<status status="PASS" starttime="20220720 14:10:36.994" endtime="20220720 14:10:37.018"/>
</kw>
<kw name="Page Should Contain Element" library="SeleniumLibrary">
<arg>${TAKVIM_VERIFY_ELEMENT}</arg>
<doc>Verifies that element ``locator`` is found on the current page.</doc>
<msg timestamp="20220720 14:10:37.024" level="INFO">Current page contains element 'xpath=//div[@id='calendar']'.</msg>
<status status="PASS" starttime="20220720 14:10:37.018" endtime="20220720 14:10:37.024"/>
</kw>
<status status="PASS" starttime="20220720 14:10:36.993" endtime="20220720 14:10:37.024"/>
</kw>
<kw name="Click &quot;Staj SSS&quot; Dropdown" library="Navbar">
<doc>Clicks Staj SSS dropdown in Staj section</doc>
<kw name="Set Variable" library="BuiltIn">
<var>${sec_num}</var>
<arg>${STAJ_SECTION_NUMBER}</arg>
<doc>Returns the given values which can then be assigned to a variables.</doc>
<msg timestamp="20220720 14:10:37.025" level="INFO">${sec_num} = 3</msg>
<status status="PASS" starttime="20220720 14:10:37.024" endtime="20220720 14:10:37.025"/>
</kw>
<kw name="Run Keyword" library="BuiltIn">
<arg>Mouse Over "Staj" Section</arg>
<doc>Executes the given keyword with the given arguments.</doc>
<kw name="Mouse Over &quot;Staj&quot; Section" library="Navbar">
<kw name="Set Variable" library="BuiltIn">
<var>${sec_num}</var>
<arg>${STAJ_SECTION_NUMBER}</arg>
<doc>Returns the given values which can then be assigned to a variables.</doc>
<msg timestamp="20220720 14:10:37.025" level="INFO">${sec_num} = 3</msg>
<status status="PASS" starttime="20220720 14:10:37.025" endtime="20220720 14:10:37.025"/>
</kw>
<kw name="Mouse Over" library="SeleniumLibrary">
<arg>${NAVBAR_SECTION}\[${sec_num}\]</arg>
<doc>Simulates hovering the mouse over the element ``locator``.</doc>
<msg timestamp="20220720 14:10:37.026" level="INFO">Simulating Mouse Over on element 'xpath=//*[@id="navbar-menu"]/ul/li[3]'.</msg>
<status status="PASS" starttime="20220720 14:10:37.025" endtime="20220720 14:10:37.309"/>
</kw>
<kw name="Wait Until Element Is Visible" library="SeleniumLibrary">
<arg>${NAVBAR_SECTION}\[${sec_num}\]${DROPDOWN_ELEMENT}\[1]/a</arg>
<doc>Waits until the element ``locator`` is visible.</doc>
<status status="PASS" starttime="20220720 14:10:37.309" endtime="20220720 14:10:37.324"/>
</kw>
<status status="PASS" starttime="20220720 14:10:37.025" endtime="20220720 14:10:37.324"/>
</kw>
<status status="PASS" starttime="20220720 14:10:37.025" endtime="20220720 14:10:37.324"/>
</kw>
<kw name="Click Link" library="SeleniumLibrary">
<arg>${NAVBAR_SECTION}\[${sec_num}\]${DROPDOWN_ELEMENT}\[3]/a</arg>
<doc>Clicks a link identified by ``locator``.</doc>
<msg timestamp="20220720 14:10:37.324" level="INFO">Clicking link 'xpath=//*[@id="navbar-menu"]/ul/li[3]/ul/li[3]/a'.</msg>
<status status="PASS" starttime="20220720 14:10:37.324" endtime="20220720 14:10:37.362"/>
</kw>
<status status="PASS" starttime="20220720 14:10:37.024" endtime="20220720 14:10:37.363"/>
</kw>
<kw name="Verify &quot;Staj SSS&quot; in show" library="Staj">
<kw name="Wait Until Element Is Visible" library="SeleniumLibrary">
<arg>${SSS_VERIFY_ELEMENT}</arg>
<doc>Waits until the element ``locator`` is visible.</doc>
<status status="PASS" starttime="20220720 14:10:37.363" endtime="20220720 14:10:37.380"/>
</kw>
<kw name="Page Should Contain Element" library="SeleniumLibrary">
<arg>${SSS_VERIFY_ELEMENT}</arg>
<doc>Verifies that element ``locator`` is found on the current page.</doc>
<msg timestamp="20220720 14:10:37.385" level="INFO">Current page contains element 'xpath=//div[@id='faqs']/div[@id='sss']'.</msg>
<status status="PASS" starttime="20220720 14:10:37.380" endtime="20220720 14:10:37.385"/>
</kw>
<status status="PASS" starttime="20220720 14:10:37.363" endtime="20220720 14:10:37.386"/>
</kw>
<status status="PASS" starttime="20220720 14:10:35.093" endtime="20220720 14:10:37.386"/>
</kw>
<kw name="Check and click &quot;Staj Dönemleri&quot; section" library="Kariyer.Baykartech.App">
<arg>${RUN_LANG}</arg>
<kw name="Click &quot;Staj Dönemleri&quot; Dropdown" library="Navbar">
<doc>Clicks Staj Dönemleri dropdown in Staj section</doc>
<kw name="Set Variable" library="BuiltIn">
<var>${sec_num}</var>
<arg>${STAJ_SECTION_NUMBER}</arg>
<doc>Returns the given values which can then be assigned to a variables.</doc>
<msg timestamp="20220720 14:10:37.387" level="INFO">${sec_num} = 3</msg>
<status status="PASS" starttime="20220720 14:10:37.387" endtime="20220720 14:10:37.387"/>
</kw>
<kw name="Run Keyword" library="BuiltIn">
<arg>Mouse Over "Staj" Section</arg>
<doc>Executes the given keyword with the given arguments.</doc>
<kw name="Mouse Over &quot;Staj&quot; Section" library="Navbar">
<kw name="Set Variable" library="BuiltIn">
<var>${sec_num}</var>
<arg>${STAJ_SECTION_NUMBER}</arg>
<doc>Returns the given values which can then be assigned to a variables.</doc>
<msg timestamp="20220720 14:10:37.388" level="INFO">${sec_num} = 3</msg>
<status status="PASS" starttime="20220720 14:10:37.387" endtime="20220720 14:10:37.388"/>
</kw>
<kw name="Mouse Over" library="SeleniumLibrary">
<arg>${NAVBAR_SECTION}\[${sec_num}\]</arg>
<doc>Simulates hovering the mouse over the element ``locator``.</doc>
<msg timestamp="20220720 14:10:37.388" level="INFO">Simulating Mouse Over on element 'xpath=//*[@id="navbar-menu"]/ul/li[3]'.</msg>
<status status="PASS" starttime="20220720 14:10:37.388" endtime="20220720 14:10:37.665"/>
</kw>
<kw name="Wait Until Element Is Visible" library="SeleniumLibrary">
<arg>${NAVBAR_SECTION}\[${sec_num}\]${DROPDOWN_ELEMENT}\[1]/a</arg>
<doc>Waits until the element ``locator`` is visible.</doc>
<status status="PASS" starttime="20220720 14:10:37.665" endtime="20220720 14:10:37.693"/>
</kw>
<status status="PASS" starttime="20220720 14:10:37.387" endtime="20220720 14:10:37.693"/>
</kw>
<status status="PASS" starttime="20220720 14:10:37.387" endtime="20220720 14:10:37.693"/>
</kw>
<kw name="Click Link" library="SeleniumLibrary">
<arg>${NAVBAR_SECTION}\[${sec_num}\]${DROPDOWN_ELEMENT}\[1]/a</arg>
<doc>Clicks a link identified by ``locator``.</doc>
<msg timestamp="20220720 14:10:37.693" level="INFO">Clicking link 'xpath=//*[@id="navbar-menu"]/ul/li[3]/ul/li[1]/a'.</msg>
<status status="PASS" starttime="20220720 14:10:37.693" endtime="20220720 14:10:37.739"/>
</kw>
<status status="PASS" starttime="20220720 14:10:37.387" endtime="20220720 14:10:37.740"/>
</kw>
<kw name="Verify &quot;Staj Dönemleri&quot; in show" library="Staj">
<kw name="Wait Until Element Is Visible" library="SeleniumLibrary">
<arg>${DONEM_VERIFY_ELEMENT}</arg>
<doc>Waits until the element ``locator`` is visible.</doc>
<status status="PASS" starttime="20220720 14:10:37.740" endtime="20220720 14:10:37.756"/>
</kw>
<kw name="Page Should Contain Element" library="SeleniumLibrary">
<arg>${DONEM_VERIFY_ELEMENT}</arg>
<doc>Verifies that element ``locator`` is found on the current page.</doc>
<msg timestamp="20220720 14:10:37.764" level="INFO">Current page contains element 'xpath=//div[@id='seasons']'.</msg>
<status status="PASS" starttime="20220720 14:10:37.756" endtime="20220720 14:10:37.764"/>
</kw>
<status status="PASS" starttime="20220720 14:10:37.740" endtime="20220720 14:10:37.764"/>
</kw>
<kw name="Run Keyword And Continue On Failure" library="BuiltIn">
<arg>Staj.Check "Staj Dönemleri" Displays Correct Text by Language</arg>
<arg>${LANG}</arg>
<doc>Runs the keyword and continues execution even if a failure occurs.</doc>
<kw name="Check &quot;Staj Dönemleri&quot; Displays Correct Text by Language" library="Staj">
<arg>${LANG}</arg>
<kw name="Run Keyword If" library="BuiltIn">
<arg>"${LANG}" == "tr"</arg>
<arg>Element Text Should Be</arg>
<arg>${AUTUMN_TERM}</arg>
<arg>GÜZ DÖNEMİ</arg>
<arg>ELSE IF</arg>
<arg>"${LANG}" == "en"</arg>
<arg>Element Text Should Be</arg>
<arg>${AUTUMN_TERM}</arg>
<arg>AUTUMN TERM</arg>
<doc>Runs the given keyword with the given arguments, if ``condition`` is true.</doc>
<kw name="Element Text Should Be" library="SeleniumLibrary">
<arg>${AUTUMN_TERM}</arg>
<arg>AUTUMN TERM</arg>
<doc>Verifies that element ``locator`` contains exact the text ``expected``.</doc>
<msg timestamp="20220720 14:10:37.766" level="INFO">Verifying element 'xpath=//div[@class='owl-item active'][1]//div[@class='item']/a[contains(@href, '/application/open-positions-filter/')][1]' contains exact text 'AUTUMN TERM'.</msg>
<status status="PASS" starttime="20220720 14:10:37.766" endtime="20220720 14:10:37.787"/>
</kw>
<status status="PASS" starttime="20220720 14:10:37.766" endtime="20220720 14:10:37.787"/>
</kw>
<kw name="Run Keyword If" library="BuiltIn">
<arg>"${LANG}" == "tr"</arg>
<arg>Element Text Should Be</arg>
<arg>${SPRING_TERM}</arg>
<arg>BAHAR DÖNEMİ</arg>
<arg>ELSE IF</arg>
<arg>"${LANG}" == "en"</arg>
<arg>Element Text Should Be</arg>
<arg>${SPRING_TERM}</arg>
<arg>SPRING TERM</arg>
<doc>Runs the given keyword with the given arguments, if ``condition`` is true.</doc>
<kw name="Element Text Should Be" library="SeleniumLibrary">
<arg>${SPRING_TERM}</arg>
<arg>SPRING TERM</arg>
<doc>Verifies that element ``locator`` contains exact the text ``expected``.</doc>
<msg timestamp="20220720 14:10:37.787" level="INFO">Verifying element 'xpath=//div[@class='owl-item active'][2]//div[@class='item']/a[contains(@href, '/application/open-positions-filter/')][1]' contains exact text 'SPRING TERM'.</msg>
<status status="PASS" starttime="20220720 14:10:37.787" endtime="20220720 14:10:37.804"/>
</kw>
<status status="PASS" starttime="20220720 14:10:37.787" endtime="20220720 14:10:37.804"/>
</kw>
<kw name="Run Keyword If" library="BuiltIn">
<arg>"${LANG}" == "tr"</arg>
<arg>Element Text Should Be</arg>
<arg>${SUMMER_TERM}</arg>
<arg>YAZ DÖNEMİ</arg>
<arg>ELSE IF</arg>
<arg>"${LANG}" == "en"</arg>
<arg>Element Text Should Be</arg>
<arg>${SUMMER_TERM}</arg>
<arg>SUMMER TERM</arg>
<doc>Runs the given keyword with the given arguments, if ``condition`` is true.</doc>
<kw name="Element Text Should Be" library="SeleniumLibrary">
<arg>${SUMMER_TERM}</arg>
<arg>SUMMER TERM</arg>
<doc>Verifies that element ``locator`` contains exact the text ``expected``.</doc>
<msg timestamp="20220720 14:10:37.805" level="INFO">Verifying element 'xpath=//div[@class='owl-item active'][3]//div[@class='item']/a[contains(@href, '/application/open-positions-filter/')][1]' contains exact text 'SUMMER TERM'.</msg>
<status status="PASS" starttime="20220720 14:10:37.804" endtime="20220720 14:10:37.824"/>
</kw>
<status status="PASS" starttime="20220720 14:10:37.804" endtime="20220720 14:10:37.824"/>
</kw>
<status status="PASS" starttime="20220720 14:10:37.766" endtime="20220720 14:10:37.824"/>
</kw>
<status status="PASS" starttime="20220720 14:10:37.766" endtime="20220720 14:10:37.824"/>
</kw>
<kw name="Click &quot;Güz Dönemi&quot; Link" library="Staj">
<kw name="Click Link" library="SeleniumLibrary">
<arg>${AUTUMN_TERM}</arg>
<doc>Clicks a link identified by ``locator``.</doc>
<msg timestamp="20220720 14:10:37.824" level="INFO">Clicking link 'xpath=//div[@class='owl-item active'][1]//div[@class='item']/a[contains(@href, '/application/open-positions-filter/')][1]'.</msg>
<status status="PASS" starttime="20220720 14:10:37.824" endtime="20220720 14:10:38.287"/>
</kw>
<status status="PASS" starttime="20220720 14:10:37.824" endtime="20220720 14:10:38.287"/>
</kw>
<kw name="Verify Page Loaded" library="Application">
<kw name="Wait Until Element Is Visible" library="SeleniumLibrary">
<arg>${APPLICATION_VERIFY_ELEMENT}</arg>
<doc>Waits until the element ``locator`` is visible.</doc>
<status status="PASS" starttime="20220720 14:10:38.287" endtime="20220720 14:10:38.330"/>
</kw>
<kw name="Page Should Contain Element" library="SeleniumLibrary">
<arg>${APPLICATION_VERIFY_ELEMENT}</arg>
<doc>Verifies that element ``locator`` is found on the current page.</doc>
<msg timestamp="20220720 14:10:38.351" level="INFO">Current page contains element 'xpath=//input[@onkeyup='searchProgram()']'.</msg>
<status status="PASS" starttime="20220720 14:10:38.330" endtime="20220720 14:10:38.351"/>
</kw>
<status status="PASS" starttime="20220720 14:10:38.287" endtime="20220720 14:10:38.352"/>
</kw>
<kw name="Go Back" library="SeleniumLibrary">
<doc>Simulates the user clicking the back button on their browser.</doc>
<status status="PASS" starttime="20220720 14:10:38.352" endtime="20220720 14:10:38.486"/>
</kw>
<kw name="Click &quot;Bahar Dönemi&quot; Link" library="Staj">
<kw name="Click Link" library="SeleniumLibrary">
<arg>${SPRING_TERM}</arg>
<doc>Clicks a link identified by ``locator``.</doc>
<msg timestamp="20220720 14:10:38.487" level="INFO">Clicking link 'xpath=//div[@class='owl-item active'][2]//div[@class='item']/a[contains(@href, '/application/open-positions-filter/')][1]'.</msg>
<status status="PASS" starttime="20220720 14:10:38.487" endtime="20220720 14:10:39.203"/>
</kw>
<status status="PASS" starttime="20220720 14:10:38.486" endtime="20220720 14:10:39.204"/>
</kw>
<kw name="Verify Page Loaded" library="Application">
<kw name="Wait Until Element Is Visible" library="SeleniumLibrary">
<arg>${APPLICATION_VERIFY_ELEMENT}</arg>
<doc>Waits until the element ``locator`` is visible.</doc>
<status status="PASS" starttime="20220720 14:10:39.204" endtime="20220720 14:10:39.223"/>
</kw>
<kw name="Page Should Contain Element" library="SeleniumLibrary">
<arg>${APPLICATION_VERIFY_ELEMENT}</arg>
<doc>Verifies that element ``locator`` is found on the current page.</doc>
<msg timestamp="20220720 14:10:39.228" level="INFO">Current page contains element 'xpath=//input[@onkeyup='searchProgram()']'.</msg>
<status status="PASS" starttime="20220720 14:10:39.223" endtime="20220720 14:10:39.228"/>
</kw>
<status status="PASS" starttime="20220720 14:10:39.204" endtime="20220720 14:10:39.228"/>
</kw>
<kw name="Go Back" library="SeleniumLibrary">
<doc>Simulates the user clicking the back button on their browser.</doc>
<status status="PASS" starttime="20220720 14:10:39.228" endtime="20220720 14:10:39.348"/>
</kw>
<kw name="Click &quot;Yaz Dönemi&quot; Link" library="Staj">
<kw name="Click Link" library="SeleniumLibrary">
<arg>${SPRING_TERM}</arg>
<doc>Clicks a link identified by ``locator``.</doc>
<msg timestamp="20220720 14:10:39.349" level="INFO">Clicking link 'xpath=//div[@class='owl-item active'][2]//div[@class='item']/a[contains(@href, '/application/open-positions-filter/')][1]'.</msg>
<status status="PASS" starttime="20220720 14:10:39.349" endtime="20220720 14:10:40.054"/>
</kw>
<status status="PASS" starttime="20220720 14:10:39.348" endtime="20220720 14:10:40.055"/>
</kw>
<kw name="Verify Page Loaded" library="Application">
<kw name="Wait Until Element Is Visible" library="SeleniumLibrary">
<arg>${APPLICATION_VERIFY_ELEMENT}</arg>
<doc>Waits until the element ``locator`` is visible.</doc>
<status status="PASS" starttime="20220720 14:10:40.055" endtime="20220720 14:10:40.069"/>
</kw>
<kw name="Page Should Contain Element" library="SeleniumLibrary">
<arg>${APPLICATION_VERIFY_ELEMENT}</arg>
<doc>Verifies that element ``locator`` is found on the current page.</doc>
<msg timestamp="20220720 14:10:40.075" level="INFO">Current page contains element 'xpath=//input[@onkeyup='searchProgram()']'.</msg>
<status status="PASS" starttime="20220720 14:10:40.069" endtime="20220720 14:10:40.075"/>
</kw>
<status status="PASS" starttime="20220720 14:10:40.055" endtime="20220720 14:10:40.075"/>
</kw>
<status status="PASS" starttime="20220720 14:10:37.386" endtime="20220720 14:10:40.075"/>
</kw>
<kw name="End Baykar Web Test" library="Common" type="TEARDOWN">
<kw name="Close Browser" library="SeleniumLibrary">
<doc>Closes the current browser.</doc>
<status status="PASS" starttime="20220720 14:10:40.076" endtime="20220720 14:10:42.228"/>
</kw>
<status status="PASS" starttime="20220720 14:10:40.076" endtime="20220720 14:10:42.228"/>
</kw>
<doc>All visitors should be able click and see Staj pages</doc>
<tag>Navbar Intern</tag>
<tag>Smoke</tag>
<status status="PASS" starttime="20220720 14:10:19.158" endtime="20220720 14:10:42.229"/>
</test>
<doc>This test file includes all tests for *kariyer.baykartech.com*,
if you wanna change Browser or Runtime Language go to *Variables* section in this file.</doc>
<status status="PASS" starttime="20220720 14:10:18.910" endtime="20220720 14:10:42.230"/>
</suite>
<status status="PASS" starttime="20220720 14:10:18.889" endtime="20220720 14:10:42.232"/>
</suite>
<statistics>
<total>
<stat pass="1" fail="0" skip="0">All Tests</stat>
</total>
<tag>
<stat pass="1" fail="0" skip="0">Navbar Intern</stat>
<stat pass="1" fail="0" skip="0">Smoke</stat>
</tag>
<suite>
<stat pass="1" fail="0" skip="0" id="s1" name="Tests">Tests</stat>
<stat pass="1" fail="0" skip="0" id="s1-s1" name="Kariyer.Baykartech">Tests.Kariyer.Baykartech</stat>
</suite>
</statistics>
<errors>
</errors>
</robot>
