<?xml version="1.0" encoding="UTF-8"?>
<robot generator="Robot 5.0.1 (Python 3.9.7 on win32)" generated="20220701 16:08:22.113" rpa="false" schemaversion="3">
<suite id="s1" name="Tests" source="C:\Users\byuks\Desktop\QA\QA-Test-Automation-Baykar\tests">
<suite id="s1-s1" name="Kariyer.Baykartech" source="C:\Users\byuks\Desktop\QA\QA-Test-Automation-Baykar\tests\Kariyer.Baykartech.robot">
<test id="s1-s1-t1" name="Visitor should be able click and see all &quot;Footer&quot; elements" line="66">
<kw name="Start Baykar Web Test" library="Common" type="SETUP">
<arg>${BROWSER}</arg>
<kw name="Open Browser" library="SeleniumLibrary">
<arg>about:blank</arg>
<arg>${BROWSER}</arg>
<doc>Opens a new browser instance to the optional ``url``.</doc>
<msg timestamp="20220701 16:08:22.447" level="INFO">Opening browser 'chrome' to base url 'about:blank'.</msg>
<status status="PASS" starttime="20220701 16:08:22.446" endtime="20220701 16:08:23.857"/>
</kw>
<kw name="Maximize Browser Window" library="SeleniumLibrary">
<doc>Maximizes current browser window.</doc>
<status status="PASS" starttime="20220701 16:08:23.858" endtime="20220701 16:08:23.972"/>
</kw>
<status status="PASS" starttime="20220701 16:08:22.446" endtime="20220701 16:08:23.972"/>
</kw>
<kw name="Open Website" library="Common">
<arg>${SITE_URL}${RUN_LANG}</arg>
<kw name="Go To" library="SeleniumLibrary">
<arg>${SITE_URL}\/</arg>
<doc>Navigates the current browser window to the provided ``url``.</doc>
<msg timestamp="20220701 16:08:23.973" level="INFO">Opening url 'https://kariyer.baykartech.com/tr/'</msg>
<status status="PASS" starttime="20220701 16:08:23.973" endtime="20220701 16:08:30.902"/>
</kw>
<status status="PASS" starttime="20220701 16:08:23.973" endtime="20220701 16:08:30.903"/>
</kw>
<kw name="Verify Page Loaded" library="Common">
<arg>${RUN_LANG}</arg>
<doc>Verify all pages successfully loaded</doc>
<kw name="Wait Until Element Is Enabled" library="SeleniumLibrary">
<arg>${BAYKAR_LOGO_${LANG}}</arg>
<doc>Waits until the element ``locator`` is enabled.</doc>
<status status="PASS" starttime="20220701 16:08:30.903" endtime="20220701 16:08:31.016"/>
</kw>
<kw name="Run Keyword And Return Status" library="BuiltIn">
<var>${check_loader}</var>
<arg>Element Should Be Visible</arg>
<arg>${PRE_LOADER}</arg>
<doc>Runs the given keyword with given arguments and returns the status as a Boolean value.</doc>
<kw name="Element Should Be Visible" library="SeleniumLibrary">
<arg>${PRE_LOADER}</arg>
<doc>Verifies that the element identified by ``locator`` is visible.</doc>
<msg timestamp="20220701 16:08:31.038" level="INFO">Element 'xpath=//div[@class='se-pre-con']' is displayed.</msg>
<status status="PASS" starttime="20220701 16:08:31.017" endtime="20220701 16:08:31.038"/>
</kw>
<msg timestamp="20220701 16:08:31.038" level="INFO">${check_loader} = True</msg>
<status status="PASS" starttime="20220701 16:08:31.016" endtime="20220701 16:08:31.038"/>
</kw>
<kw name="Run Keyword If" library="BuiltIn">
<arg>${check_loader}</arg>
<arg>Wait Until Element Is Not Visible</arg>
<arg>${PRE_LOADER}</arg>
<doc>Runs the given keyword with the given arguments, if ``condition`` is true.</doc>
<kw name="Wait Until Element Is Not Visible" library="SeleniumLibrary">
<arg>${PRE_LOADER}</arg>
<doc>Waits until the element ``locator`` is not visible.</doc>
<status status="PASS" starttime="20220701 16:08:31.039" endtime="20220701 16:08:31.716"/>
</kw>
<status status="PASS" starttime="20220701 16:08:31.038" endtime="20220701 16:08:31.716"/>
</kw>
<status status="PASS" starttime="20220701 16:08:30.903" endtime="20220701 16:08:31.716"/>
</kw>
<kw name="Navigate &quot;Footer&quot; Elements" library="Kariyer.Baykartech.App">
<arg>${RUN_LANG}</arg>
<kw name="Scroll to end of the page" library="Footer">
<kw name="Run Keyword And Ignore Error" library="BuiltIn">
<arg>Scroll Element Into View</arg>
<arg>${PAGE_END}</arg>
<doc>Runs the given keyword with the given arguments and ignores possible error.</doc>
<kw name="Scroll Element Into View" library="SeleniumLibrary">
<arg>${PAGE_END}</arg>
<doc>Scrolls the element identified by ``locator`` into view.</doc>
<status status="PASS" starttime="20220701 16:08:31.717" endtime="20220701 16:08:31.996"/>
</kw>
<status status="PASS" starttime="20220701 16:08:31.717" endtime="20220701 16:08:31.997"/>
</kw>
<status status="PASS" starttime="20220701 16:08:31.717" endtime="20220701 16:08:31.997"/>
</kw>
<kw name="Navigate footer elements in loop" library="Footer">
<arg>${LANG}</arg>
<doc>Clicks all footer links by created list</doc>
<for flavor="IN ZIP">
<var>${LINK_TR}</var>
<var>${LINK_EN}</var>
<var>${IN_OUT}</var>
<value>${FOOTER_LINKS_TR}</value>
<value>${FOOTER_LINKS_EN}</value>
<value>${INNER_OR_OUTER_PAGE}</value>
<iter>
<var name="${LINK_TR}">xpath=//footer//a[.="Hakkımızda"]</var>
<var name="${LINK_EN}">xpath=//footer//a[.="About Us"]</var>
<var name="${IN_OUT}">0</var>
<kw name="Run Keyword If" library="BuiltIn">
<arg>"${LANG}" == "tr"</arg>
<arg>Click Link</arg>
<arg>${LINK_TR}</arg>
<arg>ELSE IF</arg>
<arg>"${LANG}" == "en"</arg>
<arg>Click Link</arg>
<arg>${LINK_EN}</arg>
<doc>Runs the given keyword with the given arguments, if ``condition`` is true.</doc>
<kw name="Click Link" library="SeleniumLibrary">
<arg>${LINK_TR}</arg>
<doc>Clicks a link identified by ``locator``.</doc>
<msg timestamp="20220701 16:08:31.998" level="INFO">Clicking link 'xpath=//footer//a[.="Hakkımızda"]'.</msg>
<status status="PASS" starttime="20220701 16:08:31.998" endtime="20220701 16:08:33.042"/>
</kw>
<status status="PASS" starttime="20220701 16:08:31.998" endtime="20220701 16:08:33.042"/>
</kw>
<kw name="Run Keyword If" library="BuiltIn">
<arg>"${IN_OUT}" == "0"</arg>
<arg>Baykartech.App.Check Baykar's Main Site By Argument</arg>
<arg>${LINK_${LANG}}</arg>
<arg>${LANG}</arg>
<doc>Runs the given keyword with the given arguments, if ``condition`` is true.</doc>
<kw name="Check Baykar's Main Site By Argument" library="Baykartech.App">
<arg>${LINK_${LANG}}</arg>
<arg>${LANG}</arg>
<kw name="Evaluate" library="BuiltIn">
<var>${ABOUT_CON}</var>
<arg>"${ABOUT_US_TEXTS_${LANG}}" in """${PAGE}"""</arg>
<doc>Evaluates the given expression in Python and returns the result.</doc>
<msg timestamp="20220701 16:08:33.043" level="INFO">${ABOUT_CON} = True</msg>
<status status="PASS" starttime="20220701 16:08:33.043" endtime="20220701 16:08:33.043"/>
</kw>
<kw name="Evaluate" library="BuiltIn">
<var>${MANAG_CON}</var>
<arg>"${MANAGEMENT_TEXTS_${LANG}}" in """${PAGE}"""</arg>
<doc>Evaluates the given expression in Python and returns the result.</doc>
<msg timestamp="20220701 16:08:33.043" level="INFO">${MANAG_CON} = False</msg>
<status status="PASS" starttime="20220701 16:08:33.043" endtime="20220701 16:08:33.043"/>
</kw>
<kw name="Evaluate" library="BuiltIn">
<var>${HISTO_CON}</var>
<arg>"${HISTORY_TEXTS_${LANG}}" in """${PAGE}"""</arg>
<doc>Evaluates the given expression in Python and returns the result.</doc>
<msg timestamp="20220701 16:08:33.044" level="INFO">${HISTO_CON} = False</msg>
<status status="PASS" starttime="20220701 16:08:33.043" endtime="20220701 16:08:33.044"/>
</kw>
<kw name="Run Keyword If" library="BuiltIn">
<arg>${ABOUT_CON}</arg>
<arg>About.Verify Page Loaded</arg>
<arg>ELSE IF</arg>
<arg>${MANAG_CON}</arg>
<arg>Management.Verify Page Loaded</arg>
<arg>ELSE IF</arg>
<arg>${HISTO_CON}</arg>
<arg>History.Verify Page Loaded</arg>
<arg>ELSE</arg>
<arg>FAIL</arg>
<doc>Runs the given keyword with the given arguments, if ``condition`` is true.</doc>
<kw name="Verify Page Loaded" library="About">
<kw name="Page Should Contain Element" library="SeleniumLibrary">
<arg>${BAYKAR_MAIN_ABOUT_VERIFY_ELEMENT}</arg>
<doc>Verifies that element ``locator`` is found on the current page.</doc>
<msg timestamp="20220701 16:08:33.053" level="INFO">Current page contains element 'xpath=//div[@class='aboutText']'.</msg>
<status status="PASS" starttime="20220701 16:08:33.044" endtime="20220701 16:08:33.053"/>
</kw>
<kw name="Scroll Element Into View" library="SeleniumLibrary">
<arg>${BAYKAR_MAIN_ABOUT_VERIFY_ELEMENT}</arg>
<doc>Scrolls the element identified by ``locator`` into view.</doc>
<status status="PASS" starttime="20220701 16:08:33.054" endtime="20220701 16:08:33.322"/>
</kw>
<kw name="Wait Until Element Is Visible" library="SeleniumLibrary">
<arg>${BAYKAR_MAIN_ABOUT_VERIFY_ELEMENT}</arg>
<doc>Waits until the element ``locator`` is visible.</doc>
<status status="PASS" starttime="20220701 16:08:33.322" endtime="20220701 16:08:33.337"/>
</kw>
<status status="PASS" starttime="20220701 16:08:33.044" endtime="20220701 16:08:33.337"/>
</kw>
<status status="PASS" starttime="20220701 16:08:33.044" endtime="20220701 16:08:33.337"/>
</kw>
<status status="PASS" starttime="20220701 16:08:33.042" endtime="20220701 16:08:33.337"/>
</kw>
<status status="PASS" starttime="20220701 16:08:33.042" endtime="20220701 16:08:33.337"/>
</kw>
<kw name="Go Back" library="SeleniumLibrary">
<doc>Simulates the user clicking the back button on their browser.</doc>
<status status="PASS" starttime="20220701 16:08:33.337" endtime="20220701 16:08:33.880"/>
</kw>
<kw name="Verify Page Loaded" library="Common">
<arg>${LANG}</arg>
<doc>Verify all pages successfully loaded</doc>
<kw name="Wait Until Element Is Enabled" library="SeleniumLibrary">
<arg>${BAYKAR_LOGO_${LANG}}</arg>
<doc>Waits until the element ``locator`` is enabled.</doc>
<status status="PASS" starttime="20220701 16:08:33.880" endtime="20220701 16:08:34.035"/>
</kw>
<kw name="Run Keyword And Return Status" library="BuiltIn">
<var>${check_loader}</var>
<arg>Element Should Be Visible</arg>
<arg>${PRE_LOADER}</arg>
<doc>Runs the given keyword with given arguments and returns the status as a Boolean value.</doc>
<kw name="Element Should Be Visible" library="SeleniumLibrary">
<arg>${PRE_LOADER}</arg>
<doc>Verifies that the element identified by ``locator`` is visible.</doc>
<msg timestamp="20220701 16:08:34.094" level="INFO">Element 'xpath=//div[@class='se-pre-con']' is displayed.</msg>
<status status="PASS" starttime="20220701 16:08:34.035" endtime="20220701 16:08:34.094"/>
</kw>
<msg timestamp="20220701 16:08:34.094" level="INFO">${check_loader} = True</msg>
<status status="PASS" starttime="20220701 16:08:34.035" endtime="20220701 16:08:34.094"/>
</kw>
<kw name="Run Keyword If" library="BuiltIn">
<arg>${check_loader}</arg>
<arg>Wait Until Element Is Not Visible</arg>
<arg>${PRE_LOADER}</arg>
<doc>Runs the given keyword with the given arguments, if ``condition`` is true.</doc>
<kw name="Wait Until Element Is Not Visible" library="SeleniumLibrary">
<arg>${PRE_LOADER}</arg>
<doc>Waits until the element ``locator`` is not visible.</doc>
<status status="PASS" starttime="20220701 16:08:34.095" endtime="20220701 16:08:34.636"/>
</kw>
<status status="PASS" starttime="20220701 16:08:34.094" endtime="20220701 16:08:34.637"/>
</kw>
<status status="PASS" starttime="20220701 16:08:33.880" endtime="20220701 16:08:34.637"/>
</kw>
<kw name="Wait Until Element Is Visible" library="SeleniumLibrary">
<arg>${PAGE_END}</arg>
<doc>Waits until the element ``locator`` is visible.</doc>
<status status="PASS" starttime="20220701 16:08:34.637" endtime="20220701 16:08:34.679"/>
</kw>
<kw name="Run Keyword" library="BuiltIn">
<arg>Scroll to end of the page</arg>
<doc>Executes the given keyword with the given arguments.</doc>
<kw name="Scroll to end of the page" library="Footer">
<kw name="Run Keyword And Ignore Error" library="BuiltIn">
<arg>Scroll Element Into View</arg>
<arg>${PAGE_END}</arg>
<doc>Runs the given keyword with the given arguments and ignores possible error.</doc>
<kw name="Scroll Element Into View" library="SeleniumLibrary">
<arg>${PAGE_END}</arg>
<doc>Scrolls the element identified by ``locator`` into view.</doc>
<status status="PASS" starttime="20220701 16:08:34.680" endtime="20220701 16:08:34.968"/>
</kw>
<status status="PASS" starttime="20220701 16:08:34.679" endtime="20220701 16:08:34.969"/>
</kw>
<status status="PASS" starttime="20220701 16:08:34.679" endtime="20220701 16:08:34.969"/>
</kw>
<status status="PASS" starttime="20220701 16:08:34.679" endtime="20220701 16:08:34.969"/>
</kw>
<status status="PASS" starttime="20220701 16:08:31.998" endtime="20220701 16:08:34.969"/>
</iter>
<iter>
<var name="${LINK_TR}">xpath=//footer//a[.="Yönetim"]</var>
<var name="${LINK_EN}">xpath=//footer//a[.="Management"]</var>
<var name="${IN_OUT}">0</var>
<kw name="Run Keyword If" library="BuiltIn">
<arg>"${LANG}" == "tr"</arg>
<arg>Click Link</arg>
<arg>${LINK_TR}</arg>
<arg>ELSE IF</arg>
<arg>"${LANG}" == "en"</arg>
<arg>Click Link</arg>
<arg>${LINK_EN}</arg>
<doc>Runs the given keyword with the given arguments, if ``condition`` is true.</doc>
<kw name="Click Link" library="SeleniumLibrary">
<arg>${LINK_TR}</arg>
<doc>Clicks a link identified by ``locator``.</doc>
<msg timestamp="20220701 16:08:34.970" level="INFO">Clicking link 'xpath=//footer//a[.="Yönetim"]'.</msg>
<status status="PASS" starttime="20220701 16:08:34.969" endtime="20220701 16:08:35.834"/>
</kw>
<status status="PASS" starttime="20220701 16:08:34.969" endtime="20220701 16:08:35.835"/>
</kw>
<kw name="Run Keyword If" library="BuiltIn">
<arg>"${IN_OUT}" == "0"</arg>
<arg>Baykartech.App.Check Baykar's Main Site By Argument</arg>
<arg>${LINK_${LANG}}</arg>
<arg>${LANG}</arg>
<doc>Runs the given keyword with the given arguments, if ``condition`` is true.</doc>
<kw name="Check Baykar's Main Site By Argument" library="Baykartech.App">
<arg>${LINK_${LANG}}</arg>
<arg>${LANG}</arg>
<kw name="Evaluate" library="BuiltIn">
<var>${ABOUT_CON}</var>
<arg>"${ABOUT_US_TEXTS_${LANG}}" in """${PAGE}"""</arg>
<doc>Evaluates the given expression in Python and returns the result.</doc>
<msg timestamp="20220701 16:08:35.836" level="INFO">${ABOUT_CON} = False</msg>
<status status="PASS" starttime="20220701 16:08:35.835" endtime="20220701 16:08:35.836"/>
</kw>
<kw name="Evaluate" library="BuiltIn">
<var>${MANAG_CON}</var>
<arg>"${MANAGEMENT_TEXTS_${LANG}}" in """${PAGE}"""</arg>
<doc>Evaluates the given expression in Python and returns the result.</doc>
<msg timestamp="20220701 16:08:35.836" level="INFO">${MANAG_CON} = True</msg>
<status status="PASS" starttime="20220701 16:08:35.836" endtime="20220701 16:08:35.836"/>
</kw>
<kw name="Evaluate" library="BuiltIn">
<var>${HISTO_CON}</var>
<arg>"${HISTORY_TEXTS_${LANG}}" in """${PAGE}"""</arg>
<doc>Evaluates the given expression in Python and returns the result.</doc>
<msg timestamp="20220701 16:08:35.836" level="INFO">${HISTO_CON} = False</msg>
<status status="PASS" starttime="20220701 16:08:35.836" endtime="20220701 16:08:35.836"/>
</kw>
<kw name="Run Keyword If" library="BuiltIn">
<arg>${ABOUT_CON}</arg>
<arg>About.Verify Page Loaded</arg>
<arg>ELSE IF</arg>
<arg>${MANAG_CON}</arg>
<arg>Management.Verify Page Loaded</arg>
<arg>ELSE IF</arg>
<arg>${HISTO_CON}</arg>
<arg>History.Verify Page Loaded</arg>
<arg>ELSE</arg>
<arg>FAIL</arg>
<doc>Runs the given keyword with the given arguments, if ``condition`` is true.</doc>
<kw name="Verify Page Loaded" library="Management">
<kw name="Page Should Contain Element" library="SeleniumLibrary">
<arg>${BAYKAR_MAIN_MANAGEMENT_VERIFY_ELEMENT}</arg>
<doc>Verifies that element ``locator`` is found on the current page.</doc>
<msg timestamp="20220701 16:08:35.846" level="INFO">Current page contains element 'xpath=//div[@class='managementList']//a[contains(@href, '/ozdemir-bayraktar/')]'.</msg>
<status status="PASS" starttime="20220701 16:08:35.837" endtime="20220701 16:08:35.846"/>
</kw>
<kw name="Scroll Element Into View" library="SeleniumLibrary">
<arg>${BAYKAR_MAIN_MANAGEMENT_VERIFY_ELEMENT}</arg>
<doc>Scrolls the element identified by ``locator`` into view.</doc>
<status status="PASS" starttime="20220701 16:08:35.846" endtime="20220701 16:08:36.110"/>
</kw>
<kw name="Wait Until Element Is Visible" library="SeleniumLibrary">
<arg>${BAYKAR_MAIN_MANAGEMENT_VERIFY_ELEMENT}</arg>
<doc>Waits until the element ``locator`` is visible.</doc>
<status status="PASS" starttime="20220701 16:08:36.110" endtime="20220701 16:08:36.126"/>
</kw>
<status status="PASS" starttime="20220701 16:08:35.837" endtime="20220701 16:08:36.126"/>
</kw>
<status status="PASS" starttime="20220701 16:08:35.836" endtime="20220701 16:08:36.126"/>
</kw>
<status status="PASS" starttime="20220701 16:08:35.835" endtime="20220701 16:08:36.127"/>
</kw>
<status status="PASS" starttime="20220701 16:08:35.835" endtime="20220701 16:08:36.127"/>
</kw>
<kw name="Go Back" library="SeleniumLibrary">
<doc>Simulates the user clicking the back button on their browser.</doc>
<status status="PASS" starttime="20220701 16:08:36.127" endtime="20220701 16:08:36.510"/>
</kw>
<kw name="Verify Page Loaded" library="Common">
<arg>${LANG}</arg>
<doc>Verify all pages successfully loaded</doc>
<kw name="Wait Until Element Is Enabled" library="SeleniumLibrary">
<arg>${BAYKAR_LOGO_${LANG}}</arg>
<doc>Waits until the element ``locator`` is enabled.</doc>
<status status="PASS" starttime="20220701 16:08:36.511" endtime="20220701 16:08:36.670"/>
</kw>
<kw name="Run Keyword And Return Status" library="BuiltIn">
<var>${check_loader}</var>
<arg>Element Should Be Visible</arg>
<arg>${PRE_LOADER}</arg>
<doc>Runs the given keyword with given arguments and returns the status as a Boolean value.</doc>
<kw name="Element Should Be Visible" library="SeleniumLibrary">
<arg>${PRE_LOADER}</arg>
<doc>Verifies that the element identified by ``locator`` is visible.</doc>
<msg timestamp="20220701 16:08:36.704" level="INFO">Element 'xpath=//div[@class='se-pre-con']' is displayed.</msg>
<status status="PASS" starttime="20220701 16:08:36.670" endtime="20220701 16:08:36.704"/>
</kw>
<msg timestamp="20220701 16:08:36.704" level="INFO">${check_loader} = True</msg>
<status status="PASS" starttime="20220701 16:08:36.670" endtime="20220701 16:08:36.704"/>
</kw>
<kw name="Run Keyword If" library="BuiltIn">
<arg>${check_loader}</arg>
<arg>Wait Until Element Is Not Visible</arg>
<arg>${PRE_LOADER}</arg>
<doc>Runs the given keyword with the given arguments, if ``condition`` is true.</doc>
<kw name="Wait Until Element Is Not Visible" library="SeleniumLibrary">
<arg>${PRE_LOADER}</arg>
<doc>Waits until the element ``locator`` is not visible.</doc>
<status status="PASS" starttime="20220701 16:08:36.705" endtime="20220701 16:08:37.241"/>
</kw>
<status status="PASS" starttime="20220701 16:08:36.704" endtime="20220701 16:08:37.241"/>
</kw>
<status status="PASS" starttime="20220701 16:08:36.510" endtime="20220701 16:08:37.241"/>
</kw>
<kw name="Wait Until Element Is Visible" library="SeleniumLibrary">
<arg>${PAGE_END}</arg>
<doc>Waits until the element ``locator`` is visible.</doc>
<status status="PASS" starttime="20220701 16:08:37.241" endtime="20220701 16:08:37.282"/>
</kw>
<kw name="Run Keyword" library="BuiltIn">
<arg>Scroll to end of the page</arg>
<doc>Executes the given keyword with the given arguments.</doc>
<kw name="Scroll to end of the page" library="Footer">
<kw name="Run Keyword And Ignore Error" library="BuiltIn">
<arg>Scroll Element Into View</arg>
<arg>${PAGE_END}</arg>
<doc>Runs the given keyword with the given arguments and ignores possible error.</doc>
<kw name="Scroll Element Into View" library="SeleniumLibrary">
<arg>${PAGE_END}</arg>
<doc>Scrolls the element identified by ``locator`` into view.</doc>
<status status="PASS" starttime="20220701 16:08:37.283" endtime="20220701 16:08:37.561"/>
</kw>
<status status="PASS" starttime="20220701 16:08:37.283" endtime="20220701 16:08:37.561"/>
</kw>
<status status="PASS" starttime="20220701 16:08:37.283" endtime="20220701 16:08:37.561"/>
</kw>
<status status="PASS" starttime="20220701 16:08:37.283" endtime="20220701 16:08:37.561"/>
</kw>
<status status="PASS" starttime="20220701 16:08:34.969" endtime="20220701 16:08:37.561"/>
</iter>
<iter>
<var name="${LINK_TR}">xpath=//footer//a[.="Tarihçe"]</var>
<var name="${LINK_EN}">xpath=//footer//a[.="History"]</var>
<var name="${IN_OUT}">0</var>
<kw name="Run Keyword If" library="BuiltIn">
<arg>"${LANG}" == "tr"</arg>
<arg>Click Link</arg>
<arg>${LINK_TR}</arg>
<arg>ELSE IF</arg>
<arg>"${LANG}" == "en"</arg>
<arg>Click Link</arg>
<arg>${LINK_EN}</arg>
<doc>Runs the given keyword with the given arguments, if ``condition`` is true.</doc>
<kw name="Click Link" library="SeleniumLibrary">
<arg>${LINK_TR}</arg>
<doc>Clicks a link identified by ``locator``.</doc>
<msg timestamp="20220701 16:08:37.562" level="INFO">Clicking link 'xpath=//footer//a[.="Tarihçe"]'.</msg>
<status status="PASS" starttime="20220701 16:08:37.562" endtime="20220701 16:08:38.651"/>
</kw>
<status status="PASS" starttime="20220701 16:08:37.562" endtime="20220701 16:08:38.651"/>
</kw>
<kw name="Run Keyword If" library="BuiltIn">
<arg>"${IN_OUT}" == "0"</arg>
<arg>Baykartech.App.Check Baykar's Main Site By Argument</arg>
<arg>${LINK_${LANG}}</arg>
<arg>${LANG}</arg>
<doc>Runs the given keyword with the given arguments, if ``condition`` is true.</doc>
<kw name="Check Baykar's Main Site By Argument" library="Baykartech.App">
<arg>${LINK_${LANG}}</arg>
<arg>${LANG}</arg>
<kw name="Evaluate" library="BuiltIn">
<var>${ABOUT_CON}</var>
<arg>"${ABOUT_US_TEXTS_${LANG}}" in """${PAGE}"""</arg>
<doc>Evaluates the given expression in Python and returns the result.</doc>
<msg timestamp="20220701 16:08:38.652" level="INFO">${ABOUT_CON} = False</msg>
<status status="PASS" starttime="20220701 16:08:38.652" endtime="20220701 16:08:38.652"/>
</kw>
<kw name="Evaluate" library="BuiltIn">
<var>${MANAG_CON}</var>
<arg>"${MANAGEMENT_TEXTS_${LANG}}" in """${PAGE}"""</arg>
<doc>Evaluates the given expression in Python and returns the result.</doc>
<msg timestamp="20220701 16:08:38.652" level="INFO">${MANAG_CON} = False</msg>
<status status="PASS" starttime="20220701 16:08:38.652" endtime="20220701 16:08:38.652"/>
</kw>
<kw name="Evaluate" library="BuiltIn">
<var>${HISTO_CON}</var>
<arg>"${HISTORY_TEXTS_${LANG}}" in """${PAGE}"""</arg>
<doc>Evaluates the given expression in Python and returns the result.</doc>
<msg timestamp="20220701 16:08:38.653" level="INFO">${HISTO_CON} = True</msg>
<status status="PASS" starttime="20220701 16:08:38.652" endtime="20220701 16:08:38.653"/>
</kw>
<kw name="Run Keyword If" library="BuiltIn">
<arg>${ABOUT_CON}</arg>
<arg>About.Verify Page Loaded</arg>
<arg>ELSE IF</arg>
<arg>${MANAG_CON}</arg>
<arg>Management.Verify Page Loaded</arg>
<arg>ELSE IF</arg>
<arg>${HISTO_CON}</arg>
<arg>History.Verify Page Loaded</arg>
<arg>ELSE</arg>
<arg>FAIL</arg>
<doc>Runs the given keyword with the given arguments, if ``condition`` is true.</doc>
<kw name="Verify Page Loaded" library="History">
<kw name="Page Should Contain Element" library="SeleniumLibrary">
<arg>${BAYKAR_MAIN_HISTORY_VERIFY_ELEMENT}</arg>
<doc>Verifies that element ``locator`` is found on the current page.</doc>
<msg timestamp="20220701 16:08:38.663" level="INFO">Current page contains element 'xpath=//div[@class='aboutTimeLineLR']/div[@class='tlCard'][1]'.</msg>
<status status="PASS" starttime="20220701 16:08:38.653" endtime="20220701 16:08:38.663"/>
</kw>
<kw name="Scroll Element Into View" library="SeleniumLibrary">
<arg>${BAYKAR_MAIN_HISTORY_VERIFY_ELEMENT}</arg>
<doc>Scrolls the element identified by ``locator`` into view.</doc>
<status status="PASS" starttime="20220701 16:08:38.663" endtime="20220701 16:08:38.930"/>
</kw>
<kw name="Wait Until Element Is Visible" library="SeleniumLibrary">
<arg>${BAYKAR_MAIN_HISTORY_VERIFY_ELEMENT}</arg>
<doc>Waits until the element ``locator`` is visible.</doc>
<status status="PASS" starttime="20220701 16:08:38.930" endtime="20220701 16:08:38.944"/>
</kw>
<status status="PASS" starttime="20220701 16:08:38.653" endtime="20220701 16:08:38.944"/>
</kw>
<status status="PASS" starttime="20220701 16:08:38.653" endtime="20220701 16:08:38.945"/>
</kw>
<status status="PASS" starttime="20220701 16:08:38.651" endtime="20220701 16:08:38.945"/>
</kw>
<status status="PASS" starttime="20220701 16:08:38.651" endtime="20220701 16:08:38.945"/>
</kw>
<kw name="Go Back" library="SeleniumLibrary">
<doc>Simulates the user clicking the back button on their browser.</doc>
<status status="PASS" starttime="20220701 16:08:38.945" endtime="20220701 16:08:39.392"/>
</kw>
<kw name="Verify Page Loaded" library="Common">
<arg>${LANG}</arg>
<doc>Verify all pages successfully loaded</doc>
<kw name="Wait Until Element Is Enabled" library="SeleniumLibrary">
<arg>${BAYKAR_LOGO_${LANG}}</arg>
<doc>Waits until the element ``locator`` is enabled.</doc>
<status status="PASS" starttime="20220701 16:08:39.393" endtime="20220701 16:08:39.522"/>
</kw>
<kw name="Run Keyword And Return Status" library="BuiltIn">
<var>${check_loader}</var>
<arg>Element Should Be Visible</arg>
<arg>${PRE_LOADER}</arg>
<doc>Runs the given keyword with given arguments and returns the status as a Boolean value.</doc>
<kw name="Element Should Be Visible" library="SeleniumLibrary">
<arg>${PRE_LOADER}</arg>
<doc>Verifies that the element identified by ``locator`` is visible.</doc>
<msg timestamp="20220701 16:08:39.570" level="INFO">Element 'xpath=//div[@class='se-pre-con']' is displayed.</msg>
<status status="PASS" starttime="20220701 16:08:39.523" endtime="20220701 16:08:39.570"/>
</kw>
<msg timestamp="20220701 16:08:39.570" level="INFO">${check_loader} = True</msg>
<status status="PASS" starttime="20220701 16:08:39.522" endtime="20220701 16:08:39.570"/>
</kw>
<kw name="Run Keyword If" library="BuiltIn">
<arg>${check_loader}</arg>
<arg>Wait Until Element Is Not Visible</arg>
<arg>${PRE_LOADER}</arg>
<doc>Runs the given keyword with the given arguments, if ``condition`` is true.</doc>
<kw name="Wait Until Element Is Not Visible" library="SeleniumLibrary">
<arg>${PRE_LOADER}</arg>
<doc>Waits until the element ``locator`` is not visible.</doc>
<status status="PASS" starttime="20220701 16:08:39.570" endtime="20220701 16:08:40.090"/>
</kw>
<status status="PASS" starttime="20220701 16:08:39.570" endtime="20220701 16:08:40.090"/>
</kw>
<status status="PASS" starttime="20220701 16:08:39.393" endtime="20220701 16:08:40.091"/>
</kw>
<kw name="Wait Until Element Is Visible" library="SeleniumLibrary">
<arg>${PAGE_END}</arg>
<doc>Waits until the element ``locator`` is visible.</doc>
<status status="PASS" starttime="20220701 16:08:40.091" endtime="20220701 16:08:40.104"/>
</kw>
<kw name="Run Keyword" library="BuiltIn">
<arg>Scroll to end of the page</arg>
<doc>Executes the given keyword with the given arguments.</doc>
<kw name="Scroll to end of the page" library="Footer">
<kw name="Run Keyword And Ignore Error" library="BuiltIn">
<arg>Scroll Element Into View</arg>
<arg>${PAGE_END}</arg>
<doc>Runs the given keyword with the given arguments and ignores possible error.</doc>
<kw name="Scroll Element Into View" library="SeleniumLibrary">
<arg>${PAGE_END}</arg>
<doc>Scrolls the element identified by ``locator`` into view.</doc>
<status status="PASS" starttime="20220701 16:08:40.105" endtime="20220701 16:08:40.388"/>
</kw>
<status status="PASS" starttime="20220701 16:08:40.105" endtime="20220701 16:08:40.388"/>
</kw>
<status status="PASS" starttime="20220701 16:08:40.105" endtime="20220701 16:08:40.389"/>
</kw>
<status status="PASS" starttime="20220701 16:08:40.104" endtime="20220701 16:08:40.389"/>
</kw>
<status status="PASS" starttime="20220701 16:08:37.561" endtime="20220701 16:08:40.389"/>
</iter>
<iter>
<var name="${LINK_TR}">xpath=//footer//a[.="Açık Pozisyonlar"]</var>
<var name="${LINK_EN}">xpath=//footer//a[.="Open Positions"]</var>
<var name="${IN_OUT}">1</var>
<kw name="Run Keyword If" library="BuiltIn">
<arg>"${LANG}" == "tr"</arg>
<arg>Click Link</arg>
<arg>${LINK_TR}</arg>
<arg>ELSE IF</arg>
<arg>"${LANG}" == "en"</arg>
<arg>Click Link</arg>
<arg>${LINK_EN}</arg>
<doc>Runs the given keyword with the given arguments, if ``condition`` is true.</doc>
<kw name="Click Link" library="SeleniumLibrary">
<arg>${LINK_TR}</arg>
<doc>Clicks a link identified by ``locator``.</doc>
<msg timestamp="20220701 16:08:40.389" level="INFO">Clicking link 'xpath=//footer//a[.="Açık Pozisyonlar"]'.</msg>
<status status="PASS" starttime="20220701 16:08:40.389" endtime="20220701 16:08:42.860"/>
</kw>
<status status="PASS" starttime="20220701 16:08:40.389" endtime="20220701 16:08:42.860"/>
</kw>
<kw name="Run Keyword If" library="BuiltIn">
<arg>"${IN_OUT}" == "0"</arg>
<arg>Baykartech.App.Check Baykar's Main Site By Argument</arg>
<arg>${LINK_${LANG}}</arg>
<arg>${LANG}</arg>
<doc>Runs the given keyword with the given arguments, if ``condition`` is true.</doc>
<status status="PASS" starttime="20220701 16:08:42.860" endtime="20220701 16:08:42.860"/>
</kw>
<kw name="Go Back" library="SeleniumLibrary">
<doc>Simulates the user clicking the back button on their browser.</doc>
<status status="PASS" starttime="20220701 16:08:42.860" endtime="20220701 16:08:43.139"/>
</kw>
<kw name="Verify Page Loaded" library="Common">
<arg>${LANG}</arg>
<doc>Verify all pages successfully loaded</doc>
<kw name="Wait Until Element Is Enabled" library="SeleniumLibrary">
<arg>${BAYKAR_LOGO_${LANG}}</arg>
<doc>Waits until the element ``locator`` is enabled.</doc>
<status status="PASS" starttime="20220701 16:08:43.139" endtime="20220701 16:08:43.206"/>
</kw>
<kw name="Run Keyword And Return Status" library="BuiltIn">
<var>${check_loader}</var>
<arg>Element Should Be Visible</arg>
<arg>${PRE_LOADER}</arg>
<doc>Runs the given keyword with given arguments and returns the status as a Boolean value.</doc>
<kw name="Element Should Be Visible" library="SeleniumLibrary">
<arg>${PRE_LOADER}</arg>
<doc>Verifies that the element identified by ``locator`` is visible.</doc>
<msg timestamp="20220701 16:08:43.276" level="INFO">Element 'xpath=//div[@class='se-pre-con']' is displayed.</msg>
<status status="PASS" starttime="20220701 16:08:43.207" endtime="20220701 16:08:43.276"/>
</kw>
<msg timestamp="20220701 16:08:43.277" level="INFO">${check_loader} = True</msg>
<status status="PASS" starttime="20220701 16:08:43.206" endtime="20220701 16:08:43.277"/>
</kw>
<kw name="Run Keyword If" library="BuiltIn">
<arg>${check_loader}</arg>
<arg>Wait Until Element Is Not Visible</arg>
<arg>${PRE_LOADER}</arg>
<doc>Runs the given keyword with the given arguments, if ``condition`` is true.</doc>
<kw name="Wait Until Element Is Not Visible" library="SeleniumLibrary">
<arg>${PRE_LOADER}</arg>
<doc>Waits until the element ``locator`` is not visible.</doc>
<status status="PASS" starttime="20220701 16:08:43.277" endtime="20220701 16:08:43.755"/>
</kw>
<status status="PASS" starttime="20220701 16:08:43.277" endtime="20220701 16:08:43.756"/>
</kw>
<status status="PASS" starttime="20220701 16:08:43.139" endtime="20220701 16:08:43.756"/>
</kw>
<kw name="Wait Until Element Is Visible" library="SeleniumLibrary">
<arg>${PAGE_END}</arg>
<doc>Waits until the element ``locator`` is visible.</doc>
<status status="PASS" starttime="20220701 16:08:43.756" endtime="20220701 16:08:43.771"/>
</kw>
<kw name="Run Keyword" library="BuiltIn">
<arg>Scroll to end of the page</arg>
<doc>Executes the given keyword with the given arguments.</doc>
<kw name="Scroll to end of the page" library="Footer">
<kw name="Run Keyword And Ignore Error" library="BuiltIn">
<arg>Scroll Element Into View</arg>
<arg>${PAGE_END}</arg>
<doc>Runs the given keyword with the given arguments and ignores possible error.</doc>
<kw name="Scroll Element Into View" library="SeleniumLibrary">
<arg>${PAGE_END}</arg>
<doc>Scrolls the element identified by ``locator`` into view.</doc>
<status status="PASS" starttime="20220701 16:08:43.772" endtime="20220701 16:08:44.041"/>
</kw>
<status status="PASS" starttime="20220701 16:08:43.772" endtime="20220701 16:08:44.041"/>
</kw>
<status status="PASS" starttime="20220701 16:08:43.772" endtime="20220701 16:08:44.041"/>
</kw>
<status status="PASS" starttime="20220701 16:08:43.772" endtime="20220701 16:08:44.041"/>
</kw>
<status status="PASS" starttime="20220701 16:08:40.389" endtime="20220701 16:08:44.041"/>
</iter>
<iter>
<var name="${LINK_TR}">xpath=//footer//a[.="İş"]</var>
<var name="${LINK_EN}">xpath=//footer//a[.="Jobs"]</var>
<var name="${IN_OUT}">1</var>
<kw name="Run Keyword If" library="BuiltIn">
<arg>"${LANG}" == "tr"</arg>
<arg>Click Link</arg>
<arg>${LINK_TR}</arg>
<arg>ELSE IF</arg>
<arg>"${LANG}" == "en"</arg>
<arg>Click Link</arg>
<arg>${LINK_EN}</arg>
<doc>Runs the given keyword with the given arguments, if ``condition`` is true.</doc>
<kw name="Click Link" library="SeleniumLibrary">
<arg>${LINK_TR}</arg>
<doc>Clicks a link identified by ``locator``.</doc>
<msg timestamp="20220701 16:08:44.042" level="INFO">Clicking link 'xpath=//footer//a[.="İş"]'.</msg>
<status status="PASS" starttime="20220701 16:08:44.042" endtime="20220701 16:08:44.744"/>
</kw>
<status status="PASS" starttime="20220701 16:08:44.042" endtime="20220701 16:08:44.744"/>
</kw>
<kw name="Run Keyword If" library="BuiltIn">
<arg>"${IN_OUT}" == "0"</arg>
<arg>Baykartech.App.Check Baykar's Main Site By Argument</arg>
<arg>${LINK_${LANG}}</arg>
<arg>${LANG}</arg>
<doc>Runs the given keyword with the given arguments, if ``condition`` is true.</doc>
<status status="PASS" starttime="20220701 16:08:44.745" endtime="20220701 16:08:44.745"/>
</kw>
<kw name="Go Back" library="SeleniumLibrary">
<doc>Simulates the user clicking the back button on their browser.</doc>
<status status="PASS" starttime="20220701 16:08:44.745" endtime="20220701 16:08:45.138"/>
</kw>
<kw name="Verify Page Loaded" library="Common">
<arg>${LANG}</arg>
<doc>Verify all pages successfully loaded</doc>
<kw name="Wait Until Element Is Enabled" library="SeleniumLibrary">
<arg>${BAYKAR_LOGO_${LANG}}</arg>
<doc>Waits until the element ``locator`` is enabled.</doc>
<status status="PASS" starttime="20220701 16:08:45.139" endtime="20220701 16:08:45.186"/>
</kw>
<kw name="Run Keyword And Return Status" library="BuiltIn">
<var>${check_loader}</var>
<arg>Element Should Be Visible</arg>
<arg>${PRE_LOADER}</arg>
<doc>Runs the given keyword with given arguments and returns the status as a Boolean value.</doc>
<kw name="Element Should Be Visible" library="SeleniumLibrary">
<arg>${PRE_LOADER}</arg>
<doc>Verifies that the element identified by ``locator`` is visible.</doc>
<msg timestamp="20220701 16:08:45.248" level="INFO">Element 'xpath=//div[@class='se-pre-con']' is displayed.</msg>
<status status="PASS" starttime="20220701 16:08:45.186" endtime="20220701 16:08:45.248"/>
</kw>
<msg timestamp="20220701 16:08:45.249" level="INFO">${check_loader} = True</msg>
<status status="PASS" starttime="20220701 16:08:45.186" endtime="20220701 16:08:45.249"/>
</kw>
<kw name="Run Keyword If" library="BuiltIn">
<arg>${check_loader}</arg>
<arg>Wait Until Element Is Not Visible</arg>
<arg>${PRE_LOADER}</arg>
<doc>Runs the given keyword with the given arguments, if ``condition`` is true.</doc>
<kw name="Wait Until Element Is Not Visible" library="SeleniumLibrary">
<arg>${PRE_LOADER}</arg>
<doc>Waits until the element ``locator`` is not visible.</doc>
<status status="PASS" starttime="20220701 16:08:45.249" endtime="20220701 16:08:45.945"/>
</kw>
<status status="PASS" starttime="20220701 16:08:45.249" endtime="20220701 16:08:45.945"/>
</kw>
<status status="PASS" starttime="20220701 16:08:45.138" endtime="20220701 16:08:45.945"/>
</kw>
<kw name="Wait Until Element Is Visible" library="SeleniumLibrary">
<arg>${PAGE_END}</arg>
<doc>Waits until the element ``locator`` is visible.</doc>
<status status="PASS" starttime="20220701 16:08:45.945" endtime="20220701 16:08:45.960"/>
</kw>
<kw name="Run Keyword" library="BuiltIn">
<arg>Scroll to end of the page</arg>
<doc>Executes the given keyword with the given arguments.</doc>
<kw name="Scroll to end of the page" library="Footer">
<kw name="Run Keyword And Ignore Error" library="BuiltIn">
<arg>Scroll Element Into View</arg>
<arg>${PAGE_END}</arg>
<doc>Runs the given keyword with the given arguments and ignores possible error.</doc>
<kw name="Scroll Element Into View" library="SeleniumLibrary">
<arg>${PAGE_END}</arg>
<doc>Scrolls the element identified by ``locator`` into view.</doc>
<status status="PASS" starttime="20220701 16:08:45.961" endtime="20220701 16:08:46.230"/>
</kw>
<status status="PASS" starttime="20220701 16:08:45.961" endtime="20220701 16:08:46.230"/>
</kw>
<status status="PASS" starttime="20220701 16:08:45.960" endtime="20220701 16:08:46.230"/>
</kw>
<status status="PASS" starttime="20220701 16:08:45.960" endtime="20220701 16:08:46.230"/>
</kw>
<status status="PASS" starttime="20220701 16:08:44.042" endtime="20220701 16:08:46.230"/>
</iter>
<iter>
<var name="${LINK_TR}">xpath=//footer//a[.="Staj"]</var>
<var name="${LINK_EN}">xpath=//footer//a[.="İntern"]</var>
<var name="${IN_OUT}">1</var>
<kw name="Run Keyword If" library="BuiltIn">
<arg>"${LANG}" == "tr"</arg>
<arg>Click Link</arg>
<arg>${LINK_TR}</arg>
<arg>ELSE IF</arg>
<arg>"${LANG}" == "en"</arg>
<arg>Click Link</arg>
<arg>${LINK_EN}</arg>
<doc>Runs the given keyword with the given arguments, if ``condition`` is true.</doc>
<kw name="Click Link" library="SeleniumLibrary">
<arg>${LINK_TR}</arg>
<doc>Clicks a link identified by ``locator``.</doc>
<msg timestamp="20220701 16:08:46.231" level="INFO">Clicking link 'xpath=//footer//a[.="Staj"]'.</msg>
<status status="PASS" starttime="20220701 16:08:46.231" endtime="20220701 16:08:47.293"/>
</kw>
<status status="PASS" starttime="20220701 16:08:46.230" endtime="20220701 16:08:47.293"/>
</kw>
<kw name="Run Keyword If" library="BuiltIn">
<arg>"${IN_OUT}" == "0"</arg>
<arg>Baykartech.App.Check Baykar's Main Site By Argument</arg>
<arg>${LINK_${LANG}}</arg>
<arg>${LANG}</arg>
<doc>Runs the given keyword with the given arguments, if ``condition`` is true.</doc>
<status status="PASS" starttime="20220701 16:08:47.293" endtime="20220701 16:08:47.294"/>
</kw>
<kw name="Go Back" library="SeleniumLibrary">
<doc>Simulates the user clicking the back button on their browser.</doc>
<status status="PASS" starttime="20220701 16:08:47.294" endtime="20220701 16:08:47.599"/>
</kw>
<kw name="Verify Page Loaded" library="Common">
<arg>${LANG}</arg>
<doc>Verify all pages successfully loaded</doc>
<kw name="Wait Until Element Is Enabled" library="SeleniumLibrary">
<arg>${BAYKAR_LOGO_${LANG}}</arg>
<doc>Waits until the element ``locator`` is enabled.</doc>
<status status="PASS" starttime="20220701 16:08:47.599" endtime="20220701 16:08:47.637"/>
</kw>
<kw name="Run Keyword And Return Status" library="BuiltIn">
<var>${check_loader}</var>
<arg>Element Should Be Visible</arg>
<arg>${PRE_LOADER}</arg>
<doc>Runs the given keyword with given arguments and returns the status as a Boolean value.</doc>
<kw name="Element Should Be Visible" library="SeleniumLibrary">
<arg>${PRE_LOADER}</arg>
<doc>Verifies that the element identified by ``locator`` is visible.</doc>
<msg timestamp="20220701 16:08:47.678" level="INFO">Element 'xpath=//div[@class='se-pre-con']' is displayed.</msg>
<status status="PASS" starttime="20220701 16:08:47.637" endtime="20220701 16:08:47.678"/>
</kw>
<msg timestamp="20220701 16:08:47.678" level="INFO">${check_loader} = True</msg>
<status status="PASS" starttime="20220701 16:08:47.637" endtime="20220701 16:08:47.678"/>
</kw>
<kw name="Run Keyword If" library="BuiltIn">
<arg>${check_loader}</arg>
<arg>Wait Until Element Is Not Visible</arg>
<arg>${PRE_LOADER}</arg>
<doc>Runs the given keyword with the given arguments, if ``condition`` is true.</doc>
<kw name="Wait Until Element Is Not Visible" library="SeleniumLibrary">
<arg>${PRE_LOADER}</arg>
<doc>Waits until the element ``locator`` is not visible.</doc>
<status status="PASS" starttime="20220701 16:08:47.678" endtime="20220701 16:08:48.392"/>
</kw>
<status status="PASS" starttime="20220701 16:08:47.678" endtime="20220701 16:08:48.392"/>
</kw>
<status status="PASS" starttime="20220701 16:08:47.599" endtime="20220701 16:08:48.392"/>
</kw>
<kw name="Wait Until Element Is Visible" library="SeleniumLibrary">
<arg>${PAGE_END}</arg>
<doc>Waits until the element ``locator`` is visible.</doc>
<status status="PASS" starttime="20220701 16:08:48.392" endtime="20220701 16:08:48.406"/>
</kw>
<kw name="Run Keyword" library="BuiltIn">
<arg>Scroll to end of the page</arg>
<doc>Executes the given keyword with the given arguments.</doc>
<kw name="Scroll to end of the page" library="Footer">
<kw name="Run Keyword And Ignore Error" library="BuiltIn">
<arg>Scroll Element Into View</arg>
<arg>${PAGE_END}</arg>
<doc>Runs the given keyword with the given arguments and ignores possible error.</doc>
<kw name="Scroll Element Into View" library="SeleniumLibrary">
<arg>${PAGE_END}</arg>
<doc>Scrolls the element identified by ``locator`` into view.</doc>
<status status="PASS" starttime="20220701 16:08:48.406" endtime="20220701 16:08:48.672"/>
</kw>
<status status="PASS" starttime="20220701 16:08:48.406" endtime="20220701 16:08:48.672"/>
</kw>
<status status="PASS" starttime="20220701 16:08:48.406" endtime="20220701 16:08:48.672"/>
</kw>
<status status="PASS" starttime="20220701 16:08:48.406" endtime="20220701 16:08:48.672"/>
</kw>
<status status="PASS" starttime="20220701 16:08:46.230" endtime="20220701 16:08:48.672"/>
</iter>
<iter>
<var name="${LINK_TR}">xpath=//footer//a[.="İletişim"]</var>
<var name="${LINK_EN}">xpath=//footer//a[.="Communication"]</var>
<var name="${IN_OUT}">1</var>
<kw name="Run Keyword If" library="BuiltIn">
<arg>"${LANG}" == "tr"</arg>
<arg>Click Link</arg>
<arg>${LINK_TR}</arg>
<arg>ELSE IF</arg>
<arg>"${LANG}" == "en"</arg>
<arg>Click Link</arg>
<arg>${LINK_EN}</arg>
<doc>Runs the given keyword with the given arguments, if ``condition`` is true.</doc>
<kw name="Click Link" library="SeleniumLibrary">
<arg>${LINK_TR}</arg>
<doc>Clicks a link identified by ``locator``.</doc>
<msg timestamp="20220701 16:08:48.673" level="INFO">Clicking link 'xpath=//footer//a[.="İletişim"]'.</msg>
<status status="PASS" starttime="20220701 16:08:48.673" endtime="20220701 16:08:49.447"/>
</kw>
<status status="PASS" starttime="20220701 16:08:48.673" endtime="20220701 16:08:49.447"/>
</kw>
<kw name="Run Keyword If" library="BuiltIn">
<arg>"${IN_OUT}" == "0"</arg>
<arg>Baykartech.App.Check Baykar's Main Site By Argument</arg>
<arg>${LINK_${LANG}}</arg>
<arg>${LANG}</arg>
<doc>Runs the given keyword with the given arguments, if ``condition`` is true.</doc>
<status status="PASS" starttime="20220701 16:08:49.447" endtime="20220701 16:08:49.447"/>
</kw>
<kw name="Go Back" library="SeleniumLibrary">
<doc>Simulates the user clicking the back button on their browser.</doc>
<status status="PASS" starttime="20220701 16:08:49.448" endtime="20220701 16:08:49.912"/>
</kw>
<kw name="Verify Page Loaded" library="Common">
<arg>${LANG}</arg>
<doc>Verify all pages successfully loaded</doc>
<kw name="Wait Until Element Is Enabled" library="SeleniumLibrary">
<arg>${BAYKAR_LOGO_${LANG}}</arg>
<doc>Waits until the element ``locator`` is enabled.</doc>
<status status="PASS" starttime="20220701 16:08:49.914" endtime="20220701 16:08:49.938"/>
</kw>
<kw name="Run Keyword And Return Status" library="BuiltIn">
<var>${check_loader}</var>
<arg>Element Should Be Visible</arg>
<arg>${PRE_LOADER}</arg>
<doc>Runs the given keyword with given arguments and returns the status as a Boolean value.</doc>
<kw name="Element Should Be Visible" library="SeleniumLibrary">
<arg>${PRE_LOADER}</arg>
<doc>Verifies that the element identified by ``locator`` is visible.</doc>
<msg timestamp="20220701 16:08:49.963" level="INFO">Element 'xpath=//div[@class='se-pre-con']' is displayed.</msg>
<status status="PASS" starttime="20220701 16:08:49.938" endtime="20220701 16:08:49.963"/>
</kw>
<msg timestamp="20220701 16:08:49.963" level="INFO">${check_loader} = True</msg>
<status status="PASS" starttime="20220701 16:08:49.938" endtime="20220701 16:08:49.963"/>
</kw>
<kw name="Run Keyword If" library="BuiltIn">
<arg>${check_loader}</arg>
<arg>Wait Until Element Is Not Visible</arg>
<arg>${PRE_LOADER}</arg>
<doc>Runs the given keyword with the given arguments, if ``condition`` is true.</doc>
<kw name="Wait Until Element Is Not Visible" library="SeleniumLibrary">
<arg>${PRE_LOADER}</arg>
<doc>Waits until the element ``locator`` is not visible.</doc>
<status status="PASS" starttime="20220701 16:08:49.963" endtime="20220701 16:08:50.695"/>
</kw>
<status status="PASS" starttime="20220701 16:08:49.963" endtime="20220701 16:08:50.695"/>
</kw>
<status status="PASS" starttime="20220701 16:08:49.913" endtime="20220701 16:08:50.695"/>
</kw>
<kw name="Wait Until Element Is Visible" library="SeleniumLibrary">
<arg>${PAGE_END}</arg>
<doc>Waits until the element ``locator`` is visible.</doc>
<status status="PASS" starttime="20220701 16:08:50.695" endtime="20220701 16:08:50.710"/>
</kw>
<kw name="Run Keyword" library="BuiltIn">
<arg>Scroll to end of the page</arg>
<doc>Executes the given keyword with the given arguments.</doc>
<kw name="Scroll to end of the page" library="Footer">
<kw name="Run Keyword And Ignore Error" library="BuiltIn">
<arg>Scroll Element Into View</arg>
<arg>${PAGE_END}</arg>
<doc>Runs the given keyword with the given arguments and ignores possible error.</doc>
<kw name="Scroll Element Into View" library="SeleniumLibrary">
<arg>${PAGE_END}</arg>
<doc>Scrolls the element identified by ``locator`` into view.</doc>
<status status="PASS" starttime="20220701 16:08:50.711" endtime="20220701 16:08:50.992"/>
</kw>
<status status="PASS" starttime="20220701 16:08:50.710" endtime="20220701 16:08:50.992"/>
</kw>
<status status="PASS" starttime="20220701 16:08:50.710" endtime="20220701 16:08:50.992"/>
</kw>
<status status="PASS" starttime="20220701 16:08:50.710" endtime="20220701 16:08:50.992"/>
</kw>
<status status="PASS" starttime="20220701 16:08:48.673" endtime="20220701 16:08:50.992"/>
</iter>
<iter>
<var name="${LINK_TR}">xpath=//footer//a[.="KVKK"]</var>
<var name="${LINK_EN}">xpath=//footer//a[.="KVKK"]</var>
<var name="${IN_OUT}">1</var>
<kw name="Run Keyword If" library="BuiltIn">
<arg>"${LANG}" == "tr"</arg>
<arg>Click Link</arg>
<arg>${LINK_TR}</arg>
<arg>ELSE IF</arg>
<arg>"${LANG}" == "en"</arg>
<arg>Click Link</arg>
<arg>${LINK_EN}</arg>
<doc>Runs the given keyword with the given arguments, if ``condition`` is true.</doc>
<kw name="Click Link" library="SeleniumLibrary">
<arg>${LINK_TR}</arg>
<doc>Clicks a link identified by ``locator``.</doc>
<msg timestamp="20220701 16:08:50.993" level="INFO">Clicking link 'xpath=//footer//a[.="KVKK"]'.</msg>
<status status="PASS" starttime="20220701 16:08:50.993" endtime="20220701 16:08:51.416"/>
</kw>
<status status="PASS" starttime="20220701 16:08:50.993" endtime="20220701 16:08:51.416"/>
</kw>
<kw name="Run Keyword If" library="BuiltIn">
<arg>"${IN_OUT}" == "0"</arg>
<arg>Baykartech.App.Check Baykar's Main Site By Argument</arg>
<arg>${LINK_${LANG}}</arg>
<arg>${LANG}</arg>
<doc>Runs the given keyword with the given arguments, if ``condition`` is true.</doc>
<status status="PASS" starttime="20220701 16:08:51.416" endtime="20220701 16:08:51.416"/>
</kw>
<kw name="Go Back" library="SeleniumLibrary">
<doc>Simulates the user clicking the back button on their browser.</doc>
<status status="PASS" starttime="20220701 16:08:51.416" endtime="20220701 16:08:51.786"/>
</kw>
<kw name="Verify Page Loaded" library="Common">
<arg>${LANG}</arg>
<doc>Verify all pages successfully loaded</doc>
<kw name="Wait Until Element Is Enabled" library="SeleniumLibrary">
<arg>${BAYKAR_LOGO_${LANG}}</arg>
<doc>Waits until the element ``locator`` is enabled.</doc>
<status status="PASS" starttime="20220701 16:08:51.787" endtime="20220701 16:08:51.812"/>
</kw>
<kw name="Run Keyword And Return Status" library="BuiltIn">
<var>${check_loader}</var>
<arg>Element Should Be Visible</arg>
<arg>${PRE_LOADER}</arg>
<doc>Runs the given keyword with given arguments and returns the status as a Boolean value.</doc>
<kw name="Element Should Be Visible" library="SeleniumLibrary">
<arg>${PRE_LOADER}</arg>
<doc>Verifies that the element identified by ``locator`` is visible.</doc>
<msg timestamp="20220701 16:08:51.879" level="INFO">Element 'xpath=//div[@class='se-pre-con']' is displayed.</msg>
<status status="PASS" starttime="20220701 16:08:51.813" endtime="20220701 16:08:51.880"/>
</kw>
<msg timestamp="20220701 16:08:51.880" level="INFO">${check_loader} = True</msg>
<status status="PASS" starttime="20220701 16:08:51.812" endtime="20220701 16:08:51.880"/>
</kw>
<kw name="Run Keyword If" library="BuiltIn">
<arg>${check_loader}</arg>
<arg>Wait Until Element Is Not Visible</arg>
<arg>${PRE_LOADER}</arg>
<doc>Runs the given keyword with the given arguments, if ``condition`` is true.</doc>
<kw name="Wait Until Element Is Not Visible" library="SeleniumLibrary">
<arg>${PRE_LOADER}</arg>
<doc>Waits until the element ``locator`` is not visible.</doc>
<status status="PASS" starttime="20220701 16:08:51.880" endtime="20220701 16:08:52.577"/>
</kw>
<status status="PASS" starttime="20220701 16:08:51.880" endtime="20220701 16:08:52.577"/>
</kw>
<status status="PASS" starttime="20220701 16:08:51.787" endtime="20220701 16:08:52.577"/>
</kw>
<kw name="Wait Until Element Is Visible" library="SeleniumLibrary">
<arg>${PAGE_END}</arg>
<doc>Waits until the element ``locator`` is visible.</doc>
<status status="PASS" starttime="20220701 16:08:52.577" endtime="20220701 16:08:52.592"/>
</kw>
<kw name="Run Keyword" library="BuiltIn">
<arg>Scroll to end of the page</arg>
<doc>Executes the given keyword with the given arguments.</doc>
<kw name="Scroll to end of the page" library="Footer">
<kw name="Run Keyword And Ignore Error" library="BuiltIn">
<arg>Scroll Element Into View</arg>
<arg>${PAGE_END}</arg>
<doc>Runs the given keyword with the given arguments and ignores possible error.</doc>
<kw name="Scroll Element Into View" library="SeleniumLibrary">
<arg>${PAGE_END}</arg>
<doc>Scrolls the element identified by ``locator`` into view.</doc>
<status status="PASS" starttime="20220701 16:08:52.592" endtime="20220701 16:08:52.859"/>
</kw>
<status status="PASS" starttime="20220701 16:08:52.592" endtime="20220701 16:08:52.859"/>
</kw>
<status status="PASS" starttime="20220701 16:08:52.592" endtime="20220701 16:08:52.859"/>
</kw>
<status status="PASS" starttime="20220701 16:08:52.592" endtime="20220701 16:08:52.860"/>
</kw>
<status status="PASS" starttime="20220701 16:08:50.993" endtime="20220701 16:08:52.860"/>
</iter>
<status status="PASS" starttime="20220701 16:08:31.997" endtime="20220701 16:08:52.860"/>
</for>
<status status="PASS" starttime="20220701 16:08:31.997" endtime="20220701 16:08:52.860"/>
</kw>
<status status="PASS" starttime="20220701 16:08:31.717" endtime="20220701 16:08:52.860"/>
</kw>
<kw name="End Baykar Web Test" library="Common" type="TEARDOWN">
<kw name="Close Browser" library="SeleniumLibrary">
<doc>Closes the current browser.</doc>
<status status="PASS" starttime="20220701 16:08:52.860" endtime="20220701 16:08:54.984"/>
</kw>
<status status="PASS" starttime="20220701 16:08:52.860" endtime="20220701 16:08:54.984"/>
</kw>
<doc>All visitors should be able navigate footer links</doc>
<tag>Footer</tag>
<tag>Smoke</tag>
<status status="PASS" starttime="20220701 16:08:22.445" endtime="20220701 16:08:54.985"/>
</test>
<doc>This test file includes all tests for *kariyer.baykartech.com*,
if you wanna change Browser or Runtime Language go to *Variables* section in this file.</doc>
<status status="PASS" starttime="20220701 16:08:22.134" endtime="20220701 16:08:54.986"/>
</suite>
<status status="PASS" starttime="20220701 16:08:22.115" endtime="20220701 16:08:54.988"/>
</suite>
<statistics>
<total>
<stat pass="1" fail="0" skip="0">All Tests</stat>
</total>
<tag>
<stat pass="1" fail="0" skip="0">Footer</stat>
<stat pass="1" fail="0" skip="0">Smoke</stat>
</tag>
<suite>
<stat pass="1" fail="0" skip="0" id="s1" name="Tests">Tests</stat>
<stat pass="1" fail="0" skip="0" id="s1-s1" name="Kariyer.Baykartech">Tests.Kariyer.Baykartech</stat>
</suite>
</statistics>
<errors>
</errors>
</robot>
