<?xml version="1.0" encoding="UTF-8"?>
<robot generator="Robot 5.0.1 (Python 3.9.7 on win32)" generated="20220701 02:20:47.281" rpa="false" schemaversion="3">
<suite id="s1" name="Tests" source="C:\Users\byuks\Desktop\QA\QA-Test-Automation-Baykar\tests">
<suite id="s1-s1" name="Kariyer.Baykartech" source="C:\Users\byuks\Desktop\QA\QA-Test-Automation-Baykar\tests\Kariyer.Baykartech.robot">
<test id="s1-s1-t1" name="Visitor should be able click and see all &quot;Footer&quot; elements" line="65">
<kw name="Start Baykar Web Test" library="Common" type="SETUP">
<arg>${BROWSER}</arg>
<kw name="Open Browser" library="SeleniumLibrary">
<arg>about:blank</arg>
<arg>${BROWSER}</arg>
<doc>Opens a new browser instance to the optional ``url``.</doc>
<msg timestamp="20220701 02:20:47.505" level="INFO">Opening browser 'chrome' to base url 'about:blank'.</msg>
<status status="PASS" starttime="20220701 02:20:47.505" endtime="20220701 02:20:48.590"/>
</kw>
<kw name="Maximize Browser Window" library="SeleniumLibrary">
<doc>Maximizes current browser window.</doc>
<status status="PASS" starttime="20220701 02:20:48.591" endtime="20220701 02:20:48.705"/>
</kw>
<status status="PASS" starttime="20220701 02:20:47.505" endtime="20220701 02:20:48.705"/>
</kw>
<kw name="Open Website" library="Common">
<arg>${SITE_URL}${RUN_LANG}</arg>
<kw name="Go To" library="SeleniumLibrary">
<arg>${SITE_URL}\/</arg>
<doc>Navigates the current browser window to the provided ``url``.</doc>
<msg timestamp="20220701 02:20:48.707" level="INFO">Opening url 'https://kariyer.baykartech.com/tr/'</msg>
<status status="PASS" starttime="20220701 02:20:48.706" endtime="20220701 02:20:55.635"/>
</kw>
<status status="PASS" starttime="20220701 02:20:48.706" endtime="20220701 02:20:55.635"/>
</kw>
<kw name="Verify Page Loaded" library="Common">
<arg>${RUN_LANG}</arg>
<doc>Verify all pages successfully loaded</doc>
<kw name="Wait Until Element Is Enabled" library="SeleniumLibrary">
<arg>${BAYKAR_LOGO_${LANG}}</arg>
<doc>Waits until the element ``locator`` is enabled.</doc>
<status status="PASS" starttime="20220701 02:20:55.636" endtime="20220701 02:20:55.665"/>
</kw>
<kw name="Run Keyword And Return Status" library="BuiltIn">
<var>${check_loader}</var>
<arg>Element Should Be Visible</arg>
<arg>${PRE_LOADER}</arg>
<doc>Runs the given keyword with given arguments and returns the status as a Boolean value.</doc>
<kw name="Element Should Be Visible" library="SeleniumLibrary">
<arg>${PRE_LOADER}</arg>
<doc>Verifies that the element identified by ``locator`` is visible.</doc>
<msg timestamp="20220701 02:20:55.685" level="INFO">Element 'xpath=//div[@class='se-pre-con']' is displayed.</msg>
<status status="PASS" starttime="20220701 02:20:55.666" endtime="20220701 02:20:55.686"/>
</kw>
<msg timestamp="20220701 02:20:55.686" level="INFO">${check_loader} = True</msg>
<status status="PASS" starttime="20220701 02:20:55.665" endtime="20220701 02:20:55.686"/>
</kw>
<kw name="Run Keyword If" library="BuiltIn">
<arg>${check_loader}</arg>
<arg>Wait Until Element Is Not Visible</arg>
<arg>${PRE_LOADER}</arg>
<doc>Runs the given keyword with the given arguments, if ``condition`` is true.</doc>
<kw name="Wait Until Element Is Not Visible" library="SeleniumLibrary">
<arg>${PRE_LOADER}</arg>
<doc>Waits until the element ``locator`` is not visible.</doc>
<status status="PASS" starttime="20220701 02:20:55.686" endtime="20220701 02:20:56.351"/>
</kw>
<status status="PASS" starttime="20220701 02:20:55.686" endtime="20220701 02:20:56.351"/>
</kw>
<status status="PASS" starttime="20220701 02:20:55.636" endtime="20220701 02:20:56.351"/>
</kw>
<kw name="Navigate &quot;Footer&quot; Elements" library="Kariyer.Baykartech.App">
<arg>${RUN_LANG}</arg>
<kw name="Scroll to end of the page" library="Footer">
<kw name="Run Keyword And Ignore Error" library="BuiltIn">
<arg>Scroll Element Into View</arg>
<arg>${PAGE_END}</arg>
<doc>Runs the given keyword with the given arguments and ignores possible error.</doc>
<kw name="Scroll Element Into View" library="SeleniumLibrary">
<arg>${PAGE_END}</arg>
<doc>Scrolls the element identified by ``locator`` into view.</doc>
<status status="PASS" starttime="20220701 02:20:56.353" endtime="20220701 02:20:56.630"/>
</kw>
<status status="PASS" starttime="20220701 02:20:56.353" endtime="20220701 02:20:56.630"/>
</kw>
<status status="PASS" starttime="20220701 02:20:56.353" endtime="20220701 02:20:56.630"/>
</kw>
<kw name="Navigate footer elements in loop" library="Footer">
<arg>${LANG}</arg>
<doc>Clicks all footer links by created list</doc>
<for flavor="IN ZIP">
<var>${LINK_TR}</var>
<var>${LINK_EN}</var>
<value>${FOOTER_LINKS_TR}</value>
<value>${FOOTER_LINKS_EN}</value>
<iter>
<var name="${LINK_TR}">xpath=//footer//a[.="Hakkımızda"]</var>
<var name="${LINK_EN}">xpath=//footer//a[.="About Us"]</var>
<kw name="Run Keyword If" library="BuiltIn">
<arg>"${LANG}" == "tr"</arg>
<arg>Click Link</arg>
<arg>${LINK_TR}</arg>
<arg>ELSE IF</arg>
<arg>"${LANG}" == "en"</arg>
<arg>Click Link</arg>
<arg>${LINK_EN}</arg>
<doc>Runs the given keyword with the given arguments, if ``condition`` is true.</doc>
<kw name="Click Link" library="SeleniumLibrary">
<arg>${LINK_TR}</arg>
<doc>Clicks a link identified by ``locator``.</doc>
<msg timestamp="20220701 02:20:56.632" level="INFO">Clicking link 'xpath=//footer//a[.="Hakkımızda"]'.</msg>
<status status="PASS" starttime="20220701 02:20:56.632" endtime="20220701 02:20:57.635"/>
</kw>
<status status="PASS" starttime="20220701 02:20:56.631" endtime="20220701 02:20:57.635"/>
</kw>
<kw name="Check Baykar's Main Site By Argument" library="Baykartech.App">
<var>${con}</var>
<arg>${LINK_EN}</arg>
<arg>${LANG}</arg>
<kw name="Evaluate" library="BuiltIn">
<var>${ABOUT_CON}</var>
<arg>"${ABOUT_US_TEXTS_${LANG}}" in """${PAGE}"""</arg>
<doc>Evaluates the given expression in Python and returns the result.</doc>
<msg timestamp="20220701 02:20:57.636" level="INFO">${ABOUT_CON} = False</msg>
<status status="PASS" starttime="20220701 02:20:57.635" endtime="20220701 02:20:57.636"/>
</kw>
<kw name="Evaluate" library="BuiltIn">
<var>${MANAG_CON}</var>
<arg>"${MANAGEMENT_TEXTS_${LANG}}" in """${PAGE}"""</arg>
<doc>Evaluates the given expression in Python and returns the result.</doc>
<msg timestamp="20220701 02:20:57.636" level="INFO">${MANAG_CON} = False</msg>
<status status="PASS" starttime="20220701 02:20:57.636" endtime="20220701 02:20:57.636"/>
</kw>
<kw name="Evaluate" library="BuiltIn">
<var>${HISTO_CON}</var>
<arg>"${HISTORY_TEXTS_${LANG}}" in """${PAGE}"""</arg>
<doc>Evaluates the given expression in Python and returns the result.</doc>
<msg timestamp="20220701 02:20:57.637" level="INFO">${HISTO_CON} = False</msg>
<status status="PASS" starttime="20220701 02:20:57.636" endtime="20220701 02:20:57.637"/>
</kw>
<kw name="Run Keyword If" library="BuiltIn">
<arg>${ABOUT_CON}</arg>
<arg>About.Verify Page Loaded</arg>
<arg>ELSE IF</arg>
<arg>${MANAG_CON}</arg>
<arg>Management.Verify Page Loaded</arg>
<arg>ELSE IF</arg>
<arg>${HISTO_CON}</arg>
<arg>History.Verify Page Loaded</arg>
<doc>Runs the given keyword with the given arguments, if ``condition`` is true.</doc>
<status status="PASS" starttime="20220701 02:20:57.637" endtime="20220701 02:20:57.637"/>
</kw>
<msg timestamp="20220701 02:20:57.637" level="INFO">${con} = True</msg>
<status status="PASS" starttime="20220701 02:20:57.635" endtime="20220701 02:20:57.637"/>
</kw>
<kw name="Run Keyword If" library="BuiltIn">
<arg>${con}</arg>
<arg>Go Back</arg>
<doc>Runs the given keyword with the given arguments, if ``condition`` is true.</doc>
<kw name="Go Back" library="SeleniumLibrary">
<doc>Simulates the user clicking the back button on their browser.</doc>
<status status="PASS" starttime="20220701 02:20:57.638" endtime="20220701 02:20:58.326"/>
</kw>
<status status="PASS" starttime="20220701 02:20:57.637" endtime="20220701 02:20:58.326"/>
</kw>
<kw name="Verify Page Loaded" library="Common">
<arg>${LANG}</arg>
<doc>Verify all pages successfully loaded</doc>
<kw name="Wait Until Element Is Enabled" library="SeleniumLibrary">
<arg>${BAYKAR_LOGO_${LANG}}</arg>
<doc>Waits until the element ``locator`` is enabled.</doc>
<status status="PASS" starttime="20220701 02:20:58.327" endtime="20220701 02:20:58.362"/>
</kw>
<kw name="Run Keyword And Return Status" library="BuiltIn">
<var>${check_loader}</var>
<arg>Element Should Be Visible</arg>
<arg>${PRE_LOADER}</arg>
<doc>Runs the given keyword with given arguments and returns the status as a Boolean value.</doc>
<kw name="Element Should Be Visible" library="SeleniumLibrary">
<arg>${PRE_LOADER}</arg>
<doc>Verifies that the element identified by ``locator`` is visible.</doc>
<msg timestamp="20220701 02:20:58.389" level="INFO">Element 'xpath=//div[@class='se-pre-con']' is displayed.</msg>
<status status="PASS" starttime="20220701 02:20:58.363" endtime="20220701 02:20:58.389"/>
</kw>
<msg timestamp="20220701 02:20:58.389" level="INFO">${check_loader} = True</msg>
<status status="PASS" starttime="20220701 02:20:58.363" endtime="20220701 02:20:58.389"/>
</kw>
<kw name="Run Keyword If" library="BuiltIn">
<arg>${check_loader}</arg>
<arg>Wait Until Element Is Not Visible</arg>
<arg>${PRE_LOADER}</arg>
<doc>Runs the given keyword with the given arguments, if ``condition`` is true.</doc>
<kw name="Wait Until Element Is Not Visible" library="SeleniumLibrary">
<arg>${PRE_LOADER}</arg>
<doc>Waits until the element ``locator`` is not visible.</doc>
<status status="PASS" starttime="20220701 02:20:58.389" endtime="20220701 02:20:59.116"/>
</kw>
<status status="PASS" starttime="20220701 02:20:58.389" endtime="20220701 02:20:59.116"/>
</kw>
<status status="PASS" starttime="20220701 02:20:58.326" endtime="20220701 02:20:59.117"/>
</kw>
<kw name="Wait Until Element Is Visible" library="SeleniumLibrary">
<arg>${PAGE_END}</arg>
<doc>Waits until the element ``locator`` is visible.</doc>
<status status="PASS" starttime="20220701 02:20:59.117" endtime="20220701 02:20:59.134"/>
</kw>
<kw name="Run Keyword" library="BuiltIn">
<arg>Scroll to end of the page</arg>
<doc>Executes the given keyword with the given arguments.</doc>
<kw name="Scroll to end of the page" library="Footer">
<kw name="Run Keyword And Ignore Error" library="BuiltIn">
<arg>Scroll Element Into View</arg>
<arg>${PAGE_END}</arg>
<doc>Runs the given keyword with the given arguments and ignores possible error.</doc>
<kw name="Scroll Element Into View" library="SeleniumLibrary">
<arg>${PAGE_END}</arg>
<doc>Scrolls the element identified by ``locator`` into view.</doc>
<status status="PASS" starttime="20220701 02:20:59.135" endtime="20220701 02:20:59.418"/>
</kw>
<status status="PASS" starttime="20220701 02:20:59.135" endtime="20220701 02:20:59.418"/>
</kw>
<status status="PASS" starttime="20220701 02:20:59.135" endtime="20220701 02:20:59.418"/>
</kw>
<status status="PASS" starttime="20220701 02:20:59.134" endtime="20220701 02:20:59.418"/>
</kw>
<status status="PASS" starttime="20220701 02:20:56.631" endtime="20220701 02:20:59.418"/>
</iter>
<iter>
<var name="${LINK_TR}">xpath=//footer//a[.="Yönetim"]</var>
<var name="${LINK_EN}">xpath=//footer//a[.="Management"]</var>
<kw name="Run Keyword If" library="BuiltIn">
<arg>"${LANG}" == "tr"</arg>
<arg>Click Link</arg>
<arg>${LINK_TR}</arg>
<arg>ELSE IF</arg>
<arg>"${LANG}" == "en"</arg>
<arg>Click Link</arg>
<arg>${LINK_EN}</arg>
<doc>Runs the given keyword with the given arguments, if ``condition`` is true.</doc>
<kw name="Click Link" library="SeleniumLibrary">
<arg>${LINK_TR}</arg>
<doc>Clicks a link identified by ``locator``.</doc>
<msg timestamp="20220701 02:20:59.419" level="INFO">Clicking link 'xpath=//footer//a[.="Yönetim"]'.</msg>
<status status="PASS" starttime="20220701 02:20:59.418" endtime="20220701 02:21:00.340"/>
</kw>
<status status="PASS" starttime="20220701 02:20:59.418" endtime="20220701 02:21:00.340"/>
</kw>
<kw name="Check Baykar's Main Site By Argument" library="Baykartech.App">
<var>${con}</var>
<arg>${LINK_EN}</arg>
<arg>${LANG}</arg>
<kw name="Evaluate" library="BuiltIn">
<var>${ABOUT_CON}</var>
<arg>"${ABOUT_US_TEXTS_${LANG}}" in """${PAGE}"""</arg>
<doc>Evaluates the given expression in Python and returns the result.</doc>
<msg timestamp="20220701 02:21:00.342" level="INFO">${ABOUT_CON} = False</msg>
<status status="PASS" starttime="20220701 02:21:00.340" endtime="20220701 02:21:00.342"/>
</kw>
<kw name="Evaluate" library="BuiltIn">
<var>${MANAG_CON}</var>
<arg>"${MANAGEMENT_TEXTS_${LANG}}" in """${PAGE}"""</arg>
<doc>Evaluates the given expression in Python and returns the result.</doc>
<msg timestamp="20220701 02:21:00.342" level="INFO">${MANAG_CON} = False</msg>
<status status="PASS" starttime="20220701 02:21:00.342" endtime="20220701 02:21:00.342"/>
</kw>
<kw name="Evaluate" library="BuiltIn">
<var>${HISTO_CON}</var>
<arg>"${HISTORY_TEXTS_${LANG}}" in """${PAGE}"""</arg>
<doc>Evaluates the given expression in Python and returns the result.</doc>
<msg timestamp="20220701 02:21:00.342" level="INFO">${HISTO_CON} = False</msg>
<status status="PASS" starttime="20220701 02:21:00.342" endtime="20220701 02:21:00.342"/>
</kw>
<kw name="Run Keyword If" library="BuiltIn">
<arg>${ABOUT_CON}</arg>
<arg>About.Verify Page Loaded</arg>
<arg>ELSE IF</arg>
<arg>${MANAG_CON}</arg>
<arg>Management.Verify Page Loaded</arg>
<arg>ELSE IF</arg>
<arg>${HISTO_CON}</arg>
<arg>History.Verify Page Loaded</arg>
<doc>Runs the given keyword with the given arguments, if ``condition`` is true.</doc>
<status status="PASS" starttime="20220701 02:21:00.342" endtime="20220701 02:21:00.343"/>
</kw>
<msg timestamp="20220701 02:21:00.343" level="INFO">${con} = True</msg>
<status status="PASS" starttime="20220701 02:21:00.340" endtime="20220701 02:21:00.343"/>
</kw>
<kw name="Run Keyword If" library="BuiltIn">
<arg>${con}</arg>
<arg>Go Back</arg>
<doc>Runs the given keyword with the given arguments, if ``condition`` is true.</doc>
<kw name="Go Back" library="SeleniumLibrary">
<doc>Simulates the user clicking the back button on their browser.</doc>
<status status="PASS" starttime="20220701 02:21:00.343" endtime="20220701 02:21:00.706"/>
</kw>
<status status="PASS" starttime="20220701 02:21:00.343" endtime="20220701 02:21:00.706"/>
</kw>
<kw name="Verify Page Loaded" library="Common">
<arg>${LANG}</arg>
<doc>Verify all pages successfully loaded</doc>
<kw name="Wait Until Element Is Enabled" library="SeleniumLibrary">
<arg>${BAYKAR_LOGO_${LANG}}</arg>
<doc>Waits until the element ``locator`` is enabled.</doc>
<status status="PASS" starttime="20220701 02:21:00.707" endtime="20220701 02:21:00.750"/>
</kw>
<kw name="Run Keyword And Return Status" library="BuiltIn">
<var>${check_loader}</var>
<arg>Element Should Be Visible</arg>
<arg>${PRE_LOADER}</arg>
<doc>Runs the given keyword with given arguments and returns the status as a Boolean value.</doc>
<kw name="Element Should Be Visible" library="SeleniumLibrary">
<arg>${PRE_LOADER}</arg>
<doc>Verifies that the element identified by ``locator`` is visible.</doc>
<msg timestamp="20220701 02:21:00.820" level="INFO">Element 'xpath=//div[@class='se-pre-con']' is displayed.</msg>
<status status="PASS" starttime="20220701 02:21:00.750" endtime="20220701 02:21:00.821"/>
</kw>
<msg timestamp="20220701 02:21:00.821" level="INFO">${check_loader} = True</msg>
<status status="PASS" starttime="20220701 02:21:00.750" endtime="20220701 02:21:00.821"/>
</kw>
<kw name="Run Keyword If" library="BuiltIn">
<arg>${check_loader}</arg>
<arg>Wait Until Element Is Not Visible</arg>
<arg>${PRE_LOADER}</arg>
<doc>Runs the given keyword with the given arguments, if ``condition`` is true.</doc>
<kw name="Wait Until Element Is Not Visible" library="SeleniumLibrary">
<arg>${PRE_LOADER}</arg>
<doc>Waits until the element ``locator`` is not visible.</doc>
<status status="PASS" starttime="20220701 02:21:00.821" endtime="20220701 02:21:01.523"/>
</kw>
<status status="PASS" starttime="20220701 02:21:00.821" endtime="20220701 02:21:01.523"/>
</kw>
<status status="PASS" starttime="20220701 02:21:00.706" endtime="20220701 02:21:01.523"/>
</kw>
<kw name="Wait Until Element Is Visible" library="SeleniumLibrary">
<arg>${PAGE_END}</arg>
<doc>Waits until the element ``locator`` is visible.</doc>
<status status="PASS" starttime="20220701 02:21:01.523" endtime="20220701 02:21:01.536"/>
</kw>
<kw name="Run Keyword" library="BuiltIn">
<arg>Scroll to end of the page</arg>
<doc>Executes the given keyword with the given arguments.</doc>
<kw name="Scroll to end of the page" library="Footer">
<kw name="Run Keyword And Ignore Error" library="BuiltIn">
<arg>Scroll Element Into View</arg>
<arg>${PAGE_END}</arg>
<doc>Runs the given keyword with the given arguments and ignores possible error.</doc>
<kw name="Scroll Element Into View" library="SeleniumLibrary">
<arg>${PAGE_END}</arg>
<doc>Scrolls the element identified by ``locator`` into view.</doc>
<status status="PASS" starttime="20220701 02:21:01.537" endtime="20220701 02:21:01.806"/>
</kw>
<status status="PASS" starttime="20220701 02:21:01.537" endtime="20220701 02:21:01.806"/>
</kw>
<status status="PASS" starttime="20220701 02:21:01.537" endtime="20220701 02:21:01.806"/>
</kw>
<status status="PASS" starttime="20220701 02:21:01.537" endtime="20220701 02:21:01.806"/>
</kw>
<status status="PASS" starttime="20220701 02:20:59.418" endtime="20220701 02:21:01.806"/>
</iter>
<iter>
<var name="${LINK_TR}">xpath=//footer//a[.="Tarihçe"]</var>
<var name="${LINK_EN}">xpath=//footer//a[.="History"]</var>
<kw name="Run Keyword If" library="BuiltIn">
<arg>"${LANG}" == "tr"</arg>
<arg>Click Link</arg>
<arg>${LINK_TR}</arg>
<arg>ELSE IF</arg>
<arg>"${LANG}" == "en"</arg>
<arg>Click Link</arg>
<arg>${LINK_EN}</arg>
<doc>Runs the given keyword with the given arguments, if ``condition`` is true.</doc>
<kw name="Click Link" library="SeleniumLibrary">
<arg>${LINK_TR}</arg>
<doc>Clicks a link identified by ``locator``.</doc>
<msg timestamp="20220701 02:21:01.807" level="INFO">Clicking link 'xpath=//footer//a[.="Tarihçe"]'.</msg>
<status status="PASS" starttime="20220701 02:21:01.807" endtime="20220701 02:21:02.729"/>
</kw>
<status status="PASS" starttime="20220701 02:21:01.807" endtime="20220701 02:21:02.729"/>
</kw>
<kw name="Check Baykar's Main Site By Argument" library="Baykartech.App">
<var>${con}</var>
<arg>${LINK_EN}</arg>
<arg>${LANG}</arg>
<kw name="Evaluate" library="BuiltIn">
<var>${ABOUT_CON}</var>
<arg>"${ABOUT_US_TEXTS_${LANG}}" in """${PAGE}"""</arg>
<doc>Evaluates the given expression in Python and returns the result.</doc>
<msg timestamp="20220701 02:21:02.730" level="INFO">${ABOUT_CON} = False</msg>
<status status="PASS" starttime="20220701 02:21:02.730" endtime="20220701 02:21:02.730"/>
</kw>
<kw name="Evaluate" library="BuiltIn">
<var>${MANAG_CON}</var>
<arg>"${MANAGEMENT_TEXTS_${LANG}}" in """${PAGE}"""</arg>
<doc>Evaluates the given expression in Python and returns the result.</doc>
<msg timestamp="20220701 02:21:02.731" level="INFO">${MANAG_CON} = False</msg>
<status status="PASS" starttime="20220701 02:21:02.730" endtime="20220701 02:21:02.731"/>
</kw>
<kw name="Evaluate" library="BuiltIn">
<var>${HISTO_CON}</var>
<arg>"${HISTORY_TEXTS_${LANG}}" in """${PAGE}"""</arg>
<doc>Evaluates the given expression in Python and returns the result.</doc>
<msg timestamp="20220701 02:21:02.731" level="INFO">${HISTO_CON} = False</msg>
<status status="PASS" starttime="20220701 02:21:02.731" endtime="20220701 02:21:02.731"/>
</kw>
<kw name="Run Keyword If" library="BuiltIn">
<arg>${ABOUT_CON}</arg>
<arg>About.Verify Page Loaded</arg>
<arg>ELSE IF</arg>
<arg>${MANAG_CON}</arg>
<arg>Management.Verify Page Loaded</arg>
<arg>ELSE IF</arg>
<arg>${HISTO_CON}</arg>
<arg>History.Verify Page Loaded</arg>
<doc>Runs the given keyword with the given arguments, if ``condition`` is true.</doc>
<status status="PASS" starttime="20220701 02:21:02.731" endtime="20220701 02:21:02.731"/>
</kw>
<msg timestamp="20220701 02:21:02.731" level="INFO">${con} = True</msg>
<status status="PASS" starttime="20220701 02:21:02.730" endtime="20220701 02:21:02.731"/>
</kw>
<kw name="Run Keyword If" library="BuiltIn">
<arg>${con}</arg>
<arg>Go Back</arg>
<doc>Runs the given keyword with the given arguments, if ``condition`` is true.</doc>
<kw name="Go Back" library="SeleniumLibrary">
<doc>Simulates the user clicking the back button on their browser.</doc>
<status status="PASS" starttime="20220701 02:21:02.732" endtime="20220701 02:21:03.101"/>
</kw>
<status status="PASS" starttime="20220701 02:21:02.731" endtime="20220701 02:21:03.101"/>
</kw>
<kw name="Verify Page Loaded" library="Common">
<arg>${LANG}</arg>
<doc>Verify all pages successfully loaded</doc>
<kw name="Wait Until Element Is Enabled" library="SeleniumLibrary">
<arg>${BAYKAR_LOGO_${LANG}}</arg>
<doc>Waits until the element ``locator`` is enabled.</doc>
<status status="PASS" starttime="20220701 02:21:03.102" endtime="20220701 02:21:03.145"/>
</kw>
<kw name="Run Keyword And Return Status" library="BuiltIn">
<var>${check_loader}</var>
<arg>Element Should Be Visible</arg>
<arg>${PRE_LOADER}</arg>
<doc>Runs the given keyword with given arguments and returns the status as a Boolean value.</doc>
<kw name="Element Should Be Visible" library="SeleniumLibrary">
<arg>${PRE_LOADER}</arg>
<doc>Verifies that the element identified by ``locator`` is visible.</doc>
<msg timestamp="20220701 02:21:03.215" level="INFO">Element 'xpath=//div[@class='se-pre-con']' is displayed.</msg>
<status status="PASS" starttime="20220701 02:21:03.146" endtime="20220701 02:21:03.215"/>
</kw>
<msg timestamp="20220701 02:21:03.215" level="INFO">${check_loader} = True</msg>
<status status="PASS" starttime="20220701 02:21:03.146" endtime="20220701 02:21:03.215"/>
</kw>
<kw name="Run Keyword If" library="BuiltIn">
<arg>${check_loader}</arg>
<arg>Wait Until Element Is Not Visible</arg>
<arg>${PRE_LOADER}</arg>
<doc>Runs the given keyword with the given arguments, if ``condition`` is true.</doc>
<kw name="Wait Until Element Is Not Visible" library="SeleniumLibrary">
<arg>${PRE_LOADER}</arg>
<doc>Waits until the element ``locator`` is not visible.</doc>
<status status="PASS" starttime="20220701 02:21:03.216" endtime="20220701 02:21:03.912"/>
</kw>
<status status="PASS" starttime="20220701 02:21:03.215" endtime="20220701 02:21:03.912"/>
</kw>
<status status="PASS" starttime="20220701 02:21:03.102" endtime="20220701 02:21:03.912"/>
</kw>
<kw name="Wait Until Element Is Visible" library="SeleniumLibrary">
<arg>${PAGE_END}</arg>
<doc>Waits until the element ``locator`` is visible.</doc>
<status status="PASS" starttime="20220701 02:21:03.912" endtime="20220701 02:21:03.927"/>
</kw>
<kw name="Run Keyword" library="BuiltIn">
<arg>Scroll to end of the page</arg>
<doc>Executes the given keyword with the given arguments.</doc>
<kw name="Scroll to end of the page" library="Footer">
<kw name="Run Keyword And Ignore Error" library="BuiltIn">
<arg>Scroll Element Into View</arg>
<arg>${PAGE_END}</arg>
<doc>Runs the given keyword with the given arguments and ignores possible error.</doc>
<kw name="Scroll Element Into View" library="SeleniumLibrary">
<arg>${PAGE_END}</arg>
<doc>Scrolls the element identified by ``locator`` into view.</doc>
<status status="PASS" starttime="20220701 02:21:03.927" endtime="20220701 02:21:04.196"/>
</kw>
<status status="PASS" starttime="20220701 02:21:03.927" endtime="20220701 02:21:04.196"/>
</kw>
<status status="PASS" starttime="20220701 02:21:03.927" endtime="20220701 02:21:04.196"/>
</kw>
<status status="PASS" starttime="20220701 02:21:03.927" endtime="20220701 02:21:04.196"/>
</kw>
<status status="PASS" starttime="20220701 02:21:01.807" endtime="20220701 02:21:04.196"/>
</iter>
<iter>
<var name="${LINK_TR}">xpath=//footer//a[.="Açık Pozisyonlar"]</var>
<var name="${LINK_EN}">xpath=//footer//a[.="Open Positions"]</var>
<kw name="Run Keyword If" library="BuiltIn">
<arg>"${LANG}" == "tr"</arg>
<arg>Click Link</arg>
<arg>${LINK_TR}</arg>
<arg>ELSE IF</arg>
<arg>"${LANG}" == "en"</arg>
<arg>Click Link</arg>
<arg>${LINK_EN}</arg>
<doc>Runs the given keyword with the given arguments, if ``condition`` is true.</doc>
<kw name="Click Link" library="SeleniumLibrary">
<arg>${LINK_TR}</arg>
<doc>Clicks a link identified by ``locator``.</doc>
<msg timestamp="20220701 02:21:04.197" level="INFO">Clicking link 'xpath=//footer//a[.="Açık Pozisyonlar"]'.</msg>
<status status="PASS" starttime="20220701 02:21:04.197" endtime="20220701 02:21:06.608"/>
</kw>
<status status="PASS" starttime="20220701 02:21:04.197" endtime="20220701 02:21:06.608"/>
</kw>
<kw name="Check Baykar's Main Site By Argument" library="Baykartech.App">
<var>${con}</var>
<arg>${LINK_EN}</arg>
<arg>${LANG}</arg>
<kw name="Evaluate" library="BuiltIn">
<var>${ABOUT_CON}</var>
<arg>"${ABOUT_US_TEXTS_${LANG}}" in """${PAGE}"""</arg>
<doc>Evaluates the given expression in Python and returns the result.</doc>
<msg timestamp="20220701 02:21:06.609" level="INFO">${ABOUT_CON} = False</msg>
<status status="PASS" starttime="20220701 02:21:06.609" endtime="20220701 02:21:06.609"/>
</kw>
<kw name="Evaluate" library="BuiltIn">
<var>${MANAG_CON}</var>
<arg>"${MANAGEMENT_TEXTS_${LANG}}" in """${PAGE}"""</arg>
<doc>Evaluates the given expression in Python and returns the result.</doc>
<msg timestamp="20220701 02:21:06.609" level="INFO">${MANAG_CON} = False</msg>
<status status="PASS" starttime="20220701 02:21:06.609" endtime="20220701 02:21:06.609"/>
</kw>
<kw name="Evaluate" library="BuiltIn">
<var>${HISTO_CON}</var>
<arg>"${HISTORY_TEXTS_${LANG}}" in """${PAGE}"""</arg>
<doc>Evaluates the given expression in Python and returns the result.</doc>
<msg timestamp="20220701 02:21:06.610" level="INFO">${HISTO_CON} = False</msg>
<status status="PASS" starttime="20220701 02:21:06.610" endtime="20220701 02:21:06.610"/>
</kw>
<kw name="Run Keyword If" library="BuiltIn">
<arg>${ABOUT_CON}</arg>
<arg>About.Verify Page Loaded</arg>
<arg>ELSE IF</arg>
<arg>${MANAG_CON}</arg>
<arg>Management.Verify Page Loaded</arg>
<arg>ELSE IF</arg>
<arg>${HISTO_CON}</arg>
<arg>History.Verify Page Loaded</arg>
<doc>Runs the given keyword with the given arguments, if ``condition`` is true.</doc>
<status status="PASS" starttime="20220701 02:21:06.610" endtime="20220701 02:21:06.610"/>
</kw>
<msg timestamp="20220701 02:21:06.610" level="INFO">${con} = True</msg>
<status status="PASS" starttime="20220701 02:21:06.608" endtime="20220701 02:21:06.610"/>
</kw>
<kw name="Run Keyword If" library="BuiltIn">
<arg>${con}</arg>
<arg>Go Back</arg>
<doc>Runs the given keyword with the given arguments, if ``condition`` is true.</doc>
<kw name="Go Back" library="SeleniumLibrary">
<doc>Simulates the user clicking the back button on their browser.</doc>
<status status="PASS" starttime="20220701 02:21:06.611" endtime="20220701 02:21:06.987"/>
</kw>
<status status="PASS" starttime="20220701 02:21:06.611" endtime="20220701 02:21:06.987"/>
</kw>
<kw name="Verify Page Loaded" library="Common">
<arg>${LANG}</arg>
<doc>Verify all pages successfully loaded</doc>
<kw name="Wait Until Element Is Enabled" library="SeleniumLibrary">
<arg>${BAYKAR_LOGO_${LANG}}</arg>
<doc>Waits until the element ``locator`` is enabled.</doc>
<status status="PASS" starttime="20220701 02:21:06.988" endtime="20220701 02:21:07.012"/>
</kw>
<kw name="Run Keyword And Return Status" library="BuiltIn">
<var>${check_loader}</var>
<arg>Element Should Be Visible</arg>
<arg>${PRE_LOADER}</arg>
<doc>Runs the given keyword with given arguments and returns the status as a Boolean value.</doc>
<kw name="Element Should Be Visible" library="SeleniumLibrary">
<arg>${PRE_LOADER}</arg>
<doc>Verifies that the element identified by ``locator`` is visible.</doc>
<msg timestamp="20220701 02:21:07.034" level="INFO">Element 'xpath=//div[@class='se-pre-con']' is displayed.</msg>
<status status="PASS" starttime="20220701 02:21:07.012" endtime="20220701 02:21:07.034"/>
</kw>
<msg timestamp="20220701 02:21:07.034" level="INFO">${check_loader} = True</msg>
<status status="PASS" starttime="20220701 02:21:07.012" endtime="20220701 02:21:07.034"/>
</kw>
<kw name="Run Keyword If" library="BuiltIn">
<arg>${check_loader}</arg>
<arg>Wait Until Element Is Not Visible</arg>
<arg>${PRE_LOADER}</arg>
<doc>Runs the given keyword with the given arguments, if ``condition`` is true.</doc>
<kw name="Wait Until Element Is Not Visible" library="SeleniumLibrary">
<arg>${PRE_LOADER}</arg>
<doc>Waits until the element ``locator`` is not visible.</doc>
<status status="PASS" starttime="20220701 02:21:07.035" endtime="20220701 02:21:07.757"/>
</kw>
<status status="PASS" starttime="20220701 02:21:07.034" endtime="20220701 02:21:07.757"/>
</kw>
<status status="PASS" starttime="20220701 02:21:06.988" endtime="20220701 02:21:07.757"/>
</kw>
<kw name="Wait Until Element Is Visible" library="SeleniumLibrary">
<arg>${PAGE_END}</arg>
<doc>Waits until the element ``locator`` is visible.</doc>
<status status="PASS" starttime="20220701 02:21:07.757" endtime="20220701 02:21:07.771"/>
</kw>
<kw name="Run Keyword" library="BuiltIn">
<arg>Scroll to end of the page</arg>
<doc>Executes the given keyword with the given arguments.</doc>
<kw name="Scroll to end of the page" library="Footer">
<kw name="Run Keyword And Ignore Error" library="BuiltIn">
<arg>Scroll Element Into View</arg>
<arg>${PAGE_END}</arg>
<doc>Runs the given keyword with the given arguments and ignores possible error.</doc>
<kw name="Scroll Element Into View" library="SeleniumLibrary">
<arg>${PAGE_END}</arg>
<doc>Scrolls the element identified by ``locator`` into view.</doc>
<status status="PASS" starttime="20220701 02:21:07.772" endtime="20220701 02:21:08.044"/>
</kw>
<status status="PASS" starttime="20220701 02:21:07.772" endtime="20220701 02:21:08.044"/>
</kw>
<status status="PASS" starttime="20220701 02:21:07.772" endtime="20220701 02:21:08.044"/>
</kw>
<status status="PASS" starttime="20220701 02:21:07.771" endtime="20220701 02:21:08.044"/>
</kw>
<status status="PASS" starttime="20220701 02:21:04.197" endtime="20220701 02:21:08.044"/>
</iter>
<iter>
<var name="${LINK_TR}">xpath=//footer//a[.="İş"]</var>
<var name="${LINK_EN}">xpath=//footer//a[.="Jobs"]</var>
<kw name="Run Keyword If" library="BuiltIn">
<arg>"${LANG}" == "tr"</arg>
<arg>Click Link</arg>
<arg>${LINK_TR}</arg>
<arg>ELSE IF</arg>
<arg>"${LANG}" == "en"</arg>
<arg>Click Link</arg>
<arg>${LINK_EN}</arg>
<doc>Runs the given keyword with the given arguments, if ``condition`` is true.</doc>
<kw name="Click Link" library="SeleniumLibrary">
<arg>${LINK_TR}</arg>
<doc>Clicks a link identified by ``locator``.</doc>
<msg timestamp="20220701 02:21:08.045" level="INFO">Clicking link 'xpath=//footer//a[.="İş"]'.</msg>
<status status="PASS" starttime="20220701 02:21:08.045" endtime="20220701 02:21:08.668"/>
</kw>
<status status="PASS" starttime="20220701 02:21:08.045" endtime="20220701 02:21:08.668"/>
</kw>
<kw name="Check Baykar's Main Site By Argument" library="Baykartech.App">
<var>${con}</var>
<arg>${LINK_EN}</arg>
<arg>${LANG}</arg>
<kw name="Evaluate" library="BuiltIn">
<var>${ABOUT_CON}</var>
<arg>"${ABOUT_US_TEXTS_${LANG}}" in """${PAGE}"""</arg>
<doc>Evaluates the given expression in Python and returns the result.</doc>
<msg timestamp="20220701 02:21:08.669" level="INFO">${ABOUT_CON} = False</msg>
<status status="PASS" starttime="20220701 02:21:08.669" endtime="20220701 02:21:08.669"/>
</kw>
<kw name="Evaluate" library="BuiltIn">
<var>${MANAG_CON}</var>
<arg>"${MANAGEMENT_TEXTS_${LANG}}" in """${PAGE}"""</arg>
<doc>Evaluates the given expression in Python and returns the result.</doc>
<msg timestamp="20220701 02:21:08.669" level="INFO">${MANAG_CON} = False</msg>
<status status="PASS" starttime="20220701 02:21:08.669" endtime="20220701 02:21:08.669"/>
</kw>
<kw name="Evaluate" library="BuiltIn">
<var>${HISTO_CON}</var>
<arg>"${HISTORY_TEXTS_${LANG}}" in """${PAGE}"""</arg>
<doc>Evaluates the given expression in Python and returns the result.</doc>
<msg timestamp="20220701 02:21:08.670" level="INFO">${HISTO_CON} = False</msg>
<status status="PASS" starttime="20220701 02:21:08.670" endtime="20220701 02:21:08.670"/>
</kw>
<kw name="Run Keyword If" library="BuiltIn">
<arg>${ABOUT_CON}</arg>
<arg>About.Verify Page Loaded</arg>
<arg>ELSE IF</arg>
<arg>${MANAG_CON}</arg>
<arg>Management.Verify Page Loaded</arg>
<arg>ELSE IF</arg>
<arg>${HISTO_CON}</arg>
<arg>History.Verify Page Loaded</arg>
<doc>Runs the given keyword with the given arguments, if ``condition`` is true.</doc>
<status status="PASS" starttime="20220701 02:21:08.670" endtime="20220701 02:21:08.670"/>
</kw>
<msg timestamp="20220701 02:21:08.671" level="INFO">${con} = True</msg>
<status status="PASS" starttime="20220701 02:21:08.668" endtime="20220701 02:21:08.671"/>
</kw>
<kw name="Run Keyword If" library="BuiltIn">
<arg>${con}</arg>
<arg>Go Back</arg>
<doc>Runs the given keyword with the given arguments, if ``condition`` is true.</doc>
<kw name="Go Back" library="SeleniumLibrary">
<doc>Simulates the user clicking the back button on their browser.</doc>
<status status="PASS" starttime="20220701 02:21:08.671" endtime="20220701 02:21:08.950"/>
</kw>
<status status="PASS" starttime="20220701 02:21:08.671" endtime="20220701 02:21:08.950"/>
</kw>
<kw name="Verify Page Loaded" library="Common">
<arg>${LANG}</arg>
<doc>Verify all pages successfully loaded</doc>
<kw name="Wait Until Element Is Enabled" library="SeleniumLibrary">
<arg>${BAYKAR_LOGO_${LANG}}</arg>
<doc>Waits until the element ``locator`` is enabled.</doc>
<status status="PASS" starttime="20220701 02:21:08.950" endtime="20220701 02:21:08.978"/>
</kw>
<kw name="Run Keyword And Return Status" library="BuiltIn">
<var>${check_loader}</var>
<arg>Element Should Be Visible</arg>
<arg>${PRE_LOADER}</arg>
<doc>Runs the given keyword with given arguments and returns the status as a Boolean value.</doc>
<kw name="Element Should Be Visible" library="SeleniumLibrary">
<arg>${PRE_LOADER}</arg>
<doc>Verifies that the element identified by ``locator`` is visible.</doc>
<msg timestamp="20220701 02:21:09.048" level="INFO">Element 'xpath=//div[@class='se-pre-con']' is displayed.</msg>
<status status="PASS" starttime="20220701 02:21:08.978" endtime="20220701 02:21:09.049"/>
</kw>
<msg timestamp="20220701 02:21:09.049" level="INFO">${check_loader} = True</msg>
<status status="PASS" starttime="20220701 02:21:08.978" endtime="20220701 02:21:09.049"/>
</kw>
<kw name="Run Keyword If" library="BuiltIn">
<arg>${check_loader}</arg>
<arg>Wait Until Element Is Not Visible</arg>
<arg>${PRE_LOADER}</arg>
<doc>Runs the given keyword with the given arguments, if ``condition`` is true.</doc>
<kw name="Wait Until Element Is Not Visible" library="SeleniumLibrary">
<arg>${PRE_LOADER}</arg>
<doc>Waits until the element ``locator`` is not visible.</doc>
<status status="PASS" starttime="20220701 02:21:09.049" endtime="20220701 02:21:09.749"/>
</kw>
<status status="PASS" starttime="20220701 02:21:09.049" endtime="20220701 02:21:09.749"/>
</kw>
<status status="PASS" starttime="20220701 02:21:08.950" endtime="20220701 02:21:09.749"/>
</kw>
<kw name="Wait Until Element Is Visible" library="SeleniumLibrary">
<arg>${PAGE_END}</arg>
<doc>Waits until the element ``locator`` is visible.</doc>
<status status="PASS" starttime="20220701 02:21:09.750" endtime="20220701 02:21:09.764"/>
</kw>
<kw name="Run Keyword" library="BuiltIn">
<arg>Scroll to end of the page</arg>
<doc>Executes the given keyword with the given arguments.</doc>
<kw name="Scroll to end of the page" library="Footer">
<kw name="Run Keyword And Ignore Error" library="BuiltIn">
<arg>Scroll Element Into View</arg>
<arg>${PAGE_END}</arg>
<doc>Runs the given keyword with the given arguments and ignores possible error.</doc>
<kw name="Scroll Element Into View" library="SeleniumLibrary">
<arg>${PAGE_END}</arg>
<doc>Scrolls the element identified by ``locator`` into view.</doc>
<status status="PASS" starttime="20220701 02:21:09.765" endtime="20220701 02:21:10.035"/>
</kw>
<status status="PASS" starttime="20220701 02:21:09.765" endtime="20220701 02:21:10.035"/>
</kw>
<status status="PASS" starttime="20220701 02:21:09.764" endtime="20220701 02:21:10.035"/>
</kw>
<status status="PASS" starttime="20220701 02:21:09.764" endtime="20220701 02:21:10.035"/>
</kw>
<status status="PASS" starttime="20220701 02:21:08.045" endtime="20220701 02:21:10.035"/>
</iter>
<iter>
<var name="${LINK_TR}">xpath=//footer//a[.="Staj"]</var>
<var name="${LINK_EN}">xpath=//footer//a[.="İntern"]</var>
<kw name="Run Keyword If" library="BuiltIn">
<arg>"${LANG}" == "tr"</arg>
<arg>Click Link</arg>
<arg>${LINK_TR}</arg>
<arg>ELSE IF</arg>
<arg>"${LANG}" == "en"</arg>
<arg>Click Link</arg>
<arg>${LINK_EN}</arg>
<doc>Runs the given keyword with the given arguments, if ``condition`` is true.</doc>
<kw name="Click Link" library="SeleniumLibrary">
<arg>${LINK_TR}</arg>
<doc>Clicks a link identified by ``locator``.</doc>
<msg timestamp="20220701 02:21:10.036" level="INFO">Clicking link 'xpath=//footer//a[.="Staj"]'.</msg>
<status status="PASS" starttime="20220701 02:21:10.036" endtime="20220701 02:21:11.051"/>
</kw>
<status status="PASS" starttime="20220701 02:21:10.035" endtime="20220701 02:21:11.051"/>
</kw>
<kw name="Check Baykar's Main Site By Argument" library="Baykartech.App">
<var>${con}</var>
<arg>${LINK_EN}</arg>
<arg>${LANG}</arg>
<kw name="Evaluate" library="BuiltIn">
<var>${ABOUT_CON}</var>
<arg>"${ABOUT_US_TEXTS_${LANG}}" in """${PAGE}"""</arg>
<doc>Evaluates the given expression in Python and returns the result.</doc>
<msg timestamp="20220701 02:21:11.052" level="INFO">${ABOUT_CON} = False</msg>
<status status="PASS" starttime="20220701 02:21:11.051" endtime="20220701 02:21:11.052"/>
</kw>
<kw name="Evaluate" library="BuiltIn">
<var>${MANAG_CON}</var>
<arg>"${MANAGEMENT_TEXTS_${LANG}}" in """${PAGE}"""</arg>
<doc>Evaluates the given expression in Python and returns the result.</doc>
<msg timestamp="20220701 02:21:11.052" level="INFO">${MANAG_CON} = False</msg>
<status status="PASS" starttime="20220701 02:21:11.052" endtime="20220701 02:21:11.052"/>
</kw>
<kw name="Evaluate" library="BuiltIn">
<var>${HISTO_CON}</var>
<arg>"${HISTORY_TEXTS_${LANG}}" in """${PAGE}"""</arg>
<doc>Evaluates the given expression in Python and returns the result.</doc>
<msg timestamp="20220701 02:21:11.052" level="INFO">${HISTO_CON} = False</msg>
<status status="PASS" starttime="20220701 02:21:11.052" endtime="20220701 02:21:11.052"/>
</kw>
<kw name="Run Keyword If" library="BuiltIn">
<arg>${ABOUT_CON}</arg>
<arg>About.Verify Page Loaded</arg>
<arg>ELSE IF</arg>
<arg>${MANAG_CON}</arg>
<arg>Management.Verify Page Loaded</arg>
<arg>ELSE IF</arg>
<arg>${HISTO_CON}</arg>
<arg>History.Verify Page Loaded</arg>
<doc>Runs the given keyword with the given arguments, if ``condition`` is true.</doc>
<status status="PASS" starttime="20220701 02:21:11.052" endtime="20220701 02:21:11.053"/>
</kw>
<msg timestamp="20220701 02:21:11.053" level="INFO">${con} = True</msg>
<status status="PASS" starttime="20220701 02:21:11.051" endtime="20220701 02:21:11.053"/>
</kw>
<kw name="Run Keyword If" library="BuiltIn">
<arg>${con}</arg>
<arg>Go Back</arg>
<doc>Runs the given keyword with the given arguments, if ``condition`` is true.</doc>
<kw name="Go Back" library="SeleniumLibrary">
<doc>Simulates the user clicking the back button on their browser.</doc>
<status status="PASS" starttime="20220701 02:21:11.053" endtime="20220701 02:21:11.457"/>
</kw>
<status status="PASS" starttime="20220701 02:21:11.053" endtime="20220701 02:21:11.457"/>
</kw>
<kw name="Verify Page Loaded" library="Common">
<arg>${LANG}</arg>
<doc>Verify all pages successfully loaded</doc>
<kw name="Wait Until Element Is Enabled" library="SeleniumLibrary">
<arg>${BAYKAR_LOGO_${LANG}}</arg>
<doc>Waits until the element ``locator`` is enabled.</doc>
<status status="PASS" starttime="20220701 02:21:11.458" endtime="20220701 02:21:11.507"/>
</kw>
<kw name="Run Keyword And Return Status" library="BuiltIn">
<var>${check_loader}</var>
<arg>Element Should Be Visible</arg>
<arg>${PRE_LOADER}</arg>
<doc>Runs the given keyword with given arguments and returns the status as a Boolean value.</doc>
<kw name="Element Should Be Visible" library="SeleniumLibrary">
<arg>${PRE_LOADER}</arg>
<doc>Verifies that the element identified by ``locator`` is visible.</doc>
<msg timestamp="20220701 02:21:11.576" level="INFO">Element 'xpath=//div[@class='se-pre-con']' is displayed.</msg>
<status status="PASS" starttime="20220701 02:21:11.508" endtime="20220701 02:21:11.576"/>
</kw>
<msg timestamp="20220701 02:21:11.577" level="INFO">${check_loader} = True</msg>
<status status="PASS" starttime="20220701 02:21:11.507" endtime="20220701 02:21:11.577"/>
</kw>
<kw name="Run Keyword If" library="BuiltIn">
<arg>${check_loader}</arg>
<arg>Wait Until Element Is Not Visible</arg>
<arg>${PRE_LOADER}</arg>
<doc>Runs the given keyword with the given arguments, if ``condition`` is true.</doc>
<kw name="Wait Until Element Is Not Visible" library="SeleniumLibrary">
<arg>${PRE_LOADER}</arg>
<doc>Waits until the element ``locator`` is not visible.</doc>
<status status="PASS" starttime="20220701 02:21:11.577" endtime="20220701 02:21:12.269"/>
</kw>
<status status="PASS" starttime="20220701 02:21:11.577" endtime="20220701 02:21:12.269"/>
</kw>
<status status="PASS" starttime="20220701 02:21:11.457" endtime="20220701 02:21:12.269"/>
</kw>
<kw name="Wait Until Element Is Visible" library="SeleniumLibrary">
<arg>${PAGE_END}</arg>
<doc>Waits until the element ``locator`` is visible.</doc>
<status status="PASS" starttime="20220701 02:21:12.269" endtime="20220701 02:21:12.282"/>
</kw>
<kw name="Run Keyword" library="BuiltIn">
<arg>Scroll to end of the page</arg>
<doc>Executes the given keyword with the given arguments.</doc>
<kw name="Scroll to end of the page" library="Footer">
<kw name="Run Keyword And Ignore Error" library="BuiltIn">
<arg>Scroll Element Into View</arg>
<arg>${PAGE_END}</arg>
<doc>Runs the given keyword with the given arguments and ignores possible error.</doc>
<kw name="Scroll Element Into View" library="SeleniumLibrary">
<arg>${PAGE_END}</arg>
<doc>Scrolls the element identified by ``locator`` into view.</doc>
<status status="PASS" starttime="20220701 02:21:12.283" endtime="20220701 02:21:12.551"/>
</kw>
<status status="PASS" starttime="20220701 02:21:12.283" endtime="20220701 02:21:12.551"/>
</kw>
<status status="PASS" starttime="20220701 02:21:12.283" endtime="20220701 02:21:12.551"/>
</kw>
<status status="PASS" starttime="20220701 02:21:12.283" endtime="20220701 02:21:12.552"/>
</kw>
<status status="PASS" starttime="20220701 02:21:10.035" endtime="20220701 02:21:12.552"/>
</iter>
<iter>
<var name="${LINK_TR}">xpath=//footer//a[.="İletişim"]</var>
<var name="${LINK_EN}">xpath=//footer//a[.="Communication"]</var>
<kw name="Run Keyword If" library="BuiltIn">
<arg>"${LANG}" == "tr"</arg>
<arg>Click Link</arg>
<arg>${LINK_TR}</arg>
<arg>ELSE IF</arg>
<arg>"${LANG}" == "en"</arg>
<arg>Click Link</arg>
<arg>${LINK_EN}</arg>
<doc>Runs the given keyword with the given arguments, if ``condition`` is true.</doc>
<kw name="Click Link" library="SeleniumLibrary">
<arg>${LINK_TR}</arg>
<doc>Clicks a link identified by ``locator``.</doc>
<msg timestamp="20220701 02:21:12.552" level="INFO">Clicking link 'xpath=//footer//a[.="İletişim"]'.</msg>
<status status="PASS" starttime="20220701 02:21:12.552" endtime="20220701 02:21:13.470"/>
</kw>
<status status="PASS" starttime="20220701 02:21:12.552" endtime="20220701 02:21:13.470"/>
</kw>
<kw name="Check Baykar's Main Site By Argument" library="Baykartech.App">
<var>${con}</var>
<arg>${LINK_EN}</arg>
<arg>${LANG}</arg>
<kw name="Evaluate" library="BuiltIn">
<var>${ABOUT_CON}</var>
<arg>"${ABOUT_US_TEXTS_${LANG}}" in """${PAGE}"""</arg>
<doc>Evaluates the given expression in Python and returns the result.</doc>
<msg timestamp="20220701 02:21:13.471" level="INFO">${ABOUT_CON} = False</msg>
<status status="PASS" starttime="20220701 02:21:13.470" endtime="20220701 02:21:13.471"/>
</kw>
<kw name="Evaluate" library="BuiltIn">
<var>${MANAG_CON}</var>
<arg>"${MANAGEMENT_TEXTS_${LANG}}" in """${PAGE}"""</arg>
<doc>Evaluates the given expression in Python and returns the result.</doc>
<msg timestamp="20220701 02:21:13.471" level="INFO">${MANAG_CON} = False</msg>
<status status="PASS" starttime="20220701 02:21:13.471" endtime="20220701 02:21:13.471"/>
</kw>
<kw name="Evaluate" library="BuiltIn">
<var>${HISTO_CON}</var>
<arg>"${HISTORY_TEXTS_${LANG}}" in """${PAGE}"""</arg>
<doc>Evaluates the given expression in Python and returns the result.</doc>
<msg timestamp="20220701 02:21:13.472" level="INFO">${HISTO_CON} = False</msg>
<status status="PASS" starttime="20220701 02:21:13.471" endtime="20220701 02:21:13.472"/>
</kw>
<kw name="Run Keyword If" library="BuiltIn">
<arg>${ABOUT_CON}</arg>
<arg>About.Verify Page Loaded</arg>
<arg>ELSE IF</arg>
<arg>${MANAG_CON}</arg>
<arg>Management.Verify Page Loaded</arg>
<arg>ELSE IF</arg>
<arg>${HISTO_CON}</arg>
<arg>History.Verify Page Loaded</arg>
<doc>Runs the given keyword with the given arguments, if ``condition`` is true.</doc>
<status status="PASS" starttime="20220701 02:21:13.472" endtime="20220701 02:21:13.472"/>
</kw>
<msg timestamp="20220701 02:21:13.472" level="INFO">${con} = True</msg>
<status status="PASS" starttime="20220701 02:21:13.470" endtime="20220701 02:21:13.472"/>
</kw>
<kw name="Run Keyword If" library="BuiltIn">
<arg>${con}</arg>
<arg>Go Back</arg>
<doc>Runs the given keyword with the given arguments, if ``condition`` is true.</doc>
<kw name="Go Back" library="SeleniumLibrary">
<doc>Simulates the user clicking the back button on their browser.</doc>
<status status="PASS" starttime="20220701 02:21:13.473" endtime="20220701 02:21:13.882"/>
</kw>
<status status="PASS" starttime="20220701 02:21:13.472" endtime="20220701 02:21:13.882"/>
</kw>
<kw name="Verify Page Loaded" library="Common">
<arg>${LANG}</arg>
<doc>Verify all pages successfully loaded</doc>
<kw name="Wait Until Element Is Enabled" library="SeleniumLibrary">
<arg>${BAYKAR_LOGO_${LANG}}</arg>
<doc>Waits until the element ``locator`` is enabled.</doc>
<status status="PASS" starttime="20220701 02:21:13.883" endtime="20220701 02:21:13.973"/>
</kw>
<kw name="Run Keyword And Return Status" library="BuiltIn">
<var>${check_loader}</var>
<arg>Element Should Be Visible</arg>
<arg>${PRE_LOADER}</arg>
<doc>Runs the given keyword with given arguments and returns the status as a Boolean value.</doc>
<kw name="Element Should Be Visible" library="SeleniumLibrary">
<arg>${PRE_LOADER}</arg>
<doc>Verifies that the element identified by ``locator`` is visible.</doc>
<msg timestamp="20220701 02:21:14.014" level="INFO">Element 'xpath=//div[@class='se-pre-con']' is displayed.</msg>
<status status="PASS" starttime="20220701 02:21:13.973" endtime="20220701 02:21:14.014"/>
</kw>
<msg timestamp="20220701 02:21:14.014" level="INFO">${check_loader} = True</msg>
<status status="PASS" starttime="20220701 02:21:13.973" endtime="20220701 02:21:14.014"/>
</kw>
<kw name="Run Keyword If" library="BuiltIn">
<arg>${check_loader}</arg>
<arg>Wait Until Element Is Not Visible</arg>
<arg>${PRE_LOADER}</arg>
<doc>Runs the given keyword with the given arguments, if ``condition`` is true.</doc>
<kw name="Wait Until Element Is Not Visible" library="SeleniumLibrary">
<arg>${PRE_LOADER}</arg>
<doc>Waits until the element ``locator`` is not visible.</doc>
<status status="PASS" starttime="20220701 02:21:14.015" endtime="20220701 02:21:14.495"/>
</kw>
<status status="PASS" starttime="20220701 02:21:14.015" endtime="20220701 02:21:14.495"/>
</kw>
<status status="PASS" starttime="20220701 02:21:13.883" endtime="20220701 02:21:14.495"/>
</kw>
<kw name="Wait Until Element Is Visible" library="SeleniumLibrary">
<arg>${PAGE_END}</arg>
<doc>Waits until the element ``locator`` is visible.</doc>
<status status="PASS" starttime="20220701 02:21:14.495" endtime="20220701 02:21:14.508"/>
</kw>
<kw name="Run Keyword" library="BuiltIn">
<arg>Scroll to end of the page</arg>
<doc>Executes the given keyword with the given arguments.</doc>
<kw name="Scroll to end of the page" library="Footer">
<kw name="Run Keyword And Ignore Error" library="BuiltIn">
<arg>Scroll Element Into View</arg>
<arg>${PAGE_END}</arg>
<doc>Runs the given keyword with the given arguments and ignores possible error.</doc>
<kw name="Scroll Element Into View" library="SeleniumLibrary">
<arg>${PAGE_END}</arg>
<doc>Scrolls the element identified by ``locator`` into view.</doc>
<status status="PASS" starttime="20220701 02:21:14.509" endtime="20220701 02:21:14.778"/>
</kw>
<status status="PASS" starttime="20220701 02:21:14.509" endtime="20220701 02:21:14.778"/>
</kw>
<status status="PASS" starttime="20220701 02:21:14.509" endtime="20220701 02:21:14.778"/>
</kw>
<status status="PASS" starttime="20220701 02:21:14.509" endtime="20220701 02:21:14.778"/>
</kw>
<status status="PASS" starttime="20220701 02:21:12.552" endtime="20220701 02:21:14.778"/>
</iter>
<iter>
<var name="${LINK_TR}">xpath=//footer//a[.="KVKK"]</var>
<var name="${LINK_EN}">xpath=//footer//a[.="KVKK"]</var>
<kw name="Run Keyword If" library="BuiltIn">
<arg>"${LANG}" == "tr"</arg>
<arg>Click Link</arg>
<arg>${LINK_TR}</arg>
<arg>ELSE IF</arg>
<arg>"${LANG}" == "en"</arg>
<arg>Click Link</arg>
<arg>${LINK_EN}</arg>
<doc>Runs the given keyword with the given arguments, if ``condition`` is true.</doc>
<kw name="Click Link" library="SeleniumLibrary">
<arg>${LINK_TR}</arg>
<doc>Clicks a link identified by ``locator``.</doc>
<msg timestamp="20220701 02:21:14.779" level="INFO">Clicking link 'xpath=//footer//a[.="KVKK"]'.</msg>
<status status="PASS" starttime="20220701 02:21:14.779" endtime="20220701 02:21:15.223"/>
</kw>
<status status="PASS" starttime="20220701 02:21:14.779" endtime="20220701 02:21:15.223"/>
</kw>
<kw name="Check Baykar's Main Site By Argument" library="Baykartech.App">
<var>${con}</var>
<arg>${LINK_EN}</arg>
<arg>${LANG}</arg>
<kw name="Evaluate" library="BuiltIn">
<var>${ABOUT_CON}</var>
<arg>"${ABOUT_US_TEXTS_${LANG}}" in """${PAGE}"""</arg>
<doc>Evaluates the given expression in Python and returns the result.</doc>
<msg timestamp="20220701 02:21:15.224" level="INFO">${ABOUT_CON} = False</msg>
<status status="PASS" starttime="20220701 02:21:15.224" endtime="20220701 02:21:15.224"/>
</kw>
<kw name="Evaluate" library="BuiltIn">
<var>${MANAG_CON}</var>
<arg>"${MANAGEMENT_TEXTS_${LANG}}" in """${PAGE}"""</arg>
<doc>Evaluates the given expression in Python and returns the result.</doc>
<msg timestamp="20220701 02:21:15.224" level="INFO">${MANAG_CON} = False</msg>
<status status="PASS" starttime="20220701 02:21:15.224" endtime="20220701 02:21:15.224"/>
</kw>
<kw name="Evaluate" library="BuiltIn">
<var>${HISTO_CON}</var>
<arg>"${HISTORY_TEXTS_${LANG}}" in """${PAGE}"""</arg>
<doc>Evaluates the given expression in Python and returns the result.</doc>
<msg timestamp="20220701 02:21:15.225" level="INFO">${HISTO_CON} = False</msg>
<status status="PASS" starttime="20220701 02:21:15.224" endtime="20220701 02:21:15.225"/>
</kw>
<kw name="Run Keyword If" library="BuiltIn">
<arg>${ABOUT_CON}</arg>
<arg>About.Verify Page Loaded</arg>
<arg>ELSE IF</arg>
<arg>${MANAG_CON}</arg>
<arg>Management.Verify Page Loaded</arg>
<arg>ELSE IF</arg>
<arg>${HISTO_CON}</arg>
<arg>History.Verify Page Loaded</arg>
<doc>Runs the given keyword with the given arguments, if ``condition`` is true.</doc>
<status status="PASS" starttime="20220701 02:21:15.225" endtime="20220701 02:21:15.225"/>
</kw>
<msg timestamp="20220701 02:21:15.225" level="INFO">${con} = True</msg>
<status status="PASS" starttime="20220701 02:21:15.223" endtime="20220701 02:21:15.225"/>
</kw>
<kw name="Run Keyword If" library="BuiltIn">
<arg>${con}</arg>
<arg>Go Back</arg>
<doc>Runs the given keyword with the given arguments, if ``condition`` is true.</doc>
<kw name="Go Back" library="SeleniumLibrary">
<doc>Simulates the user clicking the back button on their browser.</doc>
<status status="PASS" starttime="20220701 02:21:15.225" endtime="20220701 02:21:15.586"/>
</kw>
<status status="PASS" starttime="20220701 02:21:15.225" endtime="20220701 02:21:15.587"/>
</kw>
<kw name="Verify Page Loaded" library="Common">
<arg>${LANG}</arg>
<doc>Verify all pages successfully loaded</doc>
<kw name="Wait Until Element Is Enabled" library="SeleniumLibrary">
<arg>${BAYKAR_LOGO_${LANG}}</arg>
<doc>Waits until the element ``locator`` is enabled.</doc>
<status status="PASS" starttime="20220701 02:21:15.587" endtime="20220701 02:21:15.646"/>
</kw>
<kw name="Run Keyword And Return Status" library="BuiltIn">
<var>${check_loader}</var>
<arg>Element Should Be Visible</arg>
<arg>${PRE_LOADER}</arg>
<doc>Runs the given keyword with given arguments and returns the status as a Boolean value.</doc>
<kw name="Element Should Be Visible" library="SeleniumLibrary">
<arg>${PRE_LOADER}</arg>
<doc>Verifies that the element identified by ``locator`` is visible.</doc>
<msg timestamp="20220701 02:21:15.708" level="INFO">Element 'xpath=//div[@class='se-pre-con']' is displayed.</msg>
<status status="PASS" starttime="20220701 02:21:15.646" endtime="20220701 02:21:15.708"/>
</kw>
<msg timestamp="20220701 02:21:15.708" level="INFO">${check_loader} = True</msg>
<status status="PASS" starttime="20220701 02:21:15.646" endtime="20220701 02:21:15.708"/>
</kw>
<kw name="Run Keyword If" library="BuiltIn">
<arg>${check_loader}</arg>
<arg>Wait Until Element Is Not Visible</arg>
<arg>${PRE_LOADER}</arg>
<doc>Runs the given keyword with the given arguments, if ``condition`` is true.</doc>
<kw name="Wait Until Element Is Not Visible" library="SeleniumLibrary">
<arg>${PRE_LOADER}</arg>
<doc>Waits until the element ``locator`` is not visible.</doc>
<status status="PASS" starttime="20220701 02:21:15.709" endtime="20220701 02:21:16.405"/>
</kw>
<status status="PASS" starttime="20220701 02:21:15.709" endtime="20220701 02:21:16.406"/>
</kw>
<status status="PASS" starttime="20220701 02:21:15.587" endtime="20220701 02:21:16.406"/>
</kw>
<kw name="Wait Until Element Is Visible" library="SeleniumLibrary">
<arg>${PAGE_END}</arg>
<doc>Waits until the element ``locator`` is visible.</doc>
<status status="PASS" starttime="20220701 02:21:16.406" endtime="20220701 02:21:16.419"/>
</kw>
<kw name="Run Keyword" library="BuiltIn">
<arg>Scroll to end of the page</arg>
<doc>Executes the given keyword with the given arguments.</doc>
<kw name="Scroll to end of the page" library="Footer">
<kw name="Run Keyword And Ignore Error" library="BuiltIn">
<arg>Scroll Element Into View</arg>
<arg>${PAGE_END}</arg>
<doc>Runs the given keyword with the given arguments and ignores possible error.</doc>
<kw name="Scroll Element Into View" library="SeleniumLibrary">
<arg>${PAGE_END}</arg>
<doc>Scrolls the element identified by ``locator`` into view.</doc>
<status status="PASS" starttime="20220701 02:21:16.420" endtime="20220701 02:21:16.687"/>
</kw>
<status status="PASS" starttime="20220701 02:21:16.420" endtime="20220701 02:21:16.687"/>
</kw>
<status status="PASS" starttime="20220701 02:21:16.420" endtime="20220701 02:21:16.687"/>
</kw>
<status status="PASS" starttime="20220701 02:21:16.419" endtime="20220701 02:21:16.688"/>
</kw>
<status status="PASS" starttime="20220701 02:21:14.779" endtime="20220701 02:21:16.688"/>
</iter>
<status status="PASS" starttime="20220701 02:20:56.631" endtime="20220701 02:21:16.688"/>
</for>
<status status="PASS" starttime="20220701 02:20:56.631" endtime="20220701 02:21:16.688"/>
</kw>
<status status="PASS" starttime="20220701 02:20:56.352" endtime="20220701 02:21:16.688"/>
</kw>
<kw name="End Baykar Web Test" library="Common" type="TEARDOWN">
<kw name="Close Browser" library="SeleniumLibrary">
<doc>Closes the current browser.</doc>
<status status="PASS" starttime="20220701 02:21:16.688" endtime="20220701 02:21:18.827"/>
</kw>
<status status="PASS" starttime="20220701 02:21:16.688" endtime="20220701 02:21:18.827"/>
</kw>
<doc>All visitors should be able navigate footer links</doc>
<tag>Footer</tag>
<tag>Smoke</tag>
<status status="PASS" starttime="20220701 02:20:47.504" endtime="20220701 02:21:18.828"/>
</test>
<doc>This test file includes all tests for *kariyer.baykartech.com*, if you wanna change Browser or Runtime Language go to *Variables* section in this file.</doc>
<status status="PASS" starttime="20220701 02:20:47.300" endtime="20220701 02:21:18.829"/>
</suite>
<status status="PASS" starttime="20220701 02:20:47.283" endtime="20220701 02:21:18.831"/>
</suite>
<statistics>
<total>
<stat pass="1" fail="0" skip="0">All Tests</stat>
</total>
<tag>
<stat pass="1" fail="0" skip="0">Footer</stat>
<stat pass="1" fail="0" skip="0">Smoke</stat>
</tag>
<suite>
<stat pass="1" fail="0" skip="0" id="s1" name="Tests">Tests</stat>
<stat pass="1" fail="0" skip="0" id="s1-s1" name="Kariyer.Baykartech">Tests.Kariyer.Baykartech</stat>
</suite>
</statistics>
<errors>
</errors>
</robot>
