<?xml version="1.0" encoding="UTF-8"?>
<robot generator="Robot 5.0.1 (Python 3.9.7 on win32)" generated="20220618 00:21:35.320" rpa="false" schemaversion="3">
<suite id="s1" name="Tests" source="C:\Users\byuks\Desktop\QA\QA-Test-Automation-Baykar\tests">
<suite id="s1-s1" name="Kariyer.Baykartech" source="C:\Users\byuks\Desktop\QA\QA-Test-Automation-Baykar\tests\Kariyer.Baykartech.robot">
<test id="s1-s1-t1" name="Visitor should be able click and see all &quot;Footer&quot; elements" line="48">
<kw name="Start Baykar Web Test" library="Common" type="SETUP">
<arg>${BROWSER}</arg>
<kw name="Open Browser" library="SeleniumLibrary">
<arg>about:blank</arg>
<arg>${BROWSER}</arg>
<doc>Opens a new browser instance to the optional ``url``.</doc>
<msg timestamp="20220618 00:21:35.532" level="INFO">Opening browser 'chrome' to base url 'about:blank'.</msg>
<status status="PASS" starttime="20220618 00:21:35.531" endtime="20220618 00:21:36.588"/>
</kw>
<kw name="Maximize Browser Window" library="SeleniumLibrary">
<doc>Maximizes current browser window.</doc>
<status status="PASS" starttime="20220618 00:21:36.588" endtime="20220618 00:21:36.701"/>
</kw>
<status status="PASS" starttime="20220618 00:21:35.531" endtime="20220618 00:21:36.701"/>
</kw>
<kw name="Open Website" library="Common">
<arg>${SITE_URL}${RUN_LANG}</arg>
<kw name="Go To" library="SeleniumLibrary">
<arg>${SITE_URL}</arg>
<doc>Navigates the current browser window to the provided ``url``.</doc>
<msg timestamp="20220618 00:21:36.702" level="INFO">Opening url 'https://kariyer.baykartech.com/en'</msg>
<status status="PASS" starttime="20220618 00:21:36.702" endtime="20220618 00:21:41.646"/>
</kw>
<status status="PASS" starttime="20220618 00:21:36.701" endtime="20220618 00:21:41.646"/>
</kw>
<kw name="Verify Page Loaded" library="Common">
<arg>${RUN_LANG}</arg>
<doc>Verify all pages successfully loaded</doc>
<kw name="Wait Until Element Is Visible" library="SeleniumLibrary">
<arg>${BAYKAR_LOGO_${LANG}}</arg>
<doc>Waits until the element ``locator`` is visible.</doc>
<status status="PASS" starttime="20220618 00:21:41.647" endtime="20220618 00:21:41.667"/>
</kw>
<status status="PASS" starttime="20220618 00:21:41.647" endtime="20220618 00:21:41.668"/>
</kw>
<kw name="Navigate &quot;Footer&quot; Elements" library="Kariyer.Baykartech.App">
<arg>${RUN_LANG}</arg>
<kw name="Scroll to end of the page" library="Footer">
<kw name="Scroll Element Into View" library="SeleniumLibrary">
<arg>${PAGE_END}</arg>
<doc>Scrolls the element identified by ``locator`` into view.</doc>
<status status="PASS" starttime="20220618 00:21:41.669" endtime="20220618 00:21:41.948"/>
</kw>
<status status="PASS" starttime="20220618 00:21:41.669" endtime="20220618 00:21:41.948"/>
</kw>
<kw name="Navigate footer elements in loop" library="Footer">
<arg>${LANG}</arg>
<doc>Clicks all footer links by created list</doc>
<for flavor="IN ZIP">
<var>${LINK_TR}</var>
<var>${LINK_EN}</var>
<value>${FOOTER_LINKS_TR}</value>
<value>${FOOTER_LINKS_EN}</value>
<iter>
<var name="${LINK_TR}">xpath=//footer//a[.="Hakkımızda"]</var>
<var name="${LINK_EN}">xpath=//footer//a[.="About Us"]</var>
<kw name="Run Keyword If" library="BuiltIn">
<arg>"${LANG}" == "tr"</arg>
<arg>Click Link</arg>
<arg>${LINK_TR}</arg>
<arg>ELSE IF</arg>
<arg>"${LANG}" == "en"</arg>
<arg>Click Link</arg>
<arg>${LINK_EN}</arg>
<doc>Runs the given keyword with the given arguments, if ``condition`` is true.</doc>
<kw name="Click Link" library="SeleniumLibrary">
<arg>${LINK_EN}</arg>
<doc>Clicks a link identified by ``locator``.</doc>
<msg timestamp="20220618 00:21:41.949" level="INFO">Clicking link 'xpath=//footer//a[.="About Us"]'.</msg>
<status status="PASS" starttime="20220618 00:21:41.949" endtime="20220618 00:21:43.308"/>
</kw>
<status status="PASS" starttime="20220618 00:21:41.949" endtime="20220618 00:21:43.308"/>
</kw>
<kw name="Go Back" library="SeleniumLibrary">
<doc>Simulates the user clicking the back button on their browser.</doc>
<status status="PASS" starttime="20220618 00:21:43.308" endtime="20220618 00:21:44.042"/>
</kw>
<kw name="Run Keyword" library="BuiltIn">
<arg>Scroll to end of the page</arg>
<doc>Executes the given keyword with the given arguments.</doc>
<kw name="Scroll to end of the page" library="Footer">
<kw name="Scroll Element Into View" library="SeleniumLibrary">
<arg>${PAGE_END}</arg>
<doc>Scrolls the element identified by ``locator`` into view.</doc>
<status status="PASS" starttime="20220618 00:21:44.043" endtime="20220618 00:21:44.377"/>
</kw>
<status status="PASS" starttime="20220618 00:21:44.043" endtime="20220618 00:21:44.377"/>
</kw>
<status status="PASS" starttime="20220618 00:21:44.043" endtime="20220618 00:21:44.377"/>
</kw>
<status status="PASS" starttime="20220618 00:21:41.949" endtime="20220618 00:21:44.377"/>
</iter>
<iter>
<var name="${LINK_TR}">xpath=//footer//a[.="Yönetim"]</var>
<var name="${LINK_EN}">xpath=//footer//a[.="Management"]</var>
<kw name="Run Keyword If" library="BuiltIn">
<arg>"${LANG}" == "tr"</arg>
<arg>Click Link</arg>
<arg>${LINK_TR}</arg>
<arg>ELSE IF</arg>
<arg>"${LANG}" == "en"</arg>
<arg>Click Link</arg>
<arg>${LINK_EN}</arg>
<doc>Runs the given keyword with the given arguments, if ``condition`` is true.</doc>
<kw name="Click Link" library="SeleniumLibrary">
<arg>${LINK_EN}</arg>
<doc>Clicks a link identified by ``locator``.</doc>
<msg timestamp="20220618 00:21:44.378" level="INFO">Clicking link 'xpath=//footer//a[.="Management"]'.</msg>
<status status="PASS" starttime="20220618 00:21:44.378" endtime="20220618 00:21:45.388"/>
</kw>
<status status="PASS" starttime="20220618 00:21:44.377" endtime="20220618 00:21:45.388"/>
</kw>
<kw name="Go Back" library="SeleniumLibrary">
<doc>Simulates the user clicking the back button on their browser.</doc>
<status status="PASS" starttime="20220618 00:21:45.388" endtime="20220618 00:21:45.801"/>
</kw>
<kw name="Run Keyword" library="BuiltIn">
<arg>Scroll to end of the page</arg>
<doc>Executes the given keyword with the given arguments.</doc>
<kw name="Scroll to end of the page" library="Footer">
<kw name="Scroll Element Into View" library="SeleniumLibrary">
<arg>${PAGE_END}</arg>
<doc>Scrolls the element identified by ``locator`` into view.</doc>
<status status="PASS" starttime="20220618 00:21:45.802" endtime="20220618 00:21:46.089"/>
</kw>
<status status="PASS" starttime="20220618 00:21:45.801" endtime="20220618 00:21:46.090"/>
</kw>
<status status="PASS" starttime="20220618 00:21:45.801" endtime="20220618 00:21:46.090"/>
</kw>
<status status="PASS" starttime="20220618 00:21:44.377" endtime="20220618 00:21:46.090"/>
</iter>
<iter>
<var name="${LINK_TR}">xpath=//footer//a[.="Tarihçe"]</var>
<var name="${LINK_EN}">xpath=//footer//a[.="History"]</var>
<kw name="Run Keyword If" library="BuiltIn">
<arg>"${LANG}" == "tr"</arg>
<arg>Click Link</arg>
<arg>${LINK_TR}</arg>
<arg>ELSE IF</arg>
<arg>"${LANG}" == "en"</arg>
<arg>Click Link</arg>
<arg>${LINK_EN}</arg>
<doc>Runs the given keyword with the given arguments, if ``condition`` is true.</doc>
<kw name="Click Link" library="SeleniumLibrary">
<arg>${LINK_EN}</arg>
<doc>Clicks a link identified by ``locator``.</doc>
<msg timestamp="20220618 00:21:46.091" level="INFO">Clicking link 'xpath=//footer//a[.="History"]'.</msg>
<status status="PASS" starttime="20220618 00:21:46.091" endtime="20220618 00:21:47.139"/>
</kw>
<status status="PASS" starttime="20220618 00:21:46.090" endtime="20220618 00:21:47.139"/>
</kw>
<kw name="Go Back" library="SeleniumLibrary">
<doc>Simulates the user clicking the back button on their browser.</doc>
<status status="PASS" starttime="20220618 00:21:47.139" endtime="20220618 00:21:47.559"/>
</kw>
<kw name="Run Keyword" library="BuiltIn">
<arg>Scroll to end of the page</arg>
<doc>Executes the given keyword with the given arguments.</doc>
<kw name="Scroll to end of the page" library="Footer">
<kw name="Scroll Element Into View" library="SeleniumLibrary">
<arg>${PAGE_END}</arg>
<doc>Scrolls the element identified by ``locator`` into view.</doc>
<status status="PASS" starttime="20220618 00:21:47.559" endtime="20220618 00:21:47.873"/>
</kw>
<status status="PASS" starttime="20220618 00:21:47.559" endtime="20220618 00:21:47.873"/>
</kw>
<status status="PASS" starttime="20220618 00:21:47.559" endtime="20220618 00:21:47.873"/>
</kw>
<status status="PASS" starttime="20220618 00:21:46.090" endtime="20220618 00:21:47.873"/>
</iter>
<iter>
<var name="${LINK_TR}">xpath=//footer//a[.="Açık Pozisyonlar"]</var>
<var name="${LINK_EN}">xpath=//footer//a[.="Open Positions"]</var>
<kw name="Run Keyword If" library="BuiltIn">
<arg>"${LANG}" == "tr"</arg>
<arg>Click Link</arg>
<arg>${LINK_TR}</arg>
<arg>ELSE IF</arg>
<arg>"${LANG}" == "en"</arg>
<arg>Click Link</arg>
<arg>${LINK_EN}</arg>
<doc>Runs the given keyword with the given arguments, if ``condition`` is true.</doc>
<kw name="Click Link" library="SeleniumLibrary">
<arg>${LINK_EN}</arg>
<doc>Clicks a link identified by ``locator``.</doc>
<msg timestamp="20220618 00:21:47.874" level="INFO">Clicking link 'xpath=//footer//a[.="Open Positions"]'.</msg>
<status status="PASS" starttime="20220618 00:21:47.874" endtime="20220618 00:21:50.579"/>
</kw>
<status status="PASS" starttime="20220618 00:21:47.873" endtime="20220618 00:21:50.580"/>
</kw>
<kw name="Go Back" library="SeleniumLibrary">
<doc>Simulates the user clicking the back button on their browser.</doc>
<status status="PASS" starttime="20220618 00:21:50.580" endtime="20220618 00:21:50.977"/>
</kw>
<kw name="Run Keyword" library="BuiltIn">
<arg>Scroll to end of the page</arg>
<doc>Executes the given keyword with the given arguments.</doc>
<kw name="Scroll to end of the page" library="Footer">
<kw name="Scroll Element Into View" library="SeleniumLibrary">
<arg>${PAGE_END}</arg>
<doc>Scrolls the element identified by ``locator`` into view.</doc>
<status status="PASS" starttime="20220618 00:21:50.978" endtime="20220618 00:21:51.304"/>
</kw>
<status status="PASS" starttime="20220618 00:21:50.978" endtime="20220618 00:21:51.304"/>
</kw>
<status status="PASS" starttime="20220618 00:21:50.978" endtime="20220618 00:21:51.304"/>
</kw>
<status status="PASS" starttime="20220618 00:21:47.873" endtime="20220618 00:21:51.304"/>
</iter>
<iter>
<var name="${LINK_TR}">xpath=//footer//a[.="İş"]</var>
<var name="${LINK_EN}">xpath=//footer//a[.="Jobs"]</var>
<kw name="Run Keyword If" library="BuiltIn">
<arg>"${LANG}" == "tr"</arg>
<arg>Click Link</arg>
<arg>${LINK_TR}</arg>
<arg>ELSE IF</arg>
<arg>"${LANG}" == "en"</arg>
<arg>Click Link</arg>
<arg>${LINK_EN}</arg>
<doc>Runs the given keyword with the given arguments, if ``condition`` is true.</doc>
<kw name="Click Link" library="SeleniumLibrary">
<arg>${LINK_EN}</arg>
<doc>Clicks a link identified by ``locator``.</doc>
<msg timestamp="20220618 00:21:51.304" level="INFO">Clicking link 'xpath=//footer//a[.="Jobs"]'.</msg>
<status status="PASS" starttime="20220618 00:21:51.304" endtime="20220618 00:21:52.276"/>
</kw>
<status status="PASS" starttime="20220618 00:21:51.304" endtime="20220618 00:21:52.276"/>
</kw>
<kw name="Go Back" library="SeleniumLibrary">
<doc>Simulates the user clicking the back button on their browser.</doc>
<status status="PASS" starttime="20220618 00:21:52.276" endtime="20220618 00:21:52.623"/>
</kw>
<kw name="Run Keyword" library="BuiltIn">
<arg>Scroll to end of the page</arg>
<doc>Executes the given keyword with the given arguments.</doc>
<kw name="Scroll to end of the page" library="Footer">
<kw name="Scroll Element Into View" library="SeleniumLibrary">
<arg>${PAGE_END}</arg>
<doc>Scrolls the element identified by ``locator`` into view.</doc>
<status status="PASS" starttime="20220618 00:21:52.624" endtime="20220618 00:21:52.947"/>
</kw>
<status status="PASS" starttime="20220618 00:21:52.623" endtime="20220618 00:21:52.947"/>
</kw>
<status status="PASS" starttime="20220618 00:21:52.623" endtime="20220618 00:21:52.947"/>
</kw>
<status status="PASS" starttime="20220618 00:21:51.304" endtime="20220618 00:21:52.947"/>
</iter>
<iter>
<var name="${LINK_TR}">xpath=//footer//a[.="Staj"]</var>
<var name="${LINK_EN}">xpath=//footer//a[.="İntern"]</var>
<kw name="Run Keyword If" library="BuiltIn">
<arg>"${LANG}" == "tr"</arg>
<arg>Click Link</arg>
<arg>${LINK_TR}</arg>
<arg>ELSE IF</arg>
<arg>"${LANG}" == "en"</arg>
<arg>Click Link</arg>
<arg>${LINK_EN}</arg>
<doc>Runs the given keyword with the given arguments, if ``condition`` is true.</doc>
<kw name="Click Link" library="SeleniumLibrary">
<arg>${LINK_EN}</arg>
<doc>Clicks a link identified by ``locator``.</doc>
<msg timestamp="20220618 00:21:52.948" level="INFO">Clicking link 'xpath=//footer//a[.="İntern"]'.</msg>
<status status="PASS" starttime="20220618 00:21:52.948" endtime="20220618 00:21:53.337"/>
</kw>
<status status="PASS" starttime="20220618 00:21:52.948" endtime="20220618 00:21:53.337"/>
</kw>
<kw name="Go Back" library="SeleniumLibrary">
<doc>Simulates the user clicking the back button on their browser.</doc>
<status status="PASS" starttime="20220618 00:21:53.338" endtime="20220618 00:21:53.703"/>
</kw>
<kw name="Run Keyword" library="BuiltIn">
<arg>Scroll to end of the page</arg>
<doc>Executes the given keyword with the given arguments.</doc>
<kw name="Scroll to end of the page" library="Footer">
<kw name="Scroll Element Into View" library="SeleniumLibrary">
<arg>${PAGE_END}</arg>
<doc>Scrolls the element identified by ``locator`` into view.</doc>
<status status="PASS" starttime="20220618 00:21:53.704" endtime="20220618 00:21:54.005"/>
</kw>
<status status="PASS" starttime="20220618 00:21:53.703" endtime="20220618 00:21:54.005"/>
</kw>
<status status="PASS" starttime="20220618 00:21:53.703" endtime="20220618 00:21:54.005"/>
</kw>
<status status="PASS" starttime="20220618 00:21:52.948" endtime="20220618 00:21:54.005"/>
</iter>
<iter>
<var name="${LINK_TR}">xpath=//footer//a[.="İletişim"]</var>
<var name="${LINK_EN}">xpath=//footer//a[.="Communication"]</var>
<kw name="Run Keyword If" library="BuiltIn">
<arg>"${LANG}" == "tr"</arg>
<arg>Click Link</arg>
<arg>${LINK_TR}</arg>
<arg>ELSE IF</arg>
<arg>"${LANG}" == "en"</arg>
<arg>Click Link</arg>
<arg>${LINK_EN}</arg>
<doc>Runs the given keyword with the given arguments, if ``condition`` is true.</doc>
<kw name="Click Link" library="SeleniumLibrary">
<arg>${LINK_EN}</arg>
<doc>Clicks a link identified by ``locator``.</doc>
<msg timestamp="20220618 00:21:54.006" level="INFO">Clicking link 'xpath=//footer//a[.="Communication"]'.</msg>
<status status="PASS" starttime="20220618 00:21:54.006" endtime="20220618 00:21:55.031"/>
</kw>
<status status="PASS" starttime="20220618 00:21:54.006" endtime="20220618 00:21:55.032"/>
</kw>
<kw name="Go Back" library="SeleniumLibrary">
<doc>Simulates the user clicking the back button on their browser.</doc>
<status status="PASS" starttime="20220618 00:21:55.032" endtime="20220618 00:21:55.465"/>
</kw>
<kw name="Run Keyword" library="BuiltIn">
<arg>Scroll to end of the page</arg>
<doc>Executes the given keyword with the given arguments.</doc>
<kw name="Scroll to end of the page" library="Footer">
<kw name="Scroll Element Into View" library="SeleniumLibrary">
<arg>${PAGE_END}</arg>
<doc>Scrolls the element identified by ``locator`` into view.</doc>
<status status="PASS" starttime="20220618 00:21:55.466" endtime="20220618 00:21:55.763"/>
</kw>
<status status="PASS" starttime="20220618 00:21:55.465" endtime="20220618 00:21:55.763"/>
</kw>
<status status="PASS" starttime="20220618 00:21:55.465" endtime="20220618 00:21:55.763"/>
</kw>
<status status="PASS" starttime="20220618 00:21:54.005" endtime="20220618 00:21:55.763"/>
</iter>
<iter>
<var name="${LINK_TR}">xpath=//footer//a[.="KVKK"]</var>
<var name="${LINK_EN}">xpath=//footer//a[.="KVKK"]</var>
<kw name="Run Keyword If" library="BuiltIn">
<arg>"${LANG}" == "tr"</arg>
<arg>Click Link</arg>
<arg>${LINK_TR}</arg>
<arg>ELSE IF</arg>
<arg>"${LANG}" == "en"</arg>
<arg>Click Link</arg>
<arg>${LINK_EN}</arg>
<doc>Runs the given keyword with the given arguments, if ``condition`` is true.</doc>
<kw name="Click Link" library="SeleniumLibrary">
<arg>${LINK_EN}</arg>
<doc>Clicks a link identified by ``locator``.</doc>
<msg timestamp="20220618 00:21:55.764" level="INFO">Clicking link 'xpath=//footer//a[.="KVKK"]'.</msg>
<status status="PASS" starttime="20220618 00:21:55.764" endtime="20220618 00:21:56.544"/>
</kw>
<status status="PASS" starttime="20220618 00:21:55.763" endtime="20220618 00:21:56.544"/>
</kw>
<kw name="Go Back" library="SeleniumLibrary">
<doc>Simulates the user clicking the back button on their browser.</doc>
<status status="PASS" starttime="20220618 00:21:56.544" endtime="20220618 00:21:56.963"/>
</kw>
<kw name="Run Keyword" library="BuiltIn">
<arg>Scroll to end of the page</arg>
<doc>Executes the given keyword with the given arguments.</doc>
<kw name="Scroll to end of the page" library="Footer">
<kw name="Scroll Element Into View" library="SeleniumLibrary">
<arg>${PAGE_END}</arg>
<doc>Scrolls the element identified by ``locator`` into view.</doc>
<status status="PASS" starttime="20220618 00:21:56.964" endtime="20220618 00:21:57.336"/>
</kw>
<status status="PASS" starttime="20220618 00:21:56.963" endtime="20220618 00:21:57.336"/>
</kw>
<status status="PASS" starttime="20220618 00:21:56.963" endtime="20220618 00:21:57.336"/>
</kw>
<status status="PASS" starttime="20220618 00:21:55.763" endtime="20220618 00:21:57.336"/>
</iter>
<status status="PASS" starttime="20220618 00:21:41.948" endtime="20220618 00:21:57.336"/>
</for>
<status status="PASS" starttime="20220618 00:21:41.948" endtime="20220618 00:21:57.336"/>
</kw>
<status status="PASS" starttime="20220618 00:21:41.668" endtime="20220618 00:21:57.337"/>
</kw>
<kw name="End Baykar Web Test" library="Common" type="TEARDOWN">
<kw name="Close Browser" library="SeleniumLibrary">
<doc>Closes the current browser.</doc>
<status status="PASS" starttime="20220618 00:21:57.338" endtime="20220618 00:21:59.473"/>
</kw>
<status status="PASS" starttime="20220618 00:21:57.337" endtime="20220618 00:21:59.473"/>
</kw>
<doc>All visitors should be able navigate footer links</doc>
<tag>Footer</tag>
<tag>Smoke</tag>
<status status="PASS" starttime="20220618 00:21:35.530" endtime="20220618 00:21:59.474"/>
</test>
<doc>This test file includes all tests for kariyer.baykartech.com, if you wanna change Browser or Runtime Language go to *Variables* section in this file.</doc>
<status status="PASS" starttime="20220618 00:21:35.339" endtime="20220618 00:21:59.475"/>
</suite>
<status status="PASS" starttime="20220618 00:21:35.321" endtime="20220618 00:21:59.476"/>
</suite>
<statistics>
<total>
<stat pass="1" fail="0" skip="0">All Tests</stat>
</total>
<tag>
<stat pass="1" fail="0" skip="0">Footer</stat>
<stat pass="1" fail="0" skip="0">Smoke</stat>
</tag>
<suite>
<stat pass="1" fail="0" skip="0" id="s1" name="Tests">Tests</stat>
<stat pass="1" fail="0" skip="0" id="s1-s1" name="Kariyer.Baykartech">Tests.Kariyer.Baykartech</stat>
</suite>
</statistics>
<errors>
<msg timestamp="20220618 00:21:35.520" level="WARN">Imported resource file 'C:\Users\byuks\Desktop\QA\QA-Test-Automation-Baykar\Resources\PO\Kariyer.robot' is empty.</msg>
<msg timestamp="20220618 00:21:35.521" level="WARN">Imported resource file 'C:\Users\byuks\Desktop\QA\QA-Test-Automation-Baykar\Resources\PO\Staj.robot' is empty.</msg>
</errors>
</robot>
