<?xml version="1.0" encoding="UTF-8"?>
<robot generator="Robot 5.0.1 (Python 3.9.7 on win32)" generated="20220701 23:38:45.569" rpa="false" schemaversion="3">
<suite id="s1" name="Tests" source="C:\Users\byuks\Desktop\QA\QA-Test-Automation-Baykar\tests">
<suite id="s1-s1" name="Kariyer.Baykartech" source="C:\Users\byuks\Desktop\QA\QA-Test-Automation-Baykar\tests\Kariyer.Baykartech.robot">
<test id="s1-s1-t1" name="Visitor should be able click and see all &quot;Footer&quot; elements" line="66">
<kw name="Start Baykar Web Test" library="Common" type="SETUP">
<arg>${BROWSER}</arg>
<kw name="Open Browser" library="SeleniumLibrary">
<arg>about:blank</arg>
<arg>${BROWSER}</arg>
<doc>Opens a new browser instance to the optional ``url``.</doc>
<msg timestamp="20220701 23:38:45.837" level="INFO">Opening browser 'firefox' to base url 'about:blank'.</msg>
<msg timestamp="20220701 23:38:45.838" level="INFO">Firefox driver log is always forced to to: C:\Users\byuks\Desktop\QA\QA-Test-Automation-Baykar\results\geckodriver-1.log</msg>
<status status="PASS" starttime="20220701 23:38:45.837" endtime="20220701 23:38:50.718"/>
</kw>
<kw name="Maximize Browser Window" library="SeleniumLibrary">
<doc>Maximizes current browser window.</doc>
<status status="PASS" starttime="20220701 23:38:50.718" endtime="20220701 23:38:50.972"/>
</kw>
<status status="PASS" starttime="20220701 23:38:45.836" endtime="20220701 23:38:50.973"/>
</kw>
<kw name="Open Website" library="Common">
<arg>${SITE_URL}${RUN_LANG}</arg>
<kw name="Go To" library="SeleniumLibrary">
<arg>${SITE_URL}\/</arg>
<doc>Navigates the current browser window to the provided ``url``.</doc>
<msg timestamp="20220701 23:38:50.974" level="INFO">Opening url 'https://kariyer.baykartech.com/tr/'</msg>
<status status="PASS" starttime="20220701 23:38:50.974" endtime="20220701 23:38:58.957"/>
</kw>
<status status="PASS" starttime="20220701 23:38:50.973" endtime="20220701 23:38:58.957"/>
</kw>
<kw name="Verify Page Loaded" library="Common">
<arg>${RUN_LANG}</arg>
<doc>Verify all pages successfully loaded</doc>
<kw name="Wait Until Element Is Enabled" library="SeleniumLibrary">
<arg>${BAYKAR_LOGO_${LANG}}</arg>
<doc>Waits until the element ``locator`` is enabled.</doc>
<status status="PASS" starttime="20220701 23:38:58.958" endtime="20220701 23:38:58.996"/>
</kw>
<kw name="Run Keyword And Return Status" library="BuiltIn">
<var>${check_loader}</var>
<arg>Element Should Be Visible</arg>
<arg>${PRE_LOADER}</arg>
<doc>Runs the given keyword with given arguments and returns the status as a Boolean value.</doc>
<kw name="Element Should Be Visible" library="SeleniumLibrary">
<arg>${PRE_LOADER}</arg>
<doc>Verifies that the element identified by ``locator`` is visible.</doc>
<msg timestamp="20220701 23:38:59.013" level="INFO">Element 'xpath=//div[@class='se-pre-con']' is displayed.</msg>
<status status="PASS" starttime="20220701 23:38:58.997" endtime="20220701 23:38:59.013"/>
</kw>
<msg timestamp="20220701 23:38:59.013" level="INFO">${check_loader} = True</msg>
<status status="PASS" starttime="20220701 23:38:58.996" endtime="20220701 23:38:59.014"/>
</kw>
<kw name="Run Keyword If" library="BuiltIn">
<arg>${check_loader}</arg>
<arg>Wait Until Element Is Not Visible</arg>
<arg>${PRE_LOADER}</arg>
<doc>Runs the given keyword with the given arguments, if ``condition`` is true.</doc>
<kw name="Wait Until Element Is Not Visible" library="SeleniumLibrary">
<arg>${PRE_LOADER}</arg>
<doc>Waits until the element ``locator`` is not visible.</doc>
<status status="PASS" starttime="20220701 23:38:59.014" endtime="20220701 23:38:59.692"/>
</kw>
<status status="PASS" starttime="20220701 23:38:59.014" endtime="20220701 23:38:59.692"/>
</kw>
<status status="PASS" starttime="20220701 23:38:58.958" endtime="20220701 23:38:59.692"/>
</kw>
<kw name="Navigate &quot;Footer&quot; Elements" library="Kariyer.Baykartech.App">
<arg>${RUN_LANG}</arg>
<kw name="Scroll to end of the page" library="Footer">
<kw name="Run Keyword And Ignore Error" library="BuiltIn">
<arg>Scroll Element Into View</arg>
<arg>${PAGE_END}</arg>
<doc>Runs the given keyword with the given arguments and ignores possible error.</doc>
<kw name="Scroll Element Into View" library="SeleniumLibrary">
<arg>${PAGE_END}</arg>
<doc>Scrolls the element identified by ``locator`` into view.</doc>
<msg timestamp="20220701 23:38:59.879" level="INFO" html="true">&lt;/td&gt;&lt;/tr&gt;&lt;tr&gt;&lt;td colspan="3"&gt;&lt;a href="selenium-screenshot-1.png"&gt;&lt;img src="selenium-screenshot-1.png" width="800px"&gt;&lt;/a&gt;</msg>
<msg timestamp="20220701 23:38:59.879" level="FAIL">MoveTargetOutOfBoundsException: Message: (475, 2686) is out of bounds of viewport width (1536) and height (731)
Stacktrace:
WebDriverError@chrome://remote/content/shared/webdriver/Errors.jsm:186:5
MoveTargetOutOfBoundsError@chrome://remote/content/shared/webdriver/Errors.jsm:376:5
dispatchPointerMove/&lt;@chrome://remote/content/marionette/action.js:1120:13
dispatchPointerMove@chrome://remote/content/marionette/action.js:1111:10
toEvents/&lt;@chrome://remote/content/marionette/action.js:870:16
action.dispatchTickActions@chrome://remote/content/marionette/action.js:780:35
action.dispatch/chainEvents&lt;@chrome://remote/content/marionette/action.js:748:20
action.dispatch@chrome://remote/content/marionette/action.js:754:5
performActions@chrome://remote/content/marionette/actors/MarionetteCommandsChild.jsm:459:18
receiveMessage@chrome://remote/content/marionette/actors/MarionetteCommandsChild.jsm:144:31
</msg>
<status status="FAIL" starttime="20220701 23:38:59.692" endtime="20220701 23:38:59.881"/>
</kw>
<status status="PASS" starttime="20220701 23:38:59.692" endtime="20220701 23:38:59.881"/>
</kw>
<status status="PASS" starttime="20220701 23:38:59.692" endtime="20220701 23:38:59.881"/>
</kw>
<kw name="Navigate footer elements in loop" library="Footer">
<arg>${LANG}</arg>
<doc>Clicks all footer links by created list</doc>
<for flavor="IN ZIP">
<var>${LINK_TR}</var>
<var>${LINK_EN}</var>
<var>${IN_OUT}</var>
<value>${FOOTER_LINKS_TR}</value>
<value>${FOOTER_LINKS_EN}</value>
<value>${INNER_OR_OUTER_PAGE}</value>
<iter>
<var name="${LINK_TR}">xpath=//footer//a[.="Hakkımızda"]</var>
<var name="${LINK_EN}">xpath=//footer//a[.="About Us"]</var>
<var name="${IN_OUT}">0</var>
<kw name="Run Keyword If" library="BuiltIn">
<arg>"${LANG}" == "tr"</arg>
<arg>Click Link</arg>
<arg>${LINK_TR}</arg>
<arg>ELSE IF</arg>
<arg>"${LANG}" == "en"</arg>
<arg>Click Link</arg>
<arg>${LINK_EN}</arg>
<doc>Runs the given keyword with the given arguments, if ``condition`` is true.</doc>
<kw name="Click Link" library="SeleniumLibrary">
<arg>${LINK_TR}</arg>
<doc>Clicks a link identified by ``locator``.</doc>
<msg timestamp="20220701 23:38:59.883" level="INFO">Clicking link 'xpath=//footer//a[.="Hakkımızda"]'.</msg>
<status status="PASS" starttime="20220701 23:38:59.882" endtime="20220701 23:39:00.940"/>
</kw>
<status status="PASS" starttime="20220701 23:38:59.882" endtime="20220701 23:39:00.940"/>
</kw>
<kw name="Run Keyword If" library="BuiltIn">
<arg>"${IN_OUT}" == "0"</arg>
<arg>Baykartech.App.Check Baykar's Main Site By Argument</arg>
<arg>${LINK_${LANG}}</arg>
<arg>${LANG}</arg>
<doc>Runs the given keyword with the given arguments, if ``condition`` is true.</doc>
<kw name="Check Baykar's Main Site By Argument" library="Baykartech.App">
<arg>${LINK_${LANG}}</arg>
<arg>${LANG}</arg>
<kw name="Evaluate" library="BuiltIn">
<var>${ABOUT_CON}</var>
<arg>"${ABOUT_US_TEXTS_${LANG}}" in """${PAGE}"""</arg>
<doc>Evaluates the given expression in Python and returns the result.</doc>
<msg timestamp="20220701 23:39:00.941" level="INFO">${ABOUT_CON} = True</msg>
<status status="PASS" starttime="20220701 23:39:00.941" endtime="20220701 23:39:00.941"/>
</kw>
<kw name="Evaluate" library="BuiltIn">
<var>${MANAG_CON}</var>
<arg>"${MANAGEMENT_TEXTS_${LANG}}" in """${PAGE}"""</arg>
<doc>Evaluates the given expression in Python and returns the result.</doc>
<msg timestamp="20220701 23:39:00.941" level="INFO">${MANAG_CON} = False</msg>
<status status="PASS" starttime="20220701 23:39:00.941" endtime="20220701 23:39:00.941"/>
</kw>
<kw name="Evaluate" library="BuiltIn">
<var>${HISTO_CON}</var>
<arg>"${HISTORY_TEXTS_${LANG}}" in """${PAGE}"""</arg>
<doc>Evaluates the given expression in Python and returns the result.</doc>
<msg timestamp="20220701 23:39:00.942" level="INFO">${HISTO_CON} = False</msg>
<status status="PASS" starttime="20220701 23:39:00.941" endtime="20220701 23:39:00.942"/>
</kw>
<kw name="Run Keyword If" library="BuiltIn">
<arg>${ABOUT_CON}</arg>
<arg>About.Verify Page Loaded</arg>
<arg>ELSE IF</arg>
<arg>${MANAG_CON}</arg>
<arg>Management.Verify Page Loaded</arg>
<arg>ELSE IF</arg>
<arg>${HISTO_CON}</arg>
<arg>History.Verify Page Loaded</arg>
<arg>ELSE</arg>
<arg>FAIL</arg>
<doc>Runs the given keyword with the given arguments, if ``condition`` is true.</doc>
<kw name="Verify Page Loaded" library="About">
<kw name="Page Should Contain Element" library="SeleniumLibrary">
<arg>${BAYKAR_MAIN_ABOUT_VERIFY_ELEMENT}</arg>
<doc>Verifies that element ``locator`` is found on the current page.</doc>
<msg timestamp="20220701 23:39:00.947" level="INFO">Current page contains element 'xpath=//div[@class='aboutText']'.</msg>
<status status="PASS" starttime="20220701 23:39:00.942" endtime="20220701 23:39:00.947"/>
</kw>
<kw name="Scroll Element Into View" library="SeleniumLibrary">
<arg>${BAYKAR_MAIN_ABOUT_VERIFY_ELEMENT}</arg>
<doc>Scrolls the element identified by ``locator`` into view.</doc>
<status status="PASS" starttime="20220701 23:39:00.947" endtime="20220701 23:39:01.231"/>
</kw>
<kw name="Wait Until Element Is Visible" library="SeleniumLibrary">
<arg>${BAYKAR_MAIN_ABOUT_VERIFY_ELEMENT}</arg>
<doc>Waits until the element ``locator`` is visible.</doc>
<status status="PASS" starttime="20220701 23:39:01.232" endtime="20220701 23:39:01.245"/>
</kw>
<status status="PASS" starttime="20220701 23:39:00.942" endtime="20220701 23:39:01.245"/>
</kw>
<status status="PASS" starttime="20220701 23:39:00.942" endtime="20220701 23:39:01.245"/>
</kw>
<status status="PASS" starttime="20220701 23:39:00.940" endtime="20220701 23:39:01.245"/>
</kw>
<status status="PASS" starttime="20220701 23:39:00.940" endtime="20220701 23:39:01.245"/>
</kw>
<kw name="Go Back" library="SeleniumLibrary">
<doc>Simulates the user clicking the back button on their browser.</doc>
<status status="PASS" starttime="20220701 23:39:01.245" endtime="20220701 23:39:01.836"/>
</kw>
<kw name="Verify Page Loaded" library="Common">
<arg>${LANG}</arg>
<doc>Verify all pages successfully loaded</doc>
<kw name="Wait Until Element Is Enabled" library="SeleniumLibrary">
<arg>${BAYKAR_LOGO_${LANG}}</arg>
<doc>Waits until the element ``locator`` is enabled.</doc>
<status status="PASS" starttime="20220701 23:39:01.837" endtime="20220701 23:39:01.886"/>
</kw>
<kw name="Run Keyword And Return Status" library="BuiltIn">
<var>${check_loader}</var>
<arg>Element Should Be Visible</arg>
<arg>${PRE_LOADER}</arg>
<doc>Runs the given keyword with given arguments and returns the status as a Boolean value.</doc>
<kw name="Element Should Be Visible" library="SeleniumLibrary">
<arg>${PRE_LOADER}</arg>
<doc>Verifies that the element identified by ``locator`` is visible.</doc>
<msg timestamp="20220701 23:39:01.901" level="INFO">Element 'xpath=//div[@class='se-pre-con']' is displayed.</msg>
<status status="PASS" starttime="20220701 23:39:01.887" endtime="20220701 23:39:01.902"/>
</kw>
<msg timestamp="20220701 23:39:01.902" level="INFO">${check_loader} = True</msg>
<status status="PASS" starttime="20220701 23:39:01.887" endtime="20220701 23:39:01.902"/>
</kw>
<kw name="Run Keyword If" library="BuiltIn">
<arg>${check_loader}</arg>
<arg>Wait Until Element Is Not Visible</arg>
<arg>${PRE_LOADER}</arg>
<doc>Runs the given keyword with the given arguments, if ``condition`` is true.</doc>
<kw name="Wait Until Element Is Not Visible" library="SeleniumLibrary">
<arg>${PRE_LOADER}</arg>
<doc>Waits until the element ``locator`` is not visible.</doc>
<status status="PASS" starttime="20220701 23:39:01.902" endtime="20220701 23:39:02.579"/>
</kw>
<status status="PASS" starttime="20220701 23:39:01.902" endtime="20220701 23:39:02.579"/>
</kw>
<status status="PASS" starttime="20220701 23:39:01.836" endtime="20220701 23:39:02.579"/>
</kw>
<kw name="Wait Until Element Is Visible" library="SeleniumLibrary">
<arg>${PAGE_END}</arg>
<doc>Waits until the element ``locator`` is visible.</doc>
<status status="PASS" starttime="20220701 23:39:02.580" endtime="20220701 23:39:02.592"/>
</kw>
<kw name="Run Keyword" library="BuiltIn">
<arg>Scroll to end of the page</arg>
<doc>Executes the given keyword with the given arguments.</doc>
<kw name="Scroll to end of the page" library="Footer">
<kw name="Run Keyword And Ignore Error" library="BuiltIn">
<arg>Scroll Element Into View</arg>
<arg>${PAGE_END}</arg>
<doc>Runs the given keyword with the given arguments and ignores possible error.</doc>
<kw name="Scroll Element Into View" library="SeleniumLibrary">
<arg>${PAGE_END}</arg>
<doc>Scrolls the element identified by ``locator`` into view.</doc>
<msg timestamp="20220701 23:39:02.667" level="INFO" html="true">&lt;/td&gt;&lt;/tr&gt;&lt;tr&gt;&lt;td colspan="3"&gt;&lt;a href="selenium-screenshot-2.png"&gt;&lt;img src="selenium-screenshot-2.png" width="800px"&gt;&lt;/a&gt;</msg>
<msg timestamp="20220701 23:39:02.667" level="FAIL">MoveTargetOutOfBoundsException: Message: (475, 877) is out of bounds of viewport width (1536) and height (731)
Stacktrace:
WebDriverError@chrome://remote/content/shared/webdriver/Errors.jsm:186:5
MoveTargetOutOfBoundsError@chrome://remote/content/shared/webdriver/Errors.jsm:376:5
dispatchPointerMove/&lt;@chrome://remote/content/marionette/action.js:1120:13
dispatchPointerMove@chrome://remote/content/marionette/action.js:1111:10
toEvents/&lt;@chrome://remote/content/marionette/action.js:870:16
action.dispatchTickActions@chrome://remote/content/marionette/action.js:780:35
action.dispatch/chainEvents&lt;@chrome://remote/content/marionette/action.js:748:20
action.dispatch@chrome://remote/content/marionette/action.js:754:5
performActions@chrome://remote/content/marionette/actors/MarionetteCommandsChild.jsm:459:18
receiveMessage@chrome://remote/content/marionette/actors/MarionetteCommandsChild.jsm:144:31
</msg>
<status status="FAIL" starttime="20220701 23:39:02.593" endtime="20220701 23:39:02.668"/>
</kw>
<status status="PASS" starttime="20220701 23:39:02.593" endtime="20220701 23:39:02.668"/>
</kw>
<status status="PASS" starttime="20220701 23:39:02.592" endtime="20220701 23:39:02.668"/>
</kw>
<status status="PASS" starttime="20220701 23:39:02.592" endtime="20220701 23:39:02.668"/>
</kw>
<status status="PASS" starttime="20220701 23:38:59.882" endtime="20220701 23:39:02.668"/>
</iter>
<iter>
<var name="${LINK_TR}">xpath=//footer//a[.="Yönetim"]</var>
<var name="${LINK_EN}">xpath=//footer//a[.="Management"]</var>
<var name="${IN_OUT}">0</var>
<kw name="Run Keyword If" library="BuiltIn">
<arg>"${LANG}" == "tr"</arg>
<arg>Click Link</arg>
<arg>${LINK_TR}</arg>
<arg>ELSE IF</arg>
<arg>"${LANG}" == "en"</arg>
<arg>Click Link</arg>
<arg>${LINK_EN}</arg>
<doc>Runs the given keyword with the given arguments, if ``condition`` is true.</doc>
<kw name="Click Link" library="SeleniumLibrary">
<arg>${LINK_TR}</arg>
<doc>Clicks a link identified by ``locator``.</doc>
<msg timestamp="20220701 23:39:02.669" level="INFO">Clicking link 'xpath=//footer//a[.="Yönetim"]'.</msg>
<status status="PASS" starttime="20220701 23:39:02.669" endtime="20220701 23:39:03.600"/>
</kw>
<status status="PASS" starttime="20220701 23:39:02.668" endtime="20220701 23:39:03.600"/>
</kw>
<kw name="Run Keyword If" library="BuiltIn">
<arg>"${IN_OUT}" == "0"</arg>
<arg>Baykartech.App.Check Baykar's Main Site By Argument</arg>
<arg>${LINK_${LANG}}</arg>
<arg>${LANG}</arg>
<doc>Runs the given keyword with the given arguments, if ``condition`` is true.</doc>
<kw name="Check Baykar's Main Site By Argument" library="Baykartech.App">
<arg>${LINK_${LANG}}</arg>
<arg>${LANG}</arg>
<kw name="Evaluate" library="BuiltIn">
<var>${ABOUT_CON}</var>
<arg>"${ABOUT_US_TEXTS_${LANG}}" in """${PAGE}"""</arg>
<doc>Evaluates the given expression in Python and returns the result.</doc>
<msg timestamp="20220701 23:39:03.602" level="INFO">${ABOUT_CON} = False</msg>
<status status="PASS" starttime="20220701 23:39:03.601" endtime="20220701 23:39:03.602"/>
</kw>
<kw name="Evaluate" library="BuiltIn">
<var>${MANAG_CON}</var>
<arg>"${MANAGEMENT_TEXTS_${LANG}}" in """${PAGE}"""</arg>
<doc>Evaluates the given expression in Python and returns the result.</doc>
<msg timestamp="20220701 23:39:03.602" level="INFO">${MANAG_CON} = True</msg>
<status status="PASS" starttime="20220701 23:39:03.602" endtime="20220701 23:39:03.602"/>
</kw>
<kw name="Evaluate" library="BuiltIn">
<var>${HISTO_CON}</var>
<arg>"${HISTORY_TEXTS_${LANG}}" in """${PAGE}"""</arg>
<doc>Evaluates the given expression in Python and returns the result.</doc>
<msg timestamp="20220701 23:39:03.602" level="INFO">${HISTO_CON} = False</msg>
<status status="PASS" starttime="20220701 23:39:03.602" endtime="20220701 23:39:03.602"/>
</kw>
<kw name="Run Keyword If" library="BuiltIn">
<arg>${ABOUT_CON}</arg>
<arg>About.Verify Page Loaded</arg>
<arg>ELSE IF</arg>
<arg>${MANAG_CON}</arg>
<arg>Management.Verify Page Loaded</arg>
<arg>ELSE IF</arg>
<arg>${HISTO_CON}</arg>
<arg>History.Verify Page Loaded</arg>
<arg>ELSE</arg>
<arg>FAIL</arg>
<doc>Runs the given keyword with the given arguments, if ``condition`` is true.</doc>
<kw name="Verify Page Loaded" library="Management">
<kw name="Page Should Contain Element" library="SeleniumLibrary">
<arg>${BAYKAR_MAIN_MANAGEMENT_VERIFY_ELEMENT}</arg>
<doc>Verifies that element ``locator`` is found on the current page.</doc>
<msg timestamp="20220701 23:39:03.607" level="INFO">Current page contains element 'xpath=//div[@class='managementList']//a[contains(@href, '/ozdemir-bayraktar/')]'.</msg>
<status status="PASS" starttime="20220701 23:39:03.603" endtime="20220701 23:39:03.607"/>
</kw>
<kw name="Scroll Element Into View" library="SeleniumLibrary">
<arg>${BAYKAR_MAIN_MANAGEMENT_VERIFY_ELEMENT}</arg>
<doc>Scrolls the element identified by ``locator`` into view.</doc>
<status status="PASS" starttime="20220701 23:39:03.608" endtime="20220701 23:39:03.890"/>
</kw>
<kw name="Wait Until Element Is Visible" library="SeleniumLibrary">
<arg>${BAYKAR_MAIN_MANAGEMENT_VERIFY_ELEMENT}</arg>
<doc>Waits until the element ``locator`` is visible.</doc>
<status status="PASS" starttime="20220701 23:39:03.890" endtime="20220701 23:39:03.908"/>
</kw>
<status status="PASS" starttime="20220701 23:39:03.603" endtime="20220701 23:39:03.908"/>
</kw>
<status status="PASS" starttime="20220701 23:39:03.603" endtime="20220701 23:39:03.908"/>
</kw>
<status status="PASS" starttime="20220701 23:39:03.601" endtime="20220701 23:39:03.908"/>
</kw>
<status status="PASS" starttime="20220701 23:39:03.600" endtime="20220701 23:39:03.908"/>
</kw>
<kw name="Go Back" library="SeleniumLibrary">
<doc>Simulates the user clicking the back button on their browser.</doc>
<status status="PASS" starttime="20220701 23:39:03.908" endtime="20220701 23:39:04.246"/>
</kw>
<kw name="Verify Page Loaded" library="Common">
<arg>${LANG}</arg>
<doc>Verify all pages successfully loaded</doc>
<kw name="Wait Until Element Is Enabled" library="SeleniumLibrary">
<arg>${BAYKAR_LOGO_${LANG}}</arg>
<doc>Waits until the element ``locator`` is enabled.</doc>
<status status="PASS" starttime="20220701 23:39:04.247" endtime="20220701 23:39:04.290"/>
</kw>
<kw name="Run Keyword And Return Status" library="BuiltIn">
<var>${check_loader}</var>
<arg>Element Should Be Visible</arg>
<arg>${PRE_LOADER}</arg>
<doc>Runs the given keyword with given arguments and returns the status as a Boolean value.</doc>
<kw name="Element Should Be Visible" library="SeleniumLibrary">
<arg>${PRE_LOADER}</arg>
<doc>Verifies that the element identified by ``locator`` is visible.</doc>
<msg timestamp="20220701 23:39:04.304" level="INFO">Element 'xpath=//div[@class='se-pre-con']' is displayed.</msg>
<status status="PASS" starttime="20220701 23:39:04.290" endtime="20220701 23:39:04.304"/>
</kw>
<msg timestamp="20220701 23:39:04.304" level="INFO">${check_loader} = True</msg>
<status status="PASS" starttime="20220701 23:39:04.290" endtime="20220701 23:39:04.304"/>
</kw>
<kw name="Run Keyword If" library="BuiltIn">
<arg>${check_loader}</arg>
<arg>Wait Until Element Is Not Visible</arg>
<arg>${PRE_LOADER}</arg>
<doc>Runs the given keyword with the given arguments, if ``condition`` is true.</doc>
<kw name="Wait Until Element Is Not Visible" library="SeleniumLibrary">
<arg>${PRE_LOADER}</arg>
<doc>Waits until the element ``locator`` is not visible.</doc>
<status status="PASS" starttime="20220701 23:39:04.305" endtime="20220701 23:39:04.977"/>
</kw>
<status status="PASS" starttime="20220701 23:39:04.305" endtime="20220701 23:39:04.977"/>
</kw>
<status status="PASS" starttime="20220701 23:39:04.247" endtime="20220701 23:39:04.977"/>
</kw>
<kw name="Wait Until Element Is Visible" library="SeleniumLibrary">
<arg>${PAGE_END}</arg>
<doc>Waits until the element ``locator`` is visible.</doc>
<status status="PASS" starttime="20220701 23:39:04.977" endtime="20220701 23:39:04.989"/>
</kw>
<kw name="Run Keyword" library="BuiltIn">
<arg>Scroll to end of the page</arg>
<doc>Executes the given keyword with the given arguments.</doc>
<kw name="Scroll to end of the page" library="Footer">
<kw name="Run Keyword And Ignore Error" library="BuiltIn">
<arg>Scroll Element Into View</arg>
<arg>${PAGE_END}</arg>
<doc>Runs the given keyword with the given arguments and ignores possible error.</doc>
<kw name="Scroll Element Into View" library="SeleniumLibrary">
<arg>${PAGE_END}</arg>
<doc>Scrolls the element identified by ``locator`` into view.</doc>
<msg timestamp="20220701 23:39:05.056" level="INFO" html="true">&lt;/td&gt;&lt;/tr&gt;&lt;tr&gt;&lt;td colspan="3"&gt;&lt;a href="selenium-screenshot-3.png"&gt;&lt;img src="selenium-screenshot-3.png" width="800px"&gt;&lt;/a&gt;</msg>
<msg timestamp="20220701 23:39:05.057" level="FAIL">MoveTargetOutOfBoundsException: Message: (475, 854) is out of bounds of viewport width (1536) and height (731)
Stacktrace:
WebDriverError@chrome://remote/content/shared/webdriver/Errors.jsm:186:5
MoveTargetOutOfBoundsError@chrome://remote/content/shared/webdriver/Errors.jsm:376:5
dispatchPointerMove/&lt;@chrome://remote/content/marionette/action.js:1120:13
dispatchPointerMove@chrome://remote/content/marionette/action.js:1111:10
toEvents/&lt;@chrome://remote/content/marionette/action.js:870:16
action.dispatchTickActions@chrome://remote/content/marionette/action.js:780:35
action.dispatch/chainEvents&lt;@chrome://remote/content/marionette/action.js:748:20
action.dispatch@chrome://remote/content/marionette/action.js:754:5
performActions@chrome://remote/content/marionette/actors/MarionetteCommandsChild.jsm:459:18
receiveMessage@chrome://remote/content/marionette/actors/MarionetteCommandsChild.jsm:144:31
</msg>
<status status="FAIL" starttime="20220701 23:39:04.990" endtime="20220701 23:39:05.057"/>
</kw>
<status status="PASS" starttime="20220701 23:39:04.990" endtime="20220701 23:39:05.057"/>
</kw>
<status status="PASS" starttime="20220701 23:39:04.990" endtime="20220701 23:39:05.057"/>
</kw>
<status status="PASS" starttime="20220701 23:39:04.990" endtime="20220701 23:39:05.057"/>
</kw>
<status status="PASS" starttime="20220701 23:39:02.668" endtime="20220701 23:39:05.057"/>
</iter>
<iter>
<var name="${LINK_TR}">xpath=//footer//a[.="Tarihçe"]</var>
<var name="${LINK_EN}">xpath=//footer//a[.="History"]</var>
<var name="${IN_OUT}">0</var>
<kw name="Run Keyword If" library="BuiltIn">
<arg>"${LANG}" == "tr"</arg>
<arg>Click Link</arg>
<arg>${LINK_TR}</arg>
<arg>ELSE IF</arg>
<arg>"${LANG}" == "en"</arg>
<arg>Click Link</arg>
<arg>${LINK_EN}</arg>
<doc>Runs the given keyword with the given arguments, if ``condition`` is true.</doc>
<kw name="Click Link" library="SeleniumLibrary">
<arg>${LINK_TR}</arg>
<doc>Clicks a link identified by ``locator``.</doc>
<msg timestamp="20220701 23:39:05.058" level="INFO">Clicking link 'xpath=//footer//a[.="Tarihçe"]'.</msg>
<status status="PASS" starttime="20220701 23:39:05.058" endtime="20220701 23:39:06.016"/>
</kw>
<status status="PASS" starttime="20220701 23:39:05.058" endtime="20220701 23:39:06.016"/>
</kw>
<kw name="Run Keyword If" library="BuiltIn">
<arg>"${IN_OUT}" == "0"</arg>
<arg>Baykartech.App.Check Baykar's Main Site By Argument</arg>
<arg>${LINK_${LANG}}</arg>
<arg>${LANG}</arg>
<doc>Runs the given keyword with the given arguments, if ``condition`` is true.</doc>
<kw name="Check Baykar's Main Site By Argument" library="Baykartech.App">
<arg>${LINK_${LANG}}</arg>
<arg>${LANG}</arg>
<kw name="Evaluate" library="BuiltIn">
<var>${ABOUT_CON}</var>
<arg>"${ABOUT_US_TEXTS_${LANG}}" in """${PAGE}"""</arg>
<doc>Evaluates the given expression in Python and returns the result.</doc>
<msg timestamp="20220701 23:39:06.018" level="INFO">${ABOUT_CON} = False</msg>
<status status="PASS" starttime="20220701 23:39:06.017" endtime="20220701 23:39:06.018"/>
</kw>
<kw name="Evaluate" library="BuiltIn">
<var>${MANAG_CON}</var>
<arg>"${MANAGEMENT_TEXTS_${LANG}}" in """${PAGE}"""</arg>
<doc>Evaluates the given expression in Python and returns the result.</doc>
<msg timestamp="20220701 23:39:06.018" level="INFO">${MANAG_CON} = False</msg>
<status status="PASS" starttime="20220701 23:39:06.018" endtime="20220701 23:39:06.018"/>
</kw>
<kw name="Evaluate" library="BuiltIn">
<var>${HISTO_CON}</var>
<arg>"${HISTORY_TEXTS_${LANG}}" in """${PAGE}"""</arg>
<doc>Evaluates the given expression in Python and returns the result.</doc>
<msg timestamp="20220701 23:39:06.018" level="INFO">${HISTO_CON} = True</msg>
<status status="PASS" starttime="20220701 23:39:06.018" endtime="20220701 23:39:06.018"/>
</kw>
<kw name="Run Keyword If" library="BuiltIn">
<arg>${ABOUT_CON}</arg>
<arg>About.Verify Page Loaded</arg>
<arg>ELSE IF</arg>
<arg>${MANAG_CON}</arg>
<arg>Management.Verify Page Loaded</arg>
<arg>ELSE IF</arg>
<arg>${HISTO_CON}</arg>
<arg>History.Verify Page Loaded</arg>
<arg>ELSE</arg>
<arg>FAIL</arg>
<doc>Runs the given keyword with the given arguments, if ``condition`` is true.</doc>
<kw name="Verify Page Loaded" library="History">
<kw name="Page Should Contain Element" library="SeleniumLibrary">
<arg>${BAYKAR_MAIN_HISTORY_VERIFY_ELEMENT}</arg>
<doc>Verifies that element ``locator`` is found on the current page.</doc>
<msg timestamp="20220701 23:39:06.023" level="INFO">Current page contains element 'xpath=//div[@class='aboutTimeLineLR']/div[@class='tlCard'][1]'.</msg>
<status status="PASS" starttime="20220701 23:39:06.019" endtime="20220701 23:39:06.023"/>
</kw>
<kw name="Scroll Element Into View" library="SeleniumLibrary">
<arg>${BAYKAR_MAIN_HISTORY_VERIFY_ELEMENT}</arg>
<doc>Scrolls the element identified by ``locator`` into view.</doc>
<status status="PASS" starttime="20220701 23:39:06.024" endtime="20220701 23:39:06.309"/>
</kw>
<kw name="Wait Until Element Is Visible" library="SeleniumLibrary">
<arg>${BAYKAR_MAIN_HISTORY_VERIFY_ELEMENT}</arg>
<doc>Waits until the element ``locator`` is visible.</doc>
<status status="PASS" starttime="20220701 23:39:06.309" endtime="20220701 23:39:06.322"/>
</kw>
<status status="PASS" starttime="20220701 23:39:06.019" endtime="20220701 23:39:06.322"/>
</kw>
<status status="PASS" starttime="20220701 23:39:06.018" endtime="20220701 23:39:06.322"/>
</kw>
<status status="PASS" starttime="20220701 23:39:06.017" endtime="20220701 23:39:06.322"/>
</kw>
<status status="PASS" starttime="20220701 23:39:06.017" endtime="20220701 23:39:06.322"/>
</kw>
<kw name="Go Back" library="SeleniumLibrary">
<doc>Simulates the user clicking the back button on their browser.</doc>
<status status="PASS" starttime="20220701 23:39:06.322" endtime="20220701 23:39:06.624"/>
</kw>
<kw name="Verify Page Loaded" library="Common">
<arg>${LANG}</arg>
<doc>Verify all pages successfully loaded</doc>
<kw name="Wait Until Element Is Enabled" library="SeleniumLibrary">
<arg>${BAYKAR_LOGO_${LANG}}</arg>
<doc>Waits until the element ``locator`` is enabled.</doc>
<status status="PASS" starttime="20220701 23:39:06.625" endtime="20220701 23:39:06.679"/>
</kw>
<kw name="Run Keyword And Return Status" library="BuiltIn">
<var>${check_loader}</var>
<arg>Element Should Be Visible</arg>
<arg>${PRE_LOADER}</arg>
<doc>Runs the given keyword with given arguments and returns the status as a Boolean value.</doc>
<kw name="Element Should Be Visible" library="SeleniumLibrary">
<arg>${PRE_LOADER}</arg>
<doc>Verifies that the element identified by ``locator`` is visible.</doc>
<msg timestamp="20220701 23:39:06.708" level="INFO">Element 'xpath=//div[@class='se-pre-con']' is displayed.</msg>
<status status="PASS" starttime="20220701 23:39:06.679" endtime="20220701 23:39:06.708"/>
</kw>
<msg timestamp="20220701 23:39:06.709" level="INFO">${check_loader} = True</msg>
<status status="PASS" starttime="20220701 23:39:06.679" endtime="20220701 23:39:06.709"/>
</kw>
<kw name="Run Keyword If" library="BuiltIn">
<arg>${check_loader}</arg>
<arg>Wait Until Element Is Not Visible</arg>
<arg>${PRE_LOADER}</arg>
<doc>Runs the given keyword with the given arguments, if ``condition`` is true.</doc>
<kw name="Wait Until Element Is Not Visible" library="SeleniumLibrary">
<arg>${PRE_LOADER}</arg>
<doc>Waits until the element ``locator`` is not visible.</doc>
<status status="PASS" starttime="20220701 23:39:06.709" endtime="20220701 23:39:07.378"/>
</kw>
<status status="PASS" starttime="20220701 23:39:06.709" endtime="20220701 23:39:07.378"/>
</kw>
<status status="PASS" starttime="20220701 23:39:06.624" endtime="20220701 23:39:07.378"/>
</kw>
<kw name="Wait Until Element Is Visible" library="SeleniumLibrary">
<arg>${PAGE_END}</arg>
<doc>Waits until the element ``locator`` is visible.</doc>
<status status="PASS" starttime="20220701 23:39:07.378" endtime="20220701 23:39:07.391"/>
</kw>
<kw name="Run Keyword" library="BuiltIn">
<arg>Scroll to end of the page</arg>
<doc>Executes the given keyword with the given arguments.</doc>
<kw name="Scroll to end of the page" library="Footer">
<kw name="Run Keyword And Ignore Error" library="BuiltIn">
<arg>Scroll Element Into View</arg>
<arg>${PAGE_END}</arg>
<doc>Runs the given keyword with the given arguments and ignores possible error.</doc>
<kw name="Scroll Element Into View" library="SeleniumLibrary">
<arg>${PAGE_END}</arg>
<doc>Scrolls the element identified by ``locator`` into view.</doc>
<msg timestamp="20220701 23:39:07.457" level="INFO" html="true">&lt;/td&gt;&lt;/tr&gt;&lt;tr&gt;&lt;td colspan="3"&gt;&lt;a href="selenium-screenshot-4.png"&gt;&lt;img src="selenium-screenshot-4.png" width="800px"&gt;&lt;/a&gt;</msg>
<msg timestamp="20220701 23:39:07.457" level="FAIL">MoveTargetOutOfBoundsException: Message: (475, 831) is out of bounds of viewport width (1536) and height (731)
Stacktrace:
WebDriverError@chrome://remote/content/shared/webdriver/Errors.jsm:186:5
MoveTargetOutOfBoundsError@chrome://remote/content/shared/webdriver/Errors.jsm:376:5
dispatchPointerMove/&lt;@chrome://remote/content/marionette/action.js:1120:13
dispatchPointerMove@chrome://remote/content/marionette/action.js:1111:10
toEvents/&lt;@chrome://remote/content/marionette/action.js:870:16
action.dispatchTickActions@chrome://remote/content/marionette/action.js:780:35
action.dispatch/chainEvents&lt;@chrome://remote/content/marionette/action.js:748:20
action.dispatch@chrome://remote/content/marionette/action.js:754:5
performActions@chrome://remote/content/marionette/actors/MarionetteCommandsChild.jsm:459:18
receiveMessage@chrome://remote/content/marionette/actors/MarionetteCommandsChild.jsm:144:31
</msg>
<status status="FAIL" starttime="20220701 23:39:07.392" endtime="20220701 23:39:07.458"/>
</kw>
<status status="PASS" starttime="20220701 23:39:07.392" endtime="20220701 23:39:07.458"/>
</kw>
<status status="PASS" starttime="20220701 23:39:07.391" endtime="20220701 23:39:07.458"/>
</kw>
<status status="PASS" starttime="20220701 23:39:07.391" endtime="20220701 23:39:07.458"/>
</kw>
<status status="PASS" starttime="20220701 23:39:05.057" endtime="20220701 23:39:07.458"/>
</iter>
<iter>
<var name="${LINK_TR}">xpath=//footer//a[.="Açık Pozisyonlar"]</var>
<var name="${LINK_EN}">xpath=//footer//a[.="Open Positions"]</var>
<var name="${IN_OUT}">1</var>
<kw name="Run Keyword If" library="BuiltIn">
<arg>"${LANG}" == "tr"</arg>
<arg>Click Link</arg>
<arg>${LINK_TR}</arg>
<arg>ELSE IF</arg>
<arg>"${LANG}" == "en"</arg>
<arg>Click Link</arg>
<arg>${LINK_EN}</arg>
<doc>Runs the given keyword with the given arguments, if ``condition`` is true.</doc>
<kw name="Click Link" library="SeleniumLibrary">
<arg>${LINK_TR}</arg>
<doc>Clicks a link identified by ``locator``.</doc>
<msg timestamp="20220701 23:39:07.459" level="INFO">Clicking link 'xpath=//footer//a[.="Açık Pozisyonlar"]'.</msg>
<status status="PASS" starttime="20220701 23:39:07.459" endtime="20220701 23:39:10.091"/>
</kw>
<status status="PASS" starttime="20220701 23:39:07.458" endtime="20220701 23:39:10.092"/>
</kw>
<kw name="Run Keyword If" library="BuiltIn">
<arg>"${IN_OUT}" == "0"</arg>
<arg>Baykartech.App.Check Baykar's Main Site By Argument</arg>
<arg>${LINK_${LANG}}</arg>
<arg>${LANG}</arg>
<doc>Runs the given keyword with the given arguments, if ``condition`` is true.</doc>
<status status="PASS" starttime="20220701 23:39:10.092" endtime="20220701 23:39:10.092"/>
</kw>
<kw name="Go Back" library="SeleniumLibrary">
<doc>Simulates the user clicking the back button on their browser.</doc>
<status status="PASS" starttime="20220701 23:39:10.092" endtime="20220701 23:39:10.362"/>
</kw>
<kw name="Verify Page Loaded" library="Common">
<arg>${LANG}</arg>
<doc>Verify all pages successfully loaded</doc>
<kw name="Wait Until Element Is Enabled" library="SeleniumLibrary">
<arg>${BAYKAR_LOGO_${LANG}}</arg>
<doc>Waits until the element ``locator`` is enabled.</doc>
<status status="PASS" starttime="20220701 23:39:10.363" endtime="20220701 23:39:10.417"/>
</kw>
<kw name="Run Keyword And Return Status" library="BuiltIn">
<var>${check_loader}</var>
<arg>Element Should Be Visible</arg>
<arg>${PRE_LOADER}</arg>
<doc>Runs the given keyword with given arguments and returns the status as a Boolean value.</doc>
<kw name="Element Should Be Visible" library="SeleniumLibrary">
<arg>${PRE_LOADER}</arg>
<doc>Verifies that the element identified by ``locator`` is visible.</doc>
<msg timestamp="20220701 23:39:10.437" level="INFO">Element 'xpath=//div[@class='se-pre-con']' is displayed.</msg>
<status status="PASS" starttime="20220701 23:39:10.418" endtime="20220701 23:39:10.437"/>
</kw>
<msg timestamp="20220701 23:39:10.437" level="INFO">${check_loader} = True</msg>
<status status="PASS" starttime="20220701 23:39:10.417" endtime="20220701 23:39:10.437"/>
</kw>
<kw name="Run Keyword If" library="BuiltIn">
<arg>${check_loader}</arg>
<arg>Wait Until Element Is Not Visible</arg>
<arg>${PRE_LOADER}</arg>
<doc>Runs the given keyword with the given arguments, if ``condition`` is true.</doc>
<kw name="Wait Until Element Is Not Visible" library="SeleniumLibrary">
<arg>${PRE_LOADER}</arg>
<doc>Waits until the element ``locator`` is not visible.</doc>
<status status="PASS" starttime="20220701 23:39:10.438" endtime="20220701 23:39:11.112"/>
</kw>
<status status="PASS" starttime="20220701 23:39:10.437" endtime="20220701 23:39:11.112"/>
</kw>
<status status="PASS" starttime="20220701 23:39:10.362" endtime="20220701 23:39:11.112"/>
</kw>
<kw name="Wait Until Element Is Visible" library="SeleniumLibrary">
<arg>${PAGE_END}</arg>
<doc>Waits until the element ``locator`` is visible.</doc>
<status status="PASS" starttime="20220701 23:39:11.113" endtime="20220701 23:39:11.126"/>
</kw>
<kw name="Run Keyword" library="BuiltIn">
<arg>Scroll to end of the page</arg>
<doc>Executes the given keyword with the given arguments.</doc>
<kw name="Scroll to end of the page" library="Footer">
<kw name="Run Keyword And Ignore Error" library="BuiltIn">
<arg>Scroll Element Into View</arg>
<arg>${PAGE_END}</arg>
<doc>Runs the given keyword with the given arguments and ignores possible error.</doc>
<kw name="Scroll Element Into View" library="SeleniumLibrary">
<arg>${PAGE_END}</arg>
<doc>Scrolls the element identified by ``locator`` into view.</doc>
<msg timestamp="20220701 23:39:11.195" level="INFO" html="true">&lt;/td&gt;&lt;/tr&gt;&lt;tr&gt;&lt;td colspan="3"&gt;&lt;a href="selenium-screenshot-5.png"&gt;&lt;img src="selenium-screenshot-5.png" width="800px"&gt;&lt;/a&gt;</msg>
<msg timestamp="20220701 23:39:11.195" level="FAIL">MoveTargetOutOfBoundsException: Message: (475, 831) is out of bounds of viewport width (1536) and height (731)
Stacktrace:
WebDriverError@chrome://remote/content/shared/webdriver/Errors.jsm:186:5
MoveTargetOutOfBoundsError@chrome://remote/content/shared/webdriver/Errors.jsm:376:5
dispatchPointerMove/&lt;@chrome://remote/content/marionette/action.js:1120:13
dispatchPointerMove@chrome://remote/content/marionette/action.js:1111:10
toEvents/&lt;@chrome://remote/content/marionette/action.js:870:16
action.dispatchTickActions@chrome://remote/content/marionette/action.js:780:35
action.dispatch/chainEvents&lt;@chrome://remote/content/marionette/action.js:748:20
action.dispatch@chrome://remote/content/marionette/action.js:754:5
performActions@chrome://remote/content/marionette/actors/MarionetteCommandsChild.jsm:459:18
receiveMessage@chrome://remote/content/marionette/actors/MarionetteCommandsChild.jsm:144:31
</msg>
<status status="FAIL" starttime="20220701 23:39:11.126" endtime="20220701 23:39:11.196"/>
</kw>
<status status="PASS" starttime="20220701 23:39:11.126" endtime="20220701 23:39:11.196"/>
</kw>
<status status="PASS" starttime="20220701 23:39:11.126" endtime="20220701 23:39:11.196"/>
</kw>
<status status="PASS" starttime="20220701 23:39:11.126" endtime="20220701 23:39:11.196"/>
</kw>
<status status="PASS" starttime="20220701 23:39:07.458" endtime="20220701 23:39:11.196"/>
</iter>
<iter>
<var name="${LINK_TR}">xpath=//footer//a[.="Staj"]</var>
<var name="${LINK_EN}">xpath=//footer//a[.="İntern"]</var>
<var name="${IN_OUT}">1</var>
<kw name="Run Keyword If" library="BuiltIn">
<arg>"${LANG}" == "tr"</arg>
<arg>Click Link</arg>
<arg>${LINK_TR}</arg>
<arg>ELSE IF</arg>
<arg>"${LANG}" == "en"</arg>
<arg>Click Link</arg>
<arg>${LINK_EN}</arg>
<doc>Runs the given keyword with the given arguments, if ``condition`` is true.</doc>
<kw name="Click Link" library="SeleniumLibrary">
<arg>${LINK_TR}</arg>
<doc>Clicks a link identified by ``locator``.</doc>
<msg timestamp="20220701 23:39:11.197" level="INFO">Clicking link 'xpath=//footer//a[.="Staj"]'.</msg>
<status status="PASS" starttime="20220701 23:39:11.197" endtime="20220701 23:39:12.199"/>
</kw>
<status status="PASS" starttime="20220701 23:39:11.196" endtime="20220701 23:39:12.199"/>
</kw>
<kw name="Run Keyword If" library="BuiltIn">
<arg>"${IN_OUT}" == "0"</arg>
<arg>Baykartech.App.Check Baykar's Main Site By Argument</arg>
<arg>${LINK_${LANG}}</arg>
<arg>${LANG}</arg>
<doc>Runs the given keyword with the given arguments, if ``condition`` is true.</doc>
<status status="PASS" starttime="20220701 23:39:12.199" endtime="20220701 23:39:12.200"/>
</kw>
<kw name="Go Back" library="SeleniumLibrary">
<doc>Simulates the user clicking the back button on their browser.</doc>
<status status="PASS" starttime="20220701 23:39:12.200" endtime="20220701 23:39:12.463"/>
</kw>
<kw name="Verify Page Loaded" library="Common">
<arg>${LANG}</arg>
<doc>Verify all pages successfully loaded</doc>
<kw name="Wait Until Element Is Enabled" library="SeleniumLibrary">
<arg>${BAYKAR_LOGO_${LANG}}</arg>
<doc>Waits until the element ``locator`` is enabled.</doc>
<status status="PASS" starttime="20220701 23:39:12.464" endtime="20220701 23:39:12.515"/>
</kw>
<kw name="Run Keyword And Return Status" library="BuiltIn">
<var>${check_loader}</var>
<arg>Element Should Be Visible</arg>
<arg>${PRE_LOADER}</arg>
<doc>Runs the given keyword with given arguments and returns the status as a Boolean value.</doc>
<kw name="Element Should Be Visible" library="SeleniumLibrary">
<arg>${PRE_LOADER}</arg>
<doc>Verifies that the element identified by ``locator`` is visible.</doc>
<msg timestamp="20220701 23:39:12.533" level="INFO">Element 'xpath=//div[@class='se-pre-con']' is displayed.</msg>
<status status="PASS" starttime="20220701 23:39:12.516" endtime="20220701 23:39:12.533"/>
</kw>
<msg timestamp="20220701 23:39:12.533" level="INFO">${check_loader} = True</msg>
<status status="PASS" starttime="20220701 23:39:12.515" endtime="20220701 23:39:12.533"/>
</kw>
<kw name="Run Keyword If" library="BuiltIn">
<arg>${check_loader}</arg>
<arg>Wait Until Element Is Not Visible</arg>
<arg>${PRE_LOADER}</arg>
<doc>Runs the given keyword with the given arguments, if ``condition`` is true.</doc>
<kw name="Wait Until Element Is Not Visible" library="SeleniumLibrary">
<arg>${PRE_LOADER}</arg>
<doc>Waits until the element ``locator`` is not visible.</doc>
<status status="PASS" starttime="20220701 23:39:12.533" endtime="20220701 23:39:13.245"/>
</kw>
<status status="PASS" starttime="20220701 23:39:12.533" endtime="20220701 23:39:13.245"/>
</kw>
<status status="PASS" starttime="20220701 23:39:12.463" endtime="20220701 23:39:13.245"/>
</kw>
<kw name="Wait Until Element Is Visible" library="SeleniumLibrary">
<arg>${PAGE_END}</arg>
<doc>Waits until the element ``locator`` is visible.</doc>
<status status="PASS" starttime="20220701 23:39:13.245" endtime="20220701 23:39:13.261"/>
</kw>
<kw name="Run Keyword" library="BuiltIn">
<arg>Scroll to end of the page</arg>
<doc>Executes the given keyword with the given arguments.</doc>
<kw name="Scroll to end of the page" library="Footer">
<kw name="Run Keyword And Ignore Error" library="BuiltIn">
<arg>Scroll Element Into View</arg>
<arg>${PAGE_END}</arg>
<doc>Runs the given keyword with the given arguments and ignores possible error.</doc>
<kw name="Scroll Element Into View" library="SeleniumLibrary">
<arg>${PAGE_END}</arg>
<doc>Scrolls the element identified by ``locator`` into view.</doc>
<msg timestamp="20220701 23:39:13.326" level="INFO" html="true">&lt;/td&gt;&lt;/tr&gt;&lt;tr&gt;&lt;td colspan="3"&gt;&lt;a href="selenium-screenshot-6.png"&gt;&lt;img src="selenium-screenshot-6.png" width="800px"&gt;&lt;/a&gt;</msg>
<msg timestamp="20220701 23:39:13.327" level="FAIL">MoveTargetOutOfBoundsException: Message: (475, 831) is out of bounds of viewport width (1536) and height (731)
Stacktrace:
WebDriverError@chrome://remote/content/shared/webdriver/Errors.jsm:186:5
MoveTargetOutOfBoundsError@chrome://remote/content/shared/webdriver/Errors.jsm:376:5
dispatchPointerMove/&lt;@chrome://remote/content/marionette/action.js:1120:13
dispatchPointerMove@chrome://remote/content/marionette/action.js:1111:10
toEvents/&lt;@chrome://remote/content/marionette/action.js:870:16
action.dispatchTickActions@chrome://remote/content/marionette/action.js:780:35
action.dispatch/chainEvents&lt;@chrome://remote/content/marionette/action.js:748:20
action.dispatch@chrome://remote/content/marionette/action.js:754:5
performActions@chrome://remote/content/marionette/actors/MarionetteCommandsChild.jsm:459:18
receiveMessage@chrome://remote/content/marionette/actors/MarionetteCommandsChild.jsm:144:31
</msg>
<status status="FAIL" starttime="20220701 23:39:13.261" endtime="20220701 23:39:13.327"/>
</kw>
<status status="PASS" starttime="20220701 23:39:13.261" endtime="20220701 23:39:13.327"/>
</kw>
<status status="PASS" starttime="20220701 23:39:13.261" endtime="20220701 23:39:13.327"/>
</kw>
<status status="PASS" starttime="20220701 23:39:13.261" endtime="20220701 23:39:13.327"/>
</kw>
<status status="PASS" starttime="20220701 23:39:11.196" endtime="20220701 23:39:13.327"/>
</iter>
<iter>
<var name="${LINK_TR}">xpath=//footer//a[.="İletişim"]</var>
<var name="${LINK_EN}">xpath=//footer//a[.="Communication"]</var>
<var name="${IN_OUT}">1</var>
<kw name="Run Keyword If" library="BuiltIn">
<arg>"${LANG}" == "tr"</arg>
<arg>Click Link</arg>
<arg>${LINK_TR}</arg>
<arg>ELSE IF</arg>
<arg>"${LANG}" == "en"</arg>
<arg>Click Link</arg>
<arg>${LINK_EN}</arg>
<doc>Runs the given keyword with the given arguments, if ``condition`` is true.</doc>
<kw name="Click Link" library="SeleniumLibrary">
<arg>${LINK_TR}</arg>
<doc>Clicks a link identified by ``locator``.</doc>
<msg timestamp="20220701 23:39:13.328" level="INFO">Clicking link 'xpath=//footer//a[.="İletişim"]'.</msg>
<status status="PASS" starttime="20220701 23:39:13.328" endtime="20220701 23:39:14.134"/>
</kw>
<status status="PASS" starttime="20220701 23:39:13.328" endtime="20220701 23:39:14.134"/>
</kw>
<kw name="Run Keyword If" library="BuiltIn">
<arg>"${IN_OUT}" == "0"</arg>
<arg>Baykartech.App.Check Baykar's Main Site By Argument</arg>
<arg>${LINK_${LANG}}</arg>
<arg>${LANG}</arg>
<doc>Runs the given keyword with the given arguments, if ``condition`` is true.</doc>
<status status="PASS" starttime="20220701 23:39:14.134" endtime="20220701 23:39:14.135"/>
</kw>
<kw name="Go Back" library="SeleniumLibrary">
<doc>Simulates the user clicking the back button on their browser.</doc>
<status status="PASS" starttime="20220701 23:39:14.135" endtime="20220701 23:39:14.476"/>
</kw>
<kw name="Verify Page Loaded" library="Common">
<arg>${LANG}</arg>
<doc>Verify all pages successfully loaded</doc>
<kw name="Wait Until Element Is Enabled" library="SeleniumLibrary">
<arg>${BAYKAR_LOGO_${LANG}}</arg>
<doc>Waits until the element ``locator`` is enabled.</doc>
<status status="PASS" starttime="20220701 23:39:14.476" endtime="20220701 23:39:14.529"/>
</kw>
<kw name="Run Keyword And Return Status" library="BuiltIn">
<var>${check_loader}</var>
<arg>Element Should Be Visible</arg>
<arg>${PRE_LOADER}</arg>
<doc>Runs the given keyword with given arguments and returns the status as a Boolean value.</doc>
<kw name="Element Should Be Visible" library="SeleniumLibrary">
<arg>${PRE_LOADER}</arg>
<doc>Verifies that the element identified by ``locator`` is visible.</doc>
<msg timestamp="20220701 23:39:14.545" level="INFO">Element 'xpath=//div[@class='se-pre-con']' is displayed.</msg>
<status status="PASS" starttime="20220701 23:39:14.530" endtime="20220701 23:39:14.545"/>
</kw>
<msg timestamp="20220701 23:39:14.545" level="INFO">${check_loader} = True</msg>
<status status="PASS" starttime="20220701 23:39:14.530" endtime="20220701 23:39:14.545"/>
</kw>
<kw name="Run Keyword If" library="BuiltIn">
<arg>${check_loader}</arg>
<arg>Wait Until Element Is Not Visible</arg>
<arg>${PRE_LOADER}</arg>
<doc>Runs the given keyword with the given arguments, if ``condition`` is true.</doc>
<kw name="Wait Until Element Is Not Visible" library="SeleniumLibrary">
<arg>${PRE_LOADER}</arg>
<doc>Waits until the element ``locator`` is not visible.</doc>
<status status="PASS" starttime="20220701 23:39:14.546" endtime="20220701 23:39:15.220"/>
</kw>
<status status="PASS" starttime="20220701 23:39:14.546" endtime="20220701 23:39:15.221"/>
</kw>
<status status="PASS" starttime="20220701 23:39:14.476" endtime="20220701 23:39:15.221"/>
</kw>
<kw name="Wait Until Element Is Visible" library="SeleniumLibrary">
<arg>${PAGE_END}</arg>
<doc>Waits until the element ``locator`` is visible.</doc>
<status status="PASS" starttime="20220701 23:39:15.221" endtime="20220701 23:39:15.233"/>
</kw>
<kw name="Run Keyword" library="BuiltIn">
<arg>Scroll to end of the page</arg>
<doc>Executes the given keyword with the given arguments.</doc>
<kw name="Scroll to end of the page" library="Footer">
<kw name="Run Keyword And Ignore Error" library="BuiltIn">
<arg>Scroll Element Into View</arg>
<arg>${PAGE_END}</arg>
<doc>Runs the given keyword with the given arguments and ignores possible error.</doc>
<kw name="Scroll Element Into View" library="SeleniumLibrary">
<arg>${PAGE_END}</arg>
<doc>Scrolls the element identified by ``locator`` into view.</doc>
<status status="PASS" starttime="20220701 23:39:15.234" endtime="20220701 23:39:15.522"/>
</kw>
<status status="PASS" starttime="20220701 23:39:15.234" endtime="20220701 23:39:15.522"/>
</kw>
<status status="PASS" starttime="20220701 23:39:15.234" endtime="20220701 23:39:15.522"/>
</kw>
<status status="PASS" starttime="20220701 23:39:15.233" endtime="20220701 23:39:15.522"/>
</kw>
<status status="PASS" starttime="20220701 23:39:13.327" endtime="20220701 23:39:15.522"/>
</iter>
<iter>
<var name="${LINK_TR}">xpath=//footer//a[.="KVKK"]</var>
<var name="${LINK_EN}">xpath=//footer//a[.="KVKK"]</var>
<var name="${IN_OUT}">1</var>
<kw name="Run Keyword If" library="BuiltIn">
<arg>"${LANG}" == "tr"</arg>
<arg>Click Link</arg>
<arg>${LINK_TR}</arg>
<arg>ELSE IF</arg>
<arg>"${LANG}" == "en"</arg>
<arg>Click Link</arg>
<arg>${LINK_EN}</arg>
<doc>Runs the given keyword with the given arguments, if ``condition`` is true.</doc>
<kw name="Click Link" library="SeleniumLibrary">
<arg>${LINK_TR}</arg>
<doc>Clicks a link identified by ``locator``.</doc>
<msg timestamp="20220701 23:39:15.523" level="INFO">Clicking link 'xpath=//footer//a[.="KVKK"]'.</msg>
<status status="PASS" starttime="20220701 23:39:15.522" endtime="20220701 23:39:15.847"/>
</kw>
<status status="PASS" starttime="20220701 23:39:15.522" endtime="20220701 23:39:15.847"/>
</kw>
<kw name="Run Keyword If" library="BuiltIn">
<arg>"${IN_OUT}" == "0"</arg>
<arg>Baykartech.App.Check Baykar's Main Site By Argument</arg>
<arg>${LINK_${LANG}}</arg>
<arg>${LANG}</arg>
<doc>Runs the given keyword with the given arguments, if ``condition`` is true.</doc>
<status status="PASS" starttime="20220701 23:39:15.848" endtime="20220701 23:39:15.848"/>
</kw>
<kw name="Go Back" library="SeleniumLibrary">
<doc>Simulates the user clicking the back button on their browser.</doc>
<status status="PASS" starttime="20220701 23:39:15.848" endtime="20220701 23:39:16.120"/>
</kw>
<kw name="Verify Page Loaded" library="Common">
<arg>${LANG}</arg>
<doc>Verify all pages successfully loaded</doc>
<kw name="Wait Until Element Is Enabled" library="SeleniumLibrary">
<arg>${BAYKAR_LOGO_${LANG}}</arg>
<doc>Waits until the element ``locator`` is enabled.</doc>
<status status="PASS" starttime="20220701 23:39:16.121" endtime="20220701 23:39:16.177"/>
</kw>
<kw name="Run Keyword And Return Status" library="BuiltIn">
<var>${check_loader}</var>
<arg>Element Should Be Visible</arg>
<arg>${PRE_LOADER}</arg>
<doc>Runs the given keyword with given arguments and returns the status as a Boolean value.</doc>
<kw name="Element Should Be Visible" library="SeleniumLibrary">
<arg>${PRE_LOADER}</arg>
<doc>Verifies that the element identified by ``locator`` is visible.</doc>
<msg timestamp="20220701 23:39:16.196" level="INFO">Element 'xpath=//div[@class='se-pre-con']' is displayed.</msg>
<status status="PASS" starttime="20220701 23:39:16.177" endtime="20220701 23:39:16.196"/>
</kw>
<msg timestamp="20220701 23:39:16.196" level="INFO">${check_loader} = True</msg>
<status status="PASS" starttime="20220701 23:39:16.177" endtime="20220701 23:39:16.196"/>
</kw>
<kw name="Run Keyword If" library="BuiltIn">
<arg>${check_loader}</arg>
<arg>Wait Until Element Is Not Visible</arg>
<arg>${PRE_LOADER}</arg>
<doc>Runs the given keyword with the given arguments, if ``condition`` is true.</doc>
<kw name="Wait Until Element Is Not Visible" library="SeleniumLibrary">
<arg>${PRE_LOADER}</arg>
<doc>Waits until the element ``locator`` is not visible.</doc>
<status status="PASS" starttime="20220701 23:39:16.197" endtime="20220701 23:39:16.871"/>
</kw>
<status status="PASS" starttime="20220701 23:39:16.197" endtime="20220701 23:39:16.871"/>
</kw>
<status status="PASS" starttime="20220701 23:39:16.120" endtime="20220701 23:39:16.871"/>
</kw>
<kw name="Wait Until Element Is Visible" library="SeleniumLibrary">
<arg>${PAGE_END}</arg>
<doc>Waits until the element ``locator`` is visible.</doc>
<status status="PASS" starttime="20220701 23:39:16.871" endtime="20220701 23:39:16.884"/>
</kw>
<kw name="Run Keyword" library="BuiltIn">
<arg>Scroll to end of the page</arg>
<doc>Executes the given keyword with the given arguments.</doc>
<kw name="Scroll to end of the page" library="Footer">
<kw name="Run Keyword And Ignore Error" library="BuiltIn">
<arg>Scroll Element Into View</arg>
<arg>${PAGE_END}</arg>
<doc>Runs the given keyword with the given arguments and ignores possible error.</doc>
<kw name="Scroll Element Into View" library="SeleniumLibrary">
<arg>${PAGE_END}</arg>
<doc>Scrolls the element identified by ``locator`` into view.</doc>
<status status="PASS" starttime="20220701 23:39:16.885" endtime="20220701 23:39:17.144"/>
</kw>
<status status="PASS" starttime="20220701 23:39:16.885" endtime="20220701 23:39:17.144"/>
</kw>
<status status="PASS" starttime="20220701 23:39:16.885" endtime="20220701 23:39:17.144"/>
</kw>
<status status="PASS" starttime="20220701 23:39:16.885" endtime="20220701 23:39:17.144"/>
</kw>
<status status="PASS" starttime="20220701 23:39:15.522" endtime="20220701 23:39:17.144"/>
</iter>
<status status="PASS" starttime="20220701 23:38:59.882" endtime="20220701 23:39:17.144"/>
</for>
<status status="PASS" starttime="20220701 23:38:59.881" endtime="20220701 23:39:17.144"/>
</kw>
<status status="PASS" starttime="20220701 23:38:59.692" endtime="20220701 23:39:17.144"/>
</kw>
<kw name="End Baykar Web Test" library="Common" type="TEARDOWN">
<kw name="Close Browser" library="SeleniumLibrary">
<doc>Closes the current browser.</doc>
<status status="PASS" starttime="20220701 23:39:17.145" endtime="20220701 23:39:17.797"/>
</kw>
<status status="PASS" starttime="20220701 23:39:17.145" endtime="20220701 23:39:17.798"/>
</kw>
<doc>All visitors should be able navigate footer links</doc>
<tag>Footer</tag>
<tag>Smoke</tag>
<status status="PASS" starttime="20220701 23:38:45.836" endtime="20220701 23:39:17.798"/>
</test>
<doc>This test file includes all tests for *kariyer.baykartech.com*,
if you wanna change Browser or Runtime Language go to *Variables* section in this file.</doc>
<status status="PASS" starttime="20220701 23:38:45.590" endtime="20220701 23:39:17.799"/>
</suite>
<status status="PASS" starttime="20220701 23:38:45.570" endtime="20220701 23:39:17.800"/>
</suite>
<statistics>
<total>
<stat pass="1" fail="0" skip="0">All Tests</stat>
</total>
<tag>
<stat pass="1" fail="0" skip="0">Footer</stat>
<stat pass="1" fail="0" skip="0">Smoke</stat>
</tag>
<suite>
<stat pass="1" fail="0" skip="0" id="s1" name="Tests">Tests</stat>
<stat pass="1" fail="0" skip="0" id="s1-s1" name="Kariyer.Baykartech">Tests.Kariyer.Baykartech</stat>
</suite>
</statistics>
<errors>
</errors>
</robot>
