<?xml version="1.0" encoding="UTF-8"?>
<robot generator="Robot 5.0.1 (Python 3.9.7 on win32)" generated="20220706 01:18:07.377" rpa="false" schemaversion="3">
<suite id="s1" name="Tests" source="C:\Users\byuks\Desktop\QA\QA-Test-Automation-Baykar\tests">
<suite id="s1-s1" name="Kariyer.Baykartech" source="C:\Users\byuks\Desktop\QA\QA-Test-Automation-Baykar\tests\Kariyer.Baykartech.robot">
<test id="s1-s1-t1" name="Visitor should be able enter site" line="17">
<kw name="Start Baykar Web Test" library="Common" type="SETUP">
<arg>${BROWSER}</arg>
<kw name="Open Browser" library="SeleniumLibrary">
<arg>about:blank</arg>
<arg>${BROWSER}</arg>
<doc>Opens a new browser instance to the optional ``url``.</doc>
<msg timestamp="20220706 01:18:07.630" level="INFO">Opening browser 'edge' to base url 'about:blank'.</msg>
<status status="PASS" starttime="20220706 01:18:07.629" endtime="20220706 01:18:08.711"/>
</kw>
<kw name="Maximize Browser Window" library="SeleniumLibrary">
<doc>Maximizes current browser window.</doc>
<status status="PASS" starttime="20220706 01:18:08.711" endtime="20220706 01:18:08.839"/>
</kw>
<status status="PASS" starttime="20220706 01:18:07.629" endtime="20220706 01:18:08.839"/>
</kw>
<kw name="Open Website" library="Common">
<arg>${SITE_URL}${RUN_LANG}</arg>
<kw name="Go To" library="SeleniumLibrary">
<arg>${SITE_URL}\/</arg>
<doc>Navigates the current browser window to the provided ``url``.</doc>
<msg timestamp="20220706 01:18:08.840" level="INFO">Opening url 'https://kariyer.baykartech.com/tr/'</msg>
<status status="PASS" starttime="20220706 01:18:08.840" endtime="20220706 01:18:20.924"/>
</kw>
<status status="PASS" starttime="20220706 01:18:08.839" endtime="20220706 01:18:20.924"/>
</kw>
<kw name="Verify Page Loaded" library="Common">
<arg>${RUN_LANG}</arg>
<doc>Verify all pages successfully loaded</doc>
<kw name="Wait Until Element Is Enabled" library="SeleniumLibrary">
<arg>${BAYKAR_LOGO_${LANG}}</arg>
<doc>Waits until the element ``locator`` is enabled.</doc>
<status status="PASS" starttime="20220706 01:18:20.925" endtime="20220706 01:18:20.952"/>
</kw>
<kw name="Run Keyword And Return Status" library="BuiltIn">
<var>${check_loader}</var>
<arg>Element Should Be Visible</arg>
<arg>${PRE_LOADER}</arg>
<doc>Runs the given keyword with given arguments and returns the status as a Boolean value.</doc>
<kw name="Element Should Be Visible" library="SeleniumLibrary">
<arg>${PRE_LOADER}</arg>
<doc>Verifies that the element identified by ``locator`` is visible.</doc>
<msg timestamp="20220706 01:18:20.971" level="INFO">Element 'xpath=//div[@class='se-pre-con']' is displayed.</msg>
<status status="PASS" starttime="20220706 01:18:20.952" endtime="20220706 01:18:20.971"/>
</kw>
<msg timestamp="20220706 01:18:20.971" level="INFO">${check_loader} = True</msg>
<status status="PASS" starttime="20220706 01:18:20.952" endtime="20220706 01:18:20.971"/>
</kw>
<kw name="Run Keyword If" library="BuiltIn">
<arg>${check_loader}</arg>
<arg>Wait Until Element Is Not Visible</arg>
<arg>${PRE_LOADER}</arg>
<doc>Runs the given keyword with the given arguments, if ``condition`` is true.</doc>
<kw name="Wait Until Element Is Not Visible" library="SeleniumLibrary">
<arg>${PRE_LOADER}</arg>
<doc>Waits until the element ``locator`` is not visible.</doc>
<status status="PASS" starttime="20220706 01:18:20.972" endtime="20220706 01:18:21.650"/>
</kw>
<status status="PASS" starttime="20220706 01:18:20.971" endtime="20220706 01:18:21.650"/>
</kw>
<status status="PASS" starttime="20220706 01:18:20.925" endtime="20220706 01:18:21.650"/>
</kw>
<kw name="End Baykar Web Test" library="Common" type="TEARDOWN">
<kw name="Close Browser" library="SeleniumLibrary">
<doc>Closes the current browser.</doc>
<status status="PASS" starttime="20220706 01:18:21.651" endtime="20220706 01:18:23.785"/>
</kw>
<status status="PASS" starttime="20220706 01:18:21.651" endtime="20220706 01:18:23.786"/>
</kw>
<doc>All visitors should be able enter site</doc>
<tag>Common</tag>
<tag>Smoke</tag>
<status status="PASS" starttime="20220706 01:18:07.628" endtime="20220706 01:18:23.786"/>
</test>
<test id="s1-s1-t2" name="Visitor should be able navigate navbar" line="23">
<kw name="Start Baykar Web Test" library="Common" type="SETUP">
<arg>${BROWSER}</arg>
<kw name="Open Browser" library="SeleniumLibrary">
<arg>about:blank</arg>
<arg>${BROWSER}</arg>
<doc>Opens a new browser instance to the optional ``url``.</doc>
<msg timestamp="20220706 01:18:23.788" level="INFO">Opening browser 'edge' to base url 'about:blank'.</msg>
<status status="PASS" starttime="20220706 01:18:23.788" endtime="20220706 01:18:24.862"/>
</kw>
<kw name="Maximize Browser Window" library="SeleniumLibrary">
<doc>Maximizes current browser window.</doc>
<status status="PASS" starttime="20220706 01:18:24.862" endtime="20220706 01:18:24.992"/>
</kw>
<status status="PASS" starttime="20220706 01:18:23.788" endtime="20220706 01:18:24.992"/>
</kw>
<kw name="Open Website" library="Common">
<arg>${SITE_URL}${RUN_LANG}</arg>
<kw name="Go To" library="SeleniumLibrary">
<arg>${SITE_URL}\/</arg>
<doc>Navigates the current browser window to the provided ``url``.</doc>
<msg timestamp="20220706 01:18:24.993" level="INFO">Opening url 'https://kariyer.baykartech.com/tr/'</msg>
<status status="PASS" starttime="20220706 01:18:24.993" endtime="20220706 01:18:36.911"/>
</kw>
<status status="PASS" starttime="20220706 01:18:24.992" endtime="20220706 01:18:36.912"/>
</kw>
<kw name="Verify Page Loaded" library="Common">
<arg>${RUN_LANG}</arg>
<doc>Verify all pages successfully loaded</doc>
<kw name="Wait Until Element Is Enabled" library="SeleniumLibrary">
<arg>${BAYKAR_LOGO_${LANG}}</arg>
<doc>Waits until the element ``locator`` is enabled.</doc>
<status status="PASS" starttime="20220706 01:18:36.913" endtime="20220706 01:18:36.940"/>
</kw>
<kw name="Run Keyword And Return Status" library="BuiltIn">
<var>${check_loader}</var>
<arg>Element Should Be Visible</arg>
<arg>${PRE_LOADER}</arg>
<doc>Runs the given keyword with given arguments and returns the status as a Boolean value.</doc>
<kw name="Element Should Be Visible" library="SeleniumLibrary">
<arg>${PRE_LOADER}</arg>
<doc>Verifies that the element identified by ``locator`` is visible.</doc>
<msg timestamp="20220706 01:18:36.959" level="INFO">Element 'xpath=//div[@class='se-pre-con']' is displayed.</msg>
<status status="PASS" starttime="20220706 01:18:36.940" endtime="20220706 01:18:36.959"/>
</kw>
<msg timestamp="20220706 01:18:36.959" level="INFO">${check_loader} = True</msg>
<status status="PASS" starttime="20220706 01:18:36.940" endtime="20220706 01:18:36.959"/>
</kw>
<kw name="Run Keyword If" library="BuiltIn">
<arg>${check_loader}</arg>
<arg>Wait Until Element Is Not Visible</arg>
<arg>${PRE_LOADER}</arg>
<doc>Runs the given keyword with the given arguments, if ``condition`` is true.</doc>
<kw name="Wait Until Element Is Not Visible" library="SeleniumLibrary">
<arg>${PRE_LOADER}</arg>
<doc>Waits until the element ``locator`` is not visible.</doc>
<status status="PASS" starttime="20220706 01:18:36.959" endtime="20220706 01:18:37.631"/>
</kw>
<status status="PASS" starttime="20220706 01:18:36.959" endtime="20220706 01:18:37.631"/>
</kw>
<status status="PASS" starttime="20220706 01:18:36.912" endtime="20220706 01:18:37.631"/>
</kw>
<kw name="Navbar Mouse Over Tests" library="Kariyer.Baykartech.App">
<kw name="Mouse Over &quot;Kariyer&quot; Section" library="Navbar">
<doc>first section in navbar</doc>
<kw name="Set Variable" library="BuiltIn">
<var>${sec_num}</var>
<arg>${KARIYER_SECTION_NUMBER}</arg>
<doc>Returns the given values which can then be assigned to a variables.</doc>
<msg timestamp="20220706 01:18:37.632" level="INFO">${sec_num} = 1</msg>
<status status="PASS" starttime="20220706 01:18:37.632" endtime="20220706 01:18:37.632"/>
</kw>
<kw name="Mouse Over" library="SeleniumLibrary">
<arg>${NAVBAR_SECTION}\[${sec_num}\]</arg>
<doc>Simulates hovering the mouse over the element ``locator``.</doc>
<msg timestamp="20220706 01:18:37.633" level="INFO">Simulating Mouse Over on element 'xpath=//*[@id="navbar-menu"]/ul/li[1]'.</msg>
<status status="PASS" starttime="20220706 01:18:37.632" endtime="20220706 01:18:37.915"/>
</kw>
<kw name="Wait Until Element Is Visible" library="SeleniumLibrary">
<arg>${NAVBAR_SECTION}\[${sec_num}\]${DROPDOWN_ELEMENT}\[1]/a</arg>
<doc>Waits until the element ``locator`` is visible.</doc>
<status status="PASS" starttime="20220706 01:18:37.915" endtime="20220706 01:18:37.933"/>
</kw>
<status status="PASS" starttime="20220706 01:18:37.632" endtime="20220706 01:18:37.933"/>
</kw>
<kw name="Mouse Over &quot;Staj&quot; Section" library="Navbar">
<kw name="Set Variable" library="BuiltIn">
<var>${sec_num}</var>
<arg>${STAJ_SECTION_NUMBER}</arg>
<doc>Returns the given values which can then be assigned to a variables.</doc>
<msg timestamp="20220706 01:18:37.934" level="INFO">${sec_num} = 3</msg>
<status status="PASS" starttime="20220706 01:18:37.934" endtime="20220706 01:18:37.934"/>
</kw>
<kw name="Mouse Over" library="SeleniumLibrary">
<arg>${NAVBAR_SECTION}\[${sec_num}\]</arg>
<doc>Simulates hovering the mouse over the element ``locator``.</doc>
<msg timestamp="20220706 01:18:37.934" level="INFO">Simulating Mouse Over on element 'xpath=//*[@id="navbar-menu"]/ul/li[3]'.</msg>
<status status="PASS" starttime="20220706 01:18:37.934" endtime="20220706 01:18:38.210"/>
</kw>
<kw name="Wait Until Element Is Visible" library="SeleniumLibrary">
<arg>${NAVBAR_SECTION}\[${sec_num}\]${DROPDOWN_ELEMENT}\[1]/a</arg>
<doc>Waits until the element ``locator`` is visible.</doc>
<status status="PASS" starttime="20220706 01:18:38.211" endtime="20220706 01:18:38.228"/>
</kw>
<status status="PASS" starttime="20220706 01:18:37.933" endtime="20220706 01:18:38.228"/>
</kw>
<status status="PASS" starttime="20220706 01:18:37.631" endtime="20220706 01:18:38.228"/>
</kw>
<kw name="Click non dropdown sections" library="Kariyer.Baykartech.App">
<arg>${RUN_LANG}</arg>
<kw name="Click &quot;Açık Pozisyonlar&quot; Section" library="Navbar">
<kw name="Set Variable" library="BuiltIn">
<var>${sec_num}</var>
<arg>${OPENPOZ_SECTION_NUMBER}</arg>
<doc>Returns the given values which can then be assigned to a variables.</doc>
<msg timestamp="20220706 01:18:38.230" level="INFO">${sec_num} = 2</msg>
<status status="PASS" starttime="20220706 01:18:38.229" endtime="20220706 01:18:38.230"/>
</kw>
<kw name="Click Link" library="SeleniumLibrary">
<arg>${NAVBAR_SECTION}\[${sec_num}\]/a</arg>
<doc>Clicks a link identified by ``locator``.</doc>
<msg timestamp="20220706 01:18:38.230" level="INFO">Clicking link 'xpath=//*[@id="navbar-menu"]/ul/li[2]/a'.</msg>
<status status="PASS" starttime="20220706 01:18:38.230" endtime="20220706 01:18:38.271"/>
</kw>
<status status="PASS" starttime="20220706 01:18:38.229" endtime="20220706 01:18:38.271"/>
</kw>
<kw name="Verify Section is Visible" library="Homepage">
<arg>${OPEN_POZ_SECTION}</arg>
<kw name="Wait Until Element Is Visible" library="SeleniumLibrary">
<arg>${SECTION_ELEMENT}</arg>
<doc>Waits until the element ``locator`` is visible.</doc>
<status status="PASS" starttime="20220706 01:18:38.272" endtime="20220706 01:18:38.289"/>
</kw>
<kw name="Element Should Be Visible" library="SeleniumLibrary">
<arg>${SECTION_ELEMENT}</arg>
<doc>Verifies that the element identified by ``locator`` is visible.</doc>
<msg timestamp="20220706 01:18:38.302" level="INFO">Element 'css=div[id='services']' is displayed.</msg>
<status status="PASS" starttime="20220706 01:18:38.289" endtime="20220706 01:18:38.302"/>
</kw>
<status status="PASS" starttime="20220706 01:18:38.272" endtime="20220706 01:18:38.302"/>
</kw>
<kw name="Click &quot;S.S.S&quot; Section" library="Navbar">
<kw name="Set Variable" library="BuiltIn">
<var>${sec_num}</var>
<arg>${SSS_SECTION_NUMBER}</arg>
<doc>Returns the given values which can then be assigned to a variables.</doc>
<msg timestamp="20220706 01:18:38.303" level="INFO">${sec_num} = 4</msg>
<status status="PASS" starttime="20220706 01:18:38.303" endtime="20220706 01:18:38.303"/>
</kw>
<kw name="Click Link" library="SeleniumLibrary">
<arg>${NAVBAR_SECTION}\[${sec_num}\]/a</arg>
<doc>Clicks a link identified by ``locator``.</doc>
<msg timestamp="20220706 01:18:38.303" level="INFO">Clicking link 'xpath=//*[@id="navbar-menu"]/ul/li[4]/a'.</msg>
<status status="PASS" starttime="20220706 01:18:38.303" endtime="20220706 01:18:38.346"/>
</kw>
<status status="PASS" starttime="20220706 01:18:38.303" endtime="20220706 01:18:38.346"/>
</kw>
<kw name="Verify Section is Visible" library="Homepage">
<arg>${SSS_SECTION}</arg>
<kw name="Wait Until Element Is Visible" library="SeleniumLibrary">
<arg>${SECTION_ELEMENT}</arg>
<doc>Waits until the element ``locator`` is visible.</doc>
<status status="PASS" starttime="20220706 01:18:38.347" endtime="20220706 01:18:38.365"/>
</kw>
<kw name="Element Should Be Visible" library="SeleniumLibrary">
<arg>${SECTION_ELEMENT}</arg>
<doc>Verifies that the element identified by ``locator`` is visible.</doc>
<msg timestamp="20220706 01:18:38.376" level="INFO">Element 'css=div[id='sss']' is displayed.</msg>
<status status="PASS" starttime="20220706 01:18:38.365" endtime="20220706 01:18:38.376"/>
</kw>
<status status="PASS" starttime="20220706 01:18:38.346" endtime="20220706 01:18:38.376"/>
</kw>
<kw name="Click &quot;BAYKAR&quot; Section" library="Navbar">
<kw name="Set Variable" library="BuiltIn">
<var>${sec_num}</var>
<arg>${BAYKAR_SECTION_NUMBER}</arg>
<doc>Returns the given values which can then be assigned to a variables.</doc>
<msg timestamp="20220706 01:18:38.377" level="INFO">${sec_num} = 5</msg>
<status status="PASS" starttime="20220706 01:18:38.377" endtime="20220706 01:18:38.377"/>
</kw>
<kw name="Click Link" library="SeleniumLibrary">
<arg>${NAVBAR_SECTION}\[${sec_num}\]/a</arg>
<doc>Clicks a link identified by ``locator``.</doc>
<msg timestamp="20220706 01:18:38.377" level="INFO">Clicking link 'xpath=//*[@id="navbar-menu"]/ul/li[5]/a'.</msg>
<status status="PASS" starttime="20220706 01:18:38.377" endtime="20220706 01:18:38.459"/>
</kw>
<kw name="Get Window Handles" library="SeleniumLibrary">
<var>${handle}</var>
<doc>Returns all child window handles of the selected browser as a list.</doc>
<msg timestamp="20220706 01:18:38.469" level="INFO">${handle} = ['CDwindow-1BED28C91659FE59740D4C0883DE05A4', 'CDwindow-F8193E79DD83A082F39CBDF19DD80473']</msg>
<status status="PASS" starttime="20220706 01:18:38.459" endtime="20220706 01:18:38.470"/>
</kw>
<kw name="Switch Window" library="SeleniumLibrary">
<arg>${handle}[1]</arg>
<doc>Switches to browser window matching ``locator``.</doc>
<status status="PASS" starttime="20220706 01:18:38.470" endtime="20220706 01:18:38.564"/>
</kw>
<status status="PASS" starttime="20220706 01:18:38.376" endtime="20220706 01:18:38.564"/>
</kw>
<kw name="Verify &quot;baykartech.com&quot; opens" library="End-to-End">
<kw name="Get Window Handles" library="SeleniumLibrary">
<var>${handle}</var>
<doc>Returns all child window handles of the selected browser as a list.</doc>
<msg timestamp="20220706 01:18:38.572" level="INFO">${handle} = ['CDwindow-1BED28C91659FE59740D4C0883DE05A4', 'CDwindow-F8193E79DD83A082F39CBDF19DD80473']</msg>
<status status="PASS" starttime="20220706 01:18:38.565" endtime="20220706 01:18:38.572"/>
</kw>
<kw name="Wait Until Element Is Visible" library="SeleniumLibrary">
<arg>${BAYKAR_MAIN_LOGO}</arg>
<doc>Waits until the element ``locator`` is visible.</doc>
<status status="PASS" starttime="20220706 01:18:38.572" endtime="20220706 01:18:48.267"/>
</kw>
<kw name="Element Should Be Visible" library="SeleniumLibrary">
<arg>${BAYKAR_MAIN_LOGO}</arg>
<doc>Verifies that the element identified by ``locator`` is visible.</doc>
<msg timestamp="20220706 01:18:48.280" level="INFO">Element 'xpath=//img[@alt='https://cdn.baykartech.com/media/images/contents/logo.png']' is displayed.</msg>
<status status="PASS" starttime="20220706 01:18:48.267" endtime="20220706 01:18:48.280"/>
</kw>
<kw name="Switch Window" library="SeleniumLibrary">
<arg>${handle}[0]</arg>
<doc>Switches to browser window matching ``locator``.</doc>
<status status="PASS" starttime="20220706 01:18:48.280" endtime="20220706 01:18:48.300"/>
</kw>
<status status="PASS" starttime="20220706 01:18:38.565" endtime="20220706 01:18:48.300"/>
</kw>
<kw name="Change Language" library="Navbar">
<doc>Changes current language</doc>
<kw name="Click Link" library="SeleniumLibrary">
<arg>${NAVBAR_LANG_BUTTON}</arg>
<doc>Clicks a link identified by ``locator``.</doc>
<msg timestamp="20220706 01:18:48.302" level="INFO">Clicking link 'xpath=//li[@class='baykarLi']//a'.</msg>
<status status="PASS" starttime="20220706 01:18:48.301" endtime="20220706 01:18:49.330"/>
</kw>
<status status="PASS" starttime="20220706 01:18:48.300" endtime="20220706 01:18:49.330"/>
</kw>
<kw name="Run Keyword If" library="BuiltIn">
<arg>"${LANG}" == "tr"</arg>
<arg>Common.Verify Page Loaded</arg>
<arg>en</arg>
<arg>ELSE</arg>
<arg>Common.Verify Page Loaded</arg>
<arg>tr</arg>
<doc>Runs the given keyword with the given arguments, if ``condition`` is true.</doc>
<kw name="Verify Page Loaded" library="Common">
<arg>en</arg>
<doc>Verify all pages successfully loaded</doc>
<kw name="Wait Until Element Is Enabled" library="SeleniumLibrary">
<arg>${BAYKAR_LOGO_${LANG}}</arg>
<doc>Waits until the element ``locator`` is enabled.</doc>
<status status="PASS" starttime="20220706 01:18:49.331" endtime="20220706 01:18:49.360"/>
</kw>
<kw name="Run Keyword And Return Status" library="BuiltIn">
<var>${check_loader}</var>
<arg>Element Should Be Visible</arg>
<arg>${PRE_LOADER}</arg>
<doc>Runs the given keyword with given arguments and returns the status as a Boolean value.</doc>
<kw name="Element Should Be Visible" library="SeleniumLibrary">
<arg>${PRE_LOADER}</arg>
<doc>Verifies that the element identified by ``locator`` is visible.</doc>
<msg timestamp="20220706 01:18:49.374" level="INFO">Element 'xpath=//div[@class='se-pre-con']' is displayed.</msg>
<status status="PASS" starttime="20220706 01:18:49.361" endtime="20220706 01:18:49.374"/>
</kw>
<msg timestamp="20220706 01:18:49.374" level="INFO">${check_loader} = True</msg>
<status status="PASS" starttime="20220706 01:18:49.361" endtime="20220706 01:18:49.374"/>
</kw>
<kw name="Run Keyword If" library="BuiltIn">
<arg>${check_loader}</arg>
<arg>Wait Until Element Is Not Visible</arg>
<arg>${PRE_LOADER}</arg>
<doc>Runs the given keyword with the given arguments, if ``condition`` is true.</doc>
<kw name="Wait Until Element Is Not Visible" library="SeleniumLibrary">
<arg>${PRE_LOADER}</arg>
<doc>Waits until the element ``locator`` is not visible.</doc>
<status status="PASS" starttime="20220706 01:18:49.375" endtime="20220706 01:18:50.046"/>
</kw>
<status status="PASS" starttime="20220706 01:18:49.375" endtime="20220706 01:18:50.046"/>
</kw>
<status status="PASS" starttime="20220706 01:18:49.331" endtime="20220706 01:18:50.046"/>
</kw>
<status status="PASS" starttime="20220706 01:18:49.330" endtime="20220706 01:18:50.046"/>
</kw>
<kw name="Change Language" library="Navbar">
<doc>Changes current language</doc>
<kw name="Click Link" library="SeleniumLibrary">
<arg>${NAVBAR_LANG_BUTTON}</arg>
<doc>Clicks a link identified by ``locator``.</doc>
<msg timestamp="20220706 01:18:50.047" level="INFO">Clicking link 'xpath=//li[@class='baykarLi']//a'.</msg>
<status status="PASS" starttime="20220706 01:18:50.047" endtime="20220706 01:18:50.701"/>
</kw>
<status status="PASS" starttime="20220706 01:18:50.046" endtime="20220706 01:18:50.701"/>
</kw>
<kw name="Run Keyword If" library="BuiltIn">
<arg>"${LANG}" == "tr"</arg>
<arg>Common.Verify Page Loaded</arg>
<arg>tr</arg>
<arg>ELSE</arg>
<arg>Common.Verify Page Loaded</arg>
<arg>en</arg>
<doc>Runs the given keyword with the given arguments, if ``condition`` is true.</doc>
<kw name="Verify Page Loaded" library="Common">
<arg>tr</arg>
<doc>Verify all pages successfully loaded</doc>
<kw name="Wait Until Element Is Enabled" library="SeleniumLibrary">
<arg>${BAYKAR_LOGO_${LANG}}</arg>
<doc>Waits until the element ``locator`` is enabled.</doc>
<status status="PASS" starttime="20220706 01:18:50.702" endtime="20220706 01:18:50.727"/>
</kw>
<kw name="Run Keyword And Return Status" library="BuiltIn">
<var>${check_loader}</var>
<arg>Element Should Be Visible</arg>
<arg>${PRE_LOADER}</arg>
<doc>Runs the given keyword with given arguments and returns the status as a Boolean value.</doc>
<kw name="Element Should Be Visible" library="SeleniumLibrary">
<arg>${PRE_LOADER}</arg>
<doc>Verifies that the element identified by ``locator`` is visible.</doc>
<msg timestamp="20220706 01:18:50.740" level="INFO">Element 'xpath=//div[@class='se-pre-con']' is displayed.</msg>
<status status="PASS" starttime="20220706 01:18:50.727" endtime="20220706 01:18:50.740"/>
</kw>
<msg timestamp="20220706 01:18:50.740" level="INFO">${check_loader} = True</msg>
<status status="PASS" starttime="20220706 01:18:50.727" endtime="20220706 01:18:50.740"/>
</kw>
<kw name="Run Keyword If" library="BuiltIn">
<arg>${check_loader}</arg>
<arg>Wait Until Element Is Not Visible</arg>
<arg>${PRE_LOADER}</arg>
<doc>Runs the given keyword with the given arguments, if ``condition`` is true.</doc>
<kw name="Wait Until Element Is Not Visible" library="SeleniumLibrary">
<arg>${PRE_LOADER}</arg>
<doc>Waits until the element ``locator`` is not visible.</doc>
<status status="PASS" starttime="20220706 01:18:50.740" endtime="20220706 01:18:51.401"/>
</kw>
<status status="PASS" starttime="20220706 01:18:50.740" endtime="20220706 01:18:51.401"/>
</kw>
<status status="PASS" starttime="20220706 01:18:50.702" endtime="20220706 01:18:51.401"/>
</kw>
<status status="PASS" starttime="20220706 01:18:50.701" endtime="20220706 01:18:51.401"/>
</kw>
<status status="PASS" starttime="20220706 01:18:38.229" endtime="20220706 01:18:51.401"/>
</kw>
<kw name="End Baykar Web Test" library="Common" type="TEARDOWN">
<kw name="Close Browser" library="SeleniumLibrary">
<doc>Closes the current browser.</doc>
<status status="PASS" starttime="20220706 01:18:51.402" endtime="20220706 01:18:53.619"/>
</kw>
<status status="PASS" starttime="20220706 01:18:51.402" endtime="20220706 01:18:53.619"/>
</kw>
<doc>All visitors should be able navigate navbar</doc>
<tag>Navbar Common</tag>
<tag>Smoke</tag>
<status status="PASS" starttime="20220706 01:18:23.787" endtime="20220706 01:18:53.620"/>
</test>
<test id="s1-s1-t3" name="Visitor should be able click and see all &quot;Kariyer&quot; section pages" line="31">
<kw name="Start Baykar Web Test" library="Common" type="SETUP">
<arg>${BROWSER}</arg>
<kw name="Open Browser" library="SeleniumLibrary">
<arg>about:blank</arg>
<arg>${BROWSER}</arg>
<doc>Opens a new browser instance to the optional ``url``.</doc>
<msg timestamp="20220706 01:18:53.622" level="INFO">Opening browser 'edge' to base url 'about:blank'.</msg>
<status status="PASS" starttime="20220706 01:18:53.622" endtime="20220706 01:18:54.701"/>
</kw>
<kw name="Maximize Browser Window" library="SeleniumLibrary">
<doc>Maximizes current browser window.</doc>
<status status="PASS" starttime="20220706 01:18:54.702" endtime="20220706 01:18:54.826"/>
</kw>
<status status="PASS" starttime="20220706 01:18:53.622" endtime="20220706 01:18:54.826"/>
</kw>
<kw name="Open Website" library="Common">
<arg>${SITE_URL}${RUN_LANG}</arg>
<kw name="Go To" library="SeleniumLibrary">
<arg>${SITE_URL}\/</arg>
<doc>Navigates the current browser window to the provided ``url``.</doc>
<msg timestamp="20220706 01:18:54.827" level="INFO">Opening url 'https://kariyer.baykartech.com/tr/'</msg>
<status status="PASS" starttime="20220706 01:18:54.827" endtime="20220706 01:19:06.806"/>
</kw>
<status status="PASS" starttime="20220706 01:18:54.827" endtime="20220706 01:19:06.806"/>
</kw>
<kw name="Verify Page Loaded" library="Common">
<arg>${RUN_LANG}</arg>
<doc>Verify all pages successfully loaded</doc>
<kw name="Wait Until Element Is Enabled" library="SeleniumLibrary">
<arg>${BAYKAR_LOGO_${LANG}}</arg>
<doc>Waits until the element ``locator`` is enabled.</doc>
<status status="PASS" starttime="20220706 01:19:06.807" endtime="20220706 01:19:06.835"/>
</kw>
<kw name="Run Keyword And Return Status" library="BuiltIn">
<var>${check_loader}</var>
<arg>Element Should Be Visible</arg>
<arg>${PRE_LOADER}</arg>
<doc>Runs the given keyword with given arguments and returns the status as a Boolean value.</doc>
<kw name="Element Should Be Visible" library="SeleniumLibrary">
<arg>${PRE_LOADER}</arg>
<doc>Verifies that the element identified by ``locator`` is visible.</doc>
<msg timestamp="20220706 01:19:06.854" level="INFO">Element 'xpath=//div[@class='se-pre-con']' is displayed.</msg>
<status status="PASS" starttime="20220706 01:19:06.835" endtime="20220706 01:19:06.854"/>
</kw>
<msg timestamp="20220706 01:19:06.854" level="INFO">${check_loader} = True</msg>
<status status="PASS" starttime="20220706 01:19:06.835" endtime="20220706 01:19:06.854"/>
</kw>
<kw name="Run Keyword If" library="BuiltIn">
<arg>${check_loader}</arg>
<arg>Wait Until Element Is Not Visible</arg>
<arg>${PRE_LOADER}</arg>
<doc>Runs the given keyword with the given arguments, if ``condition`` is true.</doc>
<kw name="Wait Until Element Is Not Visible" library="SeleniumLibrary">
<arg>${PRE_LOADER}</arg>
<doc>Waits until the element ``locator`` is not visible.</doc>
<status status="PASS" starttime="20220706 01:19:06.855" endtime="20220706 01:19:07.520"/>
</kw>
<status status="PASS" starttime="20220706 01:19:06.855" endtime="20220706 01:19:07.521"/>
</kw>
<status status="PASS" starttime="20220706 01:19:06.807" endtime="20220706 01:19:07.521"/>
</kw>
<kw name="Click &quot;Kariyer&quot; Section Dropdowns and Check Page" library="Kariyer.Baykartech.App">
<kw name="Click &quot;Yerleşkelerimiz&quot; Dropdown" library="Navbar">
<doc>Clicks Yerleşkelerimiz dropdown in Kariyer section</doc>
<kw name="Set Variable" library="BuiltIn">
<var>${sec_num}</var>
<arg>${KARIYER_SECTION_NUMBER}</arg>
<doc>Returns the given values which can then be assigned to a variables.</doc>
<msg timestamp="20220706 01:19:07.522" level="INFO">${sec_num} = 1</msg>
<status status="PASS" starttime="20220706 01:19:07.522" endtime="20220706 01:19:07.522"/>
</kw>
<kw name="Run Keyword" library="BuiltIn">
<arg>Mouse Over "Kariyer" Section</arg>
<doc>Executes the given keyword with the given arguments.</doc>
<kw name="Mouse Over &quot;Kariyer&quot; Section" library="Navbar">
<doc>first section in navbar</doc>
<kw name="Set Variable" library="BuiltIn">
<var>${sec_num}</var>
<arg>${KARIYER_SECTION_NUMBER}</arg>
<doc>Returns the given values which can then be assigned to a variables.</doc>
<msg timestamp="20220706 01:19:07.523" level="INFO">${sec_num} = 1</msg>
<status status="PASS" starttime="20220706 01:19:07.523" endtime="20220706 01:19:07.523"/>
</kw>
<kw name="Mouse Over" library="SeleniumLibrary">
<arg>${NAVBAR_SECTION}\[${sec_num}\]</arg>
<doc>Simulates hovering the mouse over the element ``locator``.</doc>
<msg timestamp="20220706 01:19:07.523" level="INFO">Simulating Mouse Over on element 'xpath=//*[@id="navbar-menu"]/ul/li[1]'.</msg>
<status status="PASS" starttime="20220706 01:19:07.523" endtime="20220706 01:19:07.809"/>
</kw>
<kw name="Wait Until Element Is Visible" library="SeleniumLibrary">
<arg>${NAVBAR_SECTION}\[${sec_num}\]${DROPDOWN_ELEMENT}\[1]/a</arg>
<doc>Waits until the element ``locator`` is visible.</doc>
<status status="PASS" starttime="20220706 01:19:07.809" endtime="20220706 01:19:07.826"/>
</kw>
<status status="PASS" starttime="20220706 01:19:07.522" endtime="20220706 01:19:07.827"/>
</kw>
<status status="PASS" starttime="20220706 01:19:07.522" endtime="20220706 01:19:07.827"/>
</kw>
<kw name="Click Link" library="SeleniumLibrary">
<arg>${NAVBAR_SECTION}\[${sec_num}\]${DROPDOWN_ELEMENT}\[1]/a</arg>
<doc>Clicks a link identified by ``locator``.</doc>
<msg timestamp="20220706 01:19:07.827" level="INFO">Clicking link 'xpath=//*[@id="navbar-menu"]/ul/li[1]/ul/li[1]/a'.</msg>
<status status="PASS" starttime="20220706 01:19:07.827" endtime="20220706 01:19:07.864"/>
</kw>
<status status="PASS" starttime="20220706 01:19:07.522" endtime="20220706 01:19:07.864"/>
</kw>
<kw name="Verify &quot;Yerleşkelerimiz&quot; in show" library="Kariyer">
<kw name="Wait Until Element Is Visible" library="SeleniumLibrary">
<arg>${YERLESKELER_VERIFY_ELEMENT}</arg>
<doc>Waits until the element ``locator`` is visible.</doc>
<status status="PASS" starttime="20220706 01:19:07.865" endtime="20220706 01:19:07.881"/>
</kw>
<kw name="Page Should Contain Element" library="SeleniumLibrary">
<arg>${YERLESKELER_VERIFY_ELEMENT}</arg>
<doc>Verifies that element ``locator`` is found on the current page.</doc>
<msg timestamp="20220706 01:19:07.894" level="INFO">Current page contains element 'xpath=//ul[@class='nav nav-pills']//a[@href='#campus1']'.</msg>
<status status="PASS" starttime="20220706 01:19:07.881" endtime="20220706 01:19:07.894"/>
</kw>
<status status="PASS" starttime="20220706 01:19:07.864" endtime="20220706 01:19:07.894"/>
</kw>
<kw name="Scroll to Top of The Page" library="Common">
<kw name="Run Keyword And Ignore Error" library="BuiltIn">
<arg>Execute javascript</arg>
<arg>window.scrollTo(0,0)</arg>
<doc>Runs the given keyword with the given arguments and ignores possible error.</doc>
<kw name="Execute Javascript" library="SeleniumLibrary">
<arg>window.scrollTo(0,0)</arg>
<doc>Executes the given JavaScript code with possible arguments.</doc>
<msg timestamp="20220706 01:19:07.895" level="INFO">Executing JavaScript:
window.scrollTo(0,0)
Without any arguments.</msg>
<status status="PASS" starttime="20220706 01:19:07.895" endtime="20220706 01:19:07.900"/>
</kw>
<status status="PASS" starttime="20220706 01:19:07.895" endtime="20220706 01:19:07.900"/>
</kw>
<status status="PASS" starttime="20220706 01:19:07.894" endtime="20220706 01:19:07.900"/>
</kw>
<kw name="Click &quot;Sunduğumuz Faydalar&quot; Dropdown" library="Navbar">
<doc>Clicks Sunduğumuz Faydalar dropdown in Kariyer section</doc>
<kw name="Set Variable" library="BuiltIn">
<var>${sec_num}</var>
<arg>${KARIYER_SECTION_NUMBER}</arg>
<doc>Returns the given values which can then be assigned to a variables.</doc>
<msg timestamp="20220706 01:19:07.901" level="INFO">${sec_num} = 1</msg>
<status status="PASS" starttime="20220706 01:19:07.901" endtime="20220706 01:19:07.901"/>
</kw>
<kw name="Run Keyword" library="BuiltIn">
<arg>Mouse Over "Kariyer" Section</arg>
<doc>Executes the given keyword with the given arguments.</doc>
<kw name="Mouse Over &quot;Kariyer&quot; Section" library="Navbar">
<doc>first section in navbar</doc>
<kw name="Set Variable" library="BuiltIn">
<var>${sec_num}</var>
<arg>${KARIYER_SECTION_NUMBER}</arg>
<doc>Returns the given values which can then be assigned to a variables.</doc>
<msg timestamp="20220706 01:19:07.901" level="INFO">${sec_num} = 1</msg>
<status status="PASS" starttime="20220706 01:19:07.901" endtime="20220706 01:19:07.901"/>
</kw>
<kw name="Mouse Over" library="SeleniumLibrary">
<arg>${NAVBAR_SECTION}\[${sec_num}\]</arg>
<doc>Simulates hovering the mouse over the element ``locator``.</doc>
<msg timestamp="20220706 01:19:07.902" level="INFO">Simulating Mouse Over on element 'xpath=//*[@id="navbar-menu"]/ul/li[1]'.</msg>
<status status="PASS" starttime="20220706 01:19:07.902" endtime="20220706 01:19:08.172"/>
</kw>
<kw name="Wait Until Element Is Visible" library="SeleniumLibrary">
<arg>${NAVBAR_SECTION}\[${sec_num}\]${DROPDOWN_ELEMENT}\[1]/a</arg>
<doc>Waits until the element ``locator`` is visible.</doc>
<status status="PASS" starttime="20220706 01:19:08.172" endtime="20220706 01:19:08.185"/>
</kw>
<status status="PASS" starttime="20220706 01:19:07.901" endtime="20220706 01:19:08.185"/>
</kw>
<status status="PASS" starttime="20220706 01:19:07.901" endtime="20220706 01:19:08.185"/>
</kw>
<kw name="Click Link" library="SeleniumLibrary">
<arg>${NAVBAR_SECTION}\[${sec_num}\]${DROPDOWN_ELEMENT}\[2]/a</arg>
<doc>Clicks a link identified by ``locator``.</doc>
<msg timestamp="20220706 01:19:08.186" level="INFO">Clicking link 'xpath=//*[@id="navbar-menu"]/ul/li[1]/ul/li[2]/a'.</msg>
<status status="PASS" starttime="20220706 01:19:08.185" endtime="20220706 01:19:08.226"/>
</kw>
<status status="PASS" starttime="20220706 01:19:07.900" endtime="20220706 01:19:08.226"/>
</kw>
<kw name="Verify &quot;Sosyal Alanlar&quot; in show" library="Kariyer">
<kw name="Wait Until Element Is Visible" library="SeleniumLibrary">
<arg>${ALANLAR_VERIFY_ELEMENT}</arg>
<doc>Waits until the element ``locator`` is visible.</doc>
<status status="PASS" starttime="20220706 01:19:08.227" endtime="20220706 01:19:08.245"/>
</kw>
<kw name="Page Should Contain Element" library="SeleniumLibrary">
<arg>${ALANLAR_VERIFY_ELEMENT}</arg>
<doc>Verifies that element ``locator`` is found on the current page.</doc>
<msg timestamp="20220706 01:19:08.251" level="INFO">Current page contains element 'xpath=//div[@id='life_in_baykar']'.</msg>
<status status="PASS" starttime="20220706 01:19:08.245" endtime="20220706 01:19:08.251"/>
</kw>
<status status="PASS" starttime="20220706 01:19:08.226" endtime="20220706 01:19:08.251"/>
</kw>
<kw name="Click &quot;Sosyal Alanlar&quot; Dropdown" library="Navbar">
<doc>Clicks Sosyal Alanlar dropdown in Kariyer section</doc>
<kw name="Set Variable" library="BuiltIn">
<var>${sec_num}</var>
<arg>${KARIYER_SECTION_NUMBER}</arg>
<doc>Returns the given values which can then be assigned to a variables.</doc>
<msg timestamp="20220706 01:19:08.252" level="INFO">${sec_num} = 1</msg>
<status status="PASS" starttime="20220706 01:19:08.251" endtime="20220706 01:19:08.252"/>
</kw>
<kw name="Run Keyword" library="BuiltIn">
<arg>Mouse Over "Kariyer" Section</arg>
<doc>Executes the given keyword with the given arguments.</doc>
<kw name="Mouse Over &quot;Kariyer&quot; Section" library="Navbar">
<doc>first section in navbar</doc>
<kw name="Set Variable" library="BuiltIn">
<var>${sec_num}</var>
<arg>${KARIYER_SECTION_NUMBER}</arg>
<doc>Returns the given values which can then be assigned to a variables.</doc>
<msg timestamp="20220706 01:19:08.252" level="INFO">${sec_num} = 1</msg>
<status status="PASS" starttime="20220706 01:19:08.252" endtime="20220706 01:19:08.252"/>
</kw>
<kw name="Mouse Over" library="SeleniumLibrary">
<arg>${NAVBAR_SECTION}\[${sec_num}\]</arg>
<doc>Simulates hovering the mouse over the element ``locator``.</doc>
<msg timestamp="20220706 01:19:08.253" level="INFO">Simulating Mouse Over on element 'xpath=//*[@id="navbar-menu"]/ul/li[1]'.</msg>
<status status="PASS" starttime="20220706 01:19:08.252" endtime="20220706 01:19:08.580"/>
</kw>
<kw name="Wait Until Element Is Visible" library="SeleniumLibrary">
<arg>${NAVBAR_SECTION}\[${sec_num}\]${DROPDOWN_ELEMENT}\[1]/a</arg>
<doc>Waits until the element ``locator`` is visible.</doc>
<status status="PASS" starttime="20220706 01:19:08.580" endtime="20220706 01:19:08.595"/>
</kw>
<status status="PASS" starttime="20220706 01:19:08.252" endtime="20220706 01:19:08.595"/>
</kw>
<status status="PASS" starttime="20220706 01:19:08.252" endtime="20220706 01:19:08.596"/>
</kw>
<kw name="Click Link" library="SeleniumLibrary">
<arg>${NAVBAR_SECTION}\[${sec_num}\]${DROPDOWN_ELEMENT}\[3]/a</arg>
<doc>Clicks a link identified by ``locator``.</doc>
<msg timestamp="20220706 01:19:08.596" level="INFO">Clicking link 'xpath=//*[@id="navbar-menu"]/ul/li[1]/ul/li[3]/a'.</msg>
<status status="PASS" starttime="20220706 01:19:08.596" endtime="20220706 01:19:08.638"/>
</kw>
<status status="PASS" starttime="20220706 01:19:08.251" endtime="20220706 01:19:08.638"/>
</kw>
<kw name="Verify &quot;Sosyal Alanlar&quot; in show" library="Kariyer">
<kw name="Wait Until Element Is Visible" library="SeleniumLibrary">
<arg>${ALANLAR_VERIFY_ELEMENT}</arg>
<doc>Waits until the element ``locator`` is visible.</doc>
<status status="PASS" starttime="20220706 01:19:08.639" endtime="20220706 01:19:08.654"/>
</kw>
<kw name="Page Should Contain Element" library="SeleniumLibrary">
<arg>${ALANLAR_VERIFY_ELEMENT}</arg>
<doc>Verifies that element ``locator`` is found on the current page.</doc>
<msg timestamp="20220706 01:19:08.660" level="INFO">Current page contains element 'xpath=//div[@id='life_in_baykar']'.</msg>
<status status="PASS" starttime="20220706 01:19:08.654" endtime="20220706 01:19:08.660"/>
</kw>
<status status="PASS" starttime="20220706 01:19:08.638" endtime="20220706 01:19:08.660"/>
</kw>
<kw name="Click &quot;İstatistik&quot; Dropdown" library="Navbar">
<doc>Clicks İstatistik dropdown in Kariyer section</doc>
<kw name="Set Variable" library="BuiltIn">
<var>${sec_num}</var>
<arg>${KARIYER_SECTION_NUMBER}</arg>
<doc>Returns the given values which can then be assigned to a variables.</doc>
<msg timestamp="20220706 01:19:08.661" level="INFO">${sec_num} = 1</msg>
<status status="PASS" starttime="20220706 01:19:08.660" endtime="20220706 01:19:08.661"/>
</kw>
<kw name="Run Keyword" library="BuiltIn">
<arg>Mouse Over "Kariyer" Section</arg>
<doc>Executes the given keyword with the given arguments.</doc>
<kw name="Mouse Over &quot;Kariyer&quot; Section" library="Navbar">
<doc>first section in navbar</doc>
<kw name="Set Variable" library="BuiltIn">
<var>${sec_num}</var>
<arg>${KARIYER_SECTION_NUMBER}</arg>
<doc>Returns the given values which can then be assigned to a variables.</doc>
<msg timestamp="20220706 01:19:08.662" level="INFO">${sec_num} = 1</msg>
<status status="PASS" starttime="20220706 01:19:08.662" endtime="20220706 01:19:08.662"/>
</kw>
<kw name="Mouse Over" library="SeleniumLibrary">
<arg>${NAVBAR_SECTION}\[${sec_num}\]</arg>
<doc>Simulates hovering the mouse over the element ``locator``.</doc>
<msg timestamp="20220706 01:19:08.662" level="INFO">Simulating Mouse Over on element 'xpath=//*[@id="navbar-menu"]/ul/li[1]'.</msg>
<status status="PASS" starttime="20220706 01:19:08.662" endtime="20220706 01:19:08.934"/>
</kw>
<kw name="Wait Until Element Is Visible" library="SeleniumLibrary">
<arg>${NAVBAR_SECTION}\[${sec_num}\]${DROPDOWN_ELEMENT}\[1]/a</arg>
<doc>Waits until the element ``locator`` is visible.</doc>
<status status="PASS" starttime="20220706 01:19:08.934" endtime="20220706 01:19:08.949"/>
</kw>
<status status="PASS" starttime="20220706 01:19:08.661" endtime="20220706 01:19:08.949"/>
</kw>
<status status="PASS" starttime="20220706 01:19:08.661" endtime="20220706 01:19:08.949"/>
</kw>
<kw name="Click Link" library="SeleniumLibrary">
<arg>${NAVBAR_SECTION}\[${sec_num}\]${DROPDOWN_ELEMENT}\[4]/a</arg>
<doc>Clicks a link identified by ``locator``.</doc>
<msg timestamp="20220706 01:19:08.950" level="INFO">Clicking link 'xpath=//*[@id="navbar-menu"]/ul/li[1]/ul/li[4]/a'.</msg>
<status status="PASS" starttime="20220706 01:19:08.949" endtime="20220706 01:19:08.994"/>
</kw>
<status status="PASS" starttime="20220706 01:19:08.660" endtime="20220706 01:19:08.994"/>
</kw>
<kw name="Verify &quot;İstatistik&quot; in show" library="Kariyer">
<kw name="Wait Until Element Is Visible" library="SeleniumLibrary">
<arg>${ISTATISTIKLER_VERIFY_ELEMENT}</arg>
<doc>Waits until the element ``locator`` is visible.</doc>
<status status="PASS" starttime="20220706 01:19:08.994" endtime="20220706 01:19:09.013"/>
</kw>
<kw name="Page Should Contain Element" library="SeleniumLibrary">
<arg>${ISTATISTIKLER_VERIFY_ELEMENT}</arg>
<doc>Verifies that element ``locator`` is found on the current page.</doc>
<msg timestamp="20220706 01:19:09.018" level="INFO">Current page contains element 'xpath=//div[@id='personal']'.</msg>
<status status="PASS" starttime="20220706 01:19:09.013" endtime="20220706 01:19:09.018"/>
</kw>
<status status="PASS" starttime="20220706 01:19:08.994" endtime="20220706 01:19:09.018"/>
</kw>
<status status="PASS" starttime="20220706 01:19:07.521" endtime="20220706 01:19:09.018"/>
</kw>
<kw name="Navigate &quot;Benefits&quot; Panels" library="Kariyer.Baykartech.App">
<arg>${RUN_LANG}</arg>
<kw name="Click and Check &quot;Benefits&quot; panel in loop" library="Kariyer">
<arg>${LANG}</arg>
<if>
<branch type="IF" condition="&quot;${LANG}&quot; == &quot;tr&quot;">
<kw name="Get Length" library="BuiltIn">
<var>${list_len}</var>
<arg>${BENEFITS_LIST_TR}</arg>
<doc>Returns and logs the length of the given item as an integer.</doc>
<msg timestamp="20220706 01:19:09.020" level="INFO">Length is 5</msg>
<msg timestamp="20220706 01:19:09.020" level="INFO">${list_len} = 5</msg>
<status status="PASS" starttime="20220706 01:19:09.019" endtime="20220706 01:19:09.020"/>
</kw>
<status status="PASS" starttime="20220706 01:19:09.019" endtime="20220706 01:19:09.020"/>
</branch>
<branch type="ELSE IF" condition="&quot;${LANG}&quot; == &quot;en&quot;">
<kw name="Get Length" library="BuiltIn">
<var>${list_len}</var>
<arg>${BENEFITS_LIST_EN}</arg>
<doc>Returns and logs the length of the given item as an integer.</doc>
<status status="NOT RUN" starttime="20220706 01:19:09.020" endtime="20220706 01:19:09.020"/>
</kw>
<status status="NOT RUN" starttime="20220706 01:19:09.020" endtime="20220706 01:19:09.020"/>
</branch>
<status status="PASS" starttime="20220706 01:19:09.019" endtime="20220706 01:19:09.020"/>
</if>
<kw name="Create A List By Number" library="CreateList">
<var>${listed_len}</var>
<arg>${list_len}</arg>
<msg timestamp="20220706 01:19:09.020" level="INFO">${listed_len} = [1, 2, 3, 4]</msg>
<status status="PASS" starttime="20220706 01:19:09.020" endtime="20220706 01:19:09.020"/>
</kw>
<kw name="Run Keyword And Ignore Error" library="BuiltIn">
<arg>Scroll Element Into View</arg>
<arg>${BENEFITS_LIST_XPATH}</arg>
<doc>Runs the given keyword with the given arguments and ignores possible error.</doc>
<kw name="Scroll Element Into View" library="SeleniumLibrary">
<arg>${BENEFITS_LIST_XPATH}</arg>
<doc>Scrolls the element identified by ``locator`` into view.</doc>
<status status="PASS" starttime="20220706 01:19:09.021" endtime="20220706 01:19:09.296"/>
</kw>
<status status="PASS" starttime="20220706 01:19:09.020" endtime="20220706 01:19:09.296"/>
</kw>
<kw name="Wait Until Element Is Visible" library="SeleniumLibrary">
<arg>${BENEFITS_LIST_XPATH}</arg>
<doc>Waits until the element ``locator`` is visible.</doc>
<status status="PASS" starttime="20220706 01:19:09.296" endtime="20220706 01:19:09.312"/>
</kw>
<for flavor="IN ZIP">
<var>${BENEFIT_TR}</var>
<var>${BENEFIT_EN}</var>
<var>${i}</var>
<value>${BENEFITS_LIST_TR}</value>
<value>${BENEFITS_LIST_EN}</value>
<value>${listed_len}</value>
<iter>
<var name="${BENEFIT_TR}">h4[.='EĞİTİM']</var>
<var name="${BENEFIT_EN}">h4[.='EDUCATION']</var>
<var name="${i}">1</var>
<kw name="Click Element" library="SeleniumLibrary">
<arg>${BENEFITS_LIST_XPATH}\//li[${i}\]</arg>
<doc>Click the element identified by ``locator``.</doc>
<msg timestamp="20220706 01:19:09.313" level="INFO">Clicking element 'xpath=//div[@id='benefits']//ul[@class='nav nav-pills w-100 d-flex justify-content-center']//li[1]'.</msg>
<status status="PASS" starttime="20220706 01:19:09.313" endtime="20220706 01:19:09.360"/>
</kw>
<kw name="Sleep" library="BuiltIn">
<arg>0.5s</arg>
<doc>Pauses the test executed for the given time.</doc>
<msg timestamp="20220706 01:19:09.871" level="INFO">Slept 500 milliseconds</msg>
<status status="PASS" starttime="20220706 01:19:09.360" endtime="20220706 01:19:09.871"/>
</kw>
<status status="PASS" starttime="20220706 01:19:09.313" endtime="20220706 01:19:09.871"/>
</iter>
<iter>
<var name="${BENEFIT_TR}">h4[.='SERVİS HİZMETİ']</var>
<var name="${BENEFIT_EN}">h4[.='SHUTTLE SERVICE']</var>
<var name="${i}">2</var>
<kw name="Click Element" library="SeleniumLibrary">
<arg>${BENEFITS_LIST_XPATH}\//li[${i}\]</arg>
<doc>Click the element identified by ``locator``.</doc>
<msg timestamp="20220706 01:19:09.871" level="INFO">Clicking element 'xpath=//div[@id='benefits']//ul[@class='nav nav-pills w-100 d-flex justify-content-center']//li[2]'.</msg>
<status status="PASS" starttime="20220706 01:19:09.871" endtime="20220706 01:19:09.910"/>
</kw>
<kw name="Sleep" library="BuiltIn">
<arg>0.5s</arg>
<doc>Pauses the test executed for the given time.</doc>
<msg timestamp="20220706 01:19:10.417" level="INFO">Slept 500 milliseconds</msg>
<status status="PASS" starttime="20220706 01:19:09.910" endtime="20220706 01:19:10.417"/>
</kw>
<status status="PASS" starttime="20220706 01:19:09.871" endtime="20220706 01:19:10.417"/>
</iter>
<iter>
<var name="${BENEFIT_TR}">h4[.='SOSYAL YAŞAM']</var>
<var name="${BENEFIT_EN}">h4[.='SOCIAL LIFE']</var>
<var name="${i}">3</var>
<kw name="Click Element" library="SeleniumLibrary">
<arg>${BENEFITS_LIST_XPATH}\//li[${i}\]</arg>
<doc>Click the element identified by ``locator``.</doc>
<msg timestamp="20220706 01:19:10.418" level="INFO">Clicking element 'xpath=//div[@id='benefits']//ul[@class='nav nav-pills w-100 d-flex justify-content-center']//li[3]'.</msg>
<status status="PASS" starttime="20220706 01:19:10.417" endtime="20220706 01:19:10.455"/>
</kw>
<kw name="Sleep" library="BuiltIn">
<arg>0.5s</arg>
<doc>Pauses the test executed for the given time.</doc>
<msg timestamp="20220706 01:19:10.961" level="INFO">Slept 500 milliseconds</msg>
<status status="PASS" starttime="20220706 01:19:10.455" endtime="20220706 01:19:10.961"/>
</kw>
<status status="PASS" starttime="20220706 01:19:10.417" endtime="20220706 01:19:10.961"/>
</iter>
<iter>
<var name="${BENEFIT_TR}">h4[.='SAĞLIK']</var>
<var name="${BENEFIT_EN}">h4[.='HEALTH']</var>
<var name="${i}">4</var>
<kw name="Click Element" library="SeleniumLibrary">
<arg>${BENEFITS_LIST_XPATH}\//li[${i}\]</arg>
<doc>Click the element identified by ``locator``.</doc>
<msg timestamp="20220706 01:19:10.962" level="INFO">Clicking element 'xpath=//div[@id='benefits']//ul[@class='nav nav-pills w-100 d-flex justify-content-center']//li[4]'.</msg>
<status status="PASS" starttime="20220706 01:19:10.961" endtime="20220706 01:19:11.028"/>
</kw>
<kw name="Sleep" library="BuiltIn">
<arg>0.5s</arg>
<doc>Pauses the test executed for the given time.</doc>
<msg timestamp="20220706 01:19:11.537" level="INFO">Slept 500 milliseconds</msg>
<status status="PASS" starttime="20220706 01:19:11.028" endtime="20220706 01:19:11.537"/>
</kw>
<status status="PASS" starttime="20220706 01:19:10.961" endtime="20220706 01:19:11.537"/>
</iter>
<status status="PASS" starttime="20220706 01:19:09.312" endtime="20220706 01:19:11.537"/>
</for>
<status status="PASS" starttime="20220706 01:19:09.019" endtime="20220706 01:19:11.537"/>
</kw>
<status status="PASS" starttime="20220706 01:19:09.019" endtime="20220706 01:19:11.537"/>
</kw>
<kw name="End Baykar Web Test" library="Common" type="TEARDOWN">
<kw name="Close Browser" library="SeleniumLibrary">
<doc>Closes the current browser.</doc>
<status status="PASS" starttime="20220706 01:19:11.538" endtime="20220706 01:19:13.699"/>
</kw>
<status status="PASS" starttime="20220706 01:19:11.538" endtime="20220706 01:19:13.699"/>
</kw>
<doc>All visitors should be able click and see kariyer pages</doc>
<tag>Navbar Career</tag>
<tag>Smoke</tag>
<status status="PASS" starttime="20220706 01:18:53.621" endtime="20220706 01:19:13.700"/>
</test>
<test id="s1-s1-t4" name="Visitor should be able click and see all &quot;Staj&quot; section pages" line="39">
<kw name="Start Baykar Web Test" library="Common" type="SETUP">
<arg>${BROWSER}</arg>
<kw name="Open Browser" library="SeleniumLibrary">
<arg>about:blank</arg>
<arg>${BROWSER}</arg>
<doc>Opens a new browser instance to the optional ``url``.</doc>
<msg timestamp="20220706 01:19:13.702" level="INFO">Opening browser 'edge' to base url 'about:blank'.</msg>
<status status="PASS" starttime="20220706 01:19:13.702" endtime="20220706 01:19:14.758"/>
</kw>
<kw name="Maximize Browser Window" library="SeleniumLibrary">
<doc>Maximizes current browser window.</doc>
<status status="PASS" starttime="20220706 01:19:14.758" endtime="20220706 01:19:14.886"/>
</kw>
<status status="PASS" starttime="20220706 01:19:13.702" endtime="20220706 01:19:14.886"/>
</kw>
<kw name="Open Website" library="Common">
<arg>${SITE_URL}${RUN_LANG}</arg>
<kw name="Go To" library="SeleniumLibrary">
<arg>${SITE_URL}\/</arg>
<doc>Navigates the current browser window to the provided ``url``.</doc>
<msg timestamp="20220706 01:19:14.887" level="INFO">Opening url 'https://kariyer.baykartech.com/tr/'</msg>
<status status="PASS" starttime="20220706 01:19:14.887" endtime="20220706 01:19:26.843"/>
</kw>
<status status="PASS" starttime="20220706 01:19:14.886" endtime="20220706 01:19:26.844"/>
</kw>
<kw name="Verify Page Loaded" library="Common">
<arg>${RUN_LANG}</arg>
<doc>Verify all pages successfully loaded</doc>
<kw name="Wait Until Element Is Enabled" library="SeleniumLibrary">
<arg>${BAYKAR_LOGO_${LANG}}</arg>
<doc>Waits until the element ``locator`` is enabled.</doc>
<status status="PASS" starttime="20220706 01:19:26.845" endtime="20220706 01:19:26.874"/>
</kw>
<kw name="Run Keyword And Return Status" library="BuiltIn">
<var>${check_loader}</var>
<arg>Element Should Be Visible</arg>
<arg>${PRE_LOADER}</arg>
<doc>Runs the given keyword with given arguments and returns the status as a Boolean value.</doc>
<kw name="Element Should Be Visible" library="SeleniumLibrary">
<arg>${PRE_LOADER}</arg>
<doc>Verifies that the element identified by ``locator`` is visible.</doc>
<msg timestamp="20220706 01:19:26.895" level="INFO">Element 'xpath=//div[@class='se-pre-con']' is displayed.</msg>
<status status="PASS" starttime="20220706 01:19:26.874" endtime="20220706 01:19:26.895"/>
</kw>
<msg timestamp="20220706 01:19:26.895" level="INFO">${check_loader} = True</msg>
<status status="PASS" starttime="20220706 01:19:26.874" endtime="20220706 01:19:26.895"/>
</kw>
<kw name="Run Keyword If" library="BuiltIn">
<arg>${check_loader}</arg>
<arg>Wait Until Element Is Not Visible</arg>
<arg>${PRE_LOADER}</arg>
<doc>Runs the given keyword with the given arguments, if ``condition`` is true.</doc>
<kw name="Wait Until Element Is Not Visible" library="SeleniumLibrary">
<arg>${PRE_LOADER}</arg>
<doc>Waits until the element ``locator`` is not visible.</doc>
<status status="PASS" starttime="20220706 01:19:26.895" endtime="20220706 01:19:27.562"/>
</kw>
<status status="PASS" starttime="20220706 01:19:26.895" endtime="20220706 01:19:27.562"/>
</kw>
<status status="PASS" starttime="20220706 01:19:26.844" endtime="20220706 01:19:27.562"/>
</kw>
<kw name="Click &quot;Staj&quot; Section Dropdowns and Check Page" library="Kariyer.Baykartech.App">
<kw name="Click &quot;Staj Dönemleri&quot; Dropdown" library="Navbar">
<doc>Clicks Staj Dönemleri dropdown in Staj section</doc>
<kw name="Set Variable" library="BuiltIn">
<var>${sec_num}</var>
<arg>${STAJ_SECTION_NUMBER}</arg>
<doc>Returns the given values which can then be assigned to a variables.</doc>
<msg timestamp="20220706 01:19:27.564" level="INFO">${sec_num} = 3</msg>
<status status="PASS" starttime="20220706 01:19:27.563" endtime="20220706 01:19:27.564"/>
</kw>
<kw name="Run Keyword" library="BuiltIn">
<arg>Mouse Over "Staj" Section</arg>
<doc>Executes the given keyword with the given arguments.</doc>
<kw name="Mouse Over &quot;Staj&quot; Section" library="Navbar">
<kw name="Set Variable" library="BuiltIn">
<var>${sec_num}</var>
<arg>${STAJ_SECTION_NUMBER}</arg>
<doc>Returns the given values which can then be assigned to a variables.</doc>
<msg timestamp="20220706 01:19:27.564" level="INFO">${sec_num} = 3</msg>
<status status="PASS" starttime="20220706 01:19:27.564" endtime="20220706 01:19:27.564"/>
</kw>
<kw name="Mouse Over" library="SeleniumLibrary">
<arg>${NAVBAR_SECTION}\[${sec_num}\]</arg>
<doc>Simulates hovering the mouse over the element ``locator``.</doc>
<msg timestamp="20220706 01:19:27.565" level="INFO">Simulating Mouse Over on element 'xpath=//*[@id="navbar-menu"]/ul/li[3]'.</msg>
<status status="PASS" starttime="20220706 01:19:27.565" endtime="20220706 01:19:27.846"/>
</kw>
<kw name="Wait Until Element Is Visible" library="SeleniumLibrary">
<arg>${NAVBAR_SECTION}\[${sec_num}\]${DROPDOWN_ELEMENT}\[1]/a</arg>
<doc>Waits until the element ``locator`` is visible.</doc>
<status status="PASS" starttime="20220706 01:19:27.846" endtime="20220706 01:19:27.865"/>
</kw>
<status status="PASS" starttime="20220706 01:19:27.564" endtime="20220706 01:19:27.865"/>
</kw>
<status status="PASS" starttime="20220706 01:19:27.564" endtime="20220706 01:19:27.865"/>
</kw>
<kw name="Click Link" library="SeleniumLibrary">
<arg>${NAVBAR_SECTION}\[${sec_num}\]${DROPDOWN_ELEMENT}\[1]/a</arg>
<doc>Clicks a link identified by ``locator``.</doc>
<msg timestamp="20220706 01:19:27.865" level="INFO">Clicking link 'xpath=//*[@id="navbar-menu"]/ul/li[3]/ul/li[1]/a'.</msg>
<status status="PASS" starttime="20220706 01:19:27.865" endtime="20220706 01:19:29.007"/>
</kw>
<status status="PASS" starttime="20220706 01:19:27.563" endtime="20220706 01:19:29.007"/>
</kw>
<kw name="Verify &quot;Staj Dönemleri&quot; in show" library="Staj">
<kw name="Wait Until Element Is Visible" library="SeleniumLibrary">
<arg>${DONEM_VERIFY_ELEMENT}</arg>
<doc>Waits until the element ``locator`` is visible.</doc>
<status status="PASS" starttime="20220706 01:19:29.007" endtime="20220706 01:19:29.024"/>
</kw>
<kw name="Page Should Contain Element" library="SeleniumLibrary">
<arg>${DONEM_VERIFY_ELEMENT}</arg>
<doc>Verifies that element ``locator`` is found on the current page.</doc>
<msg timestamp="20220706 01:19:29.030" level="INFO">Current page contains element 'xpath=//div[@id='seasons']'.</msg>
<status status="PASS" starttime="20220706 01:19:29.024" endtime="20220706 01:19:29.030"/>
</kw>
<status status="PASS" starttime="20220706 01:19:29.007" endtime="20220706 01:19:29.030"/>
</kw>
<kw name="Scroll to Top of The Page" library="Common">
<kw name="Run Keyword And Ignore Error" library="BuiltIn">
<arg>Execute javascript</arg>
<arg>window.scrollTo(0,0)</arg>
<doc>Runs the given keyword with the given arguments and ignores possible error.</doc>
<kw name="Execute Javascript" library="SeleniumLibrary">
<arg>window.scrollTo(0,0)</arg>
<doc>Executes the given JavaScript code with possible arguments.</doc>
<msg timestamp="20220706 01:19:29.031" level="INFO">Executing JavaScript:
window.scrollTo(0,0)
Without any arguments.</msg>
<status status="PASS" starttime="20220706 01:19:29.031" endtime="20220706 01:19:29.038"/>
</kw>
<status status="PASS" starttime="20220706 01:19:29.031" endtime="20220706 01:19:29.039"/>
</kw>
<status status="PASS" starttime="20220706 01:19:29.030" endtime="20220706 01:19:29.039"/>
</kw>
<kw name="Click &quot;Staj Takvimi&quot; Dropdown" library="Navbar">
<doc>Clicks Staj Takvimi dropdown in Staj section</doc>
<kw name="Set Variable" library="BuiltIn">
<var>${sec_num}</var>
<arg>${STAJ_SECTION_NUMBER}</arg>
<doc>Returns the given values which can then be assigned to a variables.</doc>
<msg timestamp="20220706 01:19:29.039" level="INFO">${sec_num} = 3</msg>
<status status="PASS" starttime="20220706 01:19:29.039" endtime="20220706 01:19:29.040"/>
</kw>
<kw name="Run Keyword" library="BuiltIn">
<arg>Mouse Over "Staj" Section</arg>
<doc>Executes the given keyword with the given arguments.</doc>
<kw name="Mouse Over &quot;Staj&quot; Section" library="Navbar">
<kw name="Set Variable" library="BuiltIn">
<var>${sec_num}</var>
<arg>${STAJ_SECTION_NUMBER}</arg>
<doc>Returns the given values which can then be assigned to a variables.</doc>
<msg timestamp="20220706 01:19:29.040" level="INFO">${sec_num} = 3</msg>
<status status="PASS" starttime="20220706 01:19:29.040" endtime="20220706 01:19:29.040"/>
</kw>
<kw name="Mouse Over" library="SeleniumLibrary">
<arg>${NAVBAR_SECTION}\[${sec_num}\]</arg>
<doc>Simulates hovering the mouse over the element ``locator``.</doc>
<msg timestamp="20220706 01:19:29.041" level="INFO">Simulating Mouse Over on element 'xpath=//*[@id="navbar-menu"]/ul/li[3]'.</msg>
<status status="PASS" starttime="20220706 01:19:29.040" endtime="20220706 01:19:29.323"/>
</kw>
<kw name="Wait Until Element Is Visible" library="SeleniumLibrary">
<arg>${NAVBAR_SECTION}\[${sec_num}\]${DROPDOWN_ELEMENT}\[1]/a</arg>
<doc>Waits until the element ``locator`` is visible.</doc>
<status status="PASS" starttime="20220706 01:19:29.323" endtime="20220706 01:19:29.338"/>
</kw>
<status status="PASS" starttime="20220706 01:19:29.040" endtime="20220706 01:19:29.338"/>
</kw>
<status status="PASS" starttime="20220706 01:19:29.040" endtime="20220706 01:19:29.338"/>
</kw>
<kw name="Click Link" library="SeleniumLibrary">
<arg>${NAVBAR_SECTION}\[${sec_num}\]${DROPDOWN_ELEMENT}\[2]/a</arg>
<doc>Clicks a link identified by ``locator``.</doc>
<msg timestamp="20220706 01:19:29.339" level="INFO">Clicking link 'xpath=//*[@id="navbar-menu"]/ul/li[3]/ul/li[2]/a'.</msg>
<status status="PASS" starttime="20220706 01:19:29.338" endtime="20220706 01:19:29.380"/>
</kw>
<status status="PASS" starttime="20220706 01:19:29.039" endtime="20220706 01:19:29.380"/>
</kw>
<kw name="Verify &quot;Staj Takvimi&quot; in show" library="Staj">
<kw name="Wait Until Element Is Visible" library="SeleniumLibrary">
<arg>${TAKVIM_VERIFY_ELEMENT}</arg>
<doc>Waits until the element ``locator`` is visible.</doc>
<status status="PASS" starttime="20220706 01:19:29.381" endtime="20220706 01:19:29.405"/>
</kw>
<kw name="Page Should Contain Element" library="SeleniumLibrary">
<arg>${TAKVIM_VERIFY_ELEMENT}</arg>
<doc>Verifies that element ``locator`` is found on the current page.</doc>
<msg timestamp="20220706 01:19:29.411" level="INFO">Current page contains element 'xpath=//div[@id='calendar']'.</msg>
<status status="PASS" starttime="20220706 01:19:29.405" endtime="20220706 01:19:29.411"/>
</kw>
<status status="PASS" starttime="20220706 01:19:29.381" endtime="20220706 01:19:29.411"/>
</kw>
<kw name="Click &quot;Staj SSS&quot; Dropdown" library="Navbar">
<doc>Clicks Staj SSS dropdown in Staj section</doc>
<kw name="Set Variable" library="BuiltIn">
<var>${sec_num}</var>
<arg>${STAJ_SECTION_NUMBER}</arg>
<doc>Returns the given values which can then be assigned to a variables.</doc>
<msg timestamp="20220706 01:19:29.412" level="INFO">${sec_num} = 3</msg>
<status status="PASS" starttime="20220706 01:19:29.412" endtime="20220706 01:19:29.412"/>
</kw>
<kw name="Run Keyword" library="BuiltIn">
<arg>Mouse Over "Staj" Section</arg>
<doc>Executes the given keyword with the given arguments.</doc>
<kw name="Mouse Over &quot;Staj&quot; Section" library="Navbar">
<kw name="Set Variable" library="BuiltIn">
<var>${sec_num}</var>
<arg>${STAJ_SECTION_NUMBER}</arg>
<doc>Returns the given values which can then be assigned to a variables.</doc>
<msg timestamp="20220706 01:19:29.413" level="INFO">${sec_num} = 3</msg>
<status status="PASS" starttime="20220706 01:19:29.413" endtime="20220706 01:19:29.413"/>
</kw>
<kw name="Mouse Over" library="SeleniumLibrary">
<arg>${NAVBAR_SECTION}\[${sec_num}\]</arg>
<doc>Simulates hovering the mouse over the element ``locator``.</doc>
<msg timestamp="20220706 01:19:29.413" level="INFO">Simulating Mouse Over on element 'xpath=//*[@id="navbar-menu"]/ul/li[3]'.</msg>
<status status="PASS" starttime="20220706 01:19:29.413" endtime="20220706 01:19:29.683"/>
</kw>
<kw name="Wait Until Element Is Visible" library="SeleniumLibrary">
<arg>${NAVBAR_SECTION}\[${sec_num}\]${DROPDOWN_ELEMENT}\[1]/a</arg>
<doc>Waits until the element ``locator`` is visible.</doc>
<status status="PASS" starttime="20220706 01:19:29.683" endtime="20220706 01:19:29.697"/>
</kw>
<status status="PASS" starttime="20220706 01:19:29.412" endtime="20220706 01:19:29.697"/>
</kw>
<status status="PASS" starttime="20220706 01:19:29.412" endtime="20220706 01:19:29.697"/>
</kw>
<kw name="Click Link" library="SeleniumLibrary">
<arg>${NAVBAR_SECTION}\[${sec_num}\]${DROPDOWN_ELEMENT}\[3]/a</arg>
<doc>Clicks a link identified by ``locator``.</doc>
<msg timestamp="20220706 01:19:29.698" level="INFO">Clicking link 'xpath=//*[@id="navbar-menu"]/ul/li[3]/ul/li[3]/a'.</msg>
<status status="PASS" starttime="20220706 01:19:29.697" endtime="20220706 01:19:29.736"/>
</kw>
<status status="PASS" starttime="20220706 01:19:29.411" endtime="20220706 01:19:29.736"/>
</kw>
<kw name="Verify &quot;Staj SSS&quot; in show" library="Staj">
<kw name="Wait Until Element Is Visible" library="SeleniumLibrary">
<arg>${SSS_VERIFY_ELEMENT}</arg>
<doc>Waits until the element ``locator`` is visible.</doc>
<status status="PASS" starttime="20220706 01:19:29.737" endtime="20220706 01:19:29.754"/>
</kw>
<kw name="Page Should Contain Element" library="SeleniumLibrary">
<arg>${SSS_VERIFY_ELEMENT}</arg>
<doc>Verifies that element ``locator`` is found on the current page.</doc>
<msg timestamp="20220706 01:19:29.760" level="INFO">Current page contains element 'xpath=//div[@id='faqs']/div[@id='sss']'.</msg>
<status status="PASS" starttime="20220706 01:19:29.754" endtime="20220706 01:19:29.760"/>
</kw>
<status status="PASS" starttime="20220706 01:19:29.737" endtime="20220706 01:19:29.760"/>
</kw>
<status status="PASS" starttime="20220706 01:19:27.563" endtime="20220706 01:19:29.760"/>
</kw>
<kw name="Check and click &quot;Staj Dönemleri&quot; section" library="Kariyer.Baykartech.App">
<arg>${RUN_LANG}</arg>
<kw name="Click &quot;Staj Dönemleri&quot; Dropdown" library="Navbar">
<doc>Clicks Staj Dönemleri dropdown in Staj section</doc>
<kw name="Set Variable" library="BuiltIn">
<var>${sec_num}</var>
<arg>${STAJ_SECTION_NUMBER}</arg>
<doc>Returns the given values which can then be assigned to a variables.</doc>
<msg timestamp="20220706 01:19:29.762" level="INFO">${sec_num} = 3</msg>
<status status="PASS" starttime="20220706 01:19:29.761" endtime="20220706 01:19:29.762"/>
</kw>
<kw name="Run Keyword" library="BuiltIn">
<arg>Mouse Over "Staj" Section</arg>
<doc>Executes the given keyword with the given arguments.</doc>
<kw name="Mouse Over &quot;Staj&quot; Section" library="Navbar">
<kw name="Set Variable" library="BuiltIn">
<var>${sec_num}</var>
<arg>${STAJ_SECTION_NUMBER}</arg>
<doc>Returns the given values which can then be assigned to a variables.</doc>
<msg timestamp="20220706 01:19:29.762" level="INFO">${sec_num} = 3</msg>
<status status="PASS" starttime="20220706 01:19:29.762" endtime="20220706 01:19:29.762"/>
</kw>
<kw name="Mouse Over" library="SeleniumLibrary">
<arg>${NAVBAR_SECTION}\[${sec_num}\]</arg>
<doc>Simulates hovering the mouse over the element ``locator``.</doc>
<msg timestamp="20220706 01:19:29.762" level="INFO">Simulating Mouse Over on element 'xpath=//*[@id="navbar-menu"]/ul/li[3]'.</msg>
<status status="PASS" starttime="20220706 01:19:29.762" endtime="20220706 01:19:30.038"/>
</kw>
<kw name="Wait Until Element Is Visible" library="SeleniumLibrary">
<arg>${NAVBAR_SECTION}\[${sec_num}\]${DROPDOWN_ELEMENT}\[1]/a</arg>
<doc>Waits until the element ``locator`` is visible.</doc>
<status status="PASS" starttime="20220706 01:19:30.039" endtime="20220706 01:19:30.052"/>
</kw>
<status status="PASS" starttime="20220706 01:19:29.762" endtime="20220706 01:19:30.053"/>
</kw>
<status status="PASS" starttime="20220706 01:19:29.762" endtime="20220706 01:19:30.053"/>
</kw>
<kw name="Click Link" library="SeleniumLibrary">
<arg>${NAVBAR_SECTION}\[${sec_num}\]${DROPDOWN_ELEMENT}\[1]/a</arg>
<doc>Clicks a link identified by ``locator``.</doc>
<msg timestamp="20220706 01:19:30.053" level="INFO">Clicking link 'xpath=//*[@id="navbar-menu"]/ul/li[3]/ul/li[1]/a'.</msg>
<status status="PASS" starttime="20220706 01:19:30.053" endtime="20220706 01:19:30.095"/>
</kw>
<status status="PASS" starttime="20220706 01:19:29.761" endtime="20220706 01:19:30.095"/>
</kw>
<kw name="Verify &quot;Staj Dönemleri&quot; in show" library="Staj">
<kw name="Wait Until Element Is Visible" library="SeleniumLibrary">
<arg>${DONEM_VERIFY_ELEMENT}</arg>
<doc>Waits until the element ``locator`` is visible.</doc>
<status status="PASS" starttime="20220706 01:19:30.096" endtime="20220706 01:19:30.109"/>
</kw>
<kw name="Page Should Contain Element" library="SeleniumLibrary">
<arg>${DONEM_VERIFY_ELEMENT}</arg>
<doc>Verifies that element ``locator`` is found on the current page.</doc>
<msg timestamp="20220706 01:19:30.115" level="INFO">Current page contains element 'xpath=//div[@id='seasons']'.</msg>
<status status="PASS" starttime="20220706 01:19:30.109" endtime="20220706 01:19:30.115"/>
</kw>
<status status="PASS" starttime="20220706 01:19:30.095" endtime="20220706 01:19:30.115"/>
</kw>
<kw name="Run Keyword And Continue On Failure" library="BuiltIn">
<arg>Staj.Check "Staj Dönemleri" Displays Correct Text by Language</arg>
<arg>${LANG}</arg>
<doc>Runs the keyword and continues execution even if a failure occurs.</doc>
<kw name="Check &quot;Staj Dönemleri&quot; Displays Correct Text by Language" library="Staj">
<arg>${LANG}</arg>
<kw name="Run Keyword If" library="BuiltIn">
<arg>"${LANG}" == "tr"</arg>
<arg>Element Text Should Be</arg>
<arg>${AUTUMN_TERM}</arg>
<arg>GÜZ DÖNEMİ</arg>
<arg>ELSE IF</arg>
<arg>"${LANG}" == "en"</arg>
<arg>Element Text Should Be</arg>
<arg>${AUTUMN_TERM}</arg>
<arg>AUTUMN PERIOD</arg>
<doc>Runs the given keyword with the given arguments, if ``condition`` is true.</doc>
<kw name="Element Text Should Be" library="SeleniumLibrary">
<arg>${AUTUMN_TERM}</arg>
<arg>GÜZ DÖNEMİ</arg>
<doc>Verifies that element ``locator`` contains exact the text ``expected``.</doc>
<msg timestamp="20220706 01:19:30.116" level="INFO">Verifying element 'xpath=//div[@class='owl-item active'][1]//div[@class='item']/a[contains(@href, '/application/open-positions-filter/')][1]' contains exact text 'GÜZ DÖNEMİ'.</msg>
<status status="PASS" starttime="20220706 01:19:30.116" endtime="20220706 01:19:30.134"/>
</kw>
<status status="PASS" starttime="20220706 01:19:30.116" endtime="20220706 01:19:30.134"/>
</kw>
<kw name="Run Keyword If" library="BuiltIn">
<arg>"${LANG}" == "tr"</arg>
<arg>Element Text Should Be</arg>
<arg>${SPRING_TERM}</arg>
<arg>BAHAR DÖNEMİ</arg>
<arg>ELSE IF</arg>
<arg>"${LANG}" == "en"</arg>
<arg>Element Text Should Be</arg>
<arg>${SPRING_TERM}</arg>
<arg>SPRING PERIOD</arg>
<doc>Runs the given keyword with the given arguments, if ``condition`` is true.</doc>
<kw name="Element Text Should Be" library="SeleniumLibrary">
<arg>${SPRING_TERM}</arg>
<arg>BAHAR DÖNEMİ</arg>
<doc>Verifies that element ``locator`` contains exact the text ``expected``.</doc>
<msg timestamp="20220706 01:19:30.134" level="INFO">Verifying element 'xpath=//div[@class='owl-item active'][2]//div[@class='item']/a[contains(@href, '/application/open-positions-filter/')][1]' contains exact text 'BAHAR DÖNEMİ'.</msg>
<status status="PASS" starttime="20220706 01:19:30.134" endtime="20220706 01:19:30.153"/>
</kw>
<status status="PASS" starttime="20220706 01:19:30.134" endtime="20220706 01:19:30.153"/>
</kw>
<kw name="Run Keyword If" library="BuiltIn">
<arg>"${LANG}" == "tr"</arg>
<arg>Element Text Should Be</arg>
<arg>${SUMMER_TERM}</arg>
<arg>YAZ DÖNEMİ</arg>
<arg>ELSE IF</arg>
<arg>"${LANG}" == "en"</arg>
<arg>Element Text Should Be</arg>
<arg>${SUMMER_TERM}</arg>
<arg>SUMMER PERIOD</arg>
<doc>Runs the given keyword with the given arguments, if ``condition`` is true.</doc>
<kw name="Element Text Should Be" library="SeleniumLibrary">
<arg>${SUMMER_TERM}</arg>
<arg>YAZ DÖNEMİ</arg>
<doc>Verifies that element ``locator`` contains exact the text ``expected``.</doc>
<msg timestamp="20220706 01:19:30.154" level="INFO">Verifying element 'xpath=//div[@class='owl-item active'][3]//div[@class='item']/a[contains(@href, '/application/open-positions-filter/')][1]' contains exact text 'YAZ DÖNEMİ'.</msg>
<status status="PASS" starttime="20220706 01:19:30.153" endtime="20220706 01:19:30.171"/>
</kw>
<status status="PASS" starttime="20220706 01:19:30.153" endtime="20220706 01:19:30.171"/>
</kw>
<status status="PASS" starttime="20220706 01:19:30.115" endtime="20220706 01:19:30.171"/>
</kw>
<status status="PASS" starttime="20220706 01:19:30.115" endtime="20220706 01:19:30.171"/>
</kw>
<kw name="Click &quot;Güz Dönemi&quot; Link" library="Staj">
<kw name="Click Link" library="SeleniumLibrary">
<arg>${AUTUMN_TERM}</arg>
<doc>Clicks a link identified by ``locator``.</doc>
<msg timestamp="20220706 01:19:30.172" level="INFO">Clicking link 'xpath=//div[@class='owl-item active'][1]//div[@class='item']/a[contains(@href, '/application/open-positions-filter/')][1]'.</msg>
<status status="PASS" starttime="20220706 01:19:30.171" endtime="20220706 01:19:31.036"/>
</kw>
<status status="PASS" starttime="20220706 01:19:30.171" endtime="20220706 01:19:31.036"/>
</kw>
<kw name="Verify Page Loaded" library="Application">
<kw name="Wait Until Element Is Visible" library="SeleniumLibrary">
<arg>${APPLICATION_VERIFY_ELEMENT}</arg>
<doc>Waits until the element ``locator`` is visible.</doc>
<status status="PASS" starttime="20220706 01:19:31.037" endtime="20220706 01:19:31.112"/>
</kw>
<kw name="Page Should Contain Element" library="SeleniumLibrary">
<arg>${APPLICATION_VERIFY_ELEMENT}</arg>
<doc>Verifies that element ``locator`` is found on the current page.</doc>
<msg timestamp="20220706 01:19:31.147" level="INFO">Current page contains element 'xpath=//input[@onkeyup='searchProgram()']'.</msg>
<status status="PASS" starttime="20220706 01:19:31.112" endtime="20220706 01:19:31.147"/>
</kw>
<status status="PASS" starttime="20220706 01:19:31.037" endtime="20220706 01:19:31.147"/>
</kw>
<kw name="Go Back" library="SeleniumLibrary">
<doc>Simulates the user clicking the back button on their browser.</doc>
<status status="PASS" starttime="20220706 01:19:31.147" endtime="20220706 01:19:31.260"/>
</kw>
<kw name="Click &quot;Bahar Dönemi&quot; Link" library="Staj">
<kw name="Click Link" library="SeleniumLibrary">
<arg>${SPRING_TERM}</arg>
<doc>Clicks a link identified by ``locator``.</doc>
<msg timestamp="20220706 01:19:31.261" level="INFO">Clicking link 'xpath=//div[@class='owl-item active'][2]//div[@class='item']/a[contains(@href, '/application/open-positions-filter/')][1]'.</msg>
<status status="PASS" starttime="20220706 01:19:31.261" endtime="20220706 01:19:31.983"/>
</kw>
<status status="PASS" starttime="20220706 01:19:31.260" endtime="20220706 01:19:31.983"/>
</kw>
<kw name="Verify Page Loaded" library="Application">
<kw name="Wait Until Element Is Visible" library="SeleniumLibrary">
<arg>${APPLICATION_VERIFY_ELEMENT}</arg>
<doc>Waits until the element ``locator`` is visible.</doc>
<status status="PASS" starttime="20220706 01:19:31.983" endtime="20220706 01:19:31.997"/>
</kw>
<kw name="Page Should Contain Element" library="SeleniumLibrary">
<arg>${APPLICATION_VERIFY_ELEMENT}</arg>
<doc>Verifies that element ``locator`` is found on the current page.</doc>
<msg timestamp="20220706 01:19:32.003" level="INFO">Current page contains element 'xpath=//input[@onkeyup='searchProgram()']'.</msg>
<status status="PASS" starttime="20220706 01:19:31.997" endtime="20220706 01:19:32.003"/>
</kw>
<status status="PASS" starttime="20220706 01:19:31.983" endtime="20220706 01:19:32.003"/>
</kw>
<kw name="Go Back" library="SeleniumLibrary">
<doc>Simulates the user clicking the back button on their browser.</doc>
<status status="PASS" starttime="20220706 01:19:32.003" endtime="20220706 01:19:32.096"/>
</kw>
<kw name="Click &quot;Yaz Dönemi&quot; Link" library="Staj">
<kw name="Click Link" library="SeleniumLibrary">
<arg>${SPRING_TERM}</arg>
<doc>Clicks a link identified by ``locator``.</doc>
<msg timestamp="20220706 01:19:32.097" level="INFO">Clicking link 'xpath=//div[@class='owl-item active'][2]//div[@class='item']/a[contains(@href, '/application/open-positions-filter/')][1]'.</msg>
<status status="PASS" starttime="20220706 01:19:32.096" endtime="20220706 01:19:32.811"/>
</kw>
<status status="PASS" starttime="20220706 01:19:32.096" endtime="20220706 01:19:32.811"/>
</kw>
<kw name="Verify Page Loaded" library="Application">
<kw name="Wait Until Element Is Visible" library="SeleniumLibrary">
<arg>${APPLICATION_VERIFY_ELEMENT}</arg>
<doc>Waits until the element ``locator`` is visible.</doc>
<status status="PASS" starttime="20220706 01:19:32.812" endtime="20220706 01:19:32.830"/>
</kw>
<kw name="Page Should Contain Element" library="SeleniumLibrary">
<arg>${APPLICATION_VERIFY_ELEMENT}</arg>
<doc>Verifies that element ``locator`` is found on the current page.</doc>
<msg timestamp="20220706 01:19:32.835" level="INFO">Current page contains element 'xpath=//input[@onkeyup='searchProgram()']'.</msg>
<status status="PASS" starttime="20220706 01:19:32.830" endtime="20220706 01:19:32.835"/>
</kw>
<status status="PASS" starttime="20220706 01:19:32.811" endtime="20220706 01:19:32.835"/>
</kw>
<status status="PASS" starttime="20220706 01:19:29.761" endtime="20220706 01:19:32.836"/>
</kw>
<kw name="End Baykar Web Test" library="Common" type="TEARDOWN">
<kw name="Close Browser" library="SeleniumLibrary">
<doc>Closes the current browser.</doc>
<status status="PASS" starttime="20220706 01:19:32.836" endtime="20220706 01:19:34.994"/>
</kw>
<status status="PASS" starttime="20220706 01:19:32.836" endtime="20220706 01:19:34.995"/>
</kw>
<doc>All visitors should be able click and see Staj pages</doc>
<tag>Navbar Intern</tag>
<tag>Smoke</tag>
<status status="PASS" starttime="20220706 01:19:13.701" endtime="20220706 01:19:34.995"/>
</test>
<test id="s1-s1-t5" name="Visitor should be able navigate all sliders and panels" line="47">
<kw name="Start Baykar Web Test" library="Common" type="SETUP">
<arg>${BROWSER}</arg>
<kw name="Open Browser" library="SeleniumLibrary">
<arg>about:blank</arg>
<arg>${BROWSER}</arg>
<doc>Opens a new browser instance to the optional ``url``.</doc>
<msg timestamp="20220706 01:19:34.998" level="INFO">Opening browser 'edge' to base url 'about:blank'.</msg>
<status status="PASS" starttime="20220706 01:19:34.998" endtime="20220706 01:19:36.073"/>
</kw>
<kw name="Maximize Browser Window" library="SeleniumLibrary">
<doc>Maximizes current browser window.</doc>
<status status="PASS" starttime="20220706 01:19:36.073" endtime="20220706 01:19:36.196"/>
</kw>
<status status="PASS" starttime="20220706 01:19:34.997" endtime="20220706 01:19:36.196"/>
</kw>
<kw name="Open Website" library="Common">
<arg>${SITE_URL}${RUN_LANG}</arg>
<kw name="Go To" library="SeleniumLibrary">
<arg>${SITE_URL}\/</arg>
<doc>Navigates the current browser window to the provided ``url``.</doc>
<msg timestamp="20220706 01:19:36.197" level="INFO">Opening url 'https://kariyer.baykartech.com/tr/'</msg>
<status status="PASS" starttime="20220706 01:19:36.197" endtime="20220706 01:19:48.286"/>
</kw>
<status status="PASS" starttime="20220706 01:19:36.197" endtime="20220706 01:19:48.286"/>
</kw>
<kw name="Verify Page Loaded" library="Common">
<arg>${RUN_LANG}</arg>
<doc>Verify all pages successfully loaded</doc>
<kw name="Wait Until Element Is Enabled" library="SeleniumLibrary">
<arg>${BAYKAR_LOGO_${LANG}}</arg>
<doc>Waits until the element ``locator`` is enabled.</doc>
<status status="PASS" starttime="20220706 01:19:48.287" endtime="20220706 01:19:48.314"/>
</kw>
<kw name="Run Keyword And Return Status" library="BuiltIn">
<var>${check_loader}</var>
<arg>Element Should Be Visible</arg>
<arg>${PRE_LOADER}</arg>
<doc>Runs the given keyword with given arguments and returns the status as a Boolean value.</doc>
<kw name="Element Should Be Visible" library="SeleniumLibrary">
<arg>${PRE_LOADER}</arg>
<doc>Verifies that the element identified by ``locator`` is visible.</doc>
<msg timestamp="20220706 01:19:48.335" level="INFO">Element 'xpath=//div[@class='se-pre-con']' is displayed.</msg>
<status status="PASS" starttime="20220706 01:19:48.315" endtime="20220706 01:19:48.335"/>
</kw>
<msg timestamp="20220706 01:19:48.335" level="INFO">${check_loader} = True</msg>
<status status="PASS" starttime="20220706 01:19:48.314" endtime="20220706 01:19:48.335"/>
</kw>
<kw name="Run Keyword If" library="BuiltIn">
<arg>${check_loader}</arg>
<arg>Wait Until Element Is Not Visible</arg>
<arg>${PRE_LOADER}</arg>
<doc>Runs the given keyword with the given arguments, if ``condition`` is true.</doc>
<kw name="Wait Until Element Is Not Visible" library="SeleniumLibrary">
<arg>${PRE_LOADER}</arg>
<doc>Waits until the element ``locator`` is not visible.</doc>
<status status="PASS" starttime="20220706 01:19:48.336" endtime="20220706 01:19:49.002"/>
</kw>
<status status="PASS" starttime="20220706 01:19:48.336" endtime="20220706 01:19:49.002"/>
</kw>
<status status="PASS" starttime="20220706 01:19:48.286" endtime="20220706 01:19:49.002"/>
</kw>
<kw name="Navigate &quot;Main&quot; Slider" library="Kariyer.Baykartech.App">
<kw name="Navigate main slider in loop" library="Homepage">
<arg>${MAIN_SLIDER_RANGE}</arg>
<for flavor="IN RANGE">
<var>${i}</var>
<value>${SLIDER_RANGE}</value>
<iter>
<var name="${i}">0</var>
<kw name="Mouse Over" library="SeleniumLibrary">
<arg>${MAIN_SLIDER_NEXT_BUTTON}</arg>
<doc>Simulates hovering the mouse over the element ``locator``.</doc>
<msg timestamp="20220706 01:19:49.004" level="INFO">Simulating Mouse Over on element 'xpath=//a[@data-slide='next']'.</msg>
<status status="PASS" starttime="20220706 01:19:49.003" endtime="20220706 01:19:49.289"/>
</kw>
<kw name="Click Element" library="SeleniumLibrary">
<arg>${MAIN_SLIDER_NEXT_BUTTON}</arg>
<doc>Click the element identified by ``locator``.</doc>
<msg timestamp="20220706 01:19:49.289" level="INFO">Clicking element 'xpath=//a[@data-slide='next']'.</msg>
<status status="PASS" starttime="20220706 01:19:49.289" endtime="20220706 01:19:49.325"/>
</kw>
<kw name="Sleep" library="BuiltIn">
<arg>1s</arg>
<doc>Pauses the test executed for the given time.</doc>
<msg timestamp="20220706 01:19:50.327" level="INFO">Slept 1 second</msg>
<status status="PASS" starttime="20220706 01:19:49.325" endtime="20220706 01:19:50.327"/>
</kw>
<status status="PASS" starttime="20220706 01:19:49.003" endtime="20220706 01:19:50.327"/>
</iter>
<iter>
<var name="${i}">1</var>
<kw name="Mouse Over" library="SeleniumLibrary">
<arg>${MAIN_SLIDER_NEXT_BUTTON}</arg>
<doc>Simulates hovering the mouse over the element ``locator``.</doc>
<msg timestamp="20220706 01:19:50.328" level="INFO">Simulating Mouse Over on element 'xpath=//a[@data-slide='next']'.</msg>
<status status="PASS" starttime="20220706 01:19:50.327" endtime="20220706 01:19:50.594"/>
</kw>
<kw name="Click Element" library="SeleniumLibrary">
<arg>${MAIN_SLIDER_NEXT_BUTTON}</arg>
<doc>Click the element identified by ``locator``.</doc>
<msg timestamp="20220706 01:19:50.595" level="INFO">Clicking element 'xpath=//a[@data-slide='next']'.</msg>
<status status="PASS" starttime="20220706 01:19:50.594" endtime="20220706 01:19:50.628"/>
</kw>
<kw name="Sleep" library="BuiltIn">
<arg>1s</arg>
<doc>Pauses the test executed for the given time.</doc>
<msg timestamp="20220706 01:19:51.635" level="INFO">Slept 1 second</msg>
<status status="PASS" starttime="20220706 01:19:50.629" endtime="20220706 01:19:51.635"/>
</kw>
<status status="PASS" starttime="20220706 01:19:50.327" endtime="20220706 01:19:51.635"/>
</iter>
<iter>
<var name="${i}">2</var>
<kw name="Mouse Over" library="SeleniumLibrary">
<arg>${MAIN_SLIDER_NEXT_BUTTON}</arg>
<doc>Simulates hovering the mouse over the element ``locator``.</doc>
<msg timestamp="20220706 01:19:51.635" level="INFO">Simulating Mouse Over on element 'xpath=//a[@data-slide='next']'.</msg>
<status status="PASS" starttime="20220706 01:19:51.635" endtime="20220706 01:19:51.916"/>
</kw>
<kw name="Click Element" library="SeleniumLibrary">
<arg>${MAIN_SLIDER_NEXT_BUTTON}</arg>
<doc>Click the element identified by ``locator``.</doc>
<msg timestamp="20220706 01:19:51.917" level="INFO">Clicking element 'xpath=//a[@data-slide='next']'.</msg>
<status status="PASS" starttime="20220706 01:19:51.916" endtime="20220706 01:19:51.942"/>
</kw>
<kw name="Sleep" library="BuiltIn">
<arg>1s</arg>
<doc>Pauses the test executed for the given time.</doc>
<msg timestamp="20220706 01:19:52.954" level="INFO">Slept 1 second</msg>
<status status="PASS" starttime="20220706 01:19:51.942" endtime="20220706 01:19:52.954"/>
</kw>
<status status="PASS" starttime="20220706 01:19:51.635" endtime="20220706 01:19:52.954"/>
</iter>
<iter>
<var name="${i}">3</var>
<kw name="Mouse Over" library="SeleniumLibrary">
<arg>${MAIN_SLIDER_NEXT_BUTTON}</arg>
[...]
<arg>${PRE_LOADER}</arg>
<doc>Verifies that the element identified by ``locator`` is visible.</doc>
<msg timestamp="20220706 01:21:17.631" level="INFO">Element 'xpath=//div[@class='se-pre-con']' is displayed.</msg>
<status status="PASS" starttime="20220706 01:21:17.590" endtime="20220706 01:21:17.631"/>
</kw>
<msg timestamp="20220706 01:21:17.632" level="INFO">${check_loader} = True</msg>
<status status="PASS" starttime="20220706 01:21:17.590" endtime="20220706 01:21:17.632"/>
</kw>
<kw name="Run Keyword If" library="BuiltIn">
<arg>${check_loader}</arg>
<arg>Wait Until Element Is Not Visible</arg>
<arg>${PRE_LOADER}</arg>
<doc>Runs the given keyword with the given arguments, if ``condition`` is true.</doc>
<kw name="Wait Until Element Is Not Visible" library="SeleniumLibrary">
<arg>${PRE_LOADER}</arg>
<doc>Waits until the element ``locator`` is not visible.</doc>
<status status="PASS" starttime="20220706 01:21:17.632" endtime="20220706 01:21:18.119"/>
</kw>
<status status="PASS" starttime="20220706 01:21:17.632" endtime="20220706 01:21:18.119"/>
</kw>
<status status="PASS" starttime="20220706 01:21:17.492" endtime="20220706 01:21:18.119"/>
</kw>
<kw name="Wait Until Element Is Visible" library="SeleniumLibrary">
<arg>${PAGE_END}</arg>
<doc>Waits until the element ``locator`` is visible.</doc>
<status status="PASS" starttime="20220706 01:21:18.120" endtime="20220706 01:21:18.133"/>
</kw>
<kw name="Run Keyword" library="BuiltIn">
<arg>Scroll to end of the page</arg>
<doc>Executes the given keyword with the given arguments.</doc>
<kw name="Scroll to end of the page" library="Footer">
<kw name="Run Keyword And Ignore Error" library="BuiltIn">
<arg>Scroll Element Into View</arg>
<arg>${PAGE_END}</arg>
<doc>Runs the given keyword with the given arguments and ignores possible error.</doc>
<kw name="Scroll Element Into View" library="SeleniumLibrary">
<arg>${PAGE_END}</arg>
<doc>Scrolls the element identified by ``locator`` into view.</doc>
<status status="PASS" starttime="20220706 01:21:18.134" endtime="20220706 01:21:18.417"/>
</kw>
<status status="PASS" starttime="20220706 01:21:18.134" endtime="20220706 01:21:18.417"/>
</kw>
<status status="PASS" starttime="20220706 01:21:18.134" endtime="20220706 01:21:18.417"/>
</kw>
<status status="PASS" starttime="20220706 01:21:18.134" endtime="20220706 01:21:18.418"/>
</kw>
<status status="PASS" starttime="20220706 01:21:16.705" endtime="20220706 01:21:18.418"/>
</iter>
<status status="PASS" starttime="20220706 01:20:59.708" endtime="20220706 01:21:18.418"/>
</for>
<status status="PASS" starttime="20220706 01:20:59.708" endtime="20220706 01:21:18.418"/>
</kw>
<status status="PASS" starttime="20220706 01:20:59.422" endtime="20220706 01:21:18.418"/>
</kw>
<kw name="End Baykar Web Test" library="Common" type="TEARDOWN">
<kw name="Close Browser" library="SeleniumLibrary">
<doc>Closes the current browser.</doc>
<status status="PASS" starttime="20220706 01:21:18.418" endtime="20220706 01:21:20.584"/>
</kw>
<status status="PASS" starttime="20220706 01:21:18.418" endtime="20220706 01:21:20.584"/>
</kw>
<doc>All visitors should be able navigate footer links</doc>
<tag>Footer</tag>
<tag>Smoke</tag>
<status status="PASS" starttime="20220706 01:20:45.600" endtime="20220706 01:21:20.585"/>
</test>
<test id="s1-s1-t8" name="Check System Page integration is Stable" line="72">
<kw name="Start Baykar Web Test" library="Common" type="SETUP">
<arg>${BROWSER}</arg>
<kw name="Open Browser" library="SeleniumLibrary">
<arg>about:blank</arg>
<arg>${BROWSER}</arg>
<doc>Opens a new browser instance to the optional ``url``.</doc>
<msg timestamp="20220706 01:21:20.587" level="INFO">Opening browser 'edge' to base url 'about:blank'.</msg>
<status status="PASS" starttime="20220706 01:21:20.587" endtime="20220706 01:21:21.643"/>
</kw>
<kw name="Maximize Browser Window" library="SeleniumLibrary">
<doc>Maximizes current browser window.</doc>
<status status="PASS" starttime="20220706 01:21:21.644" endtime="20220706 01:21:21.772"/>
</kw>
<status status="PASS" starttime="20220706 01:21:20.587" endtime="20220706 01:21:21.772"/>
</kw>
<kw name="Open Website" library="Common">
<arg>${SITE_URL}${RUN_LANG}</arg>
<kw name="Go To" library="SeleniumLibrary">
<arg>${SITE_URL}\/</arg>
<doc>Navigates the current browser window to the provided ``url``.</doc>
<msg timestamp="20220706 01:21:21.773" level="INFO">Opening url 'https://kariyer.baykartech.com/tr/'</msg>
<status status="PASS" starttime="20220706 01:21:21.773" endtime="20220706 01:21:33.862"/>
</kw>
<status status="PASS" starttime="20220706 01:21:21.772" endtime="20220706 01:21:33.863"/>
</kw>
<kw name="Verify Page Loaded" library="Common">
<arg>${RUN_LANG}</arg>
<doc>Verify all pages successfully loaded</doc>
<kw name="Wait Until Element Is Enabled" library="SeleniumLibrary">
<arg>${BAYKAR_LOGO_${LANG}}</arg>
<doc>Waits until the element ``locator`` is enabled.</doc>
<status status="PASS" starttime="20220706 01:21:33.863" endtime="20220706 01:21:33.892"/>
</kw>
<kw name="Run Keyword And Return Status" library="BuiltIn">
<var>${check_loader}</var>
<arg>Element Should Be Visible</arg>
<arg>${PRE_LOADER}</arg>
<doc>Runs the given keyword with given arguments and returns the status as a Boolean value.</doc>
<kw name="Element Should Be Visible" library="SeleniumLibrary">
<arg>${PRE_LOADER}</arg>
<doc>Verifies that the element identified by ``locator`` is visible.</doc>
<msg timestamp="20220706 01:21:33.912" level="INFO">Element 'xpath=//div[@class='se-pre-con']' is displayed.</msg>
<status status="PASS" starttime="20220706 01:21:33.893" endtime="20220706 01:21:33.912"/>
</kw>
<msg timestamp="20220706 01:21:33.912" level="INFO">${check_loader} = True</msg>
<status status="PASS" starttime="20220706 01:21:33.892" endtime="20220706 01:21:33.912"/>
</kw>
<kw name="Run Keyword If" library="BuiltIn">
<arg>${check_loader}</arg>
<arg>Wait Until Element Is Not Visible</arg>
<arg>${PRE_LOADER}</arg>
<doc>Runs the given keyword with the given arguments, if ``condition`` is true.</doc>
<kw name="Wait Until Element Is Not Visible" library="SeleniumLibrary">
<arg>${PRE_LOADER}</arg>
<doc>Waits until the element ``locator`` is not visible.</doc>
<status status="PASS" starttime="20220706 01:21:33.913" endtime="20220706 01:21:34.587"/>
</kw>
<status status="PASS" starttime="20220706 01:21:33.912" endtime="20220706 01:21:34.587"/>
</kw>
<status status="PASS" starttime="20220706 01:21:33.863" endtime="20220706 01:21:34.587"/>
</kw>
<kw name="Navigate &quot;Career&quot; page to &quot;Open Positions&quot; Section" library="Kariyer.Baykartech.App">
<kw name="Click &quot;Yerleşkelerimiz&quot; Dropdown" library="Navbar">
<doc>Clicks Yerleşkelerimiz dropdown in Kariyer section</doc>
<kw name="Set Variable" library="BuiltIn">
<var>${sec_num}</var>
<arg>${KARIYER_SECTION_NUMBER}</arg>
<doc>Returns the given values which can then be assigned to a variables.</doc>
<msg timestamp="20220706 01:21:34.589" level="INFO">${sec_num} = 1</msg>
<status status="PASS" starttime="20220706 01:21:34.589" endtime="20220706 01:21:34.589"/>
</kw>
<kw name="Run Keyword" library="BuiltIn">
<arg>Mouse Over "Kariyer" Section</arg>
<doc>Executes the given keyword with the given arguments.</doc>
<kw name="Mouse Over &quot;Kariyer&quot; Section" library="Navbar">
<doc>first section in navbar</doc>
<kw name="Set Variable" library="BuiltIn">
<var>${sec_num}</var>
<arg>${KARIYER_SECTION_NUMBER}</arg>
<doc>Returns the given values which can then be assigned to a variables.</doc>
<msg timestamp="20220706 01:21:34.590" level="INFO">${sec_num} = 1</msg>
<status status="PASS" starttime="20220706 01:21:34.590" endtime="20220706 01:21:34.590"/>
</kw>
<kw name="Mouse Over" library="SeleniumLibrary">
<arg>${NAVBAR_SECTION}\[${sec_num}\]</arg>
<doc>Simulates hovering the mouse over the element ``locator``.</doc>
<msg timestamp="20220706 01:21:34.590" level="INFO">Simulating Mouse Over on element 'xpath=//*[@id="navbar-menu"]/ul/li[1]'.</msg>
<status status="PASS" starttime="20220706 01:21:34.590" endtime="20220706 01:21:34.867"/>
</kw>
<kw name="Wait Until Element Is Visible" library="SeleniumLibrary">
<arg>${NAVBAR_SECTION}\[${sec_num}\]${DROPDOWN_ELEMENT}\[1]/a</arg>
<doc>Waits until the element ``locator`` is visible.</doc>
<status status="PASS" starttime="20220706 01:21:34.867" endtime="20220706 01:21:34.884"/>
</kw>
<status status="PASS" starttime="20220706 01:21:34.590" endtime="20220706 01:21:34.884"/>
</kw>
<status status="PASS" starttime="20220706 01:21:34.589" endtime="20220706 01:21:34.884"/>
</kw>
<kw name="Click Link" library="SeleniumLibrary">
<arg>${NAVBAR_SECTION}\[${sec_num}\]${DROPDOWN_ELEMENT}\[1]/a</arg>
<doc>Clicks a link identified by ``locator``.</doc>
<msg timestamp="20220706 01:21:34.884" level="INFO">Clicking link 'xpath=//*[@id="navbar-menu"]/ul/li[1]/ul/li[1]/a'.</msg>
<status status="PASS" starttime="20220706 01:21:34.884" endtime="20220706 01:21:34.922"/>
</kw>
<status status="PASS" starttime="20220706 01:21:34.588" endtime="20220706 01:21:34.922"/>
</kw>
<kw name="Run Keyword And Continue On Failure" library="BuiltIn">
<arg>Kariyer.Verify "Yerleşkelerimiz" in show</arg>
<doc>Runs the keyword and continues execution even if a failure occurs.</doc>
<kw name="Verify &quot;Yerleşkelerimiz&quot; in show" library="Kariyer">
<kw name="Wait Until Element Is Visible" library="SeleniumLibrary">
<arg>${YERLESKELER_VERIFY_ELEMENT}</arg>
<doc>Waits until the element ``locator`` is visible.</doc>
<status status="PASS" starttime="20220706 01:21:34.923" endtime="20220706 01:21:34.939"/>
</kw>
<kw name="Page Should Contain Element" library="SeleniumLibrary">
<arg>${YERLESKELER_VERIFY_ELEMENT}</arg>
<doc>Verifies that element ``locator`` is found on the current page.</doc>
<msg timestamp="20220706 01:21:34.953" level="INFO">Current page contains element 'xpath=//ul[@class='nav nav-pills']//a[@href='#campus1']'.</msg>
<status status="PASS" starttime="20220706 01:21:34.940" endtime="20220706 01:21:34.953"/>
</kw>
<status status="PASS" starttime="20220706 01:21:34.922" endtime="20220706 01:21:34.953"/>
</kw>
<status status="PASS" starttime="20220706 01:21:34.922" endtime="20220706 01:21:34.953"/>
</kw>
<kw name="Click &quot;Açık Pozisyonlar&quot; Section" library="Navbar">
<kw name="Set Variable" library="BuiltIn">
<var>${sec_num}</var>
<arg>${OPENPOZ_SECTION_NUMBER}</arg>
<doc>Returns the given values which can then be assigned to a variables.</doc>
<msg timestamp="20220706 01:21:34.953" level="INFO">${sec_num} = 2</msg>
<status status="PASS" starttime="20220706 01:21:34.953" endtime="20220706 01:21:34.953"/>
</kw>
<kw name="Click Link" library="SeleniumLibrary">
<arg>${NAVBAR_SECTION}\[${sec_num}\]/a</arg>
<doc>Clicks a link identified by ``locator``.</doc>
<msg timestamp="20220706 01:21:34.953" level="INFO">Clicking link 'xpath=//*[@id="navbar-menu"]/ul/li[2]/a'.</msg>
<status status="PASS" starttime="20220706 01:21:34.953" endtime="20220706 01:21:34.993"/>
</kw>
<status status="PASS" starttime="20220706 01:21:34.953" endtime="20220706 01:21:34.994"/>
</kw>
<kw name="Run Keyword And Continue On Failure" library="BuiltIn">
<arg>Homepage.Verify Section is Visible</arg>
<arg>${OPEN_POZ_SECTION}</arg>
<doc>Runs the keyword and continues execution even if a failure occurs.</doc>
<kw name="Verify Section is Visible" library="Homepage">
<arg>${OPEN_POZ_SECTION}</arg>
<kw name="Wait Until Element Is Visible" library="SeleniumLibrary">
<arg>${SECTION_ELEMENT}</arg>
<doc>Waits until the element ``locator`` is visible.</doc>
<status status="PASS" starttime="20220706 01:21:34.994" endtime="20220706 01:21:35.010"/>
</kw>
<kw name="Element Should Be Visible" library="SeleniumLibrary">
<arg>${SECTION_ELEMENT}</arg>
<doc>Verifies that the element identified by ``locator`` is visible.</doc>
<msg timestamp="20220706 01:21:35.023" level="INFO">Element 'css=div[id='services']' is displayed.</msg>
<status status="PASS" starttime="20220706 01:21:35.010" endtime="20220706 01:21:35.023"/>
</kw>
<status status="PASS" starttime="20220706 01:21:34.994" endtime="20220706 01:21:35.023"/>
</kw>
<status status="PASS" starttime="20220706 01:21:34.994" endtime="20220706 01:21:35.023"/>
</kw>
<status status="PASS" starttime="20220706 01:21:34.588" endtime="20220706 01:21:35.023"/>
</kw>
<kw name="Navigate &quot;Intern&quot; page to &quot;Open Positions&quot; Section" library="Kariyer.Baykartech.App">
<kw name="Click &quot;Staj Dönemleri&quot; Dropdown" library="Navbar">
<doc>Clicks Staj Dönemleri dropdown in Staj section</doc>
<kw name="Set Variable" library="BuiltIn">
<var>${sec_num}</var>
<arg>${STAJ_SECTION_NUMBER}</arg>
<doc>Returns the given values which can then be assigned to a variables.</doc>
<msg timestamp="20220706 01:21:35.024" level="INFO">${sec_num} = 3</msg>
<status status="PASS" starttime="20220706 01:21:35.024" endtime="20220706 01:21:35.024"/>
</kw>
<kw name="Run Keyword" library="BuiltIn">
<arg>Mouse Over "Staj" Section</arg>
<doc>Executes the given keyword with the given arguments.</doc>
<kw name="Mouse Over &quot;Staj&quot; Section" library="Navbar">
<kw name="Set Variable" library="BuiltIn">
<var>${sec_num}</var>
<arg>${STAJ_SECTION_NUMBER}</arg>
<doc>Returns the given values which can then be assigned to a variables.</doc>
<msg timestamp="20220706 01:21:35.024" level="INFO">${sec_num} = 3</msg>
<status status="PASS" starttime="20220706 01:21:35.024" endtime="20220706 01:21:35.024"/>
</kw>
<kw name="Mouse Over" library="SeleniumLibrary">
<arg>${NAVBAR_SECTION}\[${sec_num}\]</arg>
<doc>Simulates hovering the mouse over the element ``locator``.</doc>
<msg timestamp="20220706 01:21:35.024" level="INFO">Simulating Mouse Over on element 'xpath=//*[@id="navbar-menu"]/ul/li[3]'.</msg>
<status status="PASS" starttime="20220706 01:21:35.024" endtime="20220706 01:21:35.302"/>
</kw>
<kw name="Wait Until Element Is Visible" library="SeleniumLibrary">
<arg>${NAVBAR_SECTION}\[${sec_num}\]${DROPDOWN_ELEMENT}\[1]/a</arg>
<doc>Waits until the element ``locator`` is visible.</doc>
<status status="PASS" starttime="20220706 01:21:35.302" endtime="20220706 01:21:35.321"/>
</kw>
<status status="PASS" starttime="20220706 01:21:35.024" endtime="20220706 01:21:35.321"/>
</kw>
<status status="PASS" starttime="20220706 01:21:35.024" endtime="20220706 01:21:35.321"/>
</kw>
<kw name="Click Link" library="SeleniumLibrary">
<arg>${NAVBAR_SECTION}\[${sec_num}\]${DROPDOWN_ELEMENT}\[1]/a</arg>
<doc>Clicks a link identified by ``locator``.</doc>
<msg timestamp="20220706 01:21:35.322" level="INFO">Clicking link 'xpath=//*[@id="navbar-menu"]/ul/li[3]/ul/li[1]/a'.</msg>
<status status="PASS" starttime="20220706 01:21:35.322" endtime="20220706 01:21:36.375"/>
</kw>
<status status="PASS" starttime="20220706 01:21:35.024" endtime="20220706 01:21:36.375"/>
</kw>
<kw name="Run Keyword And Continue On Failure" library="BuiltIn">
<arg>Staj.Verify "Staj Dönemleri" in show</arg>
<doc>Runs the keyword and continues execution even if a failure occurs.</doc>
<kw name="Verify &quot;Staj Dönemleri&quot; in show" library="Staj">
<kw name="Wait Until Element Is Visible" library="SeleniumLibrary">
<arg>${DONEM_VERIFY_ELEMENT}</arg>
<doc>Waits until the element ``locator`` is visible.</doc>
<status status="PASS" starttime="20220706 01:21:36.376" endtime="20220706 01:21:36.392"/>
</kw>
<kw name="Page Should Contain Element" library="SeleniumLibrary">
<arg>${DONEM_VERIFY_ELEMENT}</arg>
<doc>Verifies that element ``locator`` is found on the current page.</doc>
<msg timestamp="20220706 01:21:36.400" level="INFO">Current page contains element 'xpath=//div[@id='seasons']'.</msg>
<status status="PASS" starttime="20220706 01:21:36.392" endtime="20220706 01:21:36.400"/>
</kw>
<status status="PASS" starttime="20220706 01:21:36.376" endtime="20220706 01:21:36.401"/>
</kw>
<status status="PASS" starttime="20220706 01:21:36.375" endtime="20220706 01:21:36.401"/>
</kw>
<kw name="Click &quot;Açık Pozisyonlar&quot; Section" library="Navbar">
<kw name="Set Variable" library="BuiltIn">
<var>${sec_num}</var>
<arg>${OPENPOZ_SECTION_NUMBER}</arg>
<doc>Returns the given values which can then be assigned to a variables.</doc>
<msg timestamp="20220706 01:21:36.401" level="INFO">${sec_num} = 2</msg>
<status status="PASS" starttime="20220706 01:21:36.401" endtime="20220706 01:21:36.401"/>
</kw>
<kw name="Click Link" library="SeleniumLibrary">
<arg>${NAVBAR_SECTION}\[${sec_num}\]/a</arg>
<doc>Clicks a link identified by ``locator``.</doc>
<msg timestamp="20220706 01:21:36.402" level="INFO">Clicking link 'xpath=//*[@id="navbar-menu"]/ul/li[2]/a'.</msg>
<status status="PASS" starttime="20220706 01:21:36.401" endtime="20220706 01:21:37.015"/>
</kw>
<status status="PASS" starttime="20220706 01:21:36.401" endtime="20220706 01:21:37.015"/>
</kw>
<kw name="Run Keyword And Continue On Failure" library="BuiltIn">
<arg>Homepage.Verify Section is Visible</arg>
<arg>${OPEN_POZ_SECTION}</arg>
<doc>Runs the keyword and continues execution even if a failure occurs.</doc>
<kw name="Verify Section is Visible" library="Homepage">
<arg>${OPEN_POZ_SECTION}</arg>
<kw name="Wait Until Element Is Visible" library="SeleniumLibrary">
<arg>${SECTION_ELEMENT}</arg>
<doc>Waits until the element ``locator`` is visible.</doc>
<status status="PASS" starttime="20220706 01:21:37.016" endtime="20220706 01:21:37.035"/>
</kw>
<kw name="Element Should Be Visible" library="SeleniumLibrary">
<arg>${SECTION_ELEMENT}</arg>
<doc>Verifies that the element identified by ``locator`` is visible.</doc>
<msg timestamp="20220706 01:21:37.048" level="INFO">Element 'css=div[id='services']' is displayed.</msg>
<status status="PASS" starttime="20220706 01:21:37.035" endtime="20220706 01:21:37.049"/>
</kw>
<status status="PASS" starttime="20220706 01:21:37.015" endtime="20220706 01:21:37.049"/>
</kw>
<status status="PASS" starttime="20220706 01:21:37.015" endtime="20220706 01:21:37.049"/>
</kw>
<status status="PASS" starttime="20220706 01:21:35.023" endtime="20220706 01:21:37.049"/>
</kw>
<kw name="End Baykar Web Test" library="Common" type="TEARDOWN">
<kw name="Close Browser" library="SeleniumLibrary">
<doc>Closes the current browser.</doc>
<status status="PASS" starttime="20220706 01:21:37.050" endtime="20220706 01:21:39.204"/>
</kw>
<status status="PASS" starttime="20220706 01:21:37.049" endtime="20220706 01:21:39.204"/>
</kw>
<doc>All pages in website should be integrated with others</doc>
<tag>I-01</tag>
<tag>Integration</tag>
<status status="PASS" starttime="20220706 01:21:20.586" endtime="20220706 01:21:39.205"/>
</test>
<doc>This test file includes all tests for *kariyer.baykartech.com*,
if you wanna change Browser or Runtime Language go to *Variables* section in this file.</doc>
<status status="PASS" starttime="20220706 01:18:07.398" endtime="20220706 01:21:39.206"/>
</suite>
<status status="PASS" starttime="20220706 01:18:07.378" endtime="20220706 01:21:39.208"/>
</suite>
<statistics>
<total>
<stat pass="8" fail="0" skip="0">All Tests</stat>
</total>
<tag>
<stat pass="1" fail="0" skip="0">Common</stat>
<stat pass="1" fail="0" skip="0">Footer</stat>
<stat pass="1" fail="0" skip="0">Forget Password</stat>
<stat pass="1" fail="0" skip="0">I-01</stat>
<stat pass="1" fail="0" skip="0">Integration</stat>
<stat pass="1" fail="0" skip="0">Life in Baykar Slider</stat>
<stat pass="1" fail="0" skip="0">Login</stat>
<stat pass="1" fail="0" skip="0">Main Slider</stat>
<stat pass="1" fail="0" skip="0">Navbar Career</stat>
<stat pass="1" fail="0" skip="0">Navbar Common</stat>
<stat pass="1" fail="0" skip="0">Navbar Intern</stat>
<stat pass="1" fail="0" skip="0">Open Pos Slider</stat>
<stat pass="1" fail="0" skip="0">Sign Up</stat>
<stat pass="7" fail="0" skip="0">Smoke</stat>
<stat pass="1" fail="0" skip="0">SSS Panels</stat>
</tag>
<suite>
<stat pass="8" fail="0" skip="0" id="s1" name="Tests">Tests</stat>
<stat pass="8" fail="0" skip="0" id="s1-s1" name="Kariyer.Baykartech">Tests.Kariyer.Baykartech</stat>
</suite>
</statistics>
<errors>
</errors>
</robot>
