<?xml version="1.0" encoding="UTF-8"?>
<robot generator="Robot 5.0.1 (Python 3.9.7 on win32)" generated="20220617 01:58:47.485" rpa="false" schemaversion="3">
<suite id="s1" name="Tests" source="C:\Users\byuks\Desktop\QA\QA-Test-Automation-Baykar\tests">
<suite id="s1-s1" name="Kariyer.Baykartech" source="C:\Users\byuks\Desktop\QA\QA-Test-Automation-Baykar\tests\Kariyer.Baykartech.robot">
<test id="s1-s1-t1" name="Visitor should be see login page" line="27">
<kw name="Start Baykar Web Test" library="Common" type="SETUP">
<arg>${BROWSER}</arg>
<kw name="Open Browser" library="SeleniumLibrary">
<arg>about:blank</arg>
<arg>${BROWSER}</arg>
<doc>Opens a new browser instance to the optional ``url``.</doc>
<msg timestamp="20220617 01:58:47.687" level="INFO">Opening browser 'chrome' to base url 'about:blank'.</msg>
<status status="PASS" starttime="20220617 01:58:47.687" endtime="20220617 01:58:48.741"/>
</kw>
<kw name="Maximize Browser Window" library="SeleniumLibrary">
<doc>Maximizes current browser window.</doc>
<status status="PASS" starttime="20220617 01:58:48.741" endtime="20220617 01:58:48.859"/>
</kw>
<status status="PASS" starttime="20220617 01:58:47.687" endtime="20220617 01:58:48.859"/>
</kw>
<kw name="Open Website" library="Common">
<arg>${SITE_URL}${RUN_LANG}</arg>
<kw name="Go To" library="SeleniumLibrary">
<arg>${SITE_URL}</arg>
<doc>Navigates the current browser window to the provided ``url``.</doc>
<msg timestamp="20220617 01:58:48.860" level="INFO">Opening url 'https://kariyer.baykartech.com/tr'</msg>
<status status="PASS" starttime="20220617 01:58:48.860" endtime="20220617 01:58:53.456"/>
</kw>
<status status="PASS" starttime="20220617 01:58:48.860" endtime="20220617 01:58:53.456"/>
</kw>
<kw name="Click login button as not signed user" library="Kariyer.Baykartech.App">
<arg>${RUN_LANG}</arg>
<kw name="Click &quot;Dashboard/Login&quot; button" library="Navbar">
<arg>${LANG}</arg>
<doc>Clicks dashboard button by lang, in navbar located right</doc>
<kw name="Set Variable" library="BuiltIn">
<var>${NAVBAR_DASHBOARD_BUTTON}</var>
<arg>xpath=//a[contains(@href, '/${LANG}/dashboard')]</arg>
<doc>Returns the given values which can then be assigned to a variables.</doc>
<msg timestamp="20220617 01:58:53.458" level="INFO">${NAVBAR_DASHBOARD_BUTTON} = xpath=//a[contains(@href, '/tr/dashboard')]</msg>
<status status="PASS" starttime="20220617 01:58:53.458" endtime="20220617 01:58:53.458"/>
</kw>
<kw name="Click Link" library="SeleniumLibrary">
<arg>${NAVBAR_DASHBOARD_BUTTON}</arg>
<doc>Clicks a link identified by ``locator``.</doc>
<msg timestamp="20220617 01:58:53.458" level="INFO">Clicking link 'xpath=//a[contains(@href, '/tr/dashboard')]'.</msg>
<status status="PASS" starttime="20220617 01:58:53.458" endtime="20220617 01:58:54.920"/>
</kw>
<status status="PASS" starttime="20220617 01:58:53.457" endtime="20220617 01:58:54.921"/>
</kw>
<kw name="Verify Page Loaded" library="Sign-In">
<kw name="Wait Until Element Is Visible" library="SeleniumLibrary">
<arg>${SIGN_IN_ELEMENT}</arg>
<doc>Waits until the element ``locator`` is visible.</doc>
<status status="PASS" starttime="20220617 01:58:54.921" endtime="20220617 01:58:54.940"/>
</kw>
<kw name="Page Should Contain Button" library="SeleniumLibrary">
<arg>${SIGN_IN_ELEMENT}</arg>
<doc>Verifies button ``locator`` is found from current page.</doc>
<msg timestamp="20220617 01:58:54.963" level="INFO">Current page contains button 'xpath=//button[@id='kt_sign_in_submit']'.</msg>
<status status="PASS" starttime="20220617 01:58:54.940" endtime="20220617 01:58:54.963"/>
</kw>
<status status="PASS" starttime="20220617 01:58:54.921" endtime="20220617 01:58:54.963"/>
</kw>
<status status="PASS" starttime="20220617 01:58:53.457" endtime="20220617 01:58:54.963"/>
</kw>
<kw name="End Baykar Web Test" library="Common" type="TEARDOWN">
<kw name="Close Browser" library="SeleniumLibrary">
<doc>Closes the current browser.</doc>
<status status="PASS" starttime="20220617 01:58:54.964" endtime="20220617 01:58:57.059"/>
</kw>
<status status="PASS" starttime="20220617 01:58:54.964" endtime="20220617 01:58:57.060"/>
</kw>
<doc>All visitors should be see login page as not signed user</doc>
<tag>Login</tag>
<tag>Smoke</tag>
<status status="PASS" starttime="20220617 01:58:47.686" endtime="20220617 01:58:57.060"/>
</test>
<status status="PASS" starttime="20220617 01:58:47.504" endtime="20220617 01:58:57.061"/>
</suite>
<status status="PASS" starttime="20220617 01:58:47.487" endtime="20220617 01:58:57.063"/>
</suite>
<statistics>
<total>
<stat pass="1" fail="0" skip="0">All Tests</stat>
</total>
<tag>
<stat pass="1" fail="0" skip="0">Login</stat>
<stat pass="1" fail="0" skip="0">Smoke</stat>
</tag>
<suite>
<stat pass="1" fail="0" skip="0" id="s1" name="Tests">Tests</stat>
<stat pass="1" fail="0" skip="0" id="s1-s1" name="Kariyer.Baykartech">Tests.Kariyer.Baykartech</stat>
</suite>
</statistics>
<errors>
<msg timestamp="20220617 01:58:47.677" level="WARN">Imported resource file 'C:\Users\byuks\Desktop\QA\QA-Test-Automation-Baykar\Resources\PO\Footer.robot' is empty.</msg>
<msg timestamp="20220617 01:58:47.680" level="WARN">Imported resource file 'C:\Users\byuks\Desktop\QA\QA-Test-Automation-Baykar\Resources\PO\Kariyer.robot' is empty.</msg>
<msg timestamp="20220617 01:58:47.681" level="WARN">Imported resource file 'C:\Users\byuks\Desktop\QA\QA-Test-Automation-Baykar\Resources\PO\Staj.robot' is empty.</msg>
</errors>
</robot>
