<?xml version="1.0" encoding="UTF-8"?>
<robot generator="Robot 5.0.1 (Python 3.9.7 on win32)" generated="20220701 02:19:23.375" rpa="false" schemaversion="3">
<suite id="s1" name="Tests" source="C:\Users\byuks\Desktop\QA\QA-Test-Automation-Baykar\tests">
<suite id="s1-s1" name="Kariyer.Baykartech" source="C:\Users\byuks\Desktop\QA\QA-Test-Automation-Baykar\tests\Kariyer.Baykartech.robot">
<test id="s1-s1-t1" name="Visitor should be able click and see all &quot;Footer&quot; elements" line="65">
<kw name="Start Baykar Web Test" library="Common" type="SETUP">
<arg>${BROWSER}</arg>
<kw name="Open Browser" library="SeleniumLibrary">
<arg>about:blank</arg>
<arg>${BROWSER}</arg>
<doc>Opens a new browser instance to the optional ``url``.</doc>
<msg timestamp="20220701 02:19:23.626" level="INFO">Opening browser 'chrome' to base url 'about:blank'.</msg>
<status status="PASS" starttime="20220701 02:19:23.626" endtime="20220701 02:19:24.723"/>
</kw>
<kw name="Maximize Browser Window" library="SeleniumLibrary">
<doc>Maximizes current browser window.</doc>
<status status="PASS" starttime="20220701 02:19:24.724" endtime="20220701 02:19:24.843"/>
</kw>
<status status="PASS" starttime="20220701 02:19:23.625" endtime="20220701 02:19:24.843"/>
</kw>
<kw name="Open Website" library="Common">
<arg>${SITE_URL}${RUN_LANG}</arg>
<kw name="Go To" library="SeleniumLibrary">
<arg>${SITE_URL}\/</arg>
<doc>Navigates the current browser window to the provided ``url``.</doc>
<msg timestamp="20220701 02:19:24.845" level="INFO">Opening url 'https://kariyer.baykartech.com/en/'</msg>
<status status="PASS" starttime="20220701 02:19:24.845" endtime="20220701 02:19:32.002"/>
</kw>
<status status="PASS" starttime="20220701 02:19:24.844" endtime="20220701 02:19:32.002"/>
</kw>
<kw name="Verify Page Loaded" library="Common">
<arg>${RUN_LANG}</arg>
<doc>Verify all pages successfully loaded</doc>
<kw name="Wait Until Element Is Enabled" library="SeleniumLibrary">
<arg>${BAYKAR_LOGO_${LANG}}</arg>
<doc>Waits until the element ``locator`` is enabled.</doc>
<status status="PASS" starttime="20220701 02:19:32.003" endtime="20220701 02:19:32.032"/>
</kw>
<kw name="Run Keyword And Return Status" library="BuiltIn">
<var>${check_loader}</var>
<arg>Element Should Be Visible</arg>
<arg>${PRE_LOADER}</arg>
<doc>Runs the given keyword with given arguments and returns the status as a Boolean value.</doc>
<kw name="Element Should Be Visible" library="SeleniumLibrary">
<arg>${PRE_LOADER}</arg>
<doc>Verifies that the element identified by ``locator`` is visible.</doc>
<msg timestamp="20220701 02:19:32.052" level="INFO">Element 'xpath=//div[@class='se-pre-con']' is displayed.</msg>
<status status="PASS" starttime="20220701 02:19:32.032" endtime="20220701 02:19:32.052"/>
</kw>
<msg timestamp="20220701 02:19:32.052" level="INFO">${check_loader} = True</msg>
<status status="PASS" starttime="20220701 02:19:32.032" endtime="20220701 02:19:32.052"/>
</kw>
<kw name="Run Keyword If" library="BuiltIn">
<arg>${check_loader}</arg>
<arg>Wait Until Element Is Not Visible</arg>
<arg>${PRE_LOADER}</arg>
<doc>Runs the given keyword with the given arguments, if ``condition`` is true.</doc>
<kw name="Wait Until Element Is Not Visible" library="SeleniumLibrary">
<arg>${PRE_LOADER}</arg>
<doc>Waits until the element ``locator`` is not visible.</doc>
<status status="PASS" starttime="20220701 02:19:32.053" endtime="20220701 02:19:32.726"/>
</kw>
<status status="PASS" starttime="20220701 02:19:32.052" endtime="20220701 02:19:32.726"/>
</kw>
<status status="PASS" starttime="20220701 02:19:32.003" endtime="20220701 02:19:32.726"/>
</kw>
<kw name="Navigate &quot;Footer&quot; Elements" library="Kariyer.Baykartech.App">
<arg>${RUN_LANG}</arg>
<kw name="Scroll to end of the page" library="Footer">
<kw name="Run Keyword And Ignore Error" library="BuiltIn">
<arg>Scroll Element Into View</arg>
<arg>${PAGE_END}</arg>
<doc>Runs the given keyword with the given arguments and ignores possible error.</doc>
<kw name="Scroll Element Into View" library="SeleniumLibrary">
<arg>${PAGE_END}</arg>
<doc>Scrolls the element identified by ``locator`` into view.</doc>
<status status="PASS" starttime="20220701 02:19:32.728" endtime="20220701 02:19:33.015"/>
</kw>
<status status="PASS" starttime="20220701 02:19:32.727" endtime="20220701 02:19:33.015"/>
</kw>
<status status="PASS" starttime="20220701 02:19:32.727" endtime="20220701 02:19:33.015"/>
</kw>
<kw name="Navigate footer elements in loop" library="Footer">
<arg>${LANG}</arg>
<doc>Clicks all footer links by created list</doc>
<for flavor="IN ZIP">
<var>${LINK_TR}</var>
<var>${LINK_EN}</var>
<value>${FOOTER_LINKS_TR}</value>
<value>${FOOTER_LINKS_EN}</value>
<iter>
<var name="${LINK_TR}">xpath=//footer//a[.="Hakkımızda"]</var>
<var name="${LINK_EN}">xpath=//footer//a[.="About Us"]</var>
<kw name="Run Keyword If" library="BuiltIn">
<arg>"${LANG}" == "tr"</arg>
<arg>Click Link</arg>
<arg>${LINK_TR}</arg>
<arg>ELSE IF</arg>
<arg>"${LANG}" == "en"</arg>
<arg>Click Link</arg>
<arg>${LINK_EN}</arg>
<doc>Runs the given keyword with the given arguments, if ``condition`` is true.</doc>
<kw name="Click Link" library="SeleniumLibrary">
<arg>${LINK_EN}</arg>
<doc>Clicks a link identified by ``locator``.</doc>
<msg timestamp="20220701 02:19:33.017" level="INFO">Clicking link 'xpath=//footer//a[.="About Us"]'.</msg>
<status status="PASS" starttime="20220701 02:19:33.017" endtime="20220701 02:19:34.296"/>
</kw>
<status status="PASS" starttime="20220701 02:19:33.017" endtime="20220701 02:19:34.296"/>
</kw>
<kw name="Check Baykar's Main Site By Argument" library="Baykartech.App">
<var>${con}</var>
<arg>${LINK_EN}</arg>
<arg>${LANG}</arg>
<kw name="Evaluate" library="BuiltIn">
<var>${ABOUT_CON}</var>
<arg>"${ABOUT_US_TEXTS_${LANG}}" in """${PAGE}"""</arg>
<doc>Evaluates the given expression in Python and returns the result.</doc>
<msg timestamp="20220701 02:19:34.297" level="INFO">${ABOUT_CON} = True</msg>
<status status="PASS" starttime="20220701 02:19:34.296" endtime="20220701 02:19:34.297"/>
</kw>
<kw name="Evaluate" library="BuiltIn">
<var>${MANAG_CON}</var>
<arg>"${MANAGEMENT_TEXTS_${LANG}}" in """${PAGE}"""</arg>
<doc>Evaluates the given expression in Python and returns the result.</doc>
<msg timestamp="20220701 02:19:34.297" level="INFO">${MANAG_CON} = False</msg>
<status status="PASS" starttime="20220701 02:19:34.297" endtime="20220701 02:19:34.297"/>
</kw>
<kw name="Evaluate" library="BuiltIn">
<var>${HISTO_CON}</var>
<arg>"${HISTORY_TEXTS_${LANG}}" in """${PAGE}"""</arg>
<doc>Evaluates the given expression in Python and returns the result.</doc>
<msg timestamp="20220701 02:19:34.297" level="INFO">${HISTO_CON} = False</msg>
<status status="PASS" starttime="20220701 02:19:34.297" endtime="20220701 02:19:34.297"/>
</kw>
<kw name="Run Keyword If" library="BuiltIn">
<arg>${ABOUT_CON}</arg>
<arg>About.Verify Page Loaded</arg>
<arg>ELSE IF</arg>
<arg>${MANAG_CON}</arg>
<arg>Management.Verify Page Loaded</arg>
<arg>ELSE IF</arg>
<arg>${HISTO_CON}</arg>
<arg>History.Verify Page Loaded</arg>
<doc>Runs the given keyword with the given arguments, if ``condition`` is true.</doc>
<kw name="Verify Page Loaded" library="About">
<kw name="Page Should Contain Element" library="SeleniumLibrary">
<arg>${BAYKAR_MAIN_ABOUT_VERIFY_ELEMENT}</arg>
<doc>Verifies that element ``locator`` is found on the current page.</doc>
<msg timestamp="20220701 02:19:34.308" level="INFO">Current page contains element 'xpath=//div[@class='aboutText']'.</msg>
<status status="PASS" starttime="20220701 02:19:34.298" endtime="20220701 02:19:34.308"/>
</kw>
<kw name="Scroll Element Into View" library="SeleniumLibrary">
<arg>${BAYKAR_MAIN_ABOUT_VERIFY_ELEMENT}</arg>
<doc>Scrolls the element identified by ``locator`` into view.</doc>
<status status="PASS" starttime="20220701 02:19:34.308" endtime="20220701 02:19:34.581"/>
</kw>
<kw name="Wait Until Element Is Visible" library="SeleniumLibrary">
<arg>${BAYKAR_MAIN_ABOUT_VERIFY_ELEMENT}</arg>
<doc>Waits until the element ``locator`` is visible.</doc>
<status status="PASS" starttime="20220701 02:19:34.581" endtime="20220701 02:19:34.596"/>
</kw>
<status status="PASS" starttime="20220701 02:19:34.298" endtime="20220701 02:19:34.596"/>
</kw>
<status status="PASS" starttime="20220701 02:19:34.297" endtime="20220701 02:19:34.596"/>
</kw>
<msg timestamp="20220701 02:19:34.596" level="INFO">${con} = True</msg>
<status status="PASS" starttime="20220701 02:19:34.296" endtime="20220701 02:19:34.596"/>
</kw>
<kw name="Run Keyword If" library="BuiltIn">
<arg>${con}</arg>
<arg>Go Back</arg>
<doc>Runs the given keyword with the given arguments, if ``condition`` is true.</doc>
<kw name="Go Back" library="SeleniumLibrary">
<doc>Simulates the user clicking the back button on their browser.</doc>
<status status="PASS" starttime="20220701 02:19:34.596" endtime="20220701 02:19:35.218"/>
</kw>
<status status="PASS" starttime="20220701 02:19:34.596" endtime="20220701 02:19:35.219"/>
</kw>
<kw name="Verify Page Loaded" library="Common">
<arg>${LANG}</arg>
<doc>Verify all pages successfully loaded</doc>
<kw name="Wait Until Element Is Enabled" library="SeleniumLibrary">
<arg>${BAYKAR_LOGO_${LANG}}</arg>
<doc>Waits until the element ``locator`` is enabled.</doc>
<status status="PASS" starttime="20220701 02:19:35.219" endtime="20220701 02:19:35.273"/>
</kw>
<kw name="Run Keyword And Return Status" library="BuiltIn">
<var>${check_loader}</var>
<arg>Element Should Be Visible</arg>
<arg>${PRE_LOADER}</arg>
<doc>Runs the given keyword with given arguments and returns the status as a Boolean value.</doc>
<kw name="Element Should Be Visible" library="SeleniumLibrary">
<arg>${PRE_LOADER}</arg>
<doc>Verifies that the element identified by ``locator`` is visible.</doc>
<msg timestamp="20220701 02:19:35.342" level="INFO">Element 'xpath=//div[@class='se-pre-con']' is displayed.</msg>
<status status="PASS" starttime="20220701 02:19:35.273" endtime="20220701 02:19:35.342"/>
</kw>
<msg timestamp="20220701 02:19:35.342" level="INFO">${check_loader} = True</msg>
<status status="PASS" starttime="20220701 02:19:35.273" endtime="20220701 02:19:35.342"/>
</kw>
<kw name="Run Keyword If" library="BuiltIn">
<arg>${check_loader}</arg>
<arg>Wait Until Element Is Not Visible</arg>
<arg>${PRE_LOADER}</arg>
<doc>Runs the given keyword with the given arguments, if ``condition`` is true.</doc>
<kw name="Wait Until Element Is Not Visible" library="SeleniumLibrary">
<arg>${PRE_LOADER}</arg>
<doc>Waits until the element ``locator`` is not visible.</doc>
<status status="PASS" starttime="20220701 02:19:35.343" endtime="20220701 02:19:36.040"/>
</kw>
<status status="PASS" starttime="20220701 02:19:35.342" endtime="20220701 02:19:36.040"/>
</kw>
<status status="PASS" starttime="20220701 02:19:35.219" endtime="20220701 02:19:36.040"/>
</kw>
<kw name="Wait Until Element Is Visible" library="SeleniumLibrary">
<arg>${PAGE_END}</arg>
<doc>Waits until the element ``locator`` is visible.</doc>
<status status="PASS" starttime="20220701 02:19:36.040" endtime="20220701 02:19:36.053"/>
</kw>
<kw name="Run Keyword" library="BuiltIn">
<arg>Scroll to end of the page</arg>
<doc>Executes the given keyword with the given arguments.</doc>
<kw name="Scroll to end of the page" library="Footer">
<kw name="Run Keyword And Ignore Error" library="BuiltIn">
<arg>Scroll Element Into View</arg>
<arg>${PAGE_END}</arg>
<doc>Runs the given keyword with the given arguments and ignores possible error.</doc>
<kw name="Scroll Element Into View" library="SeleniumLibrary">
<arg>${PAGE_END}</arg>
<doc>Scrolls the element identified by ``locator`` into view.</doc>
<status status="PASS" starttime="20220701 02:19:36.053" endtime="20220701 02:19:36.322"/>
</kw>
<status status="PASS" starttime="20220701 02:19:36.053" endtime="20220701 02:19:36.322"/>
</kw>
<status status="PASS" starttime="20220701 02:19:36.053" endtime="20220701 02:19:36.322"/>
</kw>
<status status="PASS" starttime="20220701 02:19:36.053" endtime="20220701 02:19:36.322"/>
</kw>
<status status="PASS" starttime="20220701 02:19:33.017" endtime="20220701 02:19:36.322"/>
</iter>
<iter>
<var name="${LINK_TR}">xpath=//footer//a[.="Yönetim"]</var>
<var name="${LINK_EN}">xpath=//footer//a[.="Management"]</var>
<kw name="Run Keyword If" library="BuiltIn">
<arg>"${LANG}" == "tr"</arg>
<arg>Click Link</arg>
<arg>${LINK_TR}</arg>
<arg>ELSE IF</arg>
<arg>"${LANG}" == "en"</arg>
<arg>Click Link</arg>
<arg>${LINK_EN}</arg>
<doc>Runs the given keyword with the given arguments, if ``condition`` is true.</doc>
<kw name="Click Link" library="SeleniumLibrary">
<arg>${LINK_EN}</arg>
<doc>Clicks a link identified by ``locator``.</doc>
<msg timestamp="20220701 02:19:36.323" level="INFO">Clicking link 'xpath=//footer//a[.="Management"]'.</msg>
<status status="PASS" starttime="20220701 02:19:36.323" endtime="20220701 02:19:37.245"/>
</kw>
<status status="PASS" starttime="20220701 02:19:36.323" endtime="20220701 02:19:37.245"/>
</kw>
<kw name="Check Baykar's Main Site By Argument" library="Baykartech.App">
<var>${con}</var>
<arg>${LINK_EN}</arg>
<arg>${LANG}</arg>
<kw name="Evaluate" library="BuiltIn">
<var>${ABOUT_CON}</var>
<arg>"${ABOUT_US_TEXTS_${LANG}}" in """${PAGE}"""</arg>
<doc>Evaluates the given expression in Python and returns the result.</doc>
<msg timestamp="20220701 02:19:37.246" level="INFO">${ABOUT_CON} = False</msg>
<status status="PASS" starttime="20220701 02:19:37.246" endtime="20220701 02:19:37.246"/>
</kw>
<kw name="Evaluate" library="BuiltIn">
<var>${MANAG_CON}</var>
<arg>"${MANAGEMENT_TEXTS_${LANG}}" in """${PAGE}"""</arg>
<doc>Evaluates the given expression in Python and returns the result.</doc>
<msg timestamp="20220701 02:19:37.247" level="INFO">${MANAG_CON} = True</msg>
<status status="PASS" starttime="20220701 02:19:37.246" endtime="20220701 02:19:37.247"/>
</kw>
<kw name="Evaluate" library="BuiltIn">
<var>${HISTO_CON}</var>
<arg>"${HISTORY_TEXTS_${LANG}}" in """${PAGE}"""</arg>
<doc>Evaluates the given expression in Python and returns the result.</doc>
<msg timestamp="20220701 02:19:37.247" level="INFO">${HISTO_CON} = False</msg>
<status status="PASS" starttime="20220701 02:19:37.247" endtime="20220701 02:19:37.247"/>
</kw>
<kw name="Run Keyword If" library="BuiltIn">
<arg>${ABOUT_CON}</arg>
<arg>About.Verify Page Loaded</arg>
<arg>ELSE IF</arg>
<arg>${MANAG_CON}</arg>
<arg>Management.Verify Page Loaded</arg>
<arg>ELSE IF</arg>
<arg>${HISTO_CON}</arg>
<arg>History.Verify Page Loaded</arg>
<doc>Runs the given keyword with the given arguments, if ``condition`` is true.</doc>
<kw name="Verify Page Loaded" library="Management">
<kw name="Page Should Contain Element" library="SeleniumLibrary">
<arg>${BAYKAR_MAIN_MANAGEMENT_VERIFY_ELEMENT}</arg>
<doc>Verifies that element ``locator`` is found on the current page.</doc>
<msg timestamp="20220701 02:19:37.257" level="INFO">Current page contains element 'xpath=//div[@class='managementList']//a[contains(@href, '/ozdemir-bayraktar/')]'.</msg>
<status status="PASS" starttime="20220701 02:19:37.248" endtime="20220701 02:19:37.257"/>
</kw>
<kw name="Scroll Element Into View" library="SeleniumLibrary">
<arg>${BAYKAR_MAIN_MANAGEMENT_VERIFY_ELEMENT}</arg>
<doc>Scrolls the element identified by ``locator`` into view.</doc>
<status status="PASS" starttime="20220701 02:19:37.257" endtime="20220701 02:19:37.524"/>
</kw>
<kw name="Wait Until Element Is Visible" library="SeleniumLibrary">
<arg>${BAYKAR_MAIN_MANAGEMENT_VERIFY_ELEMENT}</arg>
<doc>Waits until the element ``locator`` is visible.</doc>
<status status="PASS" starttime="20220701 02:19:37.524" endtime="20220701 02:19:37.538"/>
</kw>
<status status="PASS" starttime="20220701 02:19:37.247" endtime="20220701 02:19:37.538"/>
</kw>
<status status="PASS" starttime="20220701 02:19:37.247" endtime="20220701 02:19:37.538"/>
</kw>
<msg timestamp="20220701 02:19:37.538" level="INFO">${con} = True</msg>
<status status="PASS" starttime="20220701 02:19:37.246" endtime="20220701 02:19:37.538"/>
</kw>
<kw name="Run Keyword If" library="BuiltIn">
<arg>${con}</arg>
<arg>Go Back</arg>
<doc>Runs the given keyword with the given arguments, if ``condition`` is true.</doc>
<kw name="Go Back" library="SeleniumLibrary">
<doc>Simulates the user clicking the back button on their browser.</doc>
<status status="PASS" starttime="20220701 02:19:37.539" endtime="20220701 02:19:37.910"/>
</kw>
<status status="PASS" starttime="20220701 02:19:37.538" endtime="20220701 02:19:37.910"/>
</kw>
<kw name="Verify Page Loaded" library="Common">
<arg>${LANG}</arg>
<doc>Verify all pages successfully loaded</doc>
<kw name="Wait Until Element Is Enabled" library="SeleniumLibrary">
<arg>${BAYKAR_LOGO_${LANG}}</arg>
<doc>Waits until the element ``locator`` is enabled.</doc>
<status status="PASS" starttime="20220701 02:19:37.911" endtime="20220701 02:19:37.953"/>
</kw>
<kw name="Run Keyword And Return Status" library="BuiltIn">
<var>${check_loader}</var>
<arg>Element Should Be Visible</arg>
<arg>${PRE_LOADER}</arg>
<doc>Runs the given keyword with given arguments and returns the status as a Boolean value.</doc>
<kw name="Element Should Be Visible" library="SeleniumLibrary">
<arg>${PRE_LOADER}</arg>
<doc>Verifies that the element identified by ``locator`` is visible.</doc>
<msg timestamp="20220701 02:19:38.016" level="INFO">Element 'xpath=//div[@class='se-pre-con']' is displayed.</msg>
<status status="PASS" starttime="20220701 02:19:37.953" endtime="20220701 02:19:38.016"/>
</kw>
<msg timestamp="20220701 02:19:38.016" level="INFO">${check_loader} = True</msg>
<status status="PASS" starttime="20220701 02:19:37.953" endtime="20220701 02:19:38.016"/>
</kw>
<kw name="Run Keyword If" library="BuiltIn">
<arg>${check_loader}</arg>
<arg>Wait Until Element Is Not Visible</arg>
<arg>${PRE_LOADER}</arg>
<doc>Runs the given keyword with the given arguments, if ``condition`` is true.</doc>
<kw name="Wait Until Element Is Not Visible" library="SeleniumLibrary">
<arg>${PRE_LOADER}</arg>
<doc>Waits until the element ``locator`` is not visible.</doc>
<status status="PASS" starttime="20220701 02:19:38.016" endtime="20220701 02:19:38.719"/>
</kw>
<status status="PASS" starttime="20220701 02:19:38.016" endtime="20220701 02:19:38.719"/>
</kw>
<status status="PASS" starttime="20220701 02:19:37.910" endtime="20220701 02:19:38.719"/>
</kw>
<kw name="Wait Until Element Is Visible" library="SeleniumLibrary">
<arg>${PAGE_END}</arg>
<doc>Waits until the element ``locator`` is visible.</doc>
<status status="PASS" starttime="20220701 02:19:38.720" endtime="20220701 02:19:38.734"/>
</kw>
<kw name="Run Keyword" library="BuiltIn">
<arg>Scroll to end of the page</arg>
<doc>Executes the given keyword with the given arguments.</doc>
<kw name="Scroll to end of the page" library="Footer">
<kw name="Run Keyword And Ignore Error" library="BuiltIn">
<arg>Scroll Element Into View</arg>
<arg>${PAGE_END}</arg>
<doc>Runs the given keyword with the given arguments and ignores possible error.</doc>
<kw name="Scroll Element Into View" library="SeleniumLibrary">
<arg>${PAGE_END}</arg>
<doc>Scrolls the element identified by ``locator`` into view.</doc>
<status status="PASS" starttime="20220701 02:19:38.735" endtime="20220701 02:19:39.003"/>
</kw>
<status status="PASS" starttime="20220701 02:19:38.734" endtime="20220701 02:19:39.003"/>
</kw>
<status status="PASS" starttime="20220701 02:19:38.734" endtime="20220701 02:19:39.003"/>
</kw>
<status status="PASS" starttime="20220701 02:19:38.734" endtime="20220701 02:19:39.003"/>
</kw>
<status status="PASS" starttime="20220701 02:19:36.322" endtime="20220701 02:19:39.003"/>
</iter>
<iter>
<var name="${LINK_TR}">xpath=//footer//a[.="Tarihçe"]</var>
<var name="${LINK_EN}">xpath=//footer//a[.="History"]</var>
<kw name="Run Keyword If" library="BuiltIn">
<arg>"${LANG}" == "tr"</arg>
<arg>Click Link</arg>
<arg>${LINK_TR}</arg>
<arg>ELSE IF</arg>
<arg>"${LANG}" == "en"</arg>
<arg>Click Link</arg>
<arg>${LINK_EN}</arg>
<doc>Runs the given keyword with the given arguments, if ``condition`` is true.</doc>
<kw name="Click Link" library="SeleniumLibrary">
<arg>${LINK_EN}</arg>
<doc>Clicks a link identified by ``locator``.</doc>
<msg timestamp="20220701 02:19:39.004" level="INFO">Clicking link 'xpath=//footer//a[.="History"]'.</msg>
<status status="PASS" starttime="20220701 02:19:39.004" endtime="20220701 02:19:39.925"/>
</kw>
<status status="PASS" starttime="20220701 02:19:39.004" endtime="20220701 02:19:39.925"/>
</kw>
<kw name="Check Baykar's Main Site By Argument" library="Baykartech.App">
<var>${con}</var>
<arg>${LINK_EN}</arg>
<arg>${LANG}</arg>
<kw name="Evaluate" library="BuiltIn">
<var>${ABOUT_CON}</var>
<arg>"${ABOUT_US_TEXTS_${LANG}}" in """${PAGE}"""</arg>
<doc>Evaluates the given expression in Python and returns the result.</doc>
<msg timestamp="20220701 02:19:39.926" level="INFO">${ABOUT_CON} = False</msg>
<status status="PASS" starttime="20220701 02:19:39.926" endtime="20220701 02:19:39.926"/>
</kw>
<kw name="Evaluate" library="BuiltIn">
<var>${MANAG_CON}</var>
<arg>"${MANAGEMENT_TEXTS_${LANG}}" in """${PAGE}"""</arg>
<doc>Evaluates the given expression in Python and returns the result.</doc>
<msg timestamp="20220701 02:19:39.927" level="INFO">${MANAG_CON} = False</msg>
<status status="PASS" starttime="20220701 02:19:39.926" endtime="20220701 02:19:39.927"/>
</kw>
<kw name="Evaluate" library="BuiltIn">
<var>${HISTO_CON}</var>
<arg>"${HISTORY_TEXTS_${LANG}}" in """${PAGE}"""</arg>
<doc>Evaluates the given expression in Python and returns the result.</doc>
<msg timestamp="20220701 02:19:39.927" level="INFO">${HISTO_CON} = True</msg>
<status status="PASS" starttime="20220701 02:19:39.927" endtime="20220701 02:19:39.927"/>
</kw>
<kw name="Run Keyword If" library="BuiltIn">
<arg>${ABOUT_CON}</arg>
<arg>About.Verify Page Loaded</arg>
<arg>ELSE IF</arg>
<arg>${MANAG_CON}</arg>
<arg>Management.Verify Page Loaded</arg>
<arg>ELSE IF</arg>
<arg>${HISTO_CON}</arg>
<arg>History.Verify Page Loaded</arg>
<doc>Runs the given keyword with the given arguments, if ``condition`` is true.</doc>
<kw name="Verify Page Loaded" library="History">
<kw name="Page Should Contain Element" library="SeleniumLibrary">
<arg>${BAYKAR_MAIN_HISTORY_VERIFY_ELEMENT}</arg>
<doc>Verifies that element ``locator`` is found on the current page.</doc>
<msg timestamp="20220701 02:19:39.937" level="INFO">Current page contains element 'xpath=//div[@class='aboutTimeLineLR']/div[@class='tlCard'][1]'.</msg>
<status status="PASS" starttime="20220701 02:19:39.928" endtime="20220701 02:19:39.937"/>
</kw>
<kw name="Scroll Element Into View" library="SeleniumLibrary">
<arg>${BAYKAR_MAIN_HISTORY_VERIFY_ELEMENT}</arg>
<doc>Scrolls the element identified by ``locator`` into view.</doc>
<status status="PASS" starttime="20220701 02:19:39.937" endtime="20220701 02:19:40.202"/>
</kw>
<kw name="Wait Until Element Is Visible" library="SeleniumLibrary">
<arg>${BAYKAR_MAIN_HISTORY_VERIFY_ELEMENT}</arg>
<doc>Waits until the element ``locator`` is visible.</doc>
<status status="PASS" starttime="20220701 02:19:40.202" endtime="20220701 02:19:40.216"/>
</kw>
<status status="PASS" starttime="20220701 02:19:39.927" endtime="20220701 02:19:40.216"/>
</kw>
<status status="PASS" starttime="20220701 02:19:39.927" endtime="20220701 02:19:40.216"/>
</kw>
<msg timestamp="20220701 02:19:40.216" level="INFO">${con} = True</msg>
<status status="PASS" starttime="20220701 02:19:39.925" endtime="20220701 02:19:40.216"/>
</kw>
<kw name="Run Keyword If" library="BuiltIn">
<arg>${con}</arg>
<arg>Go Back</arg>
<doc>Runs the given keyword with the given arguments, if ``condition`` is true.</doc>
<kw name="Go Back" library="SeleniumLibrary">
<doc>Simulates the user clicking the back button on their browser.</doc>
<status status="PASS" starttime="20220701 02:19:40.217" endtime="20220701 02:19:40.626"/>
</kw>
<status status="PASS" starttime="20220701 02:19:40.216" endtime="20220701 02:19:40.626"/>
</kw>
<kw name="Verify Page Loaded" library="Common">
<arg>${LANG}</arg>
<doc>Verify all pages successfully loaded</doc>
<kw name="Wait Until Element Is Enabled" library="SeleniumLibrary">
<arg>${BAYKAR_LOGO_${LANG}}</arg>
<doc>Waits until the element ``locator`` is enabled.</doc>
<status status="PASS" starttime="20220701 02:19:40.627" endtime="20220701 02:19:40.724"/>
</kw>
<kw name="Run Keyword And Return Status" library="BuiltIn">
<var>${check_loader}</var>
<arg>Element Should Be Visible</arg>
<arg>${PRE_LOADER}</arg>
<doc>Runs the given keyword with given arguments and returns the status as a Boolean value.</doc>
<kw name="Element Should Be Visible" library="SeleniumLibrary">
<arg>${PRE_LOADER}</arg>
<doc>Verifies that the element identified by ``locator`` is visible.</doc>
<msg timestamp="20220701 02:19:40.765" level="INFO">Element 'xpath=//div[@class='se-pre-con']' is displayed.</msg>
<status status="PASS" starttime="20220701 02:19:40.724" endtime="20220701 02:19:40.765"/>
</kw>
<msg timestamp="20220701 02:19:40.765" level="INFO">${check_loader} = True</msg>
<status status="PASS" starttime="20220701 02:19:40.724" endtime="20220701 02:19:40.765"/>
</kw>
<kw name="Run Keyword If" library="BuiltIn">
<arg>${check_loader}</arg>
<arg>Wait Until Element Is Not Visible</arg>
<arg>${PRE_LOADER}</arg>
<doc>Runs the given keyword with the given arguments, if ``condition`` is true.</doc>
<kw name="Wait Until Element Is Not Visible" library="SeleniumLibrary">
<arg>${PRE_LOADER}</arg>
<doc>Waits until the element ``locator`` is not visible.</doc>
<status status="PASS" starttime="20220701 02:19:40.766" endtime="20220701 02:19:41.245"/>
</kw>
<status status="PASS" starttime="20220701 02:19:40.765" endtime="20220701 02:19:41.245"/>
</kw>
<status status="PASS" starttime="20220701 02:19:40.627" endtime="20220701 02:19:41.245"/>
</kw>
<kw name="Wait Until Element Is Visible" library="SeleniumLibrary">
<arg>${PAGE_END}</arg>
<doc>Waits until the element ``locator`` is visible.</doc>
<status status="PASS" starttime="20220701 02:19:41.245" endtime="20220701 02:19:41.258"/>
</kw>
<kw name="Run Keyword" library="BuiltIn">
<arg>Scroll to end of the page</arg>
<doc>Executes the given keyword with the given arguments.</doc>
<kw name="Scroll to end of the page" library="Footer">
<kw name="Run Keyword And Ignore Error" library="BuiltIn">
<arg>Scroll Element Into View</arg>
<arg>${PAGE_END}</arg>
<doc>Runs the given keyword with the given arguments and ignores possible error.</doc>
<kw name="Scroll Element Into View" library="SeleniumLibrary">
<arg>${PAGE_END}</arg>
<doc>Scrolls the element identified by ``locator`` into view.</doc>
<status status="PASS" starttime="20220701 02:19:41.259" endtime="20220701 02:19:41.530"/>
</kw>
<status status="PASS" starttime="20220701 02:19:41.259" endtime="20220701 02:19:41.530"/>
</kw>
<status status="PASS" starttime="20220701 02:19:41.258" endtime="20220701 02:19:41.530"/>
</kw>
<status status="PASS" starttime="20220701 02:19:41.258" endtime="20220701 02:19:41.530"/>
</kw>
<status status="PASS" starttime="20220701 02:19:39.003" endtime="20220701 02:19:41.530"/>
</iter>
<iter>
<var name="${LINK_TR}">xpath=//footer//a[.="Açık Pozisyonlar"]</var>
<var name="${LINK_EN}">xpath=//footer//a[.="Open Positions"]</var>
<kw name="Run Keyword If" library="BuiltIn">
<arg>"${LANG}" == "tr"</arg>
<arg>Click Link</arg>
<arg>${LINK_TR}</arg>
<arg>ELSE IF</arg>
<arg>"${LANG}" == "en"</arg>
<arg>Click Link</arg>
<arg>${LINK_EN}</arg>
<doc>Runs the given keyword with the given arguments, if ``condition`` is true.</doc>
<kw name="Click Link" library="SeleniumLibrary">
<arg>${LINK_EN}</arg>
<doc>Clicks a link identified by ``locator``.</doc>
<msg timestamp="20220701 02:19:41.531" level="INFO">Clicking link 'xpath=//footer//a[.="Open Positions"]'.</msg>
<status status="PASS" starttime="20220701 02:19:41.531" endtime="20220701 02:19:43.809"/>
</kw>
<status status="PASS" starttime="20220701 02:19:41.531" endtime="20220701 02:19:43.809"/>
</kw>
<kw name="Check Baykar's Main Site By Argument" library="Baykartech.App">
<var>${con}</var>
<arg>${LINK_EN}</arg>
<arg>${LANG}</arg>
<kw name="Evaluate" library="BuiltIn">
<var>${ABOUT_CON}</var>
<arg>"${ABOUT_US_TEXTS_${LANG}}" in """${PAGE}"""</arg>
<doc>Evaluates the given expression in Python and returns the result.</doc>
<msg timestamp="20220701 02:19:43.810" level="INFO">${ABOUT_CON} = False</msg>
<status status="PASS" starttime="20220701 02:19:43.810" endtime="20220701 02:19:43.810"/>
</kw>
<kw name="Evaluate" library="BuiltIn">
<var>${MANAG_CON}</var>
<arg>"${MANAGEMENT_TEXTS_${LANG}}" in """${PAGE}"""</arg>
<doc>Evaluates the given expression in Python and returns the result.</doc>
<msg timestamp="20220701 02:19:43.811" level="INFO">${MANAG_CON} = False</msg>
<status status="PASS" starttime="20220701 02:19:43.811" endtime="20220701 02:19:43.811"/>
</kw>
<kw name="Evaluate" library="BuiltIn">
<var>${HISTO_CON}</var>
<arg>"${HISTORY_TEXTS_${LANG}}" in """${PAGE}"""</arg>
<doc>Evaluates the given expression in Python and returns the result.</doc>
<msg timestamp="20220701 02:19:43.811" level="INFO">${HISTO_CON} = False</msg>
<status status="PASS" starttime="20220701 02:19:43.811" endtime="20220701 02:19:43.811"/>
</kw>
<kw name="Run Keyword If" library="BuiltIn">
<arg>${ABOUT_CON}</arg>
<arg>About.Verify Page Loaded</arg>
<arg>ELSE IF</arg>
<arg>${MANAG_CON}</arg>
<arg>Management.Verify Page Loaded</arg>
<arg>ELSE IF</arg>
<arg>${HISTO_CON}</arg>
<arg>History.Verify Page Loaded</arg>
<doc>Runs the given keyword with the given arguments, if ``condition`` is true.</doc>
<status status="PASS" starttime="20220701 02:19:43.811" endtime="20220701 02:19:43.812"/>
</kw>
<msg timestamp="20220701 02:19:43.812" level="INFO">${con} = True</msg>
<status status="PASS" starttime="20220701 02:19:43.810" endtime="20220701 02:19:43.812"/>
</kw>
<kw name="Run Keyword If" library="BuiltIn">
<arg>${con}</arg>
<arg>Go Back</arg>
<doc>Runs the given keyword with the given arguments, if ``condition`` is true.</doc>
<kw name="Go Back" library="SeleniumLibrary">
<doc>Simulates the user clicking the back button on their browser.</doc>
<status status="PASS" starttime="20220701 02:19:43.812" endtime="20220701 02:19:44.161"/>
</kw>
<status status="PASS" starttime="20220701 02:19:43.812" endtime="20220701 02:19:44.161"/>
</kw>
<kw name="Verify Page Loaded" library="Common">
<arg>${LANG}</arg>
<doc>Verify all pages successfully loaded</doc>
<kw name="Wait Until Element Is Enabled" library="SeleniumLibrary">
<arg>${BAYKAR_LOGO_${LANG}}</arg>
<doc>Waits until the element ``locator`` is enabled.</doc>
<status status="PASS" starttime="20220701 02:19:44.162" endtime="20220701 02:19:44.189"/>
</kw>
<kw name="Run Keyword And Return Status" library="BuiltIn">
<var>${check_loader}</var>
<arg>Element Should Be Visible</arg>
<arg>${PRE_LOADER}</arg>
<doc>Runs the given keyword with given arguments and returns the status as a Boolean value.</doc>
<kw name="Element Should Be Visible" library="SeleniumLibrary">
<arg>${PRE_LOADER}</arg>
<doc>Verifies that the element identified by ``locator`` is visible.</doc>
<msg timestamp="20220701 02:19:44.210" level="INFO">Element 'xpath=//div[@class='se-pre-con']' is displayed.</msg>
<status status="PASS" starttime="20220701 02:19:44.190" endtime="20220701 02:19:44.210"/>
</kw>
<msg timestamp="20220701 02:19:44.210" level="INFO">${check_loader} = True</msg>
<status status="PASS" starttime="20220701 02:19:44.190" endtime="20220701 02:19:44.210"/>
</kw>
<kw name="Run Keyword If" library="BuiltIn">
<arg>${check_loader}</arg>
<arg>Wait Until Element Is Not Visible</arg>
<arg>${PRE_LOADER}</arg>
<doc>Runs the given keyword with the given arguments, if ``condition`` is true.</doc>
<kw name="Wait Until Element Is Not Visible" library="SeleniumLibrary">
<arg>${PRE_LOADER}</arg>
<doc>Waits until the element ``locator`` is not visible.</doc>
<status status="PASS" starttime="20220701 02:19:44.210" endtime="20220701 02:19:44.930"/>
</kw>
<status status="PASS" starttime="20220701 02:19:44.210" endtime="20220701 02:19:44.930"/>
</kw>
<status status="PASS" starttime="20220701 02:19:44.161" endtime="20220701 02:19:44.930"/>
</kw>
<kw name="Wait Until Element Is Visible" library="SeleniumLibrary">
<arg>${PAGE_END}</arg>
<doc>Waits until the element ``locator`` is visible.</doc>
<status status="PASS" starttime="20220701 02:19:44.930" endtime="20220701 02:19:44.944"/>
</kw>
<kw name="Run Keyword" library="BuiltIn">
<arg>Scroll to end of the page</arg>
<doc>Executes the given keyword with the given arguments.</doc>
<kw name="Scroll to end of the page" library="Footer">
<kw name="Run Keyword And Ignore Error" library="BuiltIn">
<arg>Scroll Element Into View</arg>
<arg>${PAGE_END}</arg>
<doc>Runs the given keyword with the given arguments and ignores possible error.</doc>
<kw name="Scroll Element Into View" library="SeleniumLibrary">
<arg>${PAGE_END}</arg>
<doc>Scrolls the element identified by ``locator`` into view.</doc>
<status status="PASS" starttime="20220701 02:19:44.944" endtime="20220701 02:19:45.214"/>
</kw>
<status status="PASS" starttime="20220701 02:19:44.944" endtime="20220701 02:19:45.214"/>
</kw>
<status status="PASS" starttime="20220701 02:19:44.944" endtime="20220701 02:19:45.214"/>
</kw>
<status status="PASS" starttime="20220701 02:19:44.944" endtime="20220701 02:19:45.214"/>
</kw>
<status status="PASS" starttime="20220701 02:19:41.531" endtime="20220701 02:19:45.214"/>
</iter>
<iter>
<var name="${LINK_TR}">xpath=//footer//a[.="İş"]</var>
<var name="${LINK_EN}">xpath=//footer//a[.="Jobs"]</var>
<kw name="Run Keyword If" library="BuiltIn">
<arg>"${LANG}" == "tr"</arg>
<arg>Click Link</arg>
<arg>${LINK_TR}</arg>
<arg>ELSE IF</arg>
<arg>"${LANG}" == "en"</arg>
<arg>Click Link</arg>
<arg>${LINK_EN}</arg>
<doc>Runs the given keyword with the given arguments, if ``condition`` is true.</doc>
<kw name="Click Link" library="SeleniumLibrary">
<arg>${LINK_EN}</arg>
<doc>Clicks a link identified by ``locator``.</doc>
<msg timestamp="20220701 02:19:45.215" level="INFO">Clicking link 'xpath=//footer//a[.="Jobs"]'.</msg>
<status status="PASS" starttime="20220701 02:19:45.214" endtime="20220701 02:19:45.916"/>
</kw>
<status status="PASS" starttime="20220701 02:19:45.214" endtime="20220701 02:19:45.916"/>
</kw>
<kw name="Check Baykar's Main Site By Argument" library="Baykartech.App">
<var>${con}</var>
<arg>${LINK_EN}</arg>
<arg>${LANG}</arg>
<kw name="Evaluate" library="BuiltIn">
<var>${ABOUT_CON}</var>
<arg>"${ABOUT_US_TEXTS_${LANG}}" in """${PAGE}"""</arg>
<doc>Evaluates the given expression in Python and returns the result.</doc>
<msg timestamp="20220701 02:19:45.917" level="INFO">${ABOUT_CON} = False</msg>
<status status="PASS" starttime="20220701 02:19:45.917" endtime="20220701 02:19:45.917"/>
</kw>
<kw name="Evaluate" library="BuiltIn">
<var>${MANAG_CON}</var>
<arg>"${MANAGEMENT_TEXTS_${LANG}}" in """${PAGE}"""</arg>
<doc>Evaluates the given expression in Python and returns the result.</doc>
<msg timestamp="20220701 02:19:45.918" level="INFO">${MANAG_CON} = False</msg>
<status status="PASS" starttime="20220701 02:19:45.917" endtime="20220701 02:19:45.918"/>
</kw>
<kw name="Evaluate" library="BuiltIn">
<var>${HISTO_CON}</var>
<arg>"${HISTORY_TEXTS_${LANG}}" in """${PAGE}"""</arg>
<doc>Evaluates the given expression in Python and returns the result.</doc>
<msg timestamp="20220701 02:19:45.918" level="INFO">${HISTO_CON} = False</msg>
<status status="PASS" starttime="20220701 02:19:45.918" endtime="20220701 02:19:45.918"/>
</kw>
<kw name="Run Keyword If" library="BuiltIn">
<arg>${ABOUT_CON}</arg>
<arg>About.Verify Page Loaded</arg>
<arg>ELSE IF</arg>
<arg>${MANAG_CON}</arg>
<arg>Management.Verify Page Loaded</arg>
<arg>ELSE IF</arg>
<arg>${HISTO_CON}</arg>
<arg>History.Verify Page Loaded</arg>
<doc>Runs the given keyword with the given arguments, if ``condition`` is true.</doc>
<status status="PASS" starttime="20220701 02:19:45.918" endtime="20220701 02:19:45.919"/>
</kw>
<msg timestamp="20220701 02:19:45.919" level="INFO">${con} = True</msg>
<status status="PASS" starttime="20220701 02:19:45.916" endtime="20220701 02:19:45.919"/>
</kw>
<kw name="Run Keyword If" library="BuiltIn">
<arg>${con}</arg>
<arg>Go Back</arg>
<doc>Runs the given keyword with the given arguments, if ``condition`` is true.</doc>
<kw name="Go Back" library="SeleniumLibrary">
<doc>Simulates the user clicking the back button on their browser.</doc>
<status status="PASS" starttime="20220701 02:19:45.919" endtime="20220701 02:19:46.192"/>
</kw>
<status status="PASS" starttime="20220701 02:19:45.919" endtime="20220701 02:19:46.192"/>
</kw>
<kw name="Verify Page Loaded" library="Common">
<arg>${LANG}</arg>
<doc>Verify all pages successfully loaded</doc>
<kw name="Wait Until Element Is Enabled" library="SeleniumLibrary">
<arg>${BAYKAR_LOGO_${LANG}}</arg>
<doc>Waits until the element ``locator`` is enabled.</doc>
<status status="PASS" starttime="20220701 02:19:46.193" endtime="20220701 02:19:46.219"/>
</kw>
<kw name="Run Keyword And Return Status" library="BuiltIn">
<var>${check_loader}</var>
<arg>Element Should Be Visible</arg>
<arg>${PRE_LOADER}</arg>
<doc>Runs the given keyword with given arguments and returns the status as a Boolean value.</doc>
<kw name="Element Should Be Visible" library="SeleniumLibrary">
<arg>${PRE_LOADER}</arg>
<doc>Verifies that the element identified by ``locator`` is visible.</doc>
<msg timestamp="20220701 02:19:46.234" level="INFO">Element 'xpath=//div[@class='se-pre-con']' is displayed.</msg>
<status status="PASS" starttime="20220701 02:19:46.220" endtime="20220701 02:19:46.234"/>
</kw>
<msg timestamp="20220701 02:19:46.234" level="INFO">${check_loader} = True</msg>
<status status="PASS" starttime="20220701 02:19:46.219" endtime="20220701 02:19:46.234"/>
</kw>
<kw name="Run Keyword If" library="BuiltIn">
<arg>${check_loader}</arg>
<arg>Wait Until Element Is Not Visible</arg>
<arg>${PRE_LOADER}</arg>
<doc>Runs the given keyword with the given arguments, if ``condition`` is true.</doc>
<kw name="Wait Until Element Is Not Visible" library="SeleniumLibrary">
<arg>${PRE_LOADER}</arg>
<doc>Waits until the element ``locator`` is not visible.</doc>
<status status="PASS" starttime="20220701 02:19:46.235" endtime="20220701 02:19:46.909"/>
</kw>
<status status="PASS" starttime="20220701 02:19:46.234" endtime="20220701 02:19:46.909"/>
</kw>
<status status="PASS" starttime="20220701 02:19:46.192" endtime="20220701 02:19:46.910"/>
</kw>
<kw name="Wait Until Element Is Visible" library="SeleniumLibrary">
<arg>${PAGE_END}</arg>
<doc>Waits until the element ``locator`` is visible.</doc>
<status status="PASS" starttime="20220701 02:19:46.910" endtime="20220701 02:19:46.924"/>
</kw>
<kw name="Run Keyword" library="BuiltIn">
<arg>Scroll to end of the page</arg>
<doc>Executes the given keyword with the given arguments.</doc>
<kw name="Scroll to end of the page" library="Footer">
<kw name="Run Keyword And Ignore Error" library="BuiltIn">
<arg>Scroll Element Into View</arg>
<arg>${PAGE_END}</arg>
<doc>Runs the given keyword with the given arguments and ignores possible error.</doc>
<kw name="Scroll Element Into View" library="SeleniumLibrary">
<arg>${PAGE_END}</arg>
<doc>Scrolls the element identified by ``locator`` into view.</doc>
<status status="PASS" starttime="20220701 02:19:46.924" endtime="20220701 02:19:47.193"/>
</kw>
<status status="PASS" starttime="20220701 02:19:46.924" endtime="20220701 02:19:47.193"/>
</kw>
<status status="PASS" starttime="20220701 02:19:46.924" endtime="20220701 02:19:47.193"/>
</kw>
<status status="PASS" starttime="20220701 02:19:46.924" endtime="20220701 02:19:47.193"/>
</kw>
<status status="PASS" starttime="20220701 02:19:45.214" endtime="20220701 02:19:47.193"/>
</iter>
<iter>
<var name="${LINK_TR}">xpath=//footer//a[.="Staj"]</var>
<var name="${LINK_EN}">xpath=//footer//a[.="İntern"]</var>
<kw name="Run Keyword If" library="BuiltIn">
<arg>"${LANG}" == "tr"</arg>
<arg>Click Link</arg>
<arg>${LINK_TR}</arg>
<arg>ELSE IF</arg>
<arg>"${LANG}" == "en"</arg>
<arg>Click Link</arg>
<arg>${LINK_EN}</arg>
<doc>Runs the given keyword with the given arguments, if ``condition`` is true.</doc>
<kw name="Click Link" library="SeleniumLibrary">
<arg>${LINK_EN}</arg>
<doc>Clicks a link identified by ``locator``.</doc>
<msg timestamp="20220701 02:19:47.194" level="INFO">Clicking link 'xpath=//footer//a[.="İntern"]'.</msg>
<status status="PASS" starttime="20220701 02:19:47.194" endtime="20220701 02:19:47.812"/>
</kw>
<status status="PASS" starttime="20220701 02:19:47.194" endtime="20220701 02:19:47.812"/>
</kw>
<kw name="Check Baykar's Main Site By Argument" library="Baykartech.App">
<var>${con}</var>
<arg>${LINK_EN}</arg>
<arg>${LANG}</arg>
<kw name="Evaluate" library="BuiltIn">
<var>${ABOUT_CON}</var>
<arg>"${ABOUT_US_TEXTS_${LANG}}" in """${PAGE}"""</arg>
<doc>Evaluates the given expression in Python and returns the result.</doc>
<msg timestamp="20220701 02:19:47.813" level="INFO">${ABOUT_CON} = False</msg>
<status status="PASS" starttime="20220701 02:19:47.813" endtime="20220701 02:19:47.813"/>
</kw>
<kw name="Evaluate" library="BuiltIn">
<var>${MANAG_CON}</var>
<arg>"${MANAGEMENT_TEXTS_${LANG}}" in """${PAGE}"""</arg>
<doc>Evaluates the given expression in Python and returns the result.</doc>
<msg timestamp="20220701 02:19:47.814" level="INFO">${MANAG_CON} = False</msg>
<status status="PASS" starttime="20220701 02:19:47.813" endtime="20220701 02:19:47.814"/>
</kw>
<kw name="Evaluate" library="BuiltIn">
<var>${HISTO_CON}</var>
<arg>"${HISTORY_TEXTS_${LANG}}" in """${PAGE}"""</arg>
<doc>Evaluates the given expression in Python and returns the result.</doc>
<msg timestamp="20220701 02:19:47.814" level="INFO">${HISTO_CON} = False</msg>
<status status="PASS" starttime="20220701 02:19:47.814" endtime="20220701 02:19:47.815"/>
</kw>
<kw name="Run Keyword If" library="BuiltIn">
<arg>${ABOUT_CON}</arg>
<arg>About.Verify Page Loaded</arg>
<arg>ELSE IF</arg>
<arg>${MANAG_CON}</arg>
<arg>Management.Verify Page Loaded</arg>
<arg>ELSE IF</arg>
<arg>${HISTO_CON}</arg>
<arg>History.Verify Page Loaded</arg>
<doc>Runs the given keyword with the given arguments, if ``condition`` is true.</doc>
<status status="PASS" starttime="20220701 02:19:47.815" endtime="20220701 02:19:47.815"/>
</kw>
<msg timestamp="20220701 02:19:47.815" level="INFO">${con} = True</msg>
<status status="PASS" starttime="20220701 02:19:47.812" endtime="20220701 02:19:47.815"/>
</kw>
<kw name="Run Keyword If" library="BuiltIn">
<arg>${con}</arg>
<arg>Go Back</arg>
<doc>Runs the given keyword with the given arguments, if ``condition`` is true.</doc>
<kw name="Go Back" library="SeleniumLibrary">
<doc>Simulates the user clicking the back button on their browser.</doc>
<status status="PASS" starttime="20220701 02:19:47.815" endtime="20220701 02:19:48.160"/>
</kw>
<status status="PASS" starttime="20220701 02:19:47.815" endtime="20220701 02:19:48.160"/>
</kw>
<kw name="Verify Page Loaded" library="Common">
<arg>${LANG}</arg>
<doc>Verify all pages successfully loaded</doc>
<kw name="Wait Until Element Is Enabled" library="SeleniumLibrary">
<arg>${BAYKAR_LOGO_${LANG}}</arg>
<doc>Waits until the element ``locator`` is enabled.</doc>
<status status="PASS" starttime="20220701 02:19:48.161" endtime="20220701 02:19:48.203"/>
</kw>
<kw name="Run Keyword And Return Status" library="BuiltIn">
<var>${check_loader}</var>
<arg>Element Should Be Visible</arg>
<arg>${PRE_LOADER}</arg>
<doc>Runs the given keyword with given arguments and returns the status as a Boolean value.</doc>
<kw name="Element Should Be Visible" library="SeleniumLibrary">
<arg>${PRE_LOADER}</arg>
<doc>Verifies that the element identified by ``locator`` is visible.</doc>
<msg timestamp="20220701 02:19:48.273" level="INFO">Element 'xpath=//div[@class='se-pre-con']' is displayed.</msg>
<status status="PASS" starttime="20220701 02:19:48.204" endtime="20220701 02:19:48.273"/>
</kw>
<msg timestamp="20220701 02:19:48.273" level="INFO">${check_loader} = True</msg>
<status status="PASS" starttime="20220701 02:19:48.203" endtime="20220701 02:19:48.273"/>
</kw>
<kw name="Run Keyword If" library="BuiltIn">
<arg>${check_loader}</arg>
<arg>Wait Until Element Is Not Visible</arg>
<arg>${PRE_LOADER}</arg>
<doc>Runs the given keyword with the given arguments, if ``condition`` is true.</doc>
<kw name="Wait Until Element Is Not Visible" library="SeleniumLibrary">
<arg>${PRE_LOADER}</arg>
<doc>Waits until the element ``locator`` is not visible.</doc>
<status status="PASS" starttime="20220701 02:19:48.273" endtime="20220701 02:19:48.961"/>
</kw>
<status status="PASS" starttime="20220701 02:19:48.273" endtime="20220701 02:19:48.961"/>
</kw>
<status status="PASS" starttime="20220701 02:19:48.160" endtime="20220701 02:19:48.962"/>
</kw>
<kw name="Wait Until Element Is Visible" library="SeleniumLibrary">
<arg>${PAGE_END}</arg>
<doc>Waits until the element ``locator`` is visible.</doc>
<status status="PASS" starttime="20220701 02:19:48.962" endtime="20220701 02:19:48.976"/>
</kw>
<kw name="Run Keyword" library="BuiltIn">
<arg>Scroll to end of the page</arg>
<doc>Executes the given keyword with the given arguments.</doc>
<kw name="Scroll to end of the page" library="Footer">
<kw name="Run Keyword And Ignore Error" library="BuiltIn">
<arg>Scroll Element Into View</arg>
<arg>${PAGE_END}</arg>
<doc>Runs the given keyword with the given arguments and ignores possible error.</doc>
<kw name="Scroll Element Into View" library="SeleniumLibrary">
<arg>${PAGE_END}</arg>
<doc>Scrolls the element identified by ``locator`` into view.</doc>
<status status="PASS" starttime="20220701 02:19:48.977" endtime="20220701 02:19:49.261"/>
</kw>
<status status="PASS" starttime="20220701 02:19:48.976" endtime="20220701 02:19:49.261"/>
</kw>
<status status="PASS" starttime="20220701 02:19:48.976" endtime="20220701 02:19:49.261"/>
</kw>
<status status="PASS" starttime="20220701 02:19:48.976" endtime="20220701 02:19:49.261"/>
</kw>
<status status="PASS" starttime="20220701 02:19:47.194" endtime="20220701 02:19:49.261"/>
</iter>
<iter>
<var name="${LINK_TR}">xpath=//footer//a[.="İletişim"]</var>
<var name="${LINK_EN}">xpath=//footer//a[.="Communication"]</var>
<kw name="Run Keyword If" library="BuiltIn">
<arg>"${LANG}" == "tr"</arg>
<arg>Click Link</arg>
<arg>${LINK_TR}</arg>
<arg>ELSE IF</arg>
<arg>"${LANG}" == "en"</arg>
<arg>Click Link</arg>
<arg>${LINK_EN}</arg>
<doc>Runs the given keyword with the given arguments, if ``condition`` is true.</doc>
<kw name="Click Link" library="SeleniumLibrary">
<arg>${LINK_EN}</arg>
<doc>Clicks a link identified by ``locator``.</doc>
<msg timestamp="20220701 02:19:49.262" level="INFO">Clicking link 'xpath=//footer//a[.="Communication"]'.</msg>
<status status="PASS" starttime="20220701 02:19:49.262" endtime="20220701 02:19:50.043"/>
</kw>
<status status="PASS" starttime="20220701 02:19:49.261" endtime="20220701 02:19:50.043"/>
</kw>
<kw name="Check Baykar's Main Site By Argument" library="Baykartech.App">
<var>${con}</var>
<arg>${LINK_EN}</arg>
<arg>${LANG}</arg>
<kw name="Evaluate" library="BuiltIn">
<var>${ABOUT_CON}</var>
<arg>"${ABOUT_US_TEXTS_${LANG}}" in """${PAGE}"""</arg>
<doc>Evaluates the given expression in Python and returns the result.</doc>
<msg timestamp="20220701 02:19:50.044" level="INFO">${ABOUT_CON} = False</msg>
<status status="PASS" starttime="20220701 02:19:50.044" endtime="20220701 02:19:50.044"/>
</kw>
<kw name="Evaluate" library="BuiltIn">
<var>${MANAG_CON}</var>
<arg>"${MANAGEMENT_TEXTS_${LANG}}" in """${PAGE}"""</arg>
<doc>Evaluates the given expression in Python and returns the result.</doc>
<msg timestamp="20220701 02:19:50.044" level="INFO">${MANAG_CON} = False</msg>
<status status="PASS" starttime="20220701 02:19:50.044" endtime="20220701 02:19:50.044"/>
</kw>
<kw name="Evaluate" library="BuiltIn">
<var>${HISTO_CON}</var>
<arg>"${HISTORY_TEXTS_${LANG}}" in """${PAGE}"""</arg>
<doc>Evaluates the given expression in Python and returns the result.</doc>
<msg timestamp="20220701 02:19:50.045" level="INFO">${HISTO_CON} = False</msg>
<status status="PASS" starttime="20220701 02:19:50.044" endtime="20220701 02:19:50.045"/>
</kw>
<kw name="Run Keyword If" library="BuiltIn">
<arg>${ABOUT_CON}</arg>
<arg>About.Verify Page Loaded</arg>
<arg>ELSE IF</arg>
<arg>${MANAG_CON}</arg>
<arg>Management.Verify Page Loaded</arg>
<arg>ELSE IF</arg>
<arg>${HISTO_CON}</arg>
<arg>History.Verify Page Loaded</arg>
<doc>Runs the given keyword with the given arguments, if ``condition`` is true.</doc>
<status status="PASS" starttime="20220701 02:19:50.045" endtime="20220701 02:19:50.045"/>
</kw>
<msg timestamp="20220701 02:19:50.045" level="INFO">${con} = True</msg>
<status status="PASS" starttime="20220701 02:19:50.043" endtime="20220701 02:19:50.045"/>
</kw>
<kw name="Run Keyword If" library="BuiltIn">
<arg>${con}</arg>
<arg>Go Back</arg>
<doc>Runs the given keyword with the given arguments, if ``condition`` is true.</doc>
<kw name="Go Back" library="SeleniumLibrary">
<doc>Simulates the user clicking the back button on their browser.</doc>
<status status="PASS" starttime="20220701 02:19:50.045" endtime="20220701 02:19:50.432"/>
</kw>
<status status="PASS" starttime="20220701 02:19:50.045" endtime="20220701 02:19:50.432"/>
</kw>
<kw name="Verify Page Loaded" library="Common">
<arg>${LANG}</arg>
<doc>Verify all pages successfully loaded</doc>
<kw name="Wait Until Element Is Enabled" library="SeleniumLibrary">
<arg>${BAYKAR_LOGO_${LANG}}</arg>
<doc>Waits until the element ``locator`` is enabled.</doc>
<status status="PASS" starttime="20220701 02:19:50.433" endtime="20220701 02:19:50.522"/>
</kw>
<kw name="Run Keyword And Return Status" library="BuiltIn">
<var>${check_loader}</var>
<arg>Element Should Be Visible</arg>
<arg>${PRE_LOADER}</arg>
<doc>Runs the given keyword with given arguments and returns the status as a Boolean value.</doc>
<kw name="Element Should Be Visible" library="SeleniumLibrary">
<arg>${PRE_LOADER}</arg>
<doc>Verifies that the element identified by ``locator`` is visible.</doc>
<msg timestamp="20220701 02:19:50.564" level="INFO">Element 'xpath=//div[@class='se-pre-con']' is displayed.</msg>
<status status="PASS" starttime="20220701 02:19:50.523" endtime="20220701 02:19:50.564"/>
</kw>
<msg timestamp="20220701 02:19:50.564" level="INFO">${check_loader} = True</msg>
<status status="PASS" starttime="20220701 02:19:50.523" endtime="20220701 02:19:50.564"/>
</kw>
<kw name="Run Keyword If" library="BuiltIn">
<arg>${check_loader}</arg>
<arg>Wait Until Element Is Not Visible</arg>
<arg>${PRE_LOADER}</arg>
<doc>Runs the given keyword with the given arguments, if ``condition`` is true.</doc>
<kw name="Wait Until Element Is Not Visible" library="SeleniumLibrary">
<arg>${PRE_LOADER}</arg>
<doc>Waits until the element ``locator`` is not visible.</doc>
<status status="PASS" starttime="20220701 02:19:50.565" endtime="20220701 02:19:51.039"/>
</kw>
<status status="PASS" starttime="20220701 02:19:50.564" endtime="20220701 02:19:51.039"/>
</kw>
<status status="PASS" starttime="20220701 02:19:50.433" endtime="20220701 02:19:51.039"/>
</kw>
<kw name="Wait Until Element Is Visible" library="SeleniumLibrary">
<arg>${PAGE_END}</arg>
<doc>Waits until the element ``locator`` is visible.</doc>
<status status="PASS" starttime="20220701 02:19:51.040" endtime="20220701 02:19:51.053"/>
</kw>
<kw name="Run Keyword" library="BuiltIn">
<arg>Scroll to end of the page</arg>
<doc>Executes the given keyword with the given arguments.</doc>
<kw name="Scroll to end of the page" library="Footer">
<kw name="Run Keyword And Ignore Error" library="BuiltIn">
<arg>Scroll Element Into View</arg>
<arg>${PAGE_END}</arg>
<doc>Runs the given keyword with the given arguments and ignores possible error.</doc>
<kw name="Scroll Element Into View" library="SeleniumLibrary">
<arg>${PAGE_END}</arg>
<doc>Scrolls the element identified by ``locator`` into view.</doc>
<status status="PASS" starttime="20220701 02:19:51.053" endtime="20220701 02:19:51.325"/>
</kw>
<status status="PASS" starttime="20220701 02:19:51.053" endtime="20220701 02:19:51.325"/>
</kw>
<status status="PASS" starttime="20220701 02:19:51.053" endtime="20220701 02:19:51.325"/>
</kw>
<status status="PASS" starttime="20220701 02:19:51.053" endtime="20220701 02:19:51.325"/>
</kw>
<status status="PASS" starttime="20220701 02:19:49.261" endtime="20220701 02:19:51.325"/>
</iter>
<iter>
<var name="${LINK_TR}">xpath=//footer//a[.="KVKK"]</var>
<var name="${LINK_EN}">xpath=//footer//a[.="KVKK"]</var>
<kw name="Run Keyword If" library="BuiltIn">
<arg>"${LANG}" == "tr"</arg>
<arg>Click Link</arg>
<arg>${LINK_TR}</arg>
<arg>ELSE IF</arg>
<arg>"${LANG}" == "en"</arg>
<arg>Click Link</arg>
<arg>${LINK_EN}</arg>
<doc>Runs the given keyword with the given arguments, if ``condition`` is true.</doc>
<kw name="Click Link" library="SeleniumLibrary">
<arg>${LINK_EN}</arg>
<doc>Clicks a link identified by ``locator``.</doc>
<msg timestamp="20220701 02:19:51.326" level="INFO">Clicking link 'xpath=//footer//a[.="KVKK"]'.</msg>
<status status="PASS" starttime="20220701 02:19:51.326" endtime="20220701 02:19:51.799"/>
</kw>
<status status="PASS" starttime="20220701 02:19:51.326" endtime="20220701 02:19:51.799"/>
</kw>
<kw name="Check Baykar's Main Site By Argument" library="Baykartech.App">
<var>${con}</var>
<arg>${LINK_EN}</arg>
<arg>${LANG}</arg>
<kw name="Evaluate" library="BuiltIn">
<var>${ABOUT_CON}</var>
<arg>"${ABOUT_US_TEXTS_${LANG}}" in """${PAGE}"""</arg>
<doc>Evaluates the given expression in Python and returns the result.</doc>
<msg timestamp="20220701 02:19:51.800" level="INFO">${ABOUT_CON} = False</msg>
<status status="PASS" starttime="20220701 02:19:51.800" endtime="20220701 02:19:51.800"/>
</kw>
<kw name="Evaluate" library="BuiltIn">
<var>${MANAG_CON}</var>
<arg>"${MANAGEMENT_TEXTS_${LANG}}" in """${PAGE}"""</arg>
<doc>Evaluates the given expression in Python and returns the result.</doc>
<msg timestamp="20220701 02:19:51.801" level="INFO">${MANAG_CON} = False</msg>
<status status="PASS" starttime="20220701 02:19:51.801" endtime="20220701 02:19:51.801"/>
</kw>
<kw name="Evaluate" library="BuiltIn">
<var>${HISTO_CON}</var>
<arg>"${HISTORY_TEXTS_${LANG}}" in """${PAGE}"""</arg>
<doc>Evaluates the given expression in Python and returns the result.</doc>
<msg timestamp="20220701 02:19:51.801" level="INFO">${HISTO_CON} = False</msg>
<status status="PASS" starttime="20220701 02:19:51.801" endtime="20220701 02:19:51.801"/>
</kw>
<kw name="Run Keyword If" library="BuiltIn">
<arg>${ABOUT_CON}</arg>
<arg>About.Verify Page Loaded</arg>
<arg>ELSE IF</arg>
<arg>${MANAG_CON}</arg>
<arg>Management.Verify Page Loaded</arg>
<arg>ELSE IF</arg>
<arg>${HISTO_CON}</arg>
<arg>History.Verify Page Loaded</arg>
<doc>Runs the given keyword with the given arguments, if ``condition`` is true.</doc>
<status status="PASS" starttime="20220701 02:19:51.801" endtime="20220701 02:19:51.802"/>
</kw>
<msg timestamp="20220701 02:19:51.802" level="INFO">${con} = True</msg>
<status status="PASS" starttime="20220701 02:19:51.799" endtime="20220701 02:19:51.802"/>
</kw>
<kw name="Run Keyword If" library="BuiltIn">
<arg>${con}</arg>
<arg>Go Back</arg>
<doc>Runs the given keyword with the given arguments, if ``condition`` is true.</doc>
<kw name="Go Back" library="SeleniumLibrary">
<doc>Simulates the user clicking the back button on their browser.</doc>
<status status="PASS" starttime="20220701 02:19:51.802" endtime="20220701 02:19:52.175"/>
</kw>
<status status="PASS" starttime="20220701 02:19:51.802" endtime="20220701 02:19:52.175"/>
</kw>
<kw name="Verify Page Loaded" library="Common">
<arg>${LANG}</arg>
<doc>Verify all pages successfully loaded</doc>
<kw name="Wait Until Element Is Enabled" library="SeleniumLibrary">
<arg>${BAYKAR_LOGO_${LANG}}</arg>
<doc>Waits until the element ``locator`` is enabled.</doc>
<status status="PASS" starttime="20220701 02:19:52.175" endtime="20220701 02:19:52.266"/>
</kw>
<kw name="Run Keyword And Return Status" library="BuiltIn">
<var>${check_loader}</var>
<arg>Element Should Be Visible</arg>
<arg>${PRE_LOADER}</arg>
<doc>Runs the given keyword with given arguments and returns the status as a Boolean value.</doc>
<kw name="Element Should Be Visible" library="SeleniumLibrary">
<arg>${PRE_LOADER}</arg>
<doc>Verifies that the element identified by ``locator`` is visible.</doc>
<msg timestamp="20220701 02:19:52.307" level="INFO">Element 'xpath=//div[@class='se-pre-con']' is displayed.</msg>
<status status="PASS" starttime="20220701 02:19:52.266" endtime="20220701 02:19:52.307"/>
</kw>
<msg timestamp="20220701 02:19:52.307" level="INFO">${check_loader} = True</msg>
<status status="PASS" starttime="20220701 02:19:52.266" endtime="20220701 02:19:52.307"/>
</kw>
<kw name="Run Keyword If" library="BuiltIn">
<arg>${check_loader}</arg>
<arg>Wait Until Element Is Not Visible</arg>
<arg>${PRE_LOADER}</arg>
<doc>Runs the given keyword with the given arguments, if ``condition`` is true.</doc>
<kw name="Wait Until Element Is Not Visible" library="SeleniumLibrary">
<arg>${PRE_LOADER}</arg>
<doc>Waits until the element ``locator`` is not visible.</doc>
<status status="PASS" starttime="20220701 02:19:52.308" endtime="20220701 02:19:52.785"/>
</kw>
<status status="PASS" starttime="20220701 02:19:52.308" endtime="20220701 02:19:52.785"/>
</kw>
<status status="PASS" starttime="20220701 02:19:52.175" endtime="20220701 02:19:52.786"/>
</kw>
<kw name="Wait Until Element Is Visible" library="SeleniumLibrary">
<arg>${PAGE_END}</arg>
<doc>Waits until the element ``locator`` is visible.</doc>
<status status="PASS" starttime="20220701 02:19:52.786" endtime="20220701 02:19:52.802"/>
</kw>
<kw name="Run Keyword" library="BuiltIn">
<arg>Scroll to end of the page</arg>
<doc>Executes the given keyword with the given arguments.</doc>
<kw name="Scroll to end of the page" library="Footer">
<kw name="Run Keyword And Ignore Error" library="BuiltIn">
<arg>Scroll Element Into View</arg>
<arg>${PAGE_END}</arg>
<doc>Runs the given keyword with the given arguments and ignores possible error.</doc>
<kw name="Scroll Element Into View" library="SeleniumLibrary">
<arg>${PAGE_END}</arg>
<doc>Scrolls the element identified by ``locator`` into view.</doc>
<status status="PASS" starttime="20220701 02:19:52.803" endtime="20220701 02:19:53.085"/>
</kw>
<status status="PASS" starttime="20220701 02:19:52.802" endtime="20220701 02:19:53.085"/>
</kw>
<status status="PASS" starttime="20220701 02:19:52.802" endtime="20220701 02:19:53.085"/>
</kw>
<status status="PASS" starttime="20220701 02:19:52.802" endtime="20220701 02:19:53.085"/>
</kw>
<status status="PASS" starttime="20220701 02:19:51.326" endtime="20220701 02:19:53.085"/>
</iter>
<status status="PASS" starttime="20220701 02:19:33.016" endtime="20220701 02:19:53.085"/>
</for>
<status status="PASS" starttime="20220701 02:19:33.015" endtime="20220701 02:19:53.085"/>
</kw>
<status status="PASS" starttime="20220701 02:19:32.727" endtime="20220701 02:19:53.085"/>
</kw>
<kw name="End Baykar Web Test" library="Common" type="TEARDOWN">
<kw name="Close Browser" library="SeleniumLibrary">
<doc>Closes the current browser.</doc>
<status status="PASS" starttime="20220701 02:19:53.086" endtime="20220701 02:19:55.203"/>
</kw>
<status status="PASS" starttime="20220701 02:19:53.086" endtime="20220701 02:19:55.203"/>
</kw>
<doc>All visitors should be able navigate footer links</doc>
<tag>Footer</tag>
<tag>Smoke</tag>
<status status="PASS" starttime="20220701 02:19:23.624" endtime="20220701 02:19:55.203"/>
</test>
<doc>This test file includes all tests for *kariyer.baykartech.com*, if you wanna change Browser or Runtime Language go to *Variables* section in this file.</doc>
<status status="PASS" starttime="20220701 02:19:23.396" endtime="20220701 02:19:55.204"/>
</suite>
<status status="PASS" starttime="20220701 02:19:23.377" endtime="20220701 02:19:55.206"/>
</suite>
<statistics>
<total>
<stat pass="1" fail="0" skip="0">All Tests</stat>
</total>
<tag>
<stat pass="1" fail="0" skip="0">Footer</stat>
<stat pass="1" fail="0" skip="0">Smoke</stat>
</tag>
<suite>
<stat pass="1" fail="0" skip="0" id="s1" name="Tests">Tests</stat>
<stat pass="1" fail="0" skip="0" id="s1-s1" name="Kariyer.Baykartech">Tests.Kariyer.Baykartech</stat>
</suite>
</statistics>
<errors>
</errors>
</robot>
