<?xml version="1.0" encoding="UTF-8"?>
<robot generator="Robot 5.0.1 (Python 3.9.7 on win32)" generated="20220617 01:07:28.767" rpa="false" schemaversion="3">
<suite id="s1" name="Tests" source="C:\Users\byuks\Desktop\QA\QA-Test-Automation-Baykar\tests">
<suite id="s1-s1" name="Kariyer.Baykartech" source="C:\Users\byuks\Desktop\QA\QA-Test-Automation-Baykar\tests\Kariyer.Baykartech.robot">
<test id="s1-s1-t1" name="Visitor should be able navigate navbar" line="20">
<kw name="Start Baykar Web Test" library="Common" type="SETUP">
<arg>${BROWSER}</arg>
<kw name="Open Browser" library="SeleniumLibrary">
<arg>about:blank</arg>
<arg>${BROWSER}</arg>
<doc>Opens a new browser instance to the optional ``url``.</doc>
<msg timestamp="20220617 01:07:28.965" level="INFO">Opening browser 'chrome' to base url 'about:blank'.</msg>
<status status="PASS" starttime="20220617 01:07:28.965" endtime="20220617 01:07:30.096"/>
</kw>
<kw name="Maximize Browser Window" library="SeleniumLibrary">
<doc>Maximizes current browser window.</doc>
<status status="PASS" starttime="20220617 01:07:30.096" endtime="20220617 01:07:30.218"/>
</kw>
<status status="PASS" starttime="20220617 01:07:28.965" endtime="20220617 01:07:30.218"/>
</kw>
<kw name="Open Website" library="Common">
<arg>${SITE_URL}${RUN_LANG}</arg>
<kw name="Go To" library="SeleniumLibrary">
<arg>${SITE_URL}</arg>
<doc>Navigates the current browser window to the provided ``url``.</doc>
<msg timestamp="20220617 01:07:30.219" level="INFO">Opening url 'https://kariyer.baykartech.com/tr'</msg>
<status status="PASS" starttime="20220617 01:07:30.219" endtime="20220617 01:07:34.790"/>
</kw>
<status status="PASS" starttime="20220617 01:07:30.219" endtime="20220617 01:07:34.790"/>
</kw>
<kw name="Navbar Mouse Over Tests" library="Kariyer.Baykartech.App">
<kw name="Mouse Over &quot;Kariyer&quot; Section" library="Navbar">
<doc>[1] is a first section in navbar</doc>
<kw name="Set Variable" library="BuiltIn">
<var>${sec_num}</var>
<arg>1</arg>
<doc>Returns the given values which can then be assigned to a variables.</doc>
<msg timestamp="20220617 01:07:34.792" level="INFO">${sec_num} = 1</msg>
<status status="PASS" starttime="20220617 01:07:34.791" endtime="20220617 01:07:34.792"/>
</kw>
<kw name="Mouse Over" library="SeleniumLibrary">
<arg>${NAVBAR_SECTION}\[${sec_num}\]</arg>
<doc>Simulates hovering the mouse over the element ``locator``.</doc>
<msg timestamp="20220617 01:07:34.792" level="INFO">Simulating Mouse Over on element 'xpath=//*[@id="navbar-menu"]/ul/li[1]'.</msg>
<status status="PASS" starttime="20220617 01:07:34.792" endtime="20220617 01:07:35.077"/>
</kw>
<kw name="Wait Until Element Is Visible" library="SeleniumLibrary">
<arg>${NAVBAR_SECTION}\[${sec_num}\]${FIRST_DROPDOWN_ELEMENT}</arg>
<doc>Waits until the element ``locator`` is visible.</doc>
<status status="PASS" starttime="20220617 01:07:35.077" endtime="20220617 01:07:35.543"/>
</kw>
<status status="PASS" starttime="20220617 01:07:34.791" endtime="20220617 01:07:35.543"/>
</kw>
<kw name="Mouse Over &quot;Staj&quot; Section" library="Navbar">
<doc>[3] is a third section in navbar</doc>
<kw name="Set Variable" library="BuiltIn">
<var>${sec_num}</var>
<arg>3</arg>
<doc>Returns the given values which can then be assigned to a variables.</doc>
<msg timestamp="20220617 01:07:35.544" level="INFO">${sec_num} = 3</msg>
<status status="PASS" starttime="20220617 01:07:35.544" endtime="20220617 01:07:35.544"/>
</kw>
<kw name="Mouse Over" library="SeleniumLibrary">
<arg>${NAVBAR_SECTION}\[${sec_num}\]</arg>
<doc>Simulates hovering the mouse over the element ``locator``.</doc>
<msg timestamp="20220617 01:07:35.544" level="INFO">Simulating Mouse Over on element 'xpath=//*[@id="navbar-menu"]/ul/li[3]'.</msg>
<status status="PASS" starttime="20220617 01:07:35.544" endtime="20220617 01:07:35.823"/>
</kw>
<kw name="Wait Until Element Is Visible" library="SeleniumLibrary">
<arg>${NAVBAR_SECTION}\[${sec_num}\]${FIRST_DROPDOWN_ELEMENT}</arg>
<doc>Waits until the element ``locator`` is visible.</doc>
<status status="PASS" starttime="20220617 01:07:35.823" endtime="20220617 01:07:35.841"/>
</kw>
<status status="PASS" starttime="20220617 01:07:35.543" endtime="20220617 01:07:35.842"/>
</kw>
<status status="PASS" starttime="20220617 01:07:34.791" endtime="20220617 01:07:35.842"/>
</kw>
<kw name="Click non dropdown sections" library="Kariyer.Baykartech.App">
<arg>${RUN_LANG}</arg>
<kw name="Click &quot;Açık Pozisyonlar&quot; Section" library="Navbar">
<doc>[2] is a second section in navbar</doc>
<kw name="Set Variable" library="BuiltIn">
<var>${sec_num}</var>
<arg>2</arg>
<doc>Returns the given values which can then be assigned to a variables.</doc>
<msg timestamp="20220617 01:07:35.843" level="INFO">${sec_num} = 2</msg>
<status status="PASS" starttime="20220617 01:07:35.843" endtime="20220617 01:07:35.843"/>
</kw>
<kw name="Click Link" library="SeleniumLibrary">
<arg>${NAVBAR_SECTION}\[${sec_num}\]/a</arg>
<doc>Clicks a link identified by ``locator``.</doc>
<msg timestamp="20220617 01:07:35.843" level="INFO">Clicking link 'xpath=//*[@id="navbar-menu"]/ul/li[2]/a'.</msg>
<status status="PASS" starttime="20220617 01:07:35.843" endtime="20220617 01:07:35.888"/>
</kw>
<status status="PASS" starttime="20220617 01:07:35.842" endtime="20220617 01:07:35.888"/>
</kw>
<kw name="Verify Section is Visible" library="Homepage">
<arg>${OPEN_POZ_SECTION}</arg>
<kw name="Wait Until Element Is Visible" library="SeleniumLibrary">
<arg>${SECTION_TEXT_ELEMENT}</arg>
<doc>Waits until the element ``locator`` is visible.</doc>
<status status="PASS" starttime="20220617 01:07:35.889" endtime="20220617 01:07:35.913"/>
</kw>
<kw name="Element Should Be Visible" library="SeleniumLibrary">
<arg>${SECTION_TEXT_ELEMENT}</arg>
<doc>Verifies that the element identified by ``locator`` is visible.</doc>
<msg timestamp="20220617 01:07:35.927" level="INFO">Element 'xpath=//h4[.="Baykar'da Açık Pozisyonlar"]' is displayed.</msg>
<status status="PASS" starttime="20220617 01:07:35.913" endtime="20220617 01:07:35.927"/>
</kw>
<status status="PASS" starttime="20220617 01:07:35.889" endtime="20220617 01:07:35.927"/>
</kw>
<kw name="Click &quot;Baykarda Yaşam&quot; Section" library="Navbar">
<doc>[4] is a fourth section in navbar</doc>
<kw name="Set Variable" library="BuiltIn">
<var>${sec_num}</var>
<arg>4</arg>
<doc>Returns the given values which can then be assigned to a variables.</doc>
<msg timestamp="20220617 01:07:35.927" level="INFO">${sec_num} = 4</msg>
<status status="PASS" starttime="20220617 01:07:35.927" endtime="20220617 01:07:35.927"/>
</kw>
<kw name="Click Link" library="SeleniumLibrary">
<arg>${NAVBAR_SECTION}\[${sec_num}\]/a</arg>
<doc>Clicks a link identified by ``locator``.</doc>
<msg timestamp="20220617 01:07:35.928" level="INFO">Clicking link 'xpath=//*[@id="navbar-menu"]/ul/li[4]/a'.</msg>
<status status="PASS" starttime="20220617 01:07:35.928" endtime="20220617 01:07:35.965"/>
</kw>
<status status="PASS" starttime="20220617 01:07:35.927" endtime="20220617 01:07:35.965"/>
</kw>
<kw name="Verify Section is Visible" library="Homepage">
<arg>${BAYKAR_LIFE_SECTION}</arg>
<kw name="Wait Until Element Is Visible" library="SeleniumLibrary">
<arg>${SECTION_TEXT_ELEMENT}</arg>
<doc>Waits until the element ``locator`` is visible.</doc>
<status status="PASS" starttime="20220617 01:07:35.966" endtime="20220617 01:07:35.985"/>
</kw>
<kw name="Element Should Be Visible" library="SeleniumLibrary">
<arg>${SECTION_TEXT_ELEMENT}</arg>
<doc>Verifies that the element identified by ``locator`` is visible.</doc>
<msg timestamp="20220617 01:07:35.997" level="INFO">Element 'xpath=//h4[.='Baykar İnsan Kaynakları']' is displayed.</msg>
<status status="PASS" starttime="20220617 01:07:35.985" endtime="20220617 01:07:35.997"/>
</kw>
<status status="PASS" starttime="20220617 01:07:35.966" endtime="20220617 01:07:35.997"/>
</kw>
<kw name="Click &quot;S.S.S&quot; Section" library="Navbar">
<doc>[5] is a fifth section in navbar</doc>
<kw name="Set Variable" library="BuiltIn">
<var>${sec_num}</var>
<arg>5</arg>
<doc>Returns the given values which can then be assigned to a variables.</doc>
<msg timestamp="20220617 01:07:35.998" level="INFO">${sec_num} = 5</msg>
<status status="PASS" starttime="20220617 01:07:35.998" endtime="20220617 01:07:35.998"/>
</kw>
<kw name="Click Link" library="SeleniumLibrary">
<arg>${NAVBAR_SECTION}\[${sec_num}\]/a</arg>
<doc>Clicks a link identified by ``locator``.</doc>
<msg timestamp="20220617 01:07:35.998" level="INFO">Clicking link 'xpath=//*[@id="navbar-menu"]/ul/li[5]/a'.</msg>
<status status="PASS" starttime="20220617 01:07:35.998" endtime="20220617 01:07:36.036"/>
</kw>
<status status="PASS" starttime="20220617 01:07:35.997" endtime="20220617 01:07:36.036"/>
</kw>
<kw name="Verify Section is Visible" library="Homepage">
<arg>${SSS_SECTION}</arg>
<kw name="Wait Until Element Is Visible" library="SeleniumLibrary">
<arg>${SECTION_TEXT_ELEMENT}</arg>
<doc>Waits until the element ``locator`` is visible.</doc>
<status status="PASS" starttime="20220617 01:07:36.037" endtime="20220617 01:07:36.055"/>
</kw>
<kw name="Element Should Be Visible" library="SeleniumLibrary">
<arg>${SECTION_TEXT_ELEMENT}</arg>
<doc>Verifies that the element identified by ``locator`` is visible.</doc>
<msg timestamp="20220617 01:07:36.069" level="INFO">Element 'xpath=//h2[.='Sıkça Sorulan Sorular']' is displayed.</msg>
<status status="PASS" starttime="20220617 01:07:36.055" endtime="20220617 01:07:36.069"/>
</kw>
<status status="PASS" starttime="20220617 01:07:36.036" endtime="20220617 01:07:36.069"/>
</kw>
<kw name="Click &quot;BAYKAR&quot; Section" library="Navbar">
<doc>[6] is a sixth section in navbar</doc>
<kw name="Set Variable" library="BuiltIn">
<var>${sec_num}</var>
<arg>6</arg>
<doc>Returns the given values which can then be assigned to a variables.</doc>
<msg timestamp="20220617 01:07:36.069" level="INFO">${sec_num} = 6</msg>
<status status="PASS" starttime="20220617 01:07:36.069" endtime="20220617 01:07:36.069"/>
</kw>
<kw name="Click Link" library="SeleniumLibrary">
<arg>${NAVBAR_SECTION}\[${sec_num}\]/a</arg>
<doc>Clicks a link identified by ``locator``.</doc>
<msg timestamp="20220617 01:07:36.070" level="INFO">Clicking link 'xpath=//*[@id="navbar-menu"]/ul/li[6]/a'.</msg>
<status status="PASS" starttime="20220617 01:07:36.070" endtime="20220617 01:07:36.128"/>
</kw>
<kw name="Sleep" library="BuiltIn">
<arg>1s</arg>
<doc>Pauses the test executed for the given time.</doc>
<msg timestamp="20220617 01:07:37.140" level="INFO">Slept 1 second</msg>
<status status="PASS" starttime="20220617 01:07:36.128" endtime="20220617 01:07:37.140"/>
</kw>
<kw name="Get Window Handles" library="SeleniumLibrary">
<var>${handle}</var>
<doc>Returns all child window handles of the selected browser as a list.</doc>
<msg timestamp="20220617 01:07:37.143" level="INFO">${handle} = ['CDwindow-B31490B41AB2EE347345A41AB0AFA7B1', 'CDwindow-1A746BC3C73C25F2F2976D022AAFB6F6']</msg>
<status status="PASS" starttime="20220617 01:07:37.140" endtime="20220617 01:07:37.143"/>
</kw>
<kw name="Switch Window" library="SeleniumLibrary">
<arg>${handle}[1]</arg>
<doc>Switches to browser window matching ``locator``.</doc>
<status status="PASS" starttime="20220617 01:07:37.143" endtime="20220617 01:07:37.307"/>
</kw>
<status status="PASS" starttime="20220617 01:07:36.069" endtime="20220617 01:07:37.307"/>
</kw>
<kw name="Verify &quot;baykartech.com&quot; opens" library="End-to-End">
<kw name="Get Window Handles" library="SeleniumLibrary">
<var>${handle}</var>
<doc>Returns all child window handles of the selected browser as a list.</doc>
<msg timestamp="20220617 01:07:37.311" level="INFO">${handle} = ['CDwindow-B31490B41AB2EE347345A41AB0AFA7B1', 'CDwindow-1A746BC3C73C25F2F2976D022AAFB6F6']</msg>
<status status="PASS" starttime="20220617 01:07:37.308" endtime="20220617 01:07:37.311"/>
</kw>
<kw name="Wait Until Element Is Visible" library="SeleniumLibrary">
<arg>${BAYKAR_MAIN_LOGO}</arg>
<doc>Waits until the element ``locator`` is visible.</doc>
<status status="PASS" starttime="20220617 01:07:37.311" endtime="20220617 01:07:41.283"/>
</kw>
<kw name="Element Should Be Visible" library="SeleniumLibrary">
<arg>${BAYKAR_MAIN_LOGO}</arg>
<doc>Verifies that the element identified by ``locator`` is visible.</doc>
<msg timestamp="20220617 01:07:41.299" level="INFO">Element 'xpath=//img[@alt='https://cdn.baykartech.com/media/images/contents/logo.png']' is displayed.</msg>
<status status="PASS" starttime="20220617 01:07:41.283" endtime="20220617 01:07:41.299"/>
</kw>
<kw name="Switch Window" library="SeleniumLibrary">
<arg>${handle}[0]</arg>
<doc>Switches to browser window matching ``locator``.</doc>
<status status="PASS" starttime="20220617 01:07:41.300" endtime="20220617 01:07:41.316"/>
</kw>
<status status="PASS" starttime="20220617 01:07:37.308" endtime="20220617 01:07:41.316"/>
</kw>
<kw name="Change Language" library="Navbar">
<doc>Changes current language</doc>
<kw name="Click Link" library="SeleniumLibrary">
<arg>${NAVBAR_LANG_BUTTON}</arg>
<doc>Clicks a link identified by ``locator``.</doc>
<msg timestamp="20220617 01:07:41.317" level="INFO">Clicking link 'xpath=//li[@class='baykarLi']//a'.</msg>
<status status="PASS" starttime="20220617 01:07:41.317" endtime="20220617 01:07:42.251"/>
</kw>
<status status="PASS" starttime="20220617 01:07:41.317" endtime="20220617 01:07:42.251"/>
</kw>
<kw name="Verify Page Loaded" library="Common">
<arg>en</arg>
<doc>Verify all pages successfully loaded</doc>
<kw name="Wait Until Element Is Visible" library="SeleniumLibrary">
<arg>${BAYKAR_LOGO_${LANG}}</arg>
<doc>Waits until the element ``locator`` is visible.</doc>
<status status="PASS" starttime="20220617 01:07:42.252" endtime="20220617 01:07:42.285"/>
</kw>
<status status="PASS" starttime="20220617 01:07:42.252" endtime="20220617 01:07:42.285"/>
</kw>
<kw name="Change Language" library="Navbar">
<doc>Changes current language</doc>
<kw name="Click Link" library="SeleniumLibrary">
<arg>${NAVBAR_LANG_BUTTON}</arg>
<doc>Clicks a link identified by ``locator``.</doc>
<msg timestamp="20220617 01:07:42.286" level="INFO">Clicking link 'xpath=//li[@class='baykarLi']//a'.</msg>
<status status="PASS" starttime="20220617 01:07:42.285" endtime="20220617 01:07:43.405"/>
</kw>
<status status="PASS" starttime="20220617 01:07:42.285" endtime="20220617 01:07:43.405"/>
</kw>
<kw name="Verify Page Loaded" library="Common">
<arg>tr</arg>
<doc>Verify all pages successfully loaded</doc>
<kw name="Wait Until Element Is Visible" library="SeleniumLibrary">
<arg>${BAYKAR_LOGO_${LANG}}</arg>
<doc>Waits until the element ``locator`` is visible.</doc>
<status status="PASS" starttime="20220617 01:07:43.405" endtime="20220617 01:07:43.423"/>
</kw>
<status status="PASS" starttime="20220617 01:07:43.405" endtime="20220617 01:07:43.423"/>
</kw>
<kw name="Sleep" library="BuiltIn">
<arg>2s</arg>
<doc>Pauses the test executed for the given time.</doc>
<msg timestamp="20220617 01:07:45.436" level="INFO">Slept 2 seconds</msg>
<status status="PASS" starttime="20220617 01:07:43.423" endtime="20220617 01:07:45.436"/>
</kw>
<kw name="Click &quot;Dashboard&quot; button" library="Navbar">
<arg>${LANG}</arg>
<doc>Clicks dashboard button in navbar located right</doc>
<kw name="Set Variable" library="BuiltIn">
<var>${NAVBAR_DASHBOARD_BUTTON}</var>
<arg>xpath=//a[contains(@href, '/${LANG}/dashboard')]</arg>
<doc>Returns the given values which can then be assigned to a variables.</doc>
<msg timestamp="20220617 01:07:45.437" level="INFO">${NAVBAR_DASHBOARD_BUTTON} = xpath=//a[contains(@href, '/tr/dashboard')]</msg>
<status status="PASS" starttime="20220617 01:07:45.436" endtime="20220617 01:07:45.437"/>
</kw>
<kw name="Click Link" library="SeleniumLibrary">
<arg>${NAVBAR_DASHBOARD_BUTTON}</arg>
<doc>Clicks a link identified by ``locator``.</doc>
<msg timestamp="20220617 01:07:45.437" level="INFO">Clicking link 'xpath=//a[contains(@href, '/tr/dashboard')]'.</msg>
<status status="PASS" starttime="20220617 01:07:45.437" endtime="20220617 01:07:46.351"/>
</kw>
<status status="PASS" starttime="20220617 01:07:45.436" endtime="20220617 01:07:46.351"/>
</kw>
<kw name="Sleep" library="BuiltIn">
<arg>3s</arg>
<doc>Pauses the test executed for the given time.</doc>
<msg timestamp="20220617 01:07:49.362" level="INFO">Slept 3 seconds</msg>
<status status="PASS" starttime="20220617 01:07:46.351" endtime="20220617 01:07:49.362"/>
</kw>
<status status="PASS" starttime="20220617 01:07:35.842" endtime="20220617 01:07:49.362"/>
</kw>
<kw name="End Baykar Web Test" library="Common" type="TEARDOWN">
<kw name="Close Browser" library="SeleniumLibrary">
<doc>Closes the current browser.</doc>
<status status="PASS" starttime="20220617 01:07:49.363" endtime="20220617 01:07:51.511"/>
</kw>
<status status="PASS" starttime="20220617 01:07:49.363" endtime="20220617 01:07:51.511"/>
</kw>
<doc>All visitors should be able navigate navbar</doc>
<tag>Navbar</tag>
<tag>Smoke</tag>
<status status="PASS" starttime="20220617 01:07:28.964" endtime="20220617 01:07:51.512"/>
</test>
<status status="PASS" starttime="20220617 01:07:28.786" endtime="20220617 01:07:51.513"/>
</suite>
<status status="PASS" starttime="20220617 01:07:28.768" endtime="20220617 01:07:51.514"/>
</suite>
<statistics>
<total>
<stat pass="1" fail="0" skip="0">All Tests</stat>
</total>
<tag>
<stat pass="1" fail="0" skip="0">Navbar</stat>
<stat pass="1" fail="0" skip="0">Smoke</stat>
</tag>
<suite>
<stat pass="1" fail="0" skip="0" id="s1" name="Tests">Tests</stat>
<stat pass="1" fail="0" skip="0" id="s1-s1" name="Kariyer.Baykartech">Tests.Kariyer.Baykartech</stat>
</suite>
</statistics>
<errors>
<msg timestamp="20220617 01:07:28.957" level="WARN">Imported resource file 'C:\Users\byuks\Desktop\QA\QA-Test-Automation-Baykar\Resources\PO\Footer.robot' is empty.</msg>
<msg timestamp="20220617 01:07:28.960" level="WARN">Imported resource file 'C:\Users\byuks\Desktop\QA\QA-Test-Automation-Baykar\Resources\PO\Kariyer.robot' is empty.</msg>
<msg timestamp="20220617 01:07:28.961" level="WARN">Imported resource file 'C:\Users\byuks\Desktop\QA\QA-Test-Automation-Baykar\Resources\PO\Staj.robot' is empty.</msg>
</errors>
</robot>
