<?xml version="1.0" encoding="UTF-8"?>
<robot generator="Robot 5.0.1 (Python 3.9.7 on win32)" generated="20220618 00:14:11.174" rpa="false" schemaversion="3">
<suite id="s1" name="Tests" source="C:\Users\byuks\Desktop\QA\QA-Test-Automation-Baykar\tests">
<suite id="s1-s1" name="Kariyer.Baykartech" source="C:\Users\byuks\Desktop\QA\QA-Test-Automation-Baykar\tests\Kariyer.Baykartech.robot">
<test id="s1-s1-t1" name="Visitor should be able click and see all &quot;Footer&quot; elements" line="48">
<kw name="Start Baykar Web Test" library="Common" type="SETUP">
<arg>${BROWSER}</arg>
<kw name="Open Browser" library="SeleniumLibrary">
<arg>about:blank</arg>
<arg>${BROWSER}</arg>
<doc>Opens a new browser instance to the optional ``url``.</doc>
<msg timestamp="20220618 00:14:11.415" level="INFO">Opening browser 'chrome' to base url 'about:blank'.</msg>
<status status="PASS" starttime="20220618 00:14:11.415" endtime="20220618 00:14:12.503"/>
</kw>
<kw name="Maximize Browser Window" library="SeleniumLibrary">
<doc>Maximizes current browser window.</doc>
<status status="PASS" starttime="20220618 00:14:12.503" endtime="20220618 00:14:12.622"/>
</kw>
<status status="PASS" starttime="20220618 00:14:11.415" endtime="20220618 00:14:12.622"/>
</kw>
<kw name="Open Website" library="Common">
<arg>${SITE_URL}${RUN_LANG}</arg>
<kw name="Go To" library="SeleniumLibrary">
<arg>${SITE_URL}</arg>
<doc>Navigates the current browser window to the provided ``url``.</doc>
<msg timestamp="20220618 00:14:12.623" level="INFO">Opening url 'https://kariyer.baykartech.com/en'</msg>
<status status="PASS" starttime="20220618 00:14:12.623" endtime="20220618 00:14:17.276"/>
</kw>
<status status="PASS" starttime="20220618 00:14:12.622" endtime="20220618 00:14:17.276"/>
</kw>
<kw name="Verify Page Loaded" library="Common">
<arg>${RUN_LANG}</arg>
<doc>Verify all pages successfully loaded</doc>
<kw name="Wait Until Element Is Visible" library="SeleniumLibrary">
<arg>${BAYKAR_LOGO_${LANG}}</arg>
<doc>Waits until the element ``locator`` is visible.</doc>
<status status="PASS" starttime="20220618 00:14:17.277" endtime="20220618 00:14:17.298"/>
</kw>
<status status="PASS" starttime="20220618 00:14:17.277" endtime="20220618 00:14:17.298"/>
</kw>
<kw name="Navigate &quot;Footer&quot; Elements" library="Kariyer.Baykartech.App">
<arg>${RUN_LANG}</arg>
<kw name="Scroll to end of the page" library="Footer">
<kw name="Scroll Element Into View" library="SeleniumLibrary">
<arg>${PAGE_END}</arg>
<doc>Scrolls the element identified by ``locator`` into view.</doc>
<status status="PASS" starttime="20220618 00:14:17.300" endtime="20220618 00:14:17.574"/>
</kw>
<status status="PASS" starttime="20220618 00:14:17.300" endtime="20220618 00:14:17.575"/>
</kw>
<kw name="Navigate footer elements in loop" library="Footer">
<arg>${LANG}</arg>
<for flavor="IN ZIP">
<var>${LINK_TR}</var>
<var>${LINK_EN}</var>
<value>${FOOTER_LINKS_TR}</value>
<value>${FOOTER_LINKS_EN}</value>
<iter>
<var name="${LINK_TR}">xpath=//footer//a[.="Hakkımızda"]</var>
<var name="${LINK_EN}">xpath=//footer//a[.="About Us"]</var>
<kw name="Run Keyword If" library="BuiltIn">
<arg>"${LANG}" == "tr"</arg>
<arg>Click Link</arg>
<arg>${LINK_TR}</arg>
<arg>ELSE IF</arg>
<arg>"${LANG}" == "en"</arg>
<arg>Click Link</arg>
<arg>${LINK_EN}</arg>
<doc>Runs the given keyword with the given arguments, if ``condition`` is true.</doc>
<kw name="Click Link" library="SeleniumLibrary">
<arg>${LINK_EN}</arg>
<doc>Clicks a link identified by ``locator``.</doc>
<msg timestamp="20220618 00:14:17.576" level="INFO">Clicking link 'xpath=//footer//a[.="About Us"]'.</msg>
<status status="PASS" starttime="20220618 00:14:17.576" endtime="20220618 00:14:18.932"/>
</kw>
<status status="PASS" starttime="20220618 00:14:17.575" endtime="20220618 00:14:18.932"/>
</kw>
<kw name="Go Back" library="SeleniumLibrary">
<doc>Simulates the user clicking the back button on their browser.</doc>
<status status="PASS" starttime="20220618 00:14:18.932" endtime="20220618 00:14:19.491"/>
</kw>
<kw name="Run Keyword" library="BuiltIn">
<arg>Scroll to end of the page</arg>
<doc>Executes the given keyword with the given arguments.</doc>
<kw name="Scroll to end of the page" library="Footer">
<kw name="Scroll Element Into View" library="SeleniumLibrary">
<arg>${PAGE_END}</arg>
<doc>Scrolls the element identified by ``locator`` into view.</doc>
<status status="PASS" starttime="20220618 00:14:19.492" endtime="20220618 00:14:19.783"/>
</kw>
<status status="PASS" starttime="20220618 00:14:19.492" endtime="20220618 00:14:19.783"/>
</kw>
<status status="PASS" starttime="20220618 00:14:19.491" endtime="20220618 00:14:19.783"/>
</kw>
<status status="PASS" starttime="20220618 00:14:17.575" endtime="20220618 00:14:19.783"/>
</iter>
<iter>
<var name="${LINK_TR}">xpath=//footer//a[.="Yönetim"]</var>
<var name="${LINK_EN}">xpath=//footer//a[.="Management"]</var>
<kw name="Run Keyword If" library="BuiltIn">
<arg>"${LANG}" == "tr"</arg>
<arg>Click Link</arg>
<arg>${LINK_TR}</arg>
<arg>ELSE IF</arg>
<arg>"${LANG}" == "en"</arg>
<arg>Click Link</arg>
<arg>${LINK_EN}</arg>
<doc>Runs the given keyword with the given arguments, if ``condition`` is true.</doc>
<kw name="Click Link" library="SeleniumLibrary">
<arg>${LINK_EN}</arg>
<doc>Clicks a link identified by ``locator``.</doc>
<msg timestamp="20220618 00:14:19.784" level="INFO">Clicking link 'xpath=//footer//a[.="Management"]'.</msg>
<status status="PASS" starttime="20220618 00:14:19.783" endtime="20220618 00:14:20.732"/>
</kw>
<status status="PASS" starttime="20220618 00:14:19.783" endtime="20220618 00:14:20.733"/>
</kw>
<kw name="Go Back" library="SeleniumLibrary">
<doc>Simulates the user clicking the back button on their browser.</doc>
<status status="PASS" starttime="20220618 00:14:20.733" endtime="20220618 00:14:21.285"/>
</kw>
<kw name="Run Keyword" library="BuiltIn">
<arg>Scroll to end of the page</arg>
<doc>Executes the given keyword with the given arguments.</doc>
<kw name="Scroll to end of the page" library="Footer">
<kw name="Scroll Element Into View" library="SeleniumLibrary">
<arg>${PAGE_END}</arg>
<doc>Scrolls the element identified by ``locator`` into view.</doc>
<status status="PASS" starttime="20220618 00:14:21.286" endtime="20220618 00:14:21.566"/>
</kw>
<status status="PASS" starttime="20220618 00:14:21.286" endtime="20220618 00:14:21.567"/>
</kw>
<status status="PASS" starttime="20220618 00:14:21.285" endtime="20220618 00:14:21.567"/>
</kw>
<status status="PASS" starttime="20220618 00:14:19.783" endtime="20220618 00:14:21.567"/>
</iter>
<iter>
<var name="${LINK_TR}">xpath=//footer//a[.="Tarihçe"]</var>
<var name="${LINK_EN}">xpath=//footer//a[.="History"]</var>
<kw name="Run Keyword If" library="BuiltIn">
<arg>"${LANG}" == "tr"</arg>
<arg>Click Link</arg>
<arg>${LINK_TR}</arg>
<arg>ELSE IF</arg>
<arg>"${LANG}" == "en"</arg>
<arg>Click Link</arg>
<arg>${LINK_EN}</arg>
<doc>Runs the given keyword with the given arguments, if ``condition`` is true.</doc>
<kw name="Click Link" library="SeleniumLibrary">
<arg>${LINK_EN}</arg>
<doc>Clicks a link identified by ``locator``.</doc>
<msg timestamp="20220618 00:14:21.567" level="INFO">Clicking link 'xpath=//footer//a[.="History"]'.</msg>
<status status="PASS" starttime="20220618 00:14:21.567" endtime="20220618 00:14:22.560"/>
</kw>
<status status="PASS" starttime="20220618 00:14:21.567" endtime="20220618 00:14:22.560"/>
</kw>
<kw name="Go Back" library="SeleniumLibrary">
<doc>Simulates the user clicking the back button on their browser.</doc>
<status status="PASS" starttime="20220618 00:14:22.560" endtime="20220618 00:14:22.920"/>
</kw>
<kw name="Run Keyword" library="BuiltIn">
<arg>Scroll to end of the page</arg>
<doc>Executes the given keyword with the given arguments.</doc>
<kw name="Scroll to end of the page" library="Footer">
<kw name="Scroll Element Into View" library="SeleniumLibrary">
<arg>${PAGE_END}</arg>
<doc>Scrolls the element identified by ``locator`` into view.</doc>
<status status="PASS" starttime="20220618 00:14:22.921" endtime="20220618 00:14:23.216"/>
</kw>
<status status="PASS" starttime="20220618 00:14:22.920" endtime="20220618 00:14:23.216"/>
</kw>
<status status="PASS" starttime="20220618 00:14:22.920" endtime="20220618 00:14:23.216"/>
</kw>
<status status="PASS" starttime="20220618 00:14:21.567" endtime="20220618 00:14:23.216"/>
</iter>
<iter>
<var name="${LINK_TR}">xpath=//footer//a[.="Açık Pozisyonlar"]</var>
<var name="${LINK_EN}">xpath=//footer//a[.="Open Positions"]</var>
<kw name="Run Keyword If" library="BuiltIn">
<arg>"${LANG}" == "tr"</arg>
<arg>Click Link</arg>
<arg>${LINK_TR}</arg>
<arg>ELSE IF</arg>
<arg>"${LANG}" == "en"</arg>
<arg>Click Link</arg>
<arg>${LINK_EN}</arg>
<doc>Runs the given keyword with the given arguments, if ``condition`` is true.</doc>
<kw name="Click Link" library="SeleniumLibrary">
<arg>${LINK_EN}</arg>
<doc>Clicks a link identified by ``locator``.</doc>
<msg timestamp="20220618 00:14:23.217" level="INFO">Clicking link 'xpath=//footer//a[.="Open Positions"]'.</msg>
<status status="PASS" starttime="20220618 00:14:23.216" endtime="20220618 00:14:25.712"/>
</kw>
<status status="PASS" starttime="20220618 00:14:23.216" endtime="20220618 00:14:25.712"/>
</kw>
<kw name="Go Back" library="SeleniumLibrary">
<doc>Simulates the user clicking the back button on their browser.</doc>
<status status="PASS" starttime="20220618 00:14:25.712" endtime="20220618 00:14:26.076"/>
</kw>
<kw name="Run Keyword" library="BuiltIn">
<arg>Scroll to end of the page</arg>
<doc>Executes the given keyword with the given arguments.</doc>
<kw name="Scroll to end of the page" library="Footer">
<kw name="Scroll Element Into View" library="SeleniumLibrary">
<arg>${PAGE_END}</arg>
<doc>Scrolls the element identified by ``locator`` into view.</doc>
<status status="PASS" starttime="20220618 00:14:26.077" endtime="20220618 00:14:26.358"/>
</kw>
<status status="PASS" starttime="20220618 00:14:26.077" endtime="20220618 00:14:26.359"/>
</kw>
<status status="PASS" starttime="20220618 00:14:26.077" endtime="20220618 00:14:26.359"/>
</kw>
<status status="PASS" starttime="20220618 00:14:23.216" endtime="20220618 00:14:26.359"/>
</iter>
<iter>
<var name="${LINK_TR}">xpath=//footer//a[.="İş"]</var>
<var name="${LINK_EN}">xpath=//footer//a[.="Jobs"]</var>
<kw name="Run Keyword If" library="BuiltIn">
<arg>"${LANG}" == "tr"</arg>
<arg>Click Link</arg>
<arg>${LINK_TR}</arg>
<arg>ELSE IF</arg>
<arg>"${LANG}" == "en"</arg>
<arg>Click Link</arg>
<arg>${LINK_EN}</arg>
<doc>Runs the given keyword with the given arguments, if ``condition`` is true.</doc>
<kw name="Click Link" library="SeleniumLibrary">
<arg>${LINK_EN}</arg>
<doc>Clicks a link identified by ``locator``.</doc>
<msg timestamp="20220618 00:14:26.359" level="INFO">Clicking link 'xpath=//footer//a[.="Jobs"]'.</msg>
<status status="PASS" starttime="20220618 00:14:26.359" endtime="20220618 00:14:27.316"/>
</kw>
<status status="PASS" starttime="20220618 00:14:26.359" endtime="20220618 00:14:27.316"/>
</kw>
<kw name="Go Back" library="SeleniumLibrary">
<doc>Simulates the user clicking the back button on their browser.</doc>
<status status="PASS" starttime="20220618 00:14:27.316" endtime="20220618 00:14:27.608"/>
</kw>
<kw name="Run Keyword" library="BuiltIn">
<arg>Scroll to end of the page</arg>
<doc>Executes the given keyword with the given arguments.</doc>
<kw name="Scroll to end of the page" library="Footer">
<kw name="Scroll Element Into View" library="SeleniumLibrary">
<arg>${PAGE_END}</arg>
<doc>Scrolls the element identified by ``locator`` into view.</doc>
<status status="PASS" starttime="20220618 00:14:27.609" endtime="20220618 00:14:27.891"/>
</kw>
<status status="PASS" starttime="20220618 00:14:27.608" endtime="20220618 00:14:27.891"/>
</kw>
<status status="PASS" starttime="20220618 00:14:27.608" endtime="20220618 00:14:27.891"/>
</kw>
<status status="PASS" starttime="20220618 00:14:26.359" endtime="20220618 00:14:27.891"/>
</iter>
<iter>
<var name="${LINK_TR}">xpath=//footer//a[.="Staj"]</var>
<var name="${LINK_EN}">xpath=//footer//a[.="İntern"]</var>
<kw name="Run Keyword If" library="BuiltIn">
<arg>"${LANG}" == "tr"</arg>
<arg>Click Link</arg>
<arg>${LINK_TR}</arg>
<arg>ELSE IF</arg>
<arg>"${LANG}" == "en"</arg>
<arg>Click Link</arg>
<arg>${LINK_EN}</arg>
<doc>Runs the given keyword with the given arguments, if ``condition`` is true.</doc>
<kw name="Click Link" library="SeleniumLibrary">
<arg>${LINK_EN}</arg>
<doc>Clicks a link identified by ``locator``.</doc>
<msg timestamp="20220618 00:14:27.892" level="INFO">Clicking link 'xpath=//footer//a[.="İntern"]'.</msg>
<status status="PASS" starttime="20220618 00:14:27.891" endtime="20220618 00:14:28.357"/>
</kw>
<status status="PASS" starttime="20220618 00:14:27.891" endtime="20220618 00:14:28.358"/>
</kw>
<kw name="Go Back" library="SeleniumLibrary">
<doc>Simulates the user clicking the back button on their browser.</doc>
<status status="PASS" starttime="20220618 00:14:28.358" endtime="20220618 00:14:28.691"/>
</kw>
<kw name="Run Keyword" library="BuiltIn">
<arg>Scroll to end of the page</arg>
<doc>Executes the given keyword with the given arguments.</doc>
<kw name="Scroll to end of the page" library="Footer">
<kw name="Scroll Element Into View" library="SeleniumLibrary">
<arg>${PAGE_END}</arg>
<doc>Scrolls the element identified by ``locator`` into view.</doc>
<status status="PASS" starttime="20220618 00:14:28.692" endtime="20220618 00:14:28.980"/>
</kw>
<status status="PASS" starttime="20220618 00:14:28.691" endtime="20220618 00:14:28.980"/>
</kw>
<status status="PASS" starttime="20220618 00:14:28.691" endtime="20220618 00:14:28.980"/>
</kw>
<status status="PASS" starttime="20220618 00:14:27.891" endtime="20220618 00:14:28.980"/>
</iter>
<status status="PASS" starttime="20220618 00:14:17.575" endtime="20220618 00:14:28.980"/>
</for>
<status status="PASS" starttime="20220618 00:14:17.575" endtime="20220618 00:14:28.980"/>
</kw>
<status status="PASS" starttime="20220618 00:14:17.299" endtime="20220618 00:14:28.980"/>
</kw>
<kw name="End Baykar Web Test" library="Common" type="TEARDOWN">
<kw name="Close Browser" library="SeleniumLibrary">
<doc>Closes the current browser.</doc>
<status status="PASS" starttime="20220618 00:14:28.981" endtime="20220618 00:14:31.101"/>
</kw>
<status status="PASS" starttime="20220618 00:14:28.981" endtime="20220618 00:14:31.101"/>
</kw>
<doc>All visitors should be able navigate footer links</doc>
<tag>Footer</tag>
<tag>Smoke</tag>
<status status="PASS" starttime="20220618 00:14:11.414" endtime="20220618 00:14:31.101"/>
</test>
<doc>This test file includes all tests for kariyer.baykartech.com, if you wanna change Browser or Runtime Language go to *Variables* section in this file.</doc>
<status status="PASS" starttime="20220618 00:14:11.199" endtime="20220618 00:14:31.102"/>
</suite>
<status status="PASS" starttime="20220618 00:14:11.176" endtime="20220618 00:14:31.104"/>
</suite>
<statistics>
<total>
<stat pass="1" fail="0" skip="0">All Tests</stat>
</total>
<tag>
<stat pass="1" fail="0" skip="0">Footer</stat>
<stat pass="1" fail="0" skip="0">Smoke</stat>
</tag>
<suite>
<stat pass="1" fail="0" skip="0" id="s1" name="Tests">Tests</stat>
<stat pass="1" fail="0" skip="0" id="s1-s1" name="Kariyer.Baykartech">Tests.Kariyer.Baykartech</stat>
</suite>
</statistics>
<errors>
<msg timestamp="20220618 00:14:11.404" level="WARN">Imported resource file 'C:\Users\byuks\Desktop\QA\QA-Test-Automation-Baykar\Resources\PO\Kariyer.robot' is empty.</msg>
<msg timestamp="20220618 00:14:11.405" level="WARN">Imported resource file 'C:\Users\byuks\Desktop\QA\QA-Test-Automation-Baykar\Resources\PO\Staj.robot' is empty.</msg>
</errors>
</robot>
