<?xml version="1.0" encoding="UTF-8"?>
<robot generator="Robot 5.0.1 (Python 3.9.7 on win32)" generated="20220701 02:58:34.314" rpa="false" schemaversion="3">
<suite id="s1" name="Tests" source="C:\Users\byuks\Desktop\QA\QA-Test-Automation-Baykar\tests">
<suite id="s1-s1" name="Kariyer.Baykartech" source="C:\Users\byuks\Desktop\QA\QA-Test-Automation-Baykar\tests\Kariyer.Baykartech.robot">
<test id="s1-s1-t1" name="Visitor should be able click and see all &quot;Footer&quot; elements" line="66">
<kw name="Start Baykar Web Test" library="Common" type="SETUP">
<arg>${BROWSER}</arg>
<kw name="Open Browser" library="SeleniumLibrary">
<arg>about:blank</arg>
<arg>${BROWSER}</arg>
<doc>Opens a new browser instance to the optional ``url``.</doc>
<msg timestamp="20220701 02:58:34.554" level="INFO">Opening browser 'chrome' to base url 'about:blank'.</msg>
<status status="PASS" starttime="20220701 02:58:34.554" endtime="20220701 02:58:35.643"/>
</kw>
<kw name="Maximize Browser Window" library="SeleniumLibrary">
<doc>Maximizes current browser window.</doc>
<status status="PASS" starttime="20220701 02:58:35.643" endtime="20220701 02:58:35.773"/>
</kw>
<status status="PASS" starttime="20220701 02:58:34.554" endtime="20220701 02:58:35.773"/>
</kw>
<kw name="Open Website" library="Common">
<arg>${SITE_URL}${RUN_LANG}</arg>
<kw name="Go To" library="SeleniumLibrary">
<arg>${SITE_URL}\/</arg>
<doc>Navigates the current browser window to the provided ``url``.</doc>
<msg timestamp="20220701 02:58:35.774" level="INFO">Opening url 'https://kariyer.baykartech.com/tr/'</msg>
<status status="PASS" starttime="20220701 02:58:35.774" endtime="20220701 02:58:42.812"/>
</kw>
<status status="PASS" starttime="20220701 02:58:35.774" endtime="20220701 02:58:42.813"/>
</kw>
<kw name="Verify Page Loaded" library="Common">
<arg>${RUN_LANG}</arg>
<doc>Verify all pages successfully loaded</doc>
<kw name="Wait Until Element Is Enabled" library="SeleniumLibrary">
<arg>${BAYKAR_LOGO_${LANG}}</arg>
<doc>Waits until the element ``locator`` is enabled.</doc>
<status status="PASS" starttime="20220701 02:58:42.814" endtime="20220701 02:58:42.848"/>
</kw>
<kw name="Run Keyword And Return Status" library="BuiltIn">
<var>${check_loader}</var>
<arg>Element Should Be Visible</arg>
<arg>${PRE_LOADER}</arg>
<doc>Runs the given keyword with given arguments and returns the status as a Boolean value.</doc>
<kw name="Element Should Be Visible" library="SeleniumLibrary">
<arg>${PRE_LOADER}</arg>
<doc>Verifies that the element identified by ``locator`` is visible.</doc>
<msg timestamp="20220701 02:58:42.870" level="INFO">Element 'xpath=//div[@class='se-pre-con']' is displayed.</msg>
<status status="PASS" starttime="20220701 02:58:42.849" endtime="20220701 02:58:42.870"/>
</kw>
<msg timestamp="20220701 02:58:42.870" level="INFO">${check_loader} = True</msg>
<status status="PASS" starttime="20220701 02:58:42.848" endtime="20220701 02:58:42.870"/>
</kw>
<kw name="Run Keyword If" library="BuiltIn">
<arg>${check_loader}</arg>
<arg>Wait Until Element Is Not Visible</arg>
<arg>${PRE_LOADER}</arg>
<doc>Runs the given keyword with the given arguments, if ``condition`` is true.</doc>
<kw name="Wait Until Element Is Not Visible" library="SeleniumLibrary">
<arg>${PRE_LOADER}</arg>
<doc>Waits until the element ``locator`` is not visible.</doc>
<status status="PASS" starttime="20220701 02:58:42.871" endtime="20220701 02:58:43.560"/>
</kw>
<status status="PASS" starttime="20220701 02:58:42.871" endtime="20220701 02:58:43.560"/>
</kw>
<status status="PASS" starttime="20220701 02:58:42.813" endtime="20220701 02:58:43.560"/>
</kw>
<kw name="Navigate &quot;Footer&quot; Elements" library="Kariyer.Baykartech.App">
<arg>${RUN_LANG}</arg>
<kw name="Scroll to end of the page" library="Footer">
<kw name="Run Keyword And Ignore Error" library="BuiltIn">
<arg>Scroll Element Into View</arg>
<arg>${PAGE_END}</arg>
<doc>Runs the given keyword with the given arguments and ignores possible error.</doc>
<kw name="Scroll Element Into View" library="SeleniumLibrary">
<arg>${PAGE_END}</arg>
<doc>Scrolls the element identified by ``locator`` into view.</doc>
<status status="PASS" starttime="20220701 02:58:43.561" endtime="20220701 02:58:43.842"/>
</kw>
<status status="PASS" starttime="20220701 02:58:43.561" endtime="20220701 02:58:43.842"/>
</kw>
<status status="PASS" starttime="20220701 02:58:43.561" endtime="20220701 02:58:43.843"/>
</kw>
<kw name="Navigate footer elements in loop" library="Footer">
<arg>${LANG}</arg>
<doc>Clicks all footer links by created list</doc>
<for flavor="IN ZIP">
<var>${LINK_TR}</var>
<var>${LINK_EN}</var>
<var>${IN_OUT}</var>
<value>${FOOTER_LINKS_TR}</value>
<value>${FOOTER_LINKS_EN}</value>
<value>${INNER_OR_OUTER_PAGE}</value>
<iter>
<var name="${LINK_TR}">xpath=//footer//a[.="Hakkımızda"]</var>
<var name="${LINK_EN}">xpath=//footer//a[.="About Us"]</var>
<var name="${IN_OUT}">0</var>
<kw name="Run Keyword If" library="BuiltIn">
<arg>"${LANG}" == "tr"</arg>
<arg>Click Link</arg>
<arg>${LINK_TR}</arg>
<arg>ELSE IF</arg>
<arg>"${LANG}" == "en"</arg>
<arg>Click Link</arg>
<arg>${LINK_EN}</arg>
<doc>Runs the given keyword with the given arguments, if ``condition`` is true.</doc>
<kw name="Click Link" library="SeleniumLibrary">
<arg>${LINK_TR}</arg>
<doc>Clicks a link identified by ``locator``.</doc>
<msg timestamp="20220701 02:58:43.844" level="INFO">Clicking link 'xpath=//footer//a[.="Hakkımızda"]'.</msg>
<status status="PASS" starttime="20220701 02:58:43.844" endtime="20220701 02:58:44.820"/>
</kw>
<status status="PASS" starttime="20220701 02:58:43.843" endtime="20220701 02:58:44.820"/>
</kw>
<kw name="Check Baykar's Main Site By Argument" library="Baykartech.App">
<var>${con}</var>
<arg>${LINK_${LANG}}</arg>
<arg>${LANG}</arg>
<arg>${IN_OUT}</arg>
<kw name="Evaluate" library="BuiltIn">
<var>${ABOUT_CON}</var>
<arg>"${ABOUT_US_TEXTS_${LANG}}" in """${PAGE}"""</arg>
<doc>Evaluates the given expression in Python and returns the result.</doc>
<msg timestamp="20220701 02:58:44.821" level="INFO">${ABOUT_CON} = True</msg>
<status status="PASS" starttime="20220701 02:58:44.821" endtime="20220701 02:58:44.821"/>
</kw>
<kw name="Evaluate" library="BuiltIn">
<var>${MANAG_CON}</var>
<arg>"${MANAGEMENT_TEXTS_${LANG}}" in """${PAGE}"""</arg>
<doc>Evaluates the given expression in Python and returns the result.</doc>
<msg timestamp="20220701 02:58:44.822" level="INFO">${MANAG_CON} = False</msg>
<status status="PASS" starttime="20220701 02:58:44.822" endtime="20220701 02:58:44.822"/>
</kw>
<kw name="Evaluate" library="BuiltIn">
<var>${HISTO_CON}</var>
<arg>"${HISTORY_TEXTS_${LANG}}" in """${PAGE}"""</arg>
<doc>Evaluates the given expression in Python and returns the result.</doc>
<msg timestamp="20220701 02:58:44.822" level="INFO">${HISTO_CON} = False</msg>
<status status="PASS" starttime="20220701 02:58:44.822" endtime="20220701 02:58:44.822"/>
</kw>
<if>
<branch type="IF" condition="&quot;${IN_OUT}&quot; == &quot;0&quot;">
<kw name="Run Keyword If" library="BuiltIn">
<arg>${ABOUT_CON}</arg>
<arg>About.Verify Page Loaded</arg>
<arg>ELSE IF</arg>
<arg>${MANAG_CON}</arg>
<arg>Management.Verify Page Loaded</arg>
<arg>ELSE IF</arg>
<arg>${HISTO_CON}</arg>
<arg>History.Verify Page Loaded</arg>
<arg>ELSE</arg>
<arg>FAIL</arg>
<doc>Runs the given keyword with the given arguments, if ``condition`` is true.</doc>
<kw name="Verify Page Loaded" library="About">
<kw name="Page Should Contain Element" library="SeleniumLibrary">
<arg>${BAYKAR_MAIN_ABOUT_VERIFY_ELEMENT}</arg>
<doc>Verifies that element ``locator`` is found on the current page.</doc>
<msg timestamp="20220701 02:58:44.831" level="INFO">Current page contains element 'xpath=//div[@class='aboutText']'.</msg>
<status status="PASS" starttime="20220701 02:58:44.823" endtime="20220701 02:58:44.832"/>
</kw>
<kw name="Scroll Element Into View" library="SeleniumLibrary">
<arg>${BAYKAR_MAIN_ABOUT_VERIFY_ELEMENT}</arg>
<doc>Scrolls the element identified by ``locator`` into view.</doc>
<status status="PASS" starttime="20220701 02:58:44.832" endtime="20220701 02:58:45.101"/>
</kw>
<kw name="Wait Until Element Is Visible" library="SeleniumLibrary">
<arg>${BAYKAR_MAIN_ABOUT_VERIFY_ELEMENT}</arg>
<doc>Waits until the element ``locator`` is visible.</doc>
<status status="PASS" starttime="20220701 02:58:45.101" endtime="20220701 02:58:45.115"/>
</kw>
<status status="PASS" starttime="20220701 02:58:44.823" endtime="20220701 02:58:45.115"/>
</kw>
<status status="PASS" starttime="20220701 02:58:44.823" endtime="20220701 02:58:45.115"/>
</kw>
<status status="PASS" starttime="20220701 02:58:44.822" endtime="20220701 02:58:45.115"/>
</branch>
<status status="PASS" starttime="20220701 02:58:44.822" endtime="20220701 02:58:45.115"/>
</if>
<msg timestamp="20220701 02:58:45.115" level="INFO">${con} = True</msg>
<status status="PASS" starttime="20220701 02:58:44.821" endtime="20220701 02:58:45.115"/>
</kw>
<kw name="Run Keyword If" library="BuiltIn">
<arg>${con}</arg>
<arg>Go Back</arg>
<doc>Runs the given keyword with the given arguments, if ``condition`` is true.</doc>
<kw name="Go Back" library="SeleniumLibrary">
<doc>Simulates the user clicking the back button on their browser.</doc>
<status status="PASS" starttime="20220701 02:58:45.115" endtime="20220701 02:58:45.671"/>
</kw>
<status status="PASS" starttime="20220701 02:58:45.115" endtime="20220701 02:58:45.671"/>
</kw>
<kw name="Verify Page Loaded" library="Common">
<arg>${LANG}</arg>
<doc>Verify all pages successfully loaded</doc>
<kw name="Wait Until Element Is Enabled" library="SeleniumLibrary">
<arg>${BAYKAR_LOGO_${LANG}}</arg>
<doc>Waits until the element ``locator`` is enabled.</doc>
<status status="PASS" starttime="20220701 02:58:45.672" endtime="20220701 02:58:45.701"/>
</kw>
<kw name="Run Keyword And Return Status" library="BuiltIn">
<var>${check_loader}</var>
<arg>Element Should Be Visible</arg>
<arg>${PRE_LOADER}</arg>
<doc>Runs the given keyword with given arguments and returns the status as a Boolean value.</doc>
<kw name="Element Should Be Visible" library="SeleniumLibrary">
<arg>${PRE_LOADER}</arg>
<doc>Verifies that the element identified by ``locator`` is visible.</doc>
<msg timestamp="20220701 02:58:45.716" level="INFO">Element 'xpath=//div[@class='se-pre-con']' is displayed.</msg>
<status status="PASS" starttime="20220701 02:58:45.702" endtime="20220701 02:58:45.716"/>
</kw>
<msg timestamp="20220701 02:58:45.716" level="INFO">${check_loader} = True</msg>
<status status="PASS" starttime="20220701 02:58:45.701" endtime="20220701 02:58:45.716"/>
</kw>
<kw name="Run Keyword If" library="BuiltIn">
<arg>${check_loader}</arg>
<arg>Wait Until Element Is Not Visible</arg>
<arg>${PRE_LOADER}</arg>
<doc>Runs the given keyword with the given arguments, if ``condition`` is true.</doc>
<kw name="Wait Until Element Is Not Visible" library="SeleniumLibrary">
<arg>${PRE_LOADER}</arg>
<doc>Waits until the element ``locator`` is not visible.</doc>
<status status="PASS" starttime="20220701 02:58:45.716" endtime="20220701 02:58:46.405"/>
</kw>
<status status="PASS" starttime="20220701 02:58:45.716" endtime="20220701 02:58:46.405"/>
</kw>
<status status="PASS" starttime="20220701 02:58:45.671" endtime="20220701 02:58:46.406"/>
</kw>
<kw name="Wait Until Element Is Visible" library="SeleniumLibrary">
<arg>${PAGE_END}</arg>
<doc>Waits until the element ``locator`` is visible.</doc>
<status status="PASS" starttime="20220701 02:58:46.406" endtime="20220701 02:58:46.420"/>
</kw>
<kw name="Run Keyword" library="BuiltIn">
<arg>Scroll to end of the page</arg>
<doc>Executes the given keyword with the given arguments.</doc>
<kw name="Scroll to end of the page" library="Footer">
<kw name="Run Keyword And Ignore Error" library="BuiltIn">
<arg>Scroll Element Into View</arg>
<arg>${PAGE_END}</arg>
<doc>Runs the given keyword with the given arguments and ignores possible error.</doc>
<kw name="Scroll Element Into View" library="SeleniumLibrary">
<arg>${PAGE_END}</arg>
<doc>Scrolls the element identified by ``locator`` into view.</doc>
<status status="PASS" starttime="20220701 02:58:46.421" endtime="20220701 02:58:46.702"/>
</kw>
<status status="PASS" starttime="20220701 02:58:46.420" endtime="20220701 02:58:46.702"/>
</kw>
<status status="PASS" starttime="20220701 02:58:46.420" endtime="20220701 02:58:46.702"/>
</kw>
<status status="PASS" starttime="20220701 02:58:46.420" endtime="20220701 02:58:46.702"/>
</kw>
<status status="PASS" starttime="20220701 02:58:43.843" endtime="20220701 02:58:46.702"/>
</iter>
<iter>
<var name="${LINK_TR}">xpath=//footer//a[.="Yönetim"]</var>
<var name="${LINK_EN}">xpath=//footer//a[.="Management"]</var>
<var name="${IN_OUT}">0</var>
<kw name="Run Keyword If" library="BuiltIn">
<arg>"${LANG}" == "tr"</arg>
<arg>Click Link</arg>
<arg>${LINK_TR}</arg>
<arg>ELSE IF</arg>
<arg>"${LANG}" == "en"</arg>
<arg>Click Link</arg>
<arg>${LINK_EN}</arg>
<doc>Runs the given keyword with the given arguments, if ``condition`` is true.</doc>
<kw name="Click Link" library="SeleniumLibrary">
<arg>${LINK_TR}</arg>
<doc>Clicks a link identified by ``locator``.</doc>
<msg timestamp="20220701 02:58:46.703" level="INFO">Clicking link 'xpath=//footer//a[.="Yönetim"]'.</msg>
<status status="PASS" starttime="20220701 02:58:46.703" endtime="20220701 02:58:47.543"/>
</kw>
<status status="PASS" starttime="20220701 02:58:46.703" endtime="20220701 02:58:47.544"/>
</kw>
<kw name="Check Baykar's Main Site By Argument" library="Baykartech.App">
<var>${con}</var>
<arg>${LINK_${LANG}}</arg>
<arg>${LANG}</arg>
<arg>${IN_OUT}</arg>
<kw name="Evaluate" library="BuiltIn">
<var>${ABOUT_CON}</var>
<arg>"${ABOUT_US_TEXTS_${LANG}}" in """${PAGE}"""</arg>
<doc>Evaluates the given expression in Python and returns the result.</doc>
<msg timestamp="20220701 02:58:47.545" level="INFO">${ABOUT_CON} = False</msg>
<status status="PASS" starttime="20220701 02:58:47.545" endtime="20220701 02:58:47.545"/>
</kw>
<kw name="Evaluate" library="BuiltIn">
<var>${MANAG_CON}</var>
<arg>"${MANAGEMENT_TEXTS_${LANG}}" in """${PAGE}"""</arg>
<doc>Evaluates the given expression in Python and returns the result.</doc>
<msg timestamp="20220701 02:58:47.545" level="INFO">${MANAG_CON} = True</msg>
<status status="PASS" starttime="20220701 02:58:47.545" endtime="20220701 02:58:47.546"/>
</kw>
<kw name="Evaluate" library="BuiltIn">
<var>${HISTO_CON}</var>
<arg>"${HISTORY_TEXTS_${LANG}}" in """${PAGE}"""</arg>
<doc>Evaluates the given expression in Python and returns the result.</doc>
<msg timestamp="20220701 02:58:47.546" level="INFO">${HISTO_CON} = False</msg>
<status status="PASS" starttime="20220701 02:58:47.546" endtime="20220701 02:58:47.546"/>
</kw>
<if>
<branch type="IF" condition="&quot;${IN_OUT}&quot; == &quot;0&quot;">
<kw name="Run Keyword If" library="BuiltIn">
<arg>${ABOUT_CON}</arg>
<arg>About.Verify Page Loaded</arg>
<arg>ELSE IF</arg>
<arg>${MANAG_CON}</arg>
<arg>Management.Verify Page Loaded</arg>
<arg>ELSE IF</arg>
<arg>${HISTO_CON}</arg>
<arg>History.Verify Page Loaded</arg>
<arg>ELSE</arg>
<arg>FAIL</arg>
<doc>Runs the given keyword with the given arguments, if ``condition`` is true.</doc>
<kw name="Verify Page Loaded" library="Management">
<kw name="Page Should Contain Element" library="SeleniumLibrary">
<arg>${BAYKAR_MAIN_MANAGEMENT_VERIFY_ELEMENT}</arg>
<doc>Verifies that element ``locator`` is found on the current page.</doc>
<msg timestamp="20220701 02:58:47.557" level="INFO">Current page contains element 'xpath=//div[@class='managementList']//a[contains(@href, '/ozdemir-bayraktar/')]'.</msg>
<status status="PASS" starttime="20220701 02:58:47.547" endtime="20220701 02:58:47.557"/>
</kw>
<kw name="Scroll Element Into View" library="SeleniumLibrary">
<arg>${BAYKAR_MAIN_MANAGEMENT_VERIFY_ELEMENT}</arg>
<doc>Scrolls the element identified by ``locator`` into view.</doc>
<status status="PASS" starttime="20220701 02:58:47.557" endtime="20220701 02:58:47.839"/>
</kw>
<kw name="Wait Until Element Is Visible" library="SeleniumLibrary">
<arg>${BAYKAR_MAIN_MANAGEMENT_VERIFY_ELEMENT}</arg>
<doc>Waits until the element ``locator`` is visible.</doc>
<status status="PASS" starttime="20220701 02:58:47.839" endtime="20220701 02:58:47.854"/>
</kw>
<status status="PASS" starttime="20220701 02:58:47.547" endtime="20220701 02:58:47.854"/>
</kw>
<status status="PASS" starttime="20220701 02:58:47.546" endtime="20220701 02:58:47.854"/>
</kw>
<status status="PASS" starttime="20220701 02:58:47.546" endtime="20220701 02:58:47.855"/>
</branch>
<status status="PASS" starttime="20220701 02:58:47.546" endtime="20220701 02:58:47.855"/>
</if>
<msg timestamp="20220701 02:58:47.855" level="INFO">${con} = True</msg>
<status status="PASS" starttime="20220701 02:58:47.544" endtime="20220701 02:58:47.855"/>
</kw>
<kw name="Run Keyword If" library="BuiltIn">
<arg>${con}</arg>
<arg>Go Back</arg>
<doc>Runs the given keyword with the given arguments, if ``condition`` is true.</doc>
<kw name="Go Back" library="SeleniumLibrary">
<doc>Simulates the user clicking the back button on their browser.</doc>
<status status="PASS" starttime="20220701 02:58:47.855" endtime="20220701 02:58:48.271"/>
</kw>
<status status="PASS" starttime="20220701 02:58:47.855" endtime="20220701 02:58:48.271"/>
</kw>
<kw name="Verify Page Loaded" library="Common">
<arg>${LANG}</arg>
<doc>Verify all pages successfully loaded</doc>
<kw name="Wait Until Element Is Enabled" library="SeleniumLibrary">
<arg>${BAYKAR_LOGO_${LANG}}</arg>
<doc>Waits until the element ``locator`` is enabled.</doc>
<status status="PASS" starttime="20220701 02:58:48.272" endtime="20220701 02:58:48.362"/>
</kw>
<kw name="Run Keyword And Return Status" library="BuiltIn">
<var>${check_loader}</var>
<arg>Element Should Be Visible</arg>
<arg>${PRE_LOADER}</arg>
<doc>Runs the given keyword with given arguments and returns the status as a Boolean value.</doc>
<kw name="Element Should Be Visible" library="SeleniumLibrary">
<arg>${PRE_LOADER}</arg>
<doc>Verifies that the element identified by ``locator`` is visible.</doc>
<msg timestamp="20220701 02:58:48.404" level="INFO">Element 'xpath=//div[@class='se-pre-con']' is displayed.</msg>
<status status="PASS" starttime="20220701 02:58:48.362" endtime="20220701 02:58:48.404"/>
</kw>
<msg timestamp="20220701 02:58:48.404" level="INFO">${check_loader} = True</msg>
<status status="PASS" starttime="20220701 02:58:48.362" endtime="20220701 02:58:48.404"/>
</kw>
<kw name="Run Keyword If" library="BuiltIn">
<arg>${check_loader}</arg>
<arg>Wait Until Element Is Not Visible</arg>
<arg>${PRE_LOADER}</arg>
<doc>Runs the given keyword with the given arguments, if ``condition`` is true.</doc>
<kw name="Wait Until Element Is Not Visible" library="SeleniumLibrary">
<arg>${PRE_LOADER}</arg>
<doc>Waits until the element ``locator`` is not visible.</doc>
<status status="PASS" starttime="20220701 02:58:48.405" endtime="20220701 02:58:48.889"/>
</kw>
<status status="PASS" starttime="20220701 02:58:48.404" endtime="20220701 02:58:48.889"/>
</kw>
<status status="PASS" starttime="20220701 02:58:48.271" endtime="20220701 02:58:48.889"/>
</kw>
<kw name="Wait Until Element Is Visible" library="SeleniumLibrary">
<arg>${PAGE_END}</arg>
<doc>Waits until the element ``locator`` is visible.</doc>
<status status="PASS" starttime="20220701 02:58:48.890" endtime="20220701 02:58:48.904"/>
</kw>
<kw name="Run Keyword" library="BuiltIn">
<arg>Scroll to end of the page</arg>
<doc>Executes the given keyword with the given arguments.</doc>
<kw name="Scroll to end of the page" library="Footer">
<kw name="Run Keyword And Ignore Error" library="BuiltIn">
<arg>Scroll Element Into View</arg>
<arg>${PAGE_END}</arg>
<doc>Runs the given keyword with the given arguments and ignores possible error.</doc>
<kw name="Scroll Element Into View" library="SeleniumLibrary">
<arg>${PAGE_END}</arg>
<doc>Scrolls the element identified by ``locator`` into view.</doc>
<status status="PASS" starttime="20220701 02:58:48.905" endtime="20220701 02:58:49.187"/>
</kw>
<status status="PASS" starttime="20220701 02:58:48.905" endtime="20220701 02:58:49.187"/>
</kw>
<status status="PASS" starttime="20220701 02:58:48.904" endtime="20220701 02:58:49.188"/>
</kw>
<status status="PASS" starttime="20220701 02:58:48.904" endtime="20220701 02:58:49.188"/>
</kw>
<status status="PASS" starttime="20220701 02:58:46.702" endtime="20220701 02:58:49.188"/>
</iter>
<iter>
<var name="${LINK_TR}">xpath=//footer//a[.="Tarihçe"]</var>
<var name="${LINK_EN}">xpath=//footer//a[.="History"]</var>
<var name="${IN_OUT}">0</var>
<kw name="Run Keyword If" library="BuiltIn">
<arg>"${LANG}" == "tr"</arg>
<arg>Click Link</arg>
<arg>${LINK_TR}</arg>
<arg>ELSE IF</arg>
<arg>"${LANG}" == "en"</arg>
<arg>Click Link</arg>
<arg>${LINK_EN}</arg>
<doc>Runs the given keyword with the given arguments, if ``condition`` is true.</doc>
<kw name="Click Link" library="SeleniumLibrary">
<arg>${LINK_TR}</arg>
<doc>Clicks a link identified by ``locator``.</doc>
<msg timestamp="20220701 02:58:49.188" level="INFO">Clicking link 'xpath=//footer//a[.="Tarihçe"]'.</msg>
<status status="PASS" starttime="20220701 02:58:49.188" endtime="20220701 02:58:50.104"/>
</kw>
<status status="PASS" starttime="20220701 02:58:49.188" endtime="20220701 02:58:50.104"/>
</kw>
<kw name="Check Baykar's Main Site By Argument" library="Baykartech.App">
<var>${con}</var>
<arg>${LINK_${LANG}}</arg>
<arg>${LANG}</arg>
<arg>${IN_OUT}</arg>
<kw name="Evaluate" library="BuiltIn">
<var>${ABOUT_CON}</var>
<arg>"${ABOUT_US_TEXTS_${LANG}}" in """${PAGE}"""</arg>
<doc>Evaluates the given expression in Python and returns the result.</doc>
<msg timestamp="20220701 02:58:50.105" level="INFO">${ABOUT_CON} = False</msg>
<status status="PASS" starttime="20220701 02:58:50.104" endtime="20220701 02:58:50.105"/>
</kw>
<kw name="Evaluate" library="BuiltIn">
<var>${MANAG_CON}</var>
<arg>"${MANAGEMENT_TEXTS_${LANG}}" in """${PAGE}"""</arg>
<doc>Evaluates the given expression in Python and returns the result.</doc>
<msg timestamp="20220701 02:58:50.105" level="INFO">${MANAG_CON} = False</msg>
<status status="PASS" starttime="20220701 02:58:50.105" endtime="20220701 02:58:50.105"/>
</kw>
<kw name="Evaluate" library="BuiltIn">
<var>${HISTO_CON}</var>
<arg>"${HISTORY_TEXTS_${LANG}}" in """${PAGE}"""</arg>
<doc>Evaluates the given expression in Python and returns the result.</doc>
<msg timestamp="20220701 02:58:50.105" level="INFO">${HISTO_CON} = True</msg>
<status status="PASS" starttime="20220701 02:58:50.105" endtime="20220701 02:58:50.105"/>
</kw>
<if>
<branch type="IF" condition="&quot;${IN_OUT}&quot; == &quot;0&quot;">
<kw name="Run Keyword If" library="BuiltIn">
<arg>${ABOUT_CON}</arg>
<arg>About.Verify Page Loaded</arg>
<arg>ELSE IF</arg>
<arg>${MANAG_CON}</arg>
<arg>Management.Verify Page Loaded</arg>
<arg>ELSE IF</arg>
<arg>${HISTO_CON}</arg>
<arg>History.Verify Page Loaded</arg>
<arg>ELSE</arg>
<arg>FAIL</arg>
<doc>Runs the given keyword with the given arguments, if ``condition`` is true.</doc>
<kw name="Verify Page Loaded" library="History">
<kw name="Page Should Contain Element" library="SeleniumLibrary">
<arg>${BAYKAR_MAIN_HISTORY_VERIFY_ELEMENT}</arg>
<doc>Verifies that element ``locator`` is found on the current page.</doc>
<msg timestamp="20220701 02:58:50.115" level="INFO">Current page contains element 'xpath=//div[@class='aboutTimeLineLR']/div[@class='tlCard'][1]'.</msg>
<status status="PASS" starttime="20220701 02:58:50.106" endtime="20220701 02:58:50.115"/>
</kw>
<kw name="Scroll Element Into View" library="SeleniumLibrary">
<arg>${BAYKAR_MAIN_HISTORY_VERIFY_ELEMENT}</arg>
<doc>Scrolls the element identified by ``locator`` into view.</doc>
<status status="PASS" starttime="20220701 02:58:50.116" endtime="20220701 02:58:50.382"/>
</kw>
<kw name="Wait Until Element Is Visible" library="SeleniumLibrary">
<arg>${BAYKAR_MAIN_HISTORY_VERIFY_ELEMENT}</arg>
<doc>Waits until the element ``locator`` is visible.</doc>
<status status="PASS" starttime="20220701 02:58:50.382" endtime="20220701 02:58:50.396"/>
</kw>
<status status="PASS" starttime="20220701 02:58:50.106" endtime="20220701 02:58:50.396"/>
</kw>
<status status="PASS" starttime="20220701 02:58:50.106" endtime="20220701 02:58:50.396"/>
</kw>
<status status="PASS" starttime="20220701 02:58:50.106" endtime="20220701 02:58:50.396"/>
</branch>
<status status="PASS" starttime="20220701 02:58:50.105" endtime="20220701 02:58:50.396"/>
</if>
<msg timestamp="20220701 02:58:50.397" level="INFO">${con} = True</msg>
<status status="PASS" starttime="20220701 02:58:50.104" endtime="20220701 02:58:50.397"/>
</kw>
<kw name="Run Keyword If" library="BuiltIn">
<arg>${con}</arg>
<arg>Go Back</arg>
<doc>Runs the given keyword with the given arguments, if ``condition`` is true.</doc>
<kw name="Go Back" library="SeleniumLibrary">
<doc>Simulates the user clicking the back button on their browser.</doc>
<status status="PASS" starttime="20220701 02:58:50.397" endtime="20220701 02:58:50.778"/>
</kw>
<status status="PASS" starttime="20220701 02:58:50.397" endtime="20220701 02:58:50.778"/>
</kw>
<kw name="Verify Page Loaded" library="Common">
<arg>${LANG}</arg>
<doc>Verify all pages successfully loaded</doc>
<kw name="Wait Until Element Is Enabled" library="SeleniumLibrary">
<arg>${BAYKAR_LOGO_${LANG}}</arg>
<doc>Waits until the element ``locator`` is enabled.</doc>
<status status="PASS" starttime="20220701 02:58:50.779" endtime="20220701 02:58:50.876"/>
</kw>
<kw name="Run Keyword And Return Status" library="BuiltIn">
<var>${check_loader}</var>
<arg>Element Should Be Visible</arg>
<arg>${PRE_LOADER}</arg>
<doc>Runs the given keyword with given arguments and returns the status as a Boolean value.</doc>
<kw name="Element Should Be Visible" library="SeleniumLibrary">
<arg>${PRE_LOADER}</arg>
<doc>Verifies that the element identified by ``locator`` is visible.</doc>
<msg timestamp="20220701 02:58:50.918" level="INFO">Element 'xpath=//div[@class='se-pre-con']' is displayed.</msg>
<status status="PASS" starttime="20220701 02:58:50.876" endtime="20220701 02:58:50.918"/>
</kw>
<msg timestamp="20220701 02:58:50.918" level="INFO">${check_loader} = True</msg>
<status status="PASS" starttime="20220701 02:58:50.876" endtime="20220701 02:58:50.918"/>
</kw>
<kw name="Run Keyword If" library="BuiltIn">
<arg>${check_loader}</arg>
<arg>Wait Until Element Is Not Visible</arg>
<arg>${PRE_LOADER}</arg>
<doc>Runs the given keyword with the given arguments, if ``condition`` is true.</doc>
<kw name="Wait Until Element Is Not Visible" library="SeleniumLibrary">
<arg>${PRE_LOADER}</arg>
<doc>Waits until the element ``locator`` is not visible.</doc>
<status status="PASS" starttime="20220701 02:58:50.919" endtime="20220701 02:58:51.393"/>
</kw>
<status status="PASS" starttime="20220701 02:58:50.918" endtime="20220701 02:58:51.393"/>
</kw>
<status status="PASS" starttime="20220701 02:58:50.779" endtime="20220701 02:58:51.393"/>
</kw>
<kw name="Wait Until Element Is Visible" library="SeleniumLibrary">
<arg>${PAGE_END}</arg>
<doc>Waits until the element ``locator`` is visible.</doc>
<status status="PASS" starttime="20220701 02:58:51.393" endtime="20220701 02:58:51.407"/>
</kw>
<kw name="Run Keyword" library="BuiltIn">
<arg>Scroll to end of the page</arg>
<doc>Executes the given keyword with the given arguments.</doc>
<kw name="Scroll to end of the page" library="Footer">
<kw name="Run Keyword And Ignore Error" library="BuiltIn">
<arg>Scroll Element Into View</arg>
<arg>${PAGE_END}</arg>
<doc>Runs the given keyword with the given arguments and ignores possible error.</doc>
<kw name="Scroll Element Into View" library="SeleniumLibrary">
<arg>${PAGE_END}</arg>
<doc>Scrolls the element identified by ``locator`` into view.</doc>
<status status="PASS" starttime="20220701 02:58:51.408" endtime="20220701 02:58:51.677"/>
</kw>
<status status="PASS" starttime="20220701 02:58:51.408" endtime="20220701 02:58:51.677"/>
</kw>
<status status="PASS" starttime="20220701 02:58:51.408" endtime="20220701 02:58:51.677"/>
</kw>
<status status="PASS" starttime="20220701 02:58:51.408" endtime="20220701 02:58:51.678"/>
</kw>
<status status="PASS" starttime="20220701 02:58:49.188" endtime="20220701 02:58:51.678"/>
</iter>
<iter>
<var name="${LINK_TR}">xpath=//footer//a[.="Açık Pozisyonlar"]</var>
<var name="${LINK_EN}">xpath=//footer//a[.="Open Positions"]</var>
<var name="${IN_OUT}">1</var>
<kw name="Run Keyword If" library="BuiltIn">
<arg>"${LANG}" == "tr"</arg>
<arg>Click Link</arg>
<arg>${LINK_TR}</arg>
<arg>ELSE IF</arg>
<arg>"${LANG}" == "en"</arg>
<arg>Click Link</arg>
<arg>${LINK_EN}</arg>
<doc>Runs the given keyword with the given arguments, if ``condition`` is true.</doc>
<kw name="Click Link" library="SeleniumLibrary">
<arg>${LINK_TR}</arg>
<doc>Clicks a link identified by ``locator``.</doc>
<msg timestamp="20220701 02:58:51.678" level="INFO">Clicking link 'xpath=//footer//a[.="Açık Pozisyonlar"]'.</msg>
<status status="PASS" starttime="20220701 02:58:51.678" endtime="20220701 02:58:53.930"/>
</kw>
<status status="PASS" starttime="20220701 02:58:51.678" endtime="20220701 02:58:53.930"/>
</kw>
<kw name="Check Baykar's Main Site By Argument" library="Baykartech.App">
<var>${con}</var>
<arg>${LINK_${LANG}}</arg>
<arg>${LANG}</arg>
<arg>${IN_OUT}</arg>
<kw name="Evaluate" library="BuiltIn">
<var>${ABOUT_CON}</var>
<arg>"${ABOUT_US_TEXTS_${LANG}}" in """${PAGE}"""</arg>
<doc>Evaluates the given expression in Python and returns the result.</doc>
<msg timestamp="20220701 02:58:53.931" level="INFO">${ABOUT_CON} = False</msg>
<status status="PASS" starttime="20220701 02:58:53.931" endtime="20220701 02:58:53.931"/>
</kw>
<kw name="Evaluate" library="BuiltIn">
<var>${MANAG_CON}</var>
<arg>"${MANAGEMENT_TEXTS_${LANG}}" in """${PAGE}"""</arg>
<doc>Evaluates the given expression in Python and returns the result.</doc>
<msg timestamp="20220701 02:58:53.931" level="INFO">${MANAG_CON} = False</msg>
<status status="PASS" starttime="20220701 02:58:53.931" endtime="20220701 02:58:53.931"/>
</kw>
<kw name="Evaluate" library="BuiltIn">
<var>${HISTO_CON}</var>
<arg>"${HISTORY_TEXTS_${LANG}}" in """${PAGE}"""</arg>
<doc>Evaluates the given expression in Python and returns the result.</doc>
<msg timestamp="20220701 02:58:53.932" level="INFO">${HISTO_CON} = False</msg>
<status status="PASS" starttime="20220701 02:58:53.932" endtime="20220701 02:58:53.932"/>
</kw>
<if>
<branch type="IF" condition="&quot;${IN_OUT}&quot; == &quot;0&quot;">
<kw name="Run Keyword If" library="BuiltIn">
<arg>${ABOUT_CON}</arg>
<arg>About.Verify Page Loaded</arg>
<arg>ELSE IF</arg>
<arg>${MANAG_CON}</arg>
<arg>Management.Verify Page Loaded</arg>
<arg>ELSE IF</arg>
<arg>${HISTO_CON}</arg>
<arg>History.Verify Page Loaded</arg>
<arg>ELSE</arg>
<arg>FAIL</arg>
<doc>Runs the given keyword with the given arguments, if ``condition`` is true.</doc>
<status status="NOT RUN" starttime="20220701 02:58:53.932" endtime="20220701 02:58:53.932"/>
</kw>
<status status="NOT RUN" starttime="20220701 02:58:53.932" endtime="20220701 02:58:53.932"/>
</branch>
<status status="PASS" starttime="20220701 02:58:53.932" endtime="20220701 02:58:53.932"/>
</if>
<msg timestamp="20220701 02:58:53.933" level="INFO">${con} = True</msg>
<status status="PASS" starttime="20220701 02:58:53.930" endtime="20220701 02:58:53.933"/>
</kw>
<kw name="Run Keyword If" library="BuiltIn">
<arg>${con}</arg>
<arg>Go Back</arg>
<doc>Runs the given keyword with the given arguments, if ``condition`` is true.</doc>
<kw name="Go Back" library="SeleniumLibrary">
<doc>Simulates the user clicking the back button on their browser.</doc>
<status status="PASS" starttime="20220701 02:58:53.933" endtime="20220701 02:58:54.324"/>
</kw>
<status status="PASS" starttime="20220701 02:58:53.933" endtime="20220701 02:58:54.324"/>
</kw>
<kw name="Verify Page Loaded" library="Common">
<arg>${LANG}</arg>
<doc>Verify all pages successfully loaded</doc>
<kw name="Wait Until Element Is Enabled" library="SeleniumLibrary">
<arg>${BAYKAR_LOGO_${LANG}}</arg>
<doc>Waits until the element ``locator`` is enabled.</doc>
<status status="PASS" starttime="20220701 02:58:54.324" endtime="20220701 02:58:54.351"/>
</kw>
<kw name="Run Keyword And Return Status" library="BuiltIn">
<var>${check_loader}</var>
<arg>Element Should Be Visible</arg>
<arg>${PRE_LOADER}</arg>
<doc>Runs the given keyword with given arguments and returns the status as a Boolean value.</doc>
<kw name="Element Should Be Visible" library="SeleniumLibrary">
<arg>${PRE_LOADER}</arg>
<doc>Verifies that the element identified by ``locator`` is visible.</doc>
<msg timestamp="20220701 02:58:54.377" level="INFO">Element 'xpath=//div[@class='se-pre-con']' is displayed.</msg>
<status status="PASS" starttime="20220701 02:58:54.352" endtime="20220701 02:58:54.377"/>
</kw>
<msg timestamp="20220701 02:58:54.377" level="INFO">${check_loader} = True</msg>
<status status="PASS" starttime="20220701 02:58:54.352" endtime="20220701 02:58:54.377"/>
</kw>
<kw name="Run Keyword If" library="BuiltIn">
<arg>${check_loader}</arg>
<arg>Wait Until Element Is Not Visible</arg>
<arg>${PRE_LOADER}</arg>
<doc>Runs the given keyword with the given arguments, if ``condition`` is true.</doc>
<kw name="Wait Until Element Is Not Visible" library="SeleniumLibrary">
<arg>${PRE_LOADER}</arg>
<doc>Waits until the element ``locator`` is not visible.</doc>
<status status="PASS" starttime="20220701 02:58:54.377" endtime="20220701 02:58:55.098"/>
</kw>
<status status="PASS" starttime="20220701 02:58:54.377" endtime="20220701 02:58:55.098"/>
</kw>
<status status="PASS" starttime="20220701 02:58:54.324" endtime="20220701 02:58:55.098"/>
</kw>
<kw name="Wait Until Element Is Visible" library="SeleniumLibrary">
<arg>${PAGE_END}</arg>
<doc>Waits until the element ``locator`` is visible.</doc>
<status status="PASS" starttime="20220701 02:58:55.098" endtime="20220701 02:58:55.113"/>
</kw>
<kw name="Run Keyword" library="BuiltIn">
<arg>Scroll to end of the page</arg>
<doc>Executes the given keyword with the given arguments.</doc>
<kw name="Scroll to end of the page" library="Footer">
<kw name="Run Keyword And Ignore Error" library="BuiltIn">
<arg>Scroll Element Into View</arg>
<arg>${PAGE_END}</arg>
<doc>Runs the given keyword with the given arguments and ignores possible error.</doc>
<kw name="Scroll Element Into View" library="SeleniumLibrary">
<arg>${PAGE_END}</arg>
<doc>Scrolls the element identified by ``locator`` into view.</doc>
<status status="PASS" starttime="20220701 02:58:55.113" endtime="20220701 02:58:55.394"/>
</kw>
<status status="PASS" starttime="20220701 02:58:55.113" endtime="20220701 02:58:55.394"/>
</kw>
<status status="PASS" starttime="20220701 02:58:55.113" endtime="20220701 02:58:55.394"/>
</kw>
<status status="PASS" starttime="20220701 02:58:55.113" endtime="20220701 02:58:55.394"/>
</kw>
<status status="PASS" starttime="20220701 02:58:51.678" endtime="20220701 02:58:55.394"/>
</iter>
<iter>
<var name="${LINK_TR}">xpath=//footer//a[.="İş"]</var>
<var name="${LINK_EN}">xpath=//footer//a[.="Jobs"]</var>
<var name="${IN_OUT}">1</var>
<kw name="Run Keyword If" library="BuiltIn">
<arg>"${LANG}" == "tr"</arg>
<arg>Click Link</arg>
<arg>${LINK_TR}</arg>
<arg>ELSE IF</arg>
<arg>"${LANG}" == "en"</arg>
<arg>Click Link</arg>
<arg>${LINK_EN}</arg>
<doc>Runs the given keyword with the given arguments, if ``condition`` is true.</doc>
<kw name="Click Link" library="SeleniumLibrary">
<arg>${LINK_TR}</arg>
<doc>Clicks a link identified by ``locator``.</doc>
<msg timestamp="20220701 02:58:55.395" level="INFO">Clicking link 'xpath=//footer//a[.="İş"]'.</msg>
<status status="PASS" starttime="20220701 02:58:55.395" endtime="20220701 02:58:55.988"/>
</kw>
<status status="PASS" starttime="20220701 02:58:55.395" endtime="20220701 02:58:55.988"/>
</kw>
<kw name="Check Baykar's Main Site By Argument" library="Baykartech.App">
<var>${con}</var>
<arg>${LINK_${LANG}}</arg>
<arg>${LANG}</arg>
<arg>${IN_OUT}</arg>
<kw name="Evaluate" library="BuiltIn">
<var>${ABOUT_CON}</var>
<arg>"${ABOUT_US_TEXTS_${LANG}}" in """${PAGE}"""</arg>
<doc>Evaluates the given expression in Python and returns the result.</doc>
<msg timestamp="20220701 02:58:55.989" level="INFO">${ABOUT_CON} = False</msg>
<status status="PASS" starttime="20220701 02:58:55.989" endtime="20220701 02:58:55.989"/>
</kw>
<kw name="Evaluate" library="BuiltIn">
<var>${MANAG_CON}</var>
<arg>"${MANAGEMENT_TEXTS_${LANG}}" in """${PAGE}"""</arg>
<doc>Evaluates the given expression in Python and returns the result.</doc>
<msg timestamp="20220701 02:58:55.989" level="INFO">${MANAG_CON} = False</msg>
<status status="PASS" starttime="20220701 02:58:55.989" endtime="20220701 02:58:55.989"/>
</kw>
<kw name="Evaluate" library="BuiltIn">
<var>${HISTO_CON}</var>
<arg>"${HISTORY_TEXTS_${LANG}}" in """${PAGE}"""</arg>
<doc>Evaluates the given expression in Python and returns the result.</doc>
<msg timestamp="20220701 02:58:55.990" level="INFO">${HISTO_CON} = False</msg>
<status status="PASS" starttime="20220701 02:58:55.989" endtime="20220701 02:58:55.990"/>
</kw>
<if>
<branch type="IF" condition="&quot;${IN_OUT}&quot; == &quot;0&quot;">
<kw name="Run Keyword If" library="BuiltIn">
<arg>${ABOUT_CON}</arg>
<arg>About.Verify Page Loaded</arg>
<arg>ELSE IF</arg>
<arg>${MANAG_CON}</arg>
<arg>Management.Verify Page Loaded</arg>
<arg>ELSE IF</arg>
<arg>${HISTO_CON}</arg>
<arg>History.Verify Page Loaded</arg>
<arg>ELSE</arg>
<arg>FAIL</arg>
<doc>Runs the given keyword with the given arguments, if ``condition`` is true.</doc>
<status status="NOT RUN" starttime="20220701 02:58:55.990" endtime="20220701 02:58:55.990"/>
</kw>
<status status="NOT RUN" starttime="20220701 02:58:55.990" endtime="20220701 02:58:55.990"/>
</branch>
<status status="PASS" starttime="20220701 02:58:55.990" endtime="20220701 02:58:55.990"/>
</if>
<msg timestamp="20220701 02:58:55.990" level="INFO">${con} = True</msg>
<status status="PASS" starttime="20220701 02:58:55.988" endtime="20220701 02:58:55.990"/>
</kw>
<kw name="Run Keyword If" library="BuiltIn">
<arg>${con}</arg>
<arg>Go Back</arg>
<doc>Runs the given keyword with the given arguments, if ``condition`` is true.</doc>
<kw name="Go Back" library="SeleniumLibrary">
<doc>Simulates the user clicking the back button on their browser.</doc>
<status status="PASS" starttime="20220701 02:58:55.991" endtime="20220701 02:58:56.339"/>
</kw>
<status status="PASS" starttime="20220701 02:58:55.990" endtime="20220701 02:58:56.339"/>
</kw>
<kw name="Verify Page Loaded" library="Common">
<arg>${LANG}</arg>
<doc>Verify all pages successfully loaded</doc>
<kw name="Wait Until Element Is Enabled" library="SeleniumLibrary">
<arg>${BAYKAR_LOGO_${LANG}}</arg>
<doc>Waits until the element ``locator`` is enabled.</doc>
<status status="PASS" starttime="20220701 02:58:56.340" endtime="20220701 02:58:56.367"/>
</kw>
<kw name="Run Keyword And Return Status" library="BuiltIn">
<var>${check_loader}</var>
<arg>Element Should Be Visible</arg>
<arg>${PRE_LOADER}</arg>
<doc>Runs the given keyword with given arguments and returns the status as a Boolean value.</doc>
<kw name="Element Should Be Visible" library="SeleniumLibrary">
<arg>${PRE_LOADER}</arg>
<doc>Verifies that the element identified by ``locator`` is visible.</doc>
<msg timestamp="20220701 02:58:56.382" level="INFO">Element 'xpath=//div[@class='se-pre-con']' is displayed.</msg>
<status status="PASS" starttime="20220701 02:58:56.367" endtime="20220701 02:58:56.382"/>
</kw>
<msg timestamp="20220701 02:58:56.382" level="INFO">${check_loader} = True</msg>
<status status="PASS" starttime="20220701 02:58:56.367" endtime="20220701 02:58:56.382"/>
</kw>
<kw name="Run Keyword If" library="BuiltIn">
<arg>${check_loader}</arg>
<arg>Wait Until Element Is Not Visible</arg>
<arg>${PRE_LOADER}</arg>
<doc>Runs the given keyword with the given arguments, if ``condition`` is true.</doc>
<kw name="Wait Until Element Is Not Visible" library="SeleniumLibrary">
<arg>${PRE_LOADER}</arg>
<doc>Waits until the element ``locator`` is not visible.</doc>
<status status="PASS" starttime="20220701 02:58:56.382" endtime="20220701 02:58:57.101"/>
</kw>
<status status="PASS" starttime="20220701 02:58:56.382" endtime="20220701 02:58:57.101"/>
</kw>
<status status="PASS" starttime="20220701 02:58:56.340" endtime="20220701 02:58:57.101"/>
</kw>
<kw name="Wait Until Element Is Visible" library="SeleniumLibrary">
<arg>${PAGE_END}</arg>
<doc>Waits until the element ``locator`` is visible.</doc>
<status status="PASS" starttime="20220701 02:58:57.101" endtime="20220701 02:58:57.115"/>
</kw>
<kw name="Run Keyword" library="BuiltIn">
<arg>Scroll to end of the page</arg>
<doc>Executes the given keyword with the given arguments.</doc>
<kw name="Scroll to end of the page" library="Footer">
<kw name="Run Keyword And Ignore Error" library="BuiltIn">
<arg>Scroll Element Into View</arg>
<arg>${PAGE_END}</arg>
<doc>Runs the given keyword with the given arguments and ignores possible error.</doc>
<kw name="Scroll Element Into View" library="SeleniumLibrary">
<arg>${PAGE_END}</arg>
<doc>Scrolls the element identified by ``locator`` into view.</doc>
<status status="PASS" starttime="20220701 02:58:57.116" endtime="20220701 02:58:57.387"/>
</kw>
<status status="PASS" starttime="20220701 02:58:57.116" endtime="20220701 02:58:57.387"/>
</kw>
<status status="PASS" starttime="20220701 02:58:57.116" endtime="20220701 02:58:57.387"/>
</kw>
<status status="PASS" starttime="20220701 02:58:57.116" endtime="20220701 02:58:57.387"/>
</kw>
<status status="PASS" starttime="20220701 02:58:55.395" endtime="20220701 02:58:57.387"/>
</iter>
<iter>
<var name="${LINK_TR}">xpath=//footer//a[.="Staj"]</var>
<var name="${LINK_EN}">xpath=//footer//a[.="İntern"]</var>
<var name="${IN_OUT}">1</var>
<kw name="Run Keyword If" library="BuiltIn">
<arg>"${LANG}" == "tr"</arg>
<arg>Click Link</arg>
<arg>${LINK_TR}</arg>
<arg>ELSE IF</arg>
<arg>"${LANG}" == "en"</arg>
<arg>Click Link</arg>
<arg>${LINK_EN}</arg>
<doc>Runs the given keyword with the given arguments, if ``condition`` is true.</doc>
<kw name="Click Link" library="SeleniumLibrary">
<arg>${LINK_TR}</arg>
<doc>Clicks a link identified by ``locator``.</doc>
<msg timestamp="20220701 02:58:57.388" level="INFO">Clicking link 'xpath=//footer//a[.="Staj"]'.</msg>
<status status="PASS" starttime="20220701 02:58:57.388" endtime="20220701 02:58:58.408"/>
</kw>
<status status="PASS" starttime="20220701 02:58:57.388" endtime="20220701 02:58:58.409"/>
</kw>
<kw name="Check Baykar's Main Site By Argument" library="Baykartech.App">
<var>${con}</var>
<arg>${LINK_${LANG}}</arg>
<arg>${LANG}</arg>
<arg>${IN_OUT}</arg>
<kw name="Evaluate" library="BuiltIn">
<var>${ABOUT_CON}</var>
<arg>"${ABOUT_US_TEXTS_${LANG}}" in """${PAGE}"""</arg>
<doc>Evaluates the given expression in Python and returns the result.</doc>
<msg timestamp="20220701 02:58:58.410" level="INFO">${ABOUT_CON} = False</msg>
<status status="PASS" starttime="20220701 02:58:58.409" endtime="20220701 02:58:58.410"/>
</kw>
<kw name="Evaluate" library="BuiltIn">
<var>${MANAG_CON}</var>
<arg>"${MANAGEMENT_TEXTS_${LANG}}" in """${PAGE}"""</arg>
<doc>Evaluates the given expression in Python and returns the result.</doc>
<msg timestamp="20220701 02:58:58.410" level="INFO">${MANAG_CON} = False</msg>
<status status="PASS" starttime="20220701 02:58:58.410" endtime="20220701 02:58:58.410"/>
</kw>
<kw name="Evaluate" library="BuiltIn">
<var>${HISTO_CON}</var>
<arg>"${HISTORY_TEXTS_${LANG}}" in """${PAGE}"""</arg>
<doc>Evaluates the given expression in Python and returns the result.</doc>
<msg timestamp="20220701 02:58:58.410" level="INFO">${HISTO_CON} = False</msg>
<status status="PASS" starttime="20220701 02:58:58.410" endtime="20220701 02:58:58.410"/>
</kw>
<if>
<branch type="IF" condition="&quot;${IN_OUT}&quot; == &quot;0&quot;">
<kw name="Run Keyword If" library="BuiltIn">
<arg>${ABOUT_CON}</arg>
<arg>About.Verify Page Loaded</arg>
<arg>ELSE IF</arg>
<arg>${MANAG_CON}</arg>
<arg>Management.Verify Page Loaded</arg>
<arg>ELSE IF</arg>
<arg>${HISTO_CON}</arg>
<arg>History.Verify Page Loaded</arg>
<arg>ELSE</arg>
<arg>FAIL</arg>
<doc>Runs the given keyword with the given arguments, if ``condition`` is true.</doc>
<status status="NOT RUN" starttime="20220701 02:58:58.411" endtime="20220701 02:58:58.411"/>
</kw>
<status status="NOT RUN" starttime="20220701 02:58:58.411" endtime="20220701 02:58:58.411"/>
</branch>
<status status="PASS" starttime="20220701 02:58:58.411" endtime="20220701 02:58:58.411"/>
</if>
<msg timestamp="20220701 02:58:58.411" level="INFO">${con} = True</msg>
<status status="PASS" starttime="20220701 02:58:58.409" endtime="20220701 02:58:58.411"/>
</kw>
<kw name="Run Keyword If" library="BuiltIn">
<arg>${con}</arg>
<arg>Go Back</arg>
<doc>Runs the given keyword with the given arguments, if ``condition`` is true.</doc>
<kw name="Go Back" library="SeleniumLibrary">
<doc>Simulates the user clicking the back button on their browser.</doc>
<status status="PASS" starttime="20220701 02:58:58.411" endtime="20220701 02:58:58.699"/>
</kw>
<status status="PASS" starttime="20220701 02:58:58.411" endtime="20220701 02:58:58.699"/>
</kw>
<kw name="Verify Page Loaded" library="Common">
<arg>${LANG}</arg>
<doc>Verify all pages successfully loaded</doc>
<kw name="Wait Until Element Is Enabled" library="SeleniumLibrary">
<arg>${BAYKAR_LOGO_${LANG}}</arg>
<doc>Waits until the element ``locator`` is enabled.</doc>
<status status="PASS" starttime="20220701 02:58:58.699" endtime="20220701 02:58:58.751"/>
</kw>
<kw name="Run Keyword And Return Status" library="BuiltIn">
<var>${check_loader}</var>
<arg>Element Should Be Visible</arg>
<arg>${PRE_LOADER}</arg>
<doc>Runs the given keyword with given arguments and returns the status as a Boolean value.</doc>
<kw name="Element Should Be Visible" library="SeleniumLibrary">
<arg>${PRE_LOADER}</arg>
<doc>Verifies that the element identified by ``locator`` is visible.</doc>
<msg timestamp="20220701 02:58:58.814" level="INFO">Element 'xpath=//div[@class='se-pre-con']' is displayed.</msg>
<status status="PASS" starttime="20220701 02:58:58.752" endtime="20220701 02:58:58.814"/>
</kw>
<msg timestamp="20220701 02:58:58.814" level="INFO">${check_loader} = True</msg>
<status status="PASS" starttime="20220701 02:58:58.752" endtime="20220701 02:58:58.814"/>
</kw>
<kw name="Run Keyword If" library="BuiltIn">
<arg>${check_loader}</arg>
<arg>Wait Until Element Is Not Visible</arg>
<arg>${PRE_LOADER}</arg>
<doc>Runs the given keyword with the given arguments, if ``condition`` is true.</doc>
<kw name="Wait Until Element Is Not Visible" library="SeleniumLibrary">
<arg>${PRE_LOADER}</arg>
<doc>Waits until the element ``locator`` is not visible.</doc>
<status status="PASS" starttime="20220701 02:58:58.815" endtime="20220701 02:58:59.512"/>
</kw>
<status status="PASS" starttime="20220701 02:58:58.815" endtime="20220701 02:58:59.513"/>
</kw>
<status status="PASS" starttime="20220701 02:58:58.699" endtime="20220701 02:58:59.513"/>
</kw>
<kw name="Wait Until Element Is Visible" library="SeleniumLibrary">
<arg>${PAGE_END}</arg>
<doc>Waits until the element ``locator`` is visible.</doc>
<status status="PASS" starttime="20220701 02:58:59.513" endtime="20220701 02:58:59.527"/>
</kw>
<kw name="Run Keyword" library="BuiltIn">
<arg>Scroll to end of the page</arg>
<doc>Executes the given keyword with the given arguments.</doc>
<kw name="Scroll to end of the page" library="Footer">
<kw name="Run Keyword And Ignore Error" library="BuiltIn">
<arg>Scroll Element Into View</arg>
<arg>${PAGE_END}</arg>
<doc>Runs the given keyword with the given arguments and ignores possible error.</doc>
<kw name="Scroll Element Into View" library="SeleniumLibrary">
<arg>${PAGE_END}</arg>
<doc>Scrolls the element identified by ``locator`` into view.</doc>
<status status="PASS" starttime="20220701 02:58:59.527" endtime="20220701 02:58:59.800"/>
</kw>
<status status="PASS" starttime="20220701 02:58:59.527" endtime="20220701 02:58:59.800"/>
</kw>
<status status="PASS" starttime="20220701 02:58:59.527" endtime="20220701 02:58:59.800"/>
</kw>
<status status="PASS" starttime="20220701 02:58:59.527" endtime="20220701 02:58:59.800"/>
</kw>
<status status="PASS" starttime="20220701 02:58:57.388" endtime="20220701 02:58:59.800"/>
</iter>
<iter>
<var name="${LINK_TR}">xpath=//footer//a[.="İletişim"]</var>
<var name="${LINK_EN}">xpath=//footer//a[.="Communication"]</var>
<var name="${IN_OUT}">1</var>
<kw name="Run Keyword If" library="BuiltIn">
<arg>"${LANG}" == "tr"</arg>
<arg>Click Link</arg>
<arg>${LINK_TR}</arg>
<arg>ELSE IF</arg>
<arg>"${LANG}" == "en"</arg>
<arg>Click Link</arg>
<arg>${LINK_EN}</arg>
<doc>Runs the given keyword with the given arguments, if ``condition`` is true.</doc>
<kw name="Click Link" library="SeleniumLibrary">
<arg>${LINK_TR}</arg>
<doc>Clicks a link identified by ``locator``.</doc>
<msg timestamp="20220701 02:58:59.801" level="INFO">Clicking link 'xpath=//footer//a[.="İletişim"]'.</msg>
<status status="PASS" starttime="20220701 02:58:59.801" endtime="20220701 02:59:00.628"/>
</kw>
<status status="PASS" starttime="20220701 02:58:59.800" endtime="20220701 02:59:00.628"/>
</kw>
<kw name="Check Baykar's Main Site By Argument" library="Baykartech.App">
<var>${con}</var>
<arg>${LINK_${LANG}}</arg>
<arg>${LANG}</arg>
<arg>${IN_OUT}</arg>
<kw name="Evaluate" library="BuiltIn">
<var>${ABOUT_CON}</var>
<arg>"${ABOUT_US_TEXTS_${LANG}}" in """${PAGE}"""</arg>
<doc>Evaluates the given expression in Python and returns the result.</doc>
<msg timestamp="20220701 02:59:00.629" level="INFO">${ABOUT_CON} = False</msg>
<status status="PASS" starttime="20220701 02:59:00.629" endtime="20220701 02:59:00.629"/>
</kw>
<kw name="Evaluate" library="BuiltIn">
<var>${MANAG_CON}</var>
<arg>"${MANAGEMENT_TEXTS_${LANG}}" in """${PAGE}"""</arg>
<doc>Evaluates the given expression in Python and returns the result.</doc>
<msg timestamp="20220701 02:59:00.629" level="INFO">${MANAG_CON} = False</msg>
<status status="PASS" starttime="20220701 02:59:00.629" endtime="20220701 02:59:00.629"/>
</kw>
<kw name="Evaluate" library="BuiltIn">
<var>${HISTO_CON}</var>
<arg>"${HISTORY_TEXTS_${LANG}}" in """${PAGE}"""</arg>
<doc>Evaluates the given expression in Python and returns the result.</doc>
<msg timestamp="20220701 02:59:00.630" level="INFO">${HISTO_CON} = False</msg>
<status status="PASS" starttime="20220701 02:59:00.629" endtime="20220701 02:59:00.630"/>
</kw>
<if>
<branch type="IF" condition="&quot;${IN_OUT}&quot; == &quot;0&quot;">
<kw name="Run Keyword If" library="BuiltIn">
<arg>${ABOUT_CON}</arg>
<arg>About.Verify Page Loaded</arg>
<arg>ELSE IF</arg>
<arg>${MANAG_CON}</arg>
<arg>Management.Verify Page Loaded</arg>
<arg>ELSE IF</arg>
<arg>${HISTO_CON}</arg>
<arg>History.Verify Page Loaded</arg>
<arg>ELSE</arg>
<arg>FAIL</arg>
<doc>Runs the given keyword with the given arguments, if ``condition`` is true.</doc>
<status status="NOT RUN" starttime="20220701 02:59:00.630" endtime="20220701 02:59:00.630"/>
</kw>
<status status="NOT RUN" starttime="20220701 02:59:00.630" endtime="20220701 02:59:00.630"/>
</branch>
<status status="PASS" starttime="20220701 02:59:00.630" endtime="20220701 02:59:00.630"/>
</if>
<msg timestamp="20220701 02:59:00.630" level="INFO">${con} = True</msg>
<status status="PASS" starttime="20220701 02:59:00.628" endtime="20220701 02:59:00.630"/>
</kw>
<kw name="Run Keyword If" library="BuiltIn">
<arg>${con}</arg>
<arg>Go Back</arg>
<doc>Runs the given keyword with the given arguments, if ``condition`` is true.</doc>
<kw name="Go Back" library="SeleniumLibrary">
<doc>Simulates the user clicking the back button on their browser.</doc>
<status status="PASS" starttime="20220701 02:59:00.630" endtime="20220701 02:59:00.990"/>
</kw>
<status status="PASS" starttime="20220701 02:59:00.630" endtime="20220701 02:59:00.990"/>
</kw>
<kw name="Verify Page Loaded" library="Common">
<arg>${LANG}</arg>
<doc>Verify all pages successfully loaded</doc>
<kw name="Wait Until Element Is Enabled" library="SeleniumLibrary">
<arg>${BAYKAR_LOGO_${LANG}}</arg>
<doc>Waits until the element ``locator`` is enabled.</doc>
<status status="PASS" starttime="20220701 02:59:00.990" endtime="20220701 02:59:01.017"/>
</kw>
<kw name="Run Keyword And Return Status" library="BuiltIn">
<var>${check_loader}</var>
<arg>Element Should Be Visible</arg>
<arg>${PRE_LOADER}</arg>
<doc>Runs the given keyword with given arguments and returns the status as a Boolean value.</doc>
<kw name="Element Should Be Visible" library="SeleniumLibrary">
<arg>${PRE_LOADER}</arg>
<doc>Verifies that the element identified by ``locator`` is visible.</doc>
<msg timestamp="20220701 02:59:01.057" level="INFO">Element 'xpath=//div[@class='se-pre-con']' is displayed.</msg>
<status status="PASS" starttime="20220701 02:59:01.017" endtime="20220701 02:59:01.057"/>
</kw>
<msg timestamp="20220701 02:59:01.057" level="INFO">${check_loader} = True</msg>
<status status="PASS" starttime="20220701 02:59:01.017" endtime="20220701 02:59:01.057"/>
</kw>
<kw name="Run Keyword If" library="BuiltIn">
<arg>${check_loader}</arg>
<arg>Wait Until Element Is Not Visible</arg>
<arg>${PRE_LOADER}</arg>
<doc>Runs the given keyword with the given arguments, if ``condition`` is true.</doc>
<kw name="Wait Until Element Is Not Visible" library="SeleniumLibrary">
<arg>${PRE_LOADER}</arg>
<doc>Waits until the element ``locator`` is not visible.</doc>
<status status="PASS" starttime="20220701 02:59:01.058" endtime="20220701 02:59:01.787"/>
</kw>
<status status="PASS" starttime="20220701 02:59:01.057" endtime="20220701 02:59:01.787"/>
</kw>
<status status="PASS" starttime="20220701 02:59:00.990" endtime="20220701 02:59:01.787"/>
</kw>
<kw name="Wait Until Element Is Visible" library="SeleniumLibrary">
<arg>${PAGE_END}</arg>
<doc>Waits until the element ``locator`` is visible.</doc>
<status status="PASS" starttime="20220701 02:59:01.787" endtime="20220701 02:59:01.802"/>
</kw>
<kw name="Run Keyword" library="BuiltIn">
<arg>Scroll to end of the page</arg>
<doc>Executes the given keyword with the given arguments.</doc>
<kw name="Scroll to end of the page" library="Footer">
<kw name="Run Keyword And Ignore Error" library="BuiltIn">
<arg>Scroll Element Into View</arg>
<arg>${PAGE_END}</arg>
<doc>Runs the given keyword with the given arguments and ignores possible error.</doc>
<kw name="Scroll Element Into View" library="SeleniumLibrary">
<arg>${PAGE_END}</arg>
<doc>Scrolls the element identified by ``locator`` into view.</doc>
<status status="PASS" starttime="20220701 02:59:01.803" endtime="20220701 02:59:02.071"/>
</kw>
<status status="PASS" starttime="20220701 02:59:01.802" endtime="20220701 02:59:02.071"/>
</kw>
<status status="PASS" starttime="20220701 02:59:01.802" endtime="20220701 02:59:02.071"/>
</kw>
<status status="PASS" starttime="20220701 02:59:01.802" endtime="20220701 02:59:02.071"/>
</kw>
<status status="PASS" starttime="20220701 02:58:59.800" endtime="20220701 02:59:02.071"/>
</iter>
<iter>
<var name="${LINK_TR}">xpath=//footer//a[.="KVKK"]</var>
<var name="${LINK_EN}">xpath=//footer//a[.="KVKK"]</var>
<var name="${IN_OUT}">1</var>
<kw name="Run Keyword If" library="BuiltIn">
<arg>"${LANG}" == "tr"</arg>
<arg>Click Link</arg>
<arg>${LINK_TR}</arg>
<arg>ELSE IF</arg>
<arg>"${LANG}" == "en"</arg>
<arg>Click Link</arg>
<arg>${LINK_EN}</arg>
<doc>Runs the given keyword with the given arguments, if ``condition`` is true.</doc>
<kw name="Click Link" library="SeleniumLibrary">
<arg>${LINK_TR}</arg>
<doc>Clicks a link identified by ``locator``.</doc>
<msg timestamp="20220701 02:59:02.072" level="INFO">Clicking link 'xpath=//footer//a[.="KVKK"]'.</msg>
<status status="PASS" starttime="20220701 02:59:02.072" endtime="20220701 02:59:02.520"/>
</kw>
<status status="PASS" starttime="20220701 02:59:02.072" endtime="20220701 02:59:02.520"/>
</kw>
<kw name="Check Baykar's Main Site By Argument" library="Baykartech.App">
<var>${con}</var>
<arg>${LINK_${LANG}}</arg>
<arg>${LANG}</arg>
<arg>${IN_OUT}</arg>
<kw name="Evaluate" library="BuiltIn">
<var>${ABOUT_CON}</var>
<arg>"${ABOUT_US_TEXTS_${LANG}}" in """${PAGE}"""</arg>
<doc>Evaluates the given expression in Python and returns the result.</doc>
<msg timestamp="20220701 02:59:02.521" level="INFO">${ABOUT_CON} = False</msg>
<status status="PASS" starttime="20220701 02:59:02.521" endtime="20220701 02:59:02.521"/>
</kw>
<kw name="Evaluate" library="BuiltIn">
<var>${MANAG_CON}</var>
<arg>"${MANAGEMENT_TEXTS_${LANG}}" in """${PAGE}"""</arg>
<doc>Evaluates the given expression in Python and returns the result.</doc>
<msg timestamp="20220701 02:59:02.521" level="INFO">${MANAG_CON} = False</msg>
<status status="PASS" starttime="20220701 02:59:02.521" endtime="20220701 02:59:02.521"/>
</kw>
<kw name="Evaluate" library="BuiltIn">
<var>${HISTO_CON}</var>
<arg>"${HISTORY_TEXTS_${LANG}}" in """${PAGE}"""</arg>
<doc>Evaluates the given expression in Python and returns the result.</doc>
<msg timestamp="20220701 02:59:02.522" level="INFO">${HISTO_CON} = False</msg>
<status status="PASS" starttime="20220701 02:59:02.521" endtime="20220701 02:59:02.522"/>
</kw>
<if>
<branch type="IF" condition="&quot;${IN_OUT}&quot; == &quot;0&quot;">
<kw name="Run Keyword If" library="BuiltIn">
<arg>${ABOUT_CON}</arg>
<arg>About.Verify Page Loaded</arg>
<arg>ELSE IF</arg>
<arg>${MANAG_CON}</arg>
<arg>Management.Verify Page Loaded</arg>
<arg>ELSE IF</arg>
<arg>${HISTO_CON}</arg>
<arg>History.Verify Page Loaded</arg>
<arg>ELSE</arg>
<arg>FAIL</arg>
<doc>Runs the given keyword with the given arguments, if ``condition`` is true.</doc>
<status status="NOT RUN" starttime="20220701 02:59:02.522" endtime="20220701 02:59:02.522"/>
</kw>
<status status="NOT RUN" starttime="20220701 02:59:02.522" endtime="20220701 02:59:02.522"/>
</branch>
<status status="PASS" starttime="20220701 02:59:02.522" endtime="20220701 02:59:02.522"/>
</if>
<msg timestamp="20220701 02:59:02.522" level="INFO">${con} = True</msg>
<status status="PASS" starttime="20220701 02:59:02.520" endtime="20220701 02:59:02.522"/>
</kw>
<kw name="Run Keyword If" library="BuiltIn">
<arg>${con}</arg>
<arg>Go Back</arg>
<doc>Runs the given keyword with the given arguments, if ``condition`` is true.</doc>
<kw name="Go Back" library="SeleniumLibrary">
<doc>Simulates the user clicking the back button on their browser.</doc>
<status status="PASS" starttime="20220701 02:59:02.523" endtime="20220701 02:59:02.907"/>
</kw>
<status status="PASS" starttime="20220701 02:59:02.522" endtime="20220701 02:59:02.907"/>
</kw>
<kw name="Verify Page Loaded" library="Common">
<arg>${LANG}</arg>
<doc>Verify all pages successfully loaded</doc>
<kw name="Wait Until Element Is Enabled" library="SeleniumLibrary">
<arg>${BAYKAR_LOGO_${LANG}}</arg>
<doc>Waits until the element ``locator`` is enabled.</doc>
<status status="PASS" starttime="20220701 02:59:02.907" endtime="20220701 02:59:02.973"/>
</kw>
<kw name="Run Keyword And Return Status" library="BuiltIn">
<var>${check_loader}</var>
<arg>Element Should Be Visible</arg>
<arg>${PRE_LOADER}</arg>
<doc>Runs the given keyword with given arguments and returns the status as a Boolean value.</doc>
<kw name="Element Should Be Visible" library="SeleniumLibrary">
<arg>${PRE_LOADER}</arg>
<doc>Verifies that the element identified by ``locator`` is visible.</doc>
<msg timestamp="20220701 02:59:03.036" level="INFO">Element 'xpath=//div[@class='se-pre-con']' is displayed.</msg>
<status status="PASS" starttime="20220701 02:59:02.973" endtime="20220701 02:59:03.036"/>
</kw>
<msg timestamp="20220701 02:59:03.036" level="INFO">${check_loader} = True</msg>
<status status="PASS" starttime="20220701 02:59:02.973" endtime="20220701 02:59:03.036"/>
</kw>
<kw name="Run Keyword If" library="BuiltIn">
<arg>${check_loader}</arg>
<arg>Wait Until Element Is Not Visible</arg>
<arg>${PRE_LOADER}</arg>
<doc>Runs the given keyword with the given arguments, if ``condition`` is true.</doc>
<kw name="Wait Until Element Is Not Visible" library="SeleniumLibrary">
<arg>${PRE_LOADER}</arg>
<doc>Waits until the element ``locator`` is not visible.</doc>
<status status="PASS" starttime="20220701 02:59:03.036" endtime="20220701 02:59:03.514"/>
</kw>
<status status="PASS" starttime="20220701 02:59:03.036" endtime="20220701 02:59:03.514"/>
</kw>
<status status="PASS" starttime="20220701 02:59:02.907" endtime="20220701 02:59:03.515"/>
</kw>
<kw name="Wait Until Element Is Visible" library="SeleniumLibrary">
<arg>${PAGE_END}</arg>
<doc>Waits until the element ``locator`` is visible.</doc>
<status status="PASS" starttime="20220701 02:59:03.515" endtime="20220701 02:59:03.530"/>
</kw>
<kw name="Run Keyword" library="BuiltIn">
<arg>Scroll to end of the page</arg>
<doc>Executes the given keyword with the given arguments.</doc>
<kw name="Scroll to end of the page" library="Footer">
<kw name="Run Keyword And Ignore Error" library="BuiltIn">
<arg>Scroll Element Into View</arg>
<arg>${PAGE_END}</arg>
<doc>Runs the given keyword with the given arguments and ignores possible error.</doc>
<kw name="Scroll Element Into View" library="SeleniumLibrary">
<arg>${PAGE_END}</arg>
<doc>Scrolls the element identified by ``locator`` into view.</doc>
<status status="PASS" starttime="20220701 02:59:03.531" endtime="20220701 02:59:03.812"/>
</kw>
<status status="PASS" starttime="20220701 02:59:03.531" endtime="20220701 02:59:03.812"/>
</kw>
<status status="PASS" starttime="20220701 02:59:03.531" endtime="20220701 02:59:03.812"/>
</kw>
<status status="PASS" starttime="20220701 02:59:03.530" endtime="20220701 02:59:03.812"/>
</kw>
<status status="PASS" starttime="20220701 02:59:02.072" endtime="20220701 02:59:03.812"/>
</iter>
<status status="PASS" starttime="20220701 02:58:43.843" endtime="20220701 02:59:03.812"/>
</for>
<status status="PASS" starttime="20220701 02:58:43.843" endtime="20220701 02:59:03.812"/>
</kw>
<status status="PASS" starttime="20220701 02:58:43.561" endtime="20220701 02:59:03.812"/>
</kw>
<kw name="End Baykar Web Test" library="Common" type="TEARDOWN">
<kw name="Close Browser" library="SeleniumLibrary">
<doc>Closes the current browser.</doc>
<status status="PASS" starttime="20220701 02:59:03.813" endtime="20220701 02:59:05.944"/>
</kw>
<status status="PASS" starttime="20220701 02:59:03.813" endtime="20220701 02:59:05.944"/>
</kw>
<doc>All visitors should be able navigate footer links</doc>
<tag>Footer</tag>
<tag>Smoke</tag>
<status status="PASS" starttime="20220701 02:58:34.553" endtime="20220701 02:59:05.945"/>
</test>
<doc>This test file includes all tests for *kariyer.baykartech.com*,
if you wanna change Browser or Runtime Language go to *Variables* section in this file.</doc>
<status status="PASS" starttime="20220701 02:58:34.334" endtime="20220701 02:59:05.946"/>
</suite>
<status status="PASS" starttime="20220701 02:58:34.315" endtime="20220701 02:59:05.948"/>
</suite>
<statistics>
<total>
<stat pass="1" fail="0" skip="0">All Tests</stat>
</total>
<tag>
<stat pass="1" fail="0" skip="0">Footer</stat>
<stat pass="1" fail="0" skip="0">Smoke</stat>
</tag>
<suite>
<stat pass="1" fail="0" skip="0" id="s1" name="Tests">Tests</stat>
<stat pass="1" fail="0" skip="0" id="s1-s1" name="Kariyer.Baykartech">Tests.Kariyer.Baykartech</stat>
</suite>
</statistics>
<errors>
</errors>
</robot>
