<?xml version="1.0" encoding="UTF-8"?>
<robot generator="Robot 5.0.1 (Python 3.9.7 on win32)" generated="20220618 21:15:37.856" rpa="false" schemaversion="3">
<suite id="s1" name="Tests" source="C:\Users\byuks\Desktop\QA\QA-Test-Automation-Baykar\tests">
<suite id="s1-s1" name="Kariyer.Baykartech" source="C:\Users\byuks\Desktop\QA\QA-Test-Automation-Baykar\tests\Kariyer.Baykartech.robot">
<test id="s1-s1-t1" name="Visitor should be able click and see all &quot;Kariyer&quot; section pages" line="30">
<kw name="Start Baykar Web Test" library="Common" type="SETUP">
<arg>${BROWSER}</arg>
<kw name="Open Browser" library="SeleniumLibrary">
<arg>about:blank</arg>
<arg>${BROWSER}</arg>
<doc>Opens a new browser instance to the optional ``url``.</doc>
<msg timestamp="20220618 21:15:38.082" level="INFO">Opening browser 'chrome' to base url 'about:blank'.</msg>
<status status="PASS" starttime="20220618 21:15:38.082" endtime="20220618 21:15:39.131"/>
</kw>
<kw name="Maximize Browser Window" library="SeleniumLibrary">
<doc>Maximizes current browser window.</doc>
<status status="PASS" starttime="20220618 21:15:39.132" endtime="20220618 21:15:39.242"/>
</kw>
<status status="PASS" starttime="20220618 21:15:38.082" endtime="20220618 21:15:39.242"/>
</kw>
<kw name="Open Website" library="Common">
<arg>${SITE_URL}${RUN_LANG}</arg>
<kw name="Go To" library="SeleniumLibrary">
<arg>${SITE_URL}</arg>
<doc>Navigates the current browser window to the provided ``url``.</doc>
<msg timestamp="20220618 21:15:39.242" level="INFO">Opening url 'https://kariyer.baykartech.com/tr'</msg>
<status status="PASS" starttime="20220618 21:15:39.242" endtime="20220618 21:15:46.619"/>
</kw>
<status status="PASS" starttime="20220618 21:15:39.242" endtime="20220618 21:15:46.620"/>
</kw>
<kw name="Verify Page Loaded" library="Common">
<arg>${RUN_LANG}</arg>
<doc>Verify all pages successfully loaded</doc>
<kw name="Wait Until Element Is Visible" library="SeleniumLibrary">
<arg>${BAYKAR_LOGO_${LANG}}</arg>
<doc>Waits until the element ``locator`` is visible.</doc>
<status status="PASS" starttime="20220618 21:15:46.621" endtime="20220618 21:15:46.641"/>
</kw>
<status status="PASS" starttime="20220618 21:15:46.620" endtime="20220618 21:15:46.642"/>
</kw>
<kw name="Click &quot;Kariyer&quot; Section Dropdowns and Check Page" library="Kariyer.Baykartech.App">
<kw name="Click &quot;Yerleşkelerimiz&quot; Dropdown" library="Navbar">
<doc>Clicks Yerleşkelerimiz dropdown in Kariyer section</doc>
<kw name="Set Variable" library="BuiltIn">
<var>${sec_num}</var>
<arg>${KARIYER_SECTION_NUMBER}</arg>
<doc>Returns the given values which can then be assigned to a variables.</doc>
<msg timestamp="20220618 21:15:46.643" level="INFO">${sec_num} = 1</msg>
<status status="PASS" starttime="20220618 21:15:46.643" endtime="20220618 21:15:46.643"/>
</kw>
<kw name="Run Keyword" library="BuiltIn">
<arg>Mouse Over "Kariyer" Section</arg>
<doc>Executes the given keyword with the given arguments.</doc>
<kw name="Mouse Over &quot;Kariyer&quot; Section" library="Navbar">
<doc>[1] is a first section in navbar</doc>
<kw name="Set Variable" library="BuiltIn">
<var>${sec_num}</var>
<arg>${KARIYER_SECTION_NUMBER}</arg>
<doc>Returns the given values which can then be assigned to a variables.</doc>
<msg timestamp="20220618 21:15:46.643" level="INFO">${sec_num} = 1</msg>
<status status="PASS" starttime="20220618 21:15:46.643" endtime="20220618 21:15:46.643"/>
</kw>
<kw name="Mouse Over" library="SeleniumLibrary">
<arg>${NAVBAR_SECTION}\[${sec_num}\]</arg>
<doc>Simulates hovering the mouse over the element ``locator``.</doc>
<msg timestamp="20220618 21:15:46.644" level="INFO">Simulating Mouse Over on element 'xpath=//*[@id="navbar-menu"]/ul/li[1]'.</msg>
<status status="PASS" starttime="20220618 21:15:46.644" endtime="20220618 21:15:46.923"/>
</kw>
<kw name="Wait Until Element Is Visible" library="SeleniumLibrary">
<arg>${NAVBAR_SECTION}\[${sec_num}\]${DROPDOWN_ELEMENT}\[1]/a</arg>
<doc>Waits until the element ``locator`` is visible.</doc>
<status status="PASS" starttime="20220618 21:15:46.923" endtime="20220618 21:15:47.387"/>
</kw>
<status status="PASS" starttime="20220618 21:15:46.643" endtime="20220618 21:15:47.387"/>
</kw>
<status status="PASS" starttime="20220618 21:15:46.643" endtime="20220618 21:15:47.387"/>
</kw>
<kw name="Click Link" library="SeleniumLibrary">
<arg>${NAVBAR_SECTION}\[${sec_num}\]${DROPDOWN_ELEMENT}\[1]/a</arg>
<doc>Clicks a link identified by ``locator``.</doc>
<msg timestamp="20220618 21:15:47.388" level="INFO">Clicking link 'xpath=//*[@id="navbar-menu"]/ul/li[1]/ul/li[1]/a'.</msg>
<status status="PASS" starttime="20220618 21:15:47.387" endtime="20220618 21:15:53.469"/>
</kw>
<status status="PASS" starttime="20220618 21:15:46.642" endtime="20220618 21:15:53.469"/>
</kw>
<kw name="Verify &quot;Yerleşkelerimiz&quot; in show" library="Kariyer">
<kw name="Wait Until Element Is Visible" library="SeleniumLibrary">
<arg>${YERLESKELER_VERIFY_ELEMENT}</arg>
<doc>Waits until the element ``locator`` is visible.</doc>
<status status="PASS" starttime="20220618 21:15:53.470" endtime="20220618 21:15:53.486"/>
</kw>
<kw name="Page Should Contain Element" library="SeleniumLibrary">
<arg>${YERLESKELER_VERIFY_ELEMENT}</arg>
<doc>Verifies that element ``locator`` is found on the current page.</doc>
<msg timestamp="20220618 21:15:53.493" level="INFO">Current page contains element 'xpath=//ul[@class='nav nav-pills']//a[@href='#campus1']'.</msg>
<status status="PASS" starttime="20220618 21:15:53.486" endtime="20220618 21:15:53.493"/>
</kw>
<status status="PASS" starttime="20220618 21:15:53.469" endtime="20220618 21:15:53.493"/>
</kw>
<kw name="Click &quot;Sunduğumuz Faydalar&quot; Dropdown" library="Navbar">
<doc>Clicks Sunduğumuz Faydalar dropdown in Kariyer section</doc>
<kw name="Set Variable" library="BuiltIn">
<var>${sec_num}</var>
<arg>${KARIYER_SECTION_NUMBER}</arg>
<doc>Returns the given values which can then be assigned to a variables.</doc>
<msg timestamp="20220618 21:15:53.493" level="INFO">${sec_num} = 1</msg>
<status status="PASS" starttime="20220618 21:15:53.493" endtime="20220618 21:15:53.493"/>
</kw>
<kw name="Run Keyword" library="BuiltIn">
<arg>Mouse Over "Kariyer" Section</arg>
<doc>Executes the given keyword with the given arguments.</doc>
<kw name="Mouse Over &quot;Kariyer&quot; Section" library="Navbar">
<doc>[1] is a first section in navbar</doc>
<kw name="Set Variable" library="BuiltIn">
<var>${sec_num}</var>
<arg>${KARIYER_SECTION_NUMBER}</arg>
<doc>Returns the given values which can then be assigned to a variables.</doc>
<msg timestamp="20220618 21:15:53.494" level="INFO">${sec_num} = 1</msg>
<status status="PASS" starttime="20220618 21:15:53.494" endtime="20220618 21:15:53.494"/>
</kw>
<kw name="Mouse Over" library="SeleniumLibrary">
<arg>${NAVBAR_SECTION}\[${sec_num}\]</arg>
<doc>Simulates hovering the mouse over the element ``locator``.</doc>
<msg timestamp="20220618 21:15:53.494" level="INFO">Simulating Mouse Over on element 'xpath=//*[@id="navbar-menu"]/ul/li[1]'.</msg>
<status status="PASS" starttime="20220618 21:15:53.494" endtime="20220618 21:15:53.770"/>
</kw>
<kw name="Wait Until Element Is Visible" library="SeleniumLibrary">
<arg>${NAVBAR_SECTION}\[${sec_num}\]${DROPDOWN_ELEMENT}\[1]/a</arg>
<doc>Waits until the element ``locator`` is visible.</doc>
<status status="PASS" starttime="20220618 21:15:53.770" endtime="20220618 21:15:53.784"/>
</kw>
<status status="PASS" starttime="20220618 21:15:53.494" endtime="20220618 21:15:53.784"/>
</kw>
<status status="PASS" starttime="20220618 21:15:53.494" endtime="20220618 21:15:53.784"/>
</kw>
<kw name="Click Link" library="SeleniumLibrary">
<arg>${NAVBAR_SECTION}\[${sec_num}\]${DROPDOWN_ELEMENT}\[2]/a</arg>
<doc>Clicks a link identified by ``locator``.</doc>
<msg timestamp="20220618 21:15:53.785" level="INFO">Clicking link 'xpath=//*[@id="navbar-menu"]/ul/li[1]/ul/li[2]/a'.</msg>
<status status="PASS" starttime="20220618 21:15:53.784" endtime="20220618 21:15:53.827"/>
</kw>
<status status="PASS" starttime="20220618 21:15:53.493" endtime="20220618 21:15:53.827"/>
</kw>
<kw name="Verify &quot;Sosyal Alanlar&quot; in show" library="Kariyer">
<kw name="Wait Until Element Is Visible" library="SeleniumLibrary">
<arg>${ALANLAR_VERIFY_ELEMENT}</arg>
<doc>Waits until the element ``locator`` is visible.</doc>
<status status="PASS" starttime="20220618 21:15:53.828" endtime="20220618 21:15:53.847"/>
</kw>
<kw name="Page Should Contain Element" library="SeleniumLibrary">
<arg>${ALANLAR_VERIFY_ELEMENT}</arg>
<doc>Verifies that element ``locator`` is found on the current page.</doc>
<msg timestamp="20220618 21:15:53.853" level="INFO">Current page contains element 'xpath=//div[@id='life_in_baykar']'.</msg>
<status status="PASS" starttime="20220618 21:15:53.847" endtime="20220618 21:15:53.853"/>
</kw>
<status status="PASS" starttime="20220618 21:15:53.827" endtime="20220618 21:15:53.853"/>
</kw>
<kw name="Click &quot;Sosyal Alanlar&quot; Dropdown" library="Navbar">
<doc>Clicks Sosyal Alanlar dropdown in Kariyer section</doc>
<kw name="Set Variable" library="BuiltIn">
<var>${sec_num}</var>
<arg>${KARIYER_SECTION_NUMBER}</arg>
<doc>Returns the given values which can then be assigned to a variables.</doc>
<msg timestamp="20220618 21:15:53.854" level="INFO">${sec_num} = 1</msg>
<status status="PASS" starttime="20220618 21:15:53.854" endtime="20220618 21:15:53.854"/>
</kw>
<kw name="Run Keyword" library="BuiltIn">
<arg>Mouse Over "Kariyer" Section</arg>
<doc>Executes the given keyword with the given arguments.</doc>
<kw name="Mouse Over &quot;Kariyer&quot; Section" library="Navbar">
<doc>[1] is a first section in navbar</doc>
<kw name="Set Variable" library="BuiltIn">
<var>${sec_num}</var>
<arg>${KARIYER_SECTION_NUMBER}</arg>
<doc>Returns the given values which can then be assigned to a variables.</doc>
<msg timestamp="20220618 21:15:53.855" level="INFO">${sec_num} = 1</msg>
<status status="PASS" starttime="20220618 21:15:53.854" endtime="20220618 21:15:53.855"/>
</kw>
<kw name="Mouse Over" library="SeleniumLibrary">
<arg>${NAVBAR_SECTION}\[${sec_num}\]</arg>
<doc>Simulates hovering the mouse over the element ``locator``.</doc>
<msg timestamp="20220618 21:15:53.855" level="INFO">Simulating Mouse Over on element 'xpath=//*[@id="navbar-menu"]/ul/li[1]'.</msg>
<status status="PASS" starttime="20220618 21:15:53.855" endtime="20220618 21:15:54.128"/>
</kw>
<kw name="Wait Until Element Is Visible" library="SeleniumLibrary">
<arg>${NAVBAR_SECTION}\[${sec_num}\]${DROPDOWN_ELEMENT}\[1]/a</arg>
<doc>Waits until the element ``locator`` is visible.</doc>
<status status="PASS" starttime="20220618 21:15:54.128" endtime="20220618 21:15:54.143"/>
</kw>
<status status="PASS" starttime="20220618 21:15:53.854" endtime="20220618 21:15:54.143"/>
</kw>
<status status="PASS" starttime="20220618 21:15:53.854" endtime="20220618 21:15:54.143"/>
</kw>
<kw name="Click Link" library="SeleniumLibrary">
<arg>${NAVBAR_SECTION}\[${sec_num}\]${DROPDOWN_ELEMENT}\[3]/a</arg>
<doc>Clicks a link identified by ``locator``.</doc>
<msg timestamp="20220618 21:15:54.144" level="INFO">Clicking link 'xpath=//*[@id="navbar-menu"]/ul/li[1]/ul/li[3]/a'.</msg>
<status status="PASS" starttime="20220618 21:15:54.143" endtime="20220618 21:15:54.183"/>
</kw>
<status status="PASS" starttime="20220618 21:15:53.854" endtime="20220618 21:15:54.183"/>
</kw>
<kw name="Verify &quot;Sosyal Alanlar&quot; in show" library="Kariyer">
<kw name="Wait Until Element Is Visible" library="SeleniumLibrary">
<arg>${ALANLAR_VERIFY_ELEMENT}</arg>
<doc>Waits until the element ``locator`` is visible.</doc>
<status status="PASS" starttime="20220618 21:15:54.184" endtime="20220618 21:15:54.198"/>
</kw>
<kw name="Page Should Contain Element" library="SeleniumLibrary">
<arg>${ALANLAR_VERIFY_ELEMENT}</arg>
<doc>Verifies that element ``locator`` is found on the current page.</doc>
<msg timestamp="20220618 21:15:54.205" level="INFO">Current page contains element 'xpath=//div[@id='life_in_baykar']'.</msg>
<status status="PASS" starttime="20220618 21:15:54.198" endtime="20220618 21:15:54.205"/>
</kw>
<status status="PASS" starttime="20220618 21:15:54.183" endtime="20220618 21:15:54.205"/>
</kw>
<kw name="Click &quot;İstatistik&quot; Dropdown" library="Navbar">
<doc>Clicks İstatistik dropdown in Kariyer section</doc>
<kw name="Set Variable" library="BuiltIn">
<var>${sec_num}</var>
<arg>${KARIYER_SECTION_NUMBER}</arg>
<doc>Returns the given values which can then be assigned to a variables.</doc>
<msg timestamp="20220618 21:15:54.205" level="INFO">${sec_num} = 1</msg>
<status status="PASS" starttime="20220618 21:15:54.205" endtime="20220618 21:15:54.206"/>
</kw>
<kw name="Run Keyword" library="BuiltIn">
<arg>Mouse Over "Kariyer" Section</arg>
<doc>Executes the given keyword with the given arguments.</doc>
<kw name="Mouse Over &quot;Kariyer&quot; Section" library="Navbar">
<doc>[1] is a first section in navbar</doc>
<kw name="Set Variable" library="BuiltIn">
<var>${sec_num}</var>
<arg>${KARIYER_SECTION_NUMBER}</arg>
<doc>Returns the given values which can then be assigned to a variables.</doc>
<msg timestamp="20220618 21:15:54.206" level="INFO">${sec_num} = 1</msg>
<status status="PASS" starttime="20220618 21:15:54.206" endtime="20220618 21:15:54.206"/>
</kw>
<kw name="Mouse Over" library="SeleniumLibrary">
<arg>${NAVBAR_SECTION}\[${sec_num}\]</arg>
<doc>Simulates hovering the mouse over the element ``locator``.</doc>
<msg timestamp="20220618 21:15:54.206" level="INFO">Simulating Mouse Over on element 'xpath=//*[@id="navbar-menu"]/ul/li[1]'.</msg>
<status status="PASS" starttime="20220618 21:15:54.206" endtime="20220618 21:15:54.487"/>
</kw>
<kw name="Wait Until Element Is Visible" library="SeleniumLibrary">
<arg>${NAVBAR_SECTION}\[${sec_num}\]${DROPDOWN_ELEMENT}\[1]/a</arg>
<doc>Waits until the element ``locator`` is visible.</doc>
<status status="PASS" starttime="20220618 21:15:54.487" endtime="20220618 21:15:54.511"/>
</kw>
<status status="PASS" starttime="20220618 21:15:54.206" endtime="20220618 21:15:54.511"/>
</kw>
<status status="PASS" starttime="20220618 21:15:54.206" endtime="20220618 21:15:54.511"/>
</kw>
<kw name="Click Link" library="SeleniumLibrary">
<arg>${NAVBAR_SECTION}\[${sec_num}\]${DROPDOWN_ELEMENT}\[4]/a</arg>
<doc>Clicks a link identified by ``locator``.</doc>
<msg timestamp="20220618 21:15:54.511" level="INFO">Clicking link 'xpath=//*[@id="navbar-menu"]/ul/li[1]/ul/li[4]/a'.</msg>
<status status="PASS" starttime="20220618 21:15:54.511" endtime="20220618 21:15:54.558"/>
</kw>
<status status="PASS" starttime="20220618 21:15:54.205" endtime="20220618 21:15:54.558"/>
</kw>
<kw name="Verify &quot;İstatistik&quot; in show" library="Kariyer">
<kw name="Wait Until Element Is Visible" library="SeleniumLibrary">
<arg>${ISTATISTIKLER_VERIFY_ELEMENT}</arg>
<doc>Waits until the element ``locator`` is visible.</doc>
<status status="PASS" starttime="20220618 21:15:54.559" endtime="20220618 21:15:54.577"/>
</kw>
<kw name="Page Should Contain Element" library="SeleniumLibrary">
<arg>${ISTATISTIKLER_VERIFY_ELEMENT}</arg>
<doc>Verifies that element ``locator`` is found on the current page.</doc>
<msg timestamp="20220618 21:15:54.583" level="INFO">Current page contains element 'xpath=//div[@id='personal_data']'.</msg>
<status status="PASS" starttime="20220618 21:15:54.577" endtime="20220618 21:15:54.583"/>
</kw>
<status status="PASS" starttime="20220618 21:15:54.559" endtime="20220618 21:15:54.583"/>
</kw>
<status status="PASS" starttime="20220618 21:15:46.642" endtime="20220618 21:15:54.583"/>
</kw>
<kw name="Navigate &quot;Benefits&quot; Panels" library="Kariyer.Baykartech.App">
<arg>${RUN_LANG}</arg>
<kw name="Click and Check &quot;Benefits&quot; panel in loop" library="Kariyer">
<arg>${LANG}</arg>
<if>
<branch type="IF" condition="&quot;${LANG}&quot; == &quot;tr&quot;">
<kw name="Get Length" library="BuiltIn">
<var>${list_len}</var>
<arg>${BENEFITS_LIST_TR}</arg>
<doc>Returns and logs the length of the given item as an integer.</doc>
<msg timestamp="20220618 21:15:54.585" level="INFO">Length is 5</msg>
<msg timestamp="20220618 21:15:54.586" level="INFO">${list_len} = 5</msg>
<status status="PASS" starttime="20220618 21:15:54.585" endtime="20220618 21:15:54.586"/>
</kw>
<status status="PASS" starttime="20220618 21:15:54.585" endtime="20220618 21:15:54.586"/>
</branch>
<branch type="ELSE IF" condition="&quot;${LANG}&quot; == &quot;en&quot;">
<kw name="Get Length" library="BuiltIn">
<var>${list_len}</var>
<arg>${BENEFITS_LIST_EN}</arg>
<doc>Returns and logs the length of the given item as an integer.</doc>
<status status="NOT RUN" starttime="20220618 21:15:54.586" endtime="20220618 21:15:54.586"/>
</kw>
<status status="NOT RUN" starttime="20220618 21:15:54.586" endtime="20220618 21:15:54.586"/>
</branch>
<status status="PASS" starttime="20220618 21:15:54.585" endtime="20220618 21:15:54.586"/>
</if>
<kw name="Create A List By Number" library="CreateList">
<var>${listed_len}</var>
<arg>${list_len}</arg>
<msg timestamp="20220618 21:15:54.586" level="INFO">${listed_len} = [1, 2, 3, 4]</msg>
<status status="PASS" starttime="20220618 21:15:54.586" endtime="20220618 21:15:54.586"/>
</kw>
<kw name="Scroll Element Into View" library="SeleniumLibrary">
<arg>${BENEFITS_LIST_XPATH}</arg>
<doc>Scrolls the element identified by ``locator`` into view.</doc>
<status status="PASS" starttime="20220618 21:15:54.586" endtime="20220618 21:15:54.875"/>
</kw>
<kw name="Sleep" library="BuiltIn">
<arg>2s</arg>
<doc>Pauses the test executed for the given time.</doc>
<msg timestamp="20220618 21:15:56.896" level="INFO">Slept 2 seconds</msg>
<status status="PASS" starttime="20220618 21:15:54.875" endtime="20220618 21:15:56.896"/>
</kw>
<for flavor="IN ZIP">
<var>${BENEFIT_TR}</var>
<var>${BENEFIT_EN}</var>
<var>${i}</var>
<value>${BENEFITS_LIST_TR}</value>
<value>${BENEFITS_LIST_EN}</value>
<value>${listed_len}</value>
<iter>
<var name="${BENEFIT_TR}">h4[.='EĞİTİM']</var>
<var name="${BENEFIT_EN}">h4[.='EDUCATION']</var>
<var name="${i}">1</var>
<kw name="Click Element" library="SeleniumLibrary">
<arg>${BENEFITS_LIST_XPATH}\//li[${i}\]</arg>
<doc>Click the element identified by ``locator``.</doc>
<msg timestamp="20220618 21:15:56.896" level="INFO">Clicking element 'xpath=//div[@id='benefits']//ul[@class='nav nav-pills w-100 d-flex justify-content-center']//li[1]'.</msg>
<status status="PASS" starttime="20220618 21:15:56.896" endtime="20220618 21:15:56.931"/>
</kw>
<kw name="Sleep" library="BuiltIn">
<arg>0.5s</arg>
<doc>Pauses the test executed for the given time.</doc>
<msg timestamp="20220618 21:15:57.436" level="INFO">Slept 500 milliseconds</msg>
<status status="PASS" starttime="20220618 21:15:56.931" endtime="20220618 21:15:57.436"/>
</kw>
<status status="PASS" starttime="20220618 21:15:56.896" endtime="20220618 21:15:57.436"/>
</iter>
<iter>
<var name="${BENEFIT_TR}">h4[.='SERVİS HİZMETİ']</var>
<var name="${BENEFIT_EN}">h4[.='SHUTTLE SERVICE']</var>
<var name="${i}">2</var>
<kw name="Click Element" library="SeleniumLibrary">
<arg>${BENEFITS_LIST_XPATH}\//li[${i}\]</arg>
<doc>Click the element identified by ``locator``.</doc>
<msg timestamp="20220618 21:15:57.437" level="INFO">Clicking element 'xpath=//div[@id='benefits']//ul[@class='nav nav-pills w-100 d-flex justify-content-center']//li[2]'.</msg>
<status status="PASS" starttime="20220618 21:15:57.436" endtime="20220618 21:15:57.472"/>
</kw>
<kw name="Sleep" library="BuiltIn">
<arg>0.5s</arg>
<doc>Pauses the test executed for the given time.</doc>
<msg timestamp="20220618 21:15:57.985" level="INFO">Slept 500 milliseconds</msg>
<status status="PASS" starttime="20220618 21:15:57.472" endtime="20220618 21:15:57.985"/>
</kw>
<status status="PASS" starttime="20220618 21:15:57.436" endtime="20220618 21:15:57.985"/>
</iter>
<iter>
<var name="${BENEFIT_TR}">h4[.='SOSYAL YAŞAM']</var>
<var name="${BENEFIT_EN}">h4[.='SOCIAL LIFE']</var>
<var name="${i}">3</var>
<kw name="Click Element" library="SeleniumLibrary">
<arg>${BENEFITS_LIST_XPATH}\//li[${i}\]</arg>
<doc>Click the element identified by ``locator``.</doc>
<msg timestamp="20220618 21:15:57.986" level="INFO">Clicking element 'xpath=//div[@id='benefits']//ul[@class='nav nav-pills w-100 d-flex justify-content-center']//li[3]'.</msg>
<status status="PASS" starttime="20220618 21:15:57.986" endtime="20220618 21:15:58.019"/>
</kw>
<kw name="Sleep" library="BuiltIn">
<arg>0.5s</arg>
<doc>Pauses the test executed for the given time.</doc>
<msg timestamp="20220618 21:15:58.531" level="INFO">Slept 500 milliseconds</msg>
<status status="PASS" starttime="20220618 21:15:58.019" endtime="20220618 21:15:58.531"/>
</kw>
<status status="PASS" starttime="20220618 21:15:57.985" endtime="20220618 21:15:58.531"/>
</iter>
<iter>
<var name="${BENEFIT_TR}">h4[.='SAĞLIK']</var>
<var name="${BENEFIT_EN}">h4[.='HEALTH']</var>
<var name="${i}">4</var>
<kw name="Click Element" library="SeleniumLibrary">
<arg>${BENEFITS_LIST_XPATH}\//li[${i}\]</arg>
<doc>Click the element identified by ``locator``.</doc>
<msg timestamp="20220618 21:15:58.531" level="INFO">Clicking element 'xpath=//div[@id='benefits']//ul[@class='nav nav-pills w-100 d-flex justify-content-center']//li[4]'.</msg>
<status status="PASS" starttime="20220618 21:15:58.531" endtime="20220618 21:15:58.565"/>
</kw>
<kw name="Sleep" library="BuiltIn">
<arg>0.5s</arg>
<doc>Pauses the test executed for the given time.</doc>
<msg timestamp="20220618 21:15:59.073" level="INFO">Slept 500 milliseconds</msg>
<status status="PASS" starttime="20220618 21:15:58.565" endtime="20220618 21:15:59.073"/>
</kw>
<status status="PASS" starttime="20220618 21:15:58.531" endtime="20220618 21:15:59.073"/>
</iter>
<status status="PASS" starttime="20220618 21:15:56.896" endtime="20220618 21:15:59.073"/>
</for>
<status status="PASS" starttime="20220618 21:15:54.584" endtime="20220618 21:15:59.073"/>
</kw>
<status status="PASS" starttime="20220618 21:15:54.584" endtime="20220618 21:15:59.073"/>
</kw>
<kw name="End Baykar Web Test" library="Common" type="TEARDOWN">
<kw name="Close Browser" library="SeleniumLibrary">
<doc>Closes the current browser.</doc>
<status status="PASS" starttime="20220618 21:15:59.074" endtime="20220618 21:16:01.184"/>
</kw>
<status status="PASS" starttime="20220618 21:15:59.074" endtime="20220618 21:16:01.184"/>
</kw>
<doc>All visitors should be able click and see kariyer pages</doc>
<tag>Navbar Career</tag>
<tag>Smoke</tag>
<status status="PASS" starttime="20220618 21:15:38.082" endtime="20220618 21:16:01.184"/>
</test>
<doc>This test file includes all tests for *kariyer.baykartech.com*, if you wanna change Browser or Runtime Language go to *Variables* section in this file.</doc>
<status status="PASS" starttime="20220618 21:15:37.877" endtime="20220618 21:16:01.184"/>
</suite>
<status status="PASS" starttime="20220618 21:15:37.856" endtime="20220618 21:16:01.184"/>
</suite>
<statistics>
<total>
<stat pass="1" fail="0" skip="0">All Tests</stat>
</total>
<tag>
<stat pass="1" fail="0" skip="0">Navbar Career</stat>
<stat pass="1" fail="0" skip="0">Smoke</stat>
</tag>
<suite>
<stat pass="1" fail="0" skip="0" id="s1" name="Tests">Tests</stat>
<stat pass="1" fail="0" skip="0" id="s1-s1" name="Kariyer.Baykartech">Tests.Kariyer.Baykartech</stat>
</suite>
</statistics>
<errors>
</errors>
</robot>
