<?xml version="1.0" encoding="UTF-8"?>
<robot generator="Robot 5.0.1 (Python 3.9.7 on win32)" generated="20220620 02:59:59.298" rpa="false" schemaversion="3">
<suite id="s1" name="Tests" source="C:\Users\byuks\Desktop\QA\QA-Test-Automation-Baykar\tests">
<suite id="s1-s1" name="Kariyer.Baykartech" source="C:\Users\byuks\Desktop\QA\QA-Test-Automation-Baykar\tests\Kariyer.Baykartech.robot">
<test id="s1-s1-t1" name="Check System Page integration is Stable" line="72">
<kw name="Start Baykar Web Test" library="Common" type="SETUP">
<arg>${BROWSER}</arg>
<kw name="Open Browser" library="SeleniumLibrary">
<arg>about:blank</arg>
<arg>${BROWSER}</arg>
<doc>Opens a new browser instance to the optional ``url``.</doc>
<msg timestamp="20220620 02:59:59.567" level="INFO">Opening browser 'chrome' to base url 'about:blank'.</msg>
<status status="PASS" starttime="20220620 02:59:59.567" endtime="20220620 03:00:00.630"/>
</kw>
<kw name="Maximize Browser Window" library="SeleniumLibrary">
<doc>Maximizes current browser window.</doc>
<status status="PASS" starttime="20220620 03:00:00.630" endtime="20220620 03:00:00.760"/>
</kw>
<status status="PASS" starttime="20220620 02:59:59.566" endtime="20220620 03:00:00.760"/>
</kw>
<kw name="Open Website" library="Common">
<arg>${SITE_URL}${RUN_LANG}</arg>
<kw name="Go To" library="SeleniumLibrary">
<arg>${SITE_URL}</arg>
<doc>Navigates the current browser window to the provided ``url``.</doc>
<msg timestamp="20220620 03:00:00.762" level="INFO">Opening url 'https://kariyer.baykartech.com/tr'</msg>
<status status="PASS" starttime="20220620 03:00:00.761" endtime="20220620 03:00:05.455"/>
</kw>
<status status="PASS" starttime="20220620 03:00:00.761" endtime="20220620 03:00:05.456"/>
</kw>
<kw name="Verify Page Loaded" library="Common">
<arg>${RUN_LANG}</arg>
<doc>Verify all pages successfully loaded</doc>
<kw name="Wait Until Element Is Visible" library="SeleniumLibrary">
<arg>${BAYKAR_LOGO_${LANG}}</arg>
<doc>Waits until the element ``locator`` is visible.</doc>
<status status="PASS" starttime="20220620 03:00:05.456" endtime="20220620 03:00:05.477"/>
</kw>
<status status="PASS" starttime="20220620 03:00:05.456" endtime="20220620 03:00:05.478"/>
</kw>
<kw name="Navigate &quot;Career&quot; page to &quot;Open Positions&quot; Section" library="Kariyer.Baykartech.App">
<kw name="Click &quot;Yerleşkelerimiz&quot; Dropdown" library="Navbar">
<doc>Clicks Yerleşkelerimiz dropdown in Kariyer section</doc>
<kw name="Set Variable" library="BuiltIn">
<var>${sec_num}</var>
<arg>${KARIYER_SECTION_NUMBER}</arg>
<doc>Returns the given values which can then be assigned to a variables.</doc>
<msg timestamp="20220620 03:00:05.479" level="INFO">${sec_num} = 1</msg>
<status status="PASS" starttime="20220620 03:00:05.479" endtime="20220620 03:00:05.479"/>
</kw>
<kw name="Run Keyword" library="BuiltIn">
<arg>Mouse Over "Kariyer" Section</arg>
<doc>Executes the given keyword with the given arguments.</doc>
<kw name="Mouse Over &quot;Kariyer&quot; Section" library="Navbar">
<doc>[1] is a first section in navbar</doc>
<kw name="Set Variable" library="BuiltIn">
<var>${sec_num}</var>
<arg>${KARIYER_SECTION_NUMBER}</arg>
<doc>Returns the given values which can then be assigned to a variables.</doc>
<msg timestamp="20220620 03:00:05.480" level="INFO">${sec_num} = 1</msg>
<status status="PASS" starttime="20220620 03:00:05.479" endtime="20220620 03:00:05.480"/>
</kw>
<kw name="Mouse Over" library="SeleniumLibrary">
<arg>${NAVBAR_SECTION}\[${sec_num}\]</arg>
<doc>Simulates hovering the mouse over the element ``locator``.</doc>
<msg timestamp="20220620 03:00:05.480" level="INFO">Simulating Mouse Over on element 'xpath=//*[@id="navbar-menu"]/ul/li[1]'.</msg>
<status status="PASS" starttime="20220620 03:00:05.480" endtime="20220620 03:00:05.753"/>
</kw>
<kw name="Wait Until Element Is Visible" library="SeleniumLibrary">
<arg>${NAVBAR_SECTION}\[${sec_num}\]${DROPDOWN_ELEMENT}\[1]/a</arg>
<doc>Waits until the element ``locator`` is visible.</doc>
<status status="PASS" starttime="20220620 03:00:05.753" endtime="20220620 03:00:06.217"/>
</kw>
<status status="PASS" starttime="20220620 03:00:05.479" endtime="20220620 03:00:06.217"/>
</kw>
<status status="PASS" starttime="20220620 03:00:05.479" endtime="20220620 03:00:06.217"/>
</kw>
<kw name="Click Link" library="SeleniumLibrary">
<arg>${NAVBAR_SECTION}\[${sec_num}\]${DROPDOWN_ELEMENT}\[1]/a</arg>
<doc>Clicks a link identified by ``locator``.</doc>
<msg timestamp="20220620 03:00:06.218" level="INFO">Clicking link 'xpath=//*[@id="navbar-menu"]/ul/li[1]/ul/li[1]/a'.</msg>
<status status="PASS" starttime="20220620 03:00:06.217" endtime="20220620 03:00:14.048"/>
</kw>
<status status="PASS" starttime="20220620 03:00:05.478" endtime="20220620 03:00:14.048"/>
</kw>
<kw name="Run Keyword And Continue On Failure" library="BuiltIn">
<arg>Kariyer.Verify "Yerleşkelerimiz" in show</arg>
<doc>Runs the keyword and continues execution even if a failure occurs.</doc>
<kw name="Verify &quot;Yerleşkelerimiz&quot; in show" library="Kariyer">
<kw name="Wait Until Element Is Visible" library="SeleniumLibrary">
<arg>${YERLESKELER_VERIFY_ELEMENT}</arg>
<doc>Waits until the element ``locator`` is visible.</doc>
<status status="PASS" starttime="20220620 03:00:14.049" endtime="20220620 03:00:14.076"/>
</kw>
<kw name="Page Should Contain Element" library="SeleniumLibrary">
<arg>${YERLESKELER_VERIFY_ELEMENT}</arg>
<doc>Verifies that element ``locator`` is found on the current page.</doc>
<msg timestamp="20220620 03:00:14.082" level="INFO">Current page contains element 'xpath=//ul[@class='nav nav-pills']//a[@href='#campus1']'.</msg>
<status status="PASS" starttime="20220620 03:00:14.076" endtime="20220620 03:00:14.082"/>
</kw>
<status status="PASS" starttime="20220620 03:00:14.048" endtime="20220620 03:00:14.082"/>
</kw>
<status status="PASS" starttime="20220620 03:00:14.048" endtime="20220620 03:00:14.082"/>
</kw>
<kw name="Click &quot;Açık Pozisyonlar&quot; Section" library="Navbar">
<doc>[2] is a second section in navbar</doc>
<kw name="Set Variable" library="BuiltIn">
<var>${sec_num}</var>
<arg>2</arg>
<doc>Returns the given values which can then be assigned to a variables.</doc>
<msg timestamp="20220620 03:00:14.083" level="INFO">${sec_num} = 2</msg>
<status status="PASS" starttime="20220620 03:00:14.083" endtime="20220620 03:00:14.083"/>
</kw>
<kw name="Click Link" library="SeleniumLibrary">
<arg>${NAVBAR_SECTION}\[${sec_num}\]/a</arg>
<doc>Clicks a link identified by ``locator``.</doc>
<msg timestamp="20220620 03:00:14.083" level="INFO">Clicking link 'xpath=//*[@id="navbar-menu"]/ul/li[2]/a'.</msg>
<status status="PASS" starttime="20220620 03:00:14.083" endtime="20220620 03:00:14.827"/>
</kw>
<status status="PASS" starttime="20220620 03:00:14.082" endtime="20220620 03:00:14.827"/>
</kw>
<kw name="Run Keyword And Continue On Failure" library="BuiltIn">
<arg>Homepage.Verify Section is Visible</arg>
<arg>${OPEN_POZ_SECTION}</arg>
<doc>Runs the keyword and continues execution even if a failure occurs.</doc>
<kw name="Verify Section is Visible" library="Homepage">
<arg>${OPEN_POZ_SECTION}</arg>
<kw name="Wait Until Element Is Visible" library="SeleniumLibrary">
<arg>${SECTION_ELEMENT}</arg>
<doc>Waits until the element ``locator`` is visible.</doc>
<status status="PASS" starttime="20220620 03:00:14.828" endtime="20220620 03:00:14.853"/>
</kw>
<kw name="Element Should Be Visible" library="SeleniumLibrary">
<arg>${SECTION_ELEMENT}</arg>
<doc>Verifies that the element identified by ``locator`` is visible.</doc>
<msg timestamp="20220620 03:00:14.868" level="INFO">Element 'css=div[id='services']' is displayed.</msg>
<status status="PASS" starttime="20220620 03:00:14.853" endtime="20220620 03:00:14.868"/>
</kw>
<status status="PASS" starttime="20220620 03:00:14.828" endtime="20220620 03:00:14.868"/>
</kw>
<status status="PASS" starttime="20220620 03:00:14.828" endtime="20220620 03:00:14.868"/>
</kw>
<status status="PASS" starttime="20220620 03:00:05.478" endtime="20220620 03:00:14.868"/>
</kw>
<kw name="Navigate &quot;Intern&quot; page to &quot;Open Positions&quot; Section" library="Kariyer.Baykartech.App">
<kw name="Click &quot;Staj Dönemleri&quot; Dropdown" library="Navbar">
<doc>Clicks Staj Dönemleri dropdown in Staj section</doc>
<kw name="Set Variable" library="BuiltIn">
<var>${sec_num}</var>
<arg>${STAJ_SECTION_NUMBER}</arg>
<doc>Returns the given values which can then be assigned to a variables.</doc>
<msg timestamp="20220620 03:00:14.869" level="INFO">${sec_num} = 3</msg>
<status status="PASS" starttime="20220620 03:00:14.869" endtime="20220620 03:00:14.869"/>
</kw>
<kw name="Run Keyword" library="BuiltIn">
<arg>Mouse Over "Staj" Section</arg>
<doc>Executes the given keyword with the given arguments.</doc>
<kw name="Mouse Over &quot;Staj&quot; Section" library="Navbar">
<doc>[3] is a third section in navbar</doc>
<kw name="Set Variable" library="BuiltIn">
<var>${sec_num}</var>
<arg>${STAJ_SECTION_NUMBER}</arg>
<doc>Returns the given values which can then be assigned to a variables.</doc>
<msg timestamp="20220620 03:00:14.870" level="INFO">${sec_num} = 3</msg>
<status status="PASS" starttime="20220620 03:00:14.870" endtime="20220620 03:00:14.870"/>
</kw>
<kw name="Mouse Over" library="SeleniumLibrary">
<arg>${NAVBAR_SECTION}\[${sec_num}\]</arg>
<doc>Simulates hovering the mouse over the element ``locator``.</doc>
<msg timestamp="20220620 03:00:14.871" level="INFO">Simulating Mouse Over on element 'xpath=//*[@id="navbar-menu"]/ul/li[3]'.</msg>
<status status="PASS" starttime="20220620 03:00:14.871" endtime="20220620 03:00:15.164"/>
</kw>
<kw name="Wait Until Element Is Visible" library="SeleniumLibrary">
<arg>${NAVBAR_SECTION}\[${sec_num}\]${DROPDOWN_ELEMENT}\[1]/a</arg>
<doc>Waits until the element ``locator`` is visible.</doc>
<status status="PASS" starttime="20220620 03:00:15.165" endtime="20220620 03:00:15.631"/>
</kw>
<status status="PASS" starttime="20220620 03:00:14.870" endtime="20220620 03:00:15.631"/>
</kw>
<status status="PASS" starttime="20220620 03:00:14.870" endtime="20220620 03:00:15.631"/>
</kw>
<kw name="Click Link" library="SeleniumLibrary">
<arg>${NAVBAR_SECTION}\[${sec_num}\]${DROPDOWN_ELEMENT}\[1]/a</arg>
<doc>Clicks a link identified by ``locator``.</doc>
<msg timestamp="20220620 03:00:15.631" level="INFO">Clicking link 'xpath=//*[@id="navbar-menu"]/ul/li[3]/ul/li[1]/a'.</msg>
<status status="PASS" starttime="20220620 03:00:15.631" endtime="20220620 03:00:16.396"/>
</kw>
<status status="PASS" starttime="20220620 03:00:14.869" endtime="20220620 03:00:16.396"/>
</kw>
<kw name="Run Keyword And Continue On Failure" library="BuiltIn">
<arg>Staj.Verify "Staj Dönemleri" in show</arg>
<doc>Runs the keyword and continues execution even if a failure occurs.</doc>
<kw name="Verify &quot;Staj Dönemleri&quot; in show" library="Staj">
<kw name="Wait Until Element Is Visible" library="SeleniumLibrary">
<arg>${DONEM_VERIFY_ELEMENT}</arg>
<doc>Waits until the element ``locator`` is visible.</doc>
<status status="PASS" starttime="20220620 03:00:16.396" endtime="20220620 03:00:16.415"/>
</kw>
<kw name="Page Should Contain Element" library="SeleniumLibrary">
<arg>${DONEM_VERIFY_ELEMENT}</arg>
<doc>Verifies that element ``locator`` is found on the current page.</doc>
<msg timestamp="20220620 03:00:16.423" level="INFO">Current page contains element 'xpath=//div[@id='seasons']'.</msg>
<status status="PASS" starttime="20220620 03:00:16.415" endtime="20220620 03:00:16.423"/>
</kw>
<status status="PASS" starttime="20220620 03:00:16.396" endtime="20220620 03:00:16.423"/>
</kw>
<status status="PASS" starttime="20220620 03:00:16.396" endtime="20220620 03:00:16.423"/>
</kw>
<kw name="Click &quot;Açık Pozisyonlar&quot; Section" library="Navbar">
<doc>[2] is a second section in navbar</doc>
<kw name="Set Variable" library="BuiltIn">
<var>${sec_num}</var>
<arg>2</arg>
<doc>Returns the given values which can then be assigned to a variables.</doc>
<msg timestamp="20220620 03:00:16.424" level="INFO">${sec_num} = 2</msg>
<status status="PASS" starttime="20220620 03:00:16.424" endtime="20220620 03:00:16.424"/>
</kw>
<kw name="Click Link" library="SeleniumLibrary">
<arg>${NAVBAR_SECTION}\[${sec_num}\]/a</arg>
<doc>Clicks a link identified by ``locator``.</doc>
<msg timestamp="20220620 03:00:16.425" level="INFO">Clicking link 'xpath=//*[@id="navbar-menu"]/ul/li[2]/a'.</msg>
<status status="PASS" starttime="20220620 03:00:16.424" endtime="20220620 03:00:16.462"/>
</kw>
<status status="PASS" starttime="20220620 03:00:16.423" endtime="20220620 03:00:16.462"/>
</kw>
<kw name="Run Keyword And Continue On Failure" library="BuiltIn">
<arg>Homepage.Verify Section is Visible</arg>
<arg>${OPEN_POZ_SECTION}</arg>
<doc>Runs the keyword and continues execution even if a failure occurs.</doc>
<kw name="Verify Section is Visible" library="Homepage">
<arg>${OPEN_POZ_SECTION}</arg>
<kw name="Wait Until Element Is Visible" library="SeleniumLibrary">
<arg>${SECTION_ELEMENT}</arg>
<doc>Waits until the element ``locator`` is visible.</doc>
<msg timestamp="20220620 03:00:23.555" level="INFO" html="true">&lt;/td&gt;&lt;/tr&gt;&lt;tr&gt;&lt;td colspan="3"&gt;&lt;a href="selenium-screenshot-12.png"&gt;&lt;img src="selenium-screenshot-12.png" width="800px"&gt;&lt;/a&gt;</msg>
<msg timestamp="20220620 03:00:23.556" level="FAIL">Element 'css=div[id='services']' not visible after 5 seconds.</msg>
<status status="FAIL" starttime="20220620 03:00:16.462" endtime="20220620 03:00:23.557"/>
</kw>
<kw name="Element Should Be Visible" library="SeleniumLibrary">
<arg>${SECTION_ELEMENT}</arg>
<doc>Verifies that the element identified by ``locator`` is visible.</doc>
<status status="NOT RUN" starttime="20220620 03:00:23.557" endtime="20220620 03:00:23.557"/>
</kw>
<status status="FAIL" starttime="20220620 03:00:16.462" endtime="20220620 03:00:23.558"/>
</kw>
<status status="FAIL" starttime="20220620 03:00:16.462" endtime="20220620 03:00:23.558"/>
</kw>
<status status="FAIL" starttime="20220620 03:00:14.869" endtime="20220620 03:00:23.558"/>
</kw>
<kw name="Navigate &quot;Intern&quot; page to &quot;Life In Baykar&quot; Section" library="Kariyer.Baykartech.App">
<kw name="Click &quot;Staj Dönemleri&quot; Dropdown" library="Navbar">
<doc>Clicks Staj Dönemleri dropdown in Staj section</doc>
<kw name="Set Variable" library="BuiltIn">
<var>${sec_num}</var>
<arg>${STAJ_SECTION_NUMBER}</arg>
<doc>Returns the given values which can then be assigned to a variables.</doc>
<msg timestamp="20220620 03:00:23.560" level="INFO">${sec_num} = 3</msg>
<status status="PASS" starttime="20220620 03:00:23.560" endtime="20220620 03:00:23.560"/>
</kw>
<kw name="Run Keyword" library="BuiltIn">
<arg>Mouse Over "Staj" Section</arg>
<doc>Executes the given keyword with the given arguments.</doc>
<kw name="Mouse Over &quot;Staj&quot; Section" library="Navbar">
<doc>[3] is a third section in navbar</doc>
<kw name="Set Variable" library="BuiltIn">
<var>${sec_num}</var>
<arg>${STAJ_SECTION_NUMBER}</arg>
<doc>Returns the given values which can then be assigned to a variables.</doc>
<msg timestamp="20220620 03:00:23.561" level="INFO">${sec_num} = 3</msg>
<status status="PASS" starttime="20220620 03:00:23.561" endtime="20220620 03:00:23.561"/>
</kw>
<kw name="Mouse Over" library="SeleniumLibrary">
<arg>${NAVBAR_SECTION}\[${sec_num}\]</arg>
<doc>Simulates hovering the mouse over the element ``locator``.</doc>
<msg timestamp="20220620 03:00:23.561" level="INFO">Simulating Mouse Over on element 'xpath=//*[@id="navbar-menu"]/ul/li[3]'.</msg>
<status status="PASS" starttime="20220620 03:00:23.561" endtime="20220620 03:00:23.847"/>
</kw>
<kw name="Wait Until Element Is Visible" library="SeleniumLibrary">
<arg>${NAVBAR_SECTION}\[${sec_num}\]${DROPDOWN_ELEMENT}\[1]/a</arg>
<doc>Waits until the element ``locator`` is visible.</doc>
<status status="PASS" starttime="20220620 03:00:23.847" endtime="20220620 03:00:23.862"/>
</kw>
<status status="PASS" starttime="20220620 03:00:23.560" endtime="20220620 03:00:23.862"/>
</kw>
<status status="PASS" starttime="20220620 03:00:23.560" endtime="20220620 03:00:23.862"/>
</kw>
<kw name="Click Link" library="SeleniumLibrary">
<arg>${NAVBAR_SECTION}\[${sec_num}\]${DROPDOWN_ELEMENT}\[1]/a</arg>
<doc>Clicks a link identified by ``locator``.</doc>
<msg timestamp="20220620 03:00:23.864" level="INFO">Clicking link 'xpath=//*[@id="navbar-menu"]/ul/li[3]/ul/li[1]/a'.</msg>
<status status="PASS" starttime="20220620 03:00:23.863" endtime="20220620 03:00:23.902"/>
</kw>
<status status="PASS" starttime="20220620 03:00:23.560" endtime="20220620 03:00:23.902"/>
</kw>
<kw name="Run Keyword And Continue On Failure" library="BuiltIn">
<arg>Staj.Verify "Staj Dönemleri" in show</arg>
<doc>Runs the keyword and continues execution even if a failure occurs.</doc>
<kw name="Verify &quot;Staj Dönemleri&quot; in show" library="Staj">
<kw name="Wait Until Element Is Visible" library="SeleniumLibrary">
<arg>${DONEM_VERIFY_ELEMENT}</arg>
<doc>Waits until the element ``locator`` is visible.</doc>
<status status="PASS" starttime="20220620 03:00:23.903" endtime="20220620 03:00:23.919"/>
</kw>
<kw name="Page Should Contain Element" library="SeleniumLibrary">
<arg>${DONEM_VERIFY_ELEMENT}</arg>
<doc>Verifies that element ``locator`` is found on the current page.</doc>
<msg timestamp="20220620 03:00:23.926" level="INFO">Current page contains element 'xpath=//div[@id='seasons']'.</msg>
<status status="PASS" starttime="20220620 03:00:23.919" endtime="20220620 03:00:23.926"/>
</kw>
<status status="PASS" starttime="20220620 03:00:23.903" endtime="20220620 03:00:23.926"/>
</kw>
<status status="PASS" starttime="20220620 03:00:23.903" endtime="20220620 03:00:23.926"/>
</kw>
<kw name="Click &quot;Baykarda Yaşam&quot; Section" library="Navbar">
<doc>[4] is a fourth section in navbar</doc>
<kw name="Set Variable" library="BuiltIn">
<var>${sec_num}</var>
<arg>4</arg>
<doc>Returns the given values which can then be assigned to a variables.</doc>
<msg timestamp="20220620 03:00:23.927" level="INFO">${sec_num} = 4</msg>
<status status="PASS" starttime="20220620 03:00:23.927" endtime="20220620 03:00:23.927"/>
</kw>
<kw name="Click Link" library="SeleniumLibrary">
<arg>${NAVBAR_SECTION}\[${sec_num}\]/a</arg>
<doc>Clicks a link identified by ``locator``.</doc>
<msg timestamp="20220620 03:00:23.927" level="INFO">Clicking link 'xpath=//*[@id="navbar-menu"]/ul/li[4]/a'.</msg>
<status status="PASS" starttime="20220620 03:00:23.927" endtime="20220620 03:00:23.974"/>
</kw>
<status status="PASS" starttime="20220620 03:00:23.926" endtime="20220620 03:00:23.974"/>
</kw>
<kw name="Run Keyword And Continue On Failure" library="BuiltIn">
<arg>Homepage.Verify Section is Visible</arg>
<arg>${BAYKAR_LIFE_SECTION}</arg>
<doc>Runs the keyword and continues execution even if a failure occurs.</doc>
<kw name="Verify Section is Visible" library="Homepage">
<arg>${BAYKAR_LIFE_SECTION}</arg>
<kw name="Wait Until Element Is Visible" library="SeleniumLibrary">
<arg>${SECTION_ELEMENT}</arg>
<doc>Waits until the element ``locator`` is visible.</doc>
<msg timestamp="20220620 03:00:30.861" level="INFO" html="true">&lt;/td&gt;&lt;/tr&gt;&lt;tr&gt;&lt;td colspan="3"&gt;&lt;a href="selenium-screenshot-13.png"&gt;&lt;img src="selenium-screenshot-13.png" width="800px"&gt;&lt;/a&gt;</msg>
<msg timestamp="20220620 03:00:30.861" level="FAIL">Element 'css=div[id='portfolio']' not visible after 5 seconds.</msg>
<status status="FAIL" starttime="20220620 03:00:23.976" endtime="20220620 03:00:30.862"/>
</kw>
<kw name="Element Should Be Visible" library="SeleniumLibrary">
<arg>${SECTION_ELEMENT}</arg>
<doc>Verifies that the element identified by ``locator`` is visible.</doc>
<status status="NOT RUN" starttime="20220620 03:00:30.862" endtime="20220620 03:00:30.862"/>
</kw>
<status status="FAIL" starttime="20220620 03:00:23.975" endtime="20220620 03:00:30.862"/>
</kw>
<status status="FAIL" starttime="20220620 03:00:23.975" endtime="20220620 03:00:30.863"/>
</kw>
<status status="FAIL" starttime="20220620 03:00:23.559" endtime="20220620 03:00:30.863"/>
</kw>
<kw name="End Baykar Web Test" library="Common" type="TEARDOWN">
<kw name="Close Browser" library="SeleniumLibrary">
<doc>Closes the current browser.</doc>
<status status="PASS" starttime="20220620 03:00:30.864" endtime="20220620 03:00:33.001"/>
</kw>
<status status="PASS" starttime="20220620 03:00:30.864" endtime="20220620 03:00:33.002"/>
</kw>
<doc>All pages in website should be integrated with others</doc>
<tag>I-01</tag>
<tag>Integration</tag>
<status status="FAIL" starttime="20220620 02:59:59.565" endtime="20220620 03:00:33.002">Several failures occurred:

1) Element 'css=div[id='services']' not visible after 5 seconds.

2) Element 'css=div[id='portfolio']' not visible after 5 seconds.</status>
</test>
<doc>This test file includes all tests for *kariyer.baykartech.com*, if you wanna change Browser or Runtime Language go to *Variables* section in this file.</doc>
<status status="FAIL" starttime="20220620 02:59:59.320" endtime="20220620 03:00:33.004"/>
</suite>
<status status="FAIL" starttime="20220620 02:59:59.299" endtime="20220620 03:00:33.005"/>
</suite>
<statistics>
<total>
<stat pass="0" fail="1" skip="0">All Tests</stat>
</total>
<tag>
<stat pass="0" fail="1" skip="0">I-01</stat>
<stat pass="0" fail="1" skip="0">Integration</stat>
</tag>
<suite>
<stat pass="0" fail="1" skip="0" id="s1" name="Tests">Tests</stat>
<stat pass="0" fail="1" skip="0" id="s1-s1" name="Kariyer.Baykartech">Tests.Kariyer.Baykartech</stat>
</suite>
</statistics>
<errors>
</errors>
</robot>
