<?xml version="1.0" encoding="UTF-8"?>
<robot generator="Robot 5.0.1 (Python 3.9.7 on win32)" generated="20220616 21:46:48.464" rpa="false" schemaversion="3">
<suite id="s1" name="Tests" source="C:\Users\byuks\Desktop\QA\QA-Test-Automation-Baykar\tests">
<suite id="s1-s1" name="Kariyer.Baykartech" source="C:\Users\byuks\Desktop\QA\QA-Test-Automation-Baykar\tests\Kariyer.Baykartech.robot">
<test id="s1-s1-t1" name="Visitor should be able enter site" line="14">
<kw name="Start Baykar Web Test" library="Common" type="SETUP">
<arg>${BROWSER}</arg>
<kw name="Open Browser" library="SeleniumLibrary">
<arg>about:blank</arg>
<arg>${BROWSER}</arg>
<doc>Opens a new browser instance to the optional ``url``.</doc>
<msg timestamp="20220616 21:46:48.698" level="INFO">Opening browser 'chrome' to base url 'about:blank'.</msg>
<status status="PASS" starttime="20220616 21:46:48.698" endtime="20220616 21:46:50.241"/>
</kw>
<kw name="Maximize Browser Window" library="SeleniumLibrary">
<doc>Maximizes current browser window.</doc>
<status status="PASS" starttime="20220616 21:46:50.241" endtime="20220616 21:46:50.357"/>
</kw>
<status status="PASS" starttime="20220616 21:46:48.697" endtime="20220616 21:46:50.357"/>
</kw>
<kw name="Open Website" library="Common">
<arg>${SITE_URL_TR}</arg>
<kw name="Go To" library="SeleniumLibrary">
<arg>${SITE_URL}</arg>
<doc>Navigates the current browser window to the provided ``url``.</doc>
<msg timestamp="20220616 21:46:50.359" level="INFO">Opening url 'https://kariyer.baykartech.com/tr/'</msg>
<status status="PASS" starttime="20220616 21:46:50.359" endtime="20220616 21:46:55.064"/>
</kw>
<status status="PASS" starttime="20220616 21:46:50.358" endtime="20220616 21:46:55.064"/>
</kw>
<kw name="End Baykar Web Test" library="Common" type="TEARDOWN">
<kw name="Close Browser" library="SeleniumLibrary">
<doc>Closes the current browser.</doc>
<status status="PASS" starttime="20220616 21:46:55.065" endtime="20220616 21:46:57.171"/>
</kw>
<status status="PASS" starttime="20220616 21:46:55.065" endtime="20220616 21:46:57.171"/>
</kw>
<status status="PASS" starttime="20220616 21:46:48.696" endtime="20220616 21:46:57.171"/>
</test>
<status status="PASS" starttime="20220616 21:46:48.487" endtime="20220616 21:46:57.172"/>
</suite>
<status status="PASS" starttime="20220616 21:46:48.466" endtime="20220616 21:46:57.174"/>
</suite>
<statistics>
<total>
<stat pass="1" fail="0" skip="0">All Tests</stat>
</total>
<tag>
</tag>
<suite>
<stat pass="1" fail="0" skip="0" id="s1" name="Tests">Tests</stat>
<stat pass="1" fail="0" skip="0" id="s1-s1" name="Kariyer.Baykartech">Tests.Kariyer.Baykartech</stat>
</suite>
</statistics>
<errors>
</errors>
</robot>
