<?xml version="1.0" encoding="UTF-8"?>
<robot generator="Robot 5.0.1 (Python 3.9.7 on win32)" generated="20220618 01:56:56.972" rpa="false" schemaversion="3">
<suite id="s1" name="Tests" source="C:\Users\byuks\Desktop\QA\QA-Test-Automation-Baykar\tests">
<suite id="s1-s1" name="Kariyer.Baykartech" source="C:\Users\byuks\Desktop\QA\QA-Test-Automation-Baykar\tests\Kariyer.Baykartech.robot">
<test id="s1-s1-t1" name="Visitor should be able enter site" line="16">
<kw name="Start Baykar Web Test" library="Common" type="SETUP">
<arg>${BROWSER}</arg>
<kw name="Open Browser" library="SeleniumLibrary">
<arg>about:blank</arg>
<arg>${BROWSER}</arg>
<doc>Opens a new browser instance to the optional ``url``.</doc>
<msg timestamp="20220618 01:56:57.232" level="INFO">Opening browser 'chrome' to base url 'about:blank'.</msg>
<status status="PASS" starttime="20220618 01:56:57.232" endtime="20220618 01:56:58.288"/>
</kw>
<kw name="Maximize Browser Window" library="SeleniumLibrary">
<doc>Maximizes current browser window.</doc>
<status status="PASS" starttime="20220618 01:56:58.288" endtime="20220618 01:56:58.413"/>
</kw>
<status status="PASS" starttime="20220618 01:56:57.231" endtime="20220618 01:56:58.413"/>
</kw>
<kw name="Open Website" library="Common">
<arg>${SITE_URL}${RUN_LANG}</arg>
<kw name="Go To" library="SeleniumLibrary">
<arg>${SITE_URL}</arg>
<doc>Navigates the current browser window to the provided ``url``.</doc>
<msg timestamp="20220618 01:56:58.414" level="INFO">Opening url 'https://kariyer.baykartech.com/tr'</msg>
<status status="PASS" starttime="20220618 01:56:58.414" endtime="20220618 01:57:03.074"/>
</kw>
<status status="PASS" starttime="20220618 01:56:58.414" endtime="20220618 01:57:03.074"/>
</kw>
<kw name="Verify Page Loaded" library="Common">
<arg>${RUN_LANG}</arg>
<doc>Verify all pages successfully loaded</doc>
<kw name="Wait Until Element Is Visible" library="SeleniumLibrary">
<arg>${BAYKAR_LOGO_${LANG}}</arg>
<doc>Waits until the element ``locator`` is visible.</doc>
<status status="PASS" starttime="20220618 01:57:03.075" endtime="20220618 01:57:03.096"/>
</kw>
<status status="PASS" starttime="20220618 01:57:03.075" endtime="20220618 01:57:03.096"/>
</kw>
<kw name="End Baykar Web Test" library="Common" type="TEARDOWN">
<kw name="Close Browser" library="SeleniumLibrary">
<doc>Closes the current browser.</doc>
<status status="PASS" starttime="20220618 01:57:03.096" endtime="20220618 01:57:05.195"/>
</kw>
<status status="PASS" starttime="20220618 01:57:03.096" endtime="20220618 01:57:05.196"/>
</kw>
<doc>All visitors should be able enter site</doc>
<tag>Common</tag>
<tag>Smoke</tag>
<status status="PASS" starttime="20220618 01:56:57.230" endtime="20220618 01:57:05.196"/>
</test>
<test id="s1-s1-t2" name="Visitor should be able navigate navbar" line="22">
<kw name="Start Baykar Web Test" library="Common" type="SETUP">
<arg>${BROWSER}</arg>
<kw name="Open Browser" library="SeleniumLibrary">
<arg>about:blank</arg>
<arg>${BROWSER}</arg>
<doc>Opens a new browser instance to the optional ``url``.</doc>
<msg timestamp="20220618 01:57:05.198" level="INFO">Opening browser 'chrome' to base url 'about:blank'.</msg>
<status status="PASS" starttime="20220618 01:57:05.198" endtime="20220618 01:57:06.242"/>
</kw>
<kw name="Maximize Browser Window" library="SeleniumLibrary">
<doc>Maximizes current browser window.</doc>
<status status="PASS" starttime="20220618 01:57:06.242" endtime="20220618 01:57:06.372"/>
</kw>
<status status="PASS" starttime="20220618 01:57:05.198" endtime="20220618 01:57:06.372"/>
</kw>
<kw name="Open Website" library="Common">
<arg>${SITE_URL}${RUN_LANG}</arg>
<kw name="Go To" library="SeleniumLibrary">
<arg>${SITE_URL}</arg>
<doc>Navigates the current browser window to the provided ``url``.</doc>
<msg timestamp="20220618 01:57:06.373" level="INFO">Opening url 'https://kariyer.baykartech.com/tr'</msg>
<status status="PASS" starttime="20220618 01:57:06.373" endtime="20220618 01:57:10.997"/>
</kw>
<status status="PASS" starttime="20220618 01:57:06.372" endtime="20220618 01:57:10.997"/>
</kw>
<kw name="Verify Page Loaded" library="Common">
<arg>${RUN_LANG}</arg>
<doc>Verify all pages successfully loaded</doc>
<kw name="Wait Until Element Is Visible" library="SeleniumLibrary">
<arg>${BAYKAR_LOGO_${LANG}}</arg>
<doc>Waits until the element ``locator`` is visible.</doc>
<status status="PASS" starttime="20220618 01:57:10.998" endtime="20220618 01:57:11.019"/>
</kw>
<status status="PASS" starttime="20220618 01:57:10.997" endtime="20220618 01:57:11.019"/>
</kw>
<kw name="Navbar Mouse Over Tests" library="Kariyer.Baykartech.App">
<kw name="Mouse Over &quot;Kariyer&quot; Section" library="Navbar">
<doc>[1] is a first section in navbar</doc>
<kw name="Set Variable" library="BuiltIn">
<var>${sec_num}</var>
<arg>${KARIYER_SECTION_NUMBER}</arg>
<doc>Returns the given values which can then be assigned to a variables.</doc>
<msg timestamp="20220618 01:57:11.020" level="INFO">${sec_num} = 1</msg>
<status status="PASS" starttime="20220618 01:57:11.020" endtime="20220618 01:57:11.020"/>
</kw>
<kw name="Mouse Over" library="SeleniumLibrary">
<arg>${NAVBAR_SECTION}\[${sec_num}\]</arg>
<doc>Simulates hovering the mouse over the element ``locator``.</doc>
<msg timestamp="20220618 01:57:11.020" level="INFO">Simulating Mouse Over on element 'xpath=//*[@id="navbar-menu"]/ul/li[1]'.</msg>
<status status="PASS" starttime="20220618 01:57:11.020" endtime="20220618 01:57:11.297"/>
</kw>
<kw name="Wait Until Element Is Visible" library="SeleniumLibrary">
<arg>${NAVBAR_SECTION}\[${sec_num}\]${DROPDOWN_ELEMENT}\[1]/a</arg>
<doc>Waits until the element ``locator`` is visible.</doc>
<status status="PASS" starttime="20220618 01:57:11.297" endtime="20220618 01:57:11.761"/>
</kw>
<status status="PASS" starttime="20220618 01:57:11.019" endtime="20220618 01:57:11.761"/>
</kw>
<kw name="Mouse Over &quot;Staj&quot; Section" library="Navbar">
<doc>[3] is a third section in navbar</doc>
<kw name="Set Variable" library="BuiltIn">
<var>${sec_num}</var>
<arg>${STAJ_SECTION_NUMBER}</arg>
<doc>Returns the given values which can then be assigned to a variables.</doc>
<msg timestamp="20220618 01:57:11.761" level="INFO">${sec_num} = 3</msg>
<status status="PASS" starttime="20220618 01:57:11.761" endtime="20220618 01:57:11.761"/>
</kw>
<kw name="Mouse Over" library="SeleniumLibrary">
<arg>${NAVBAR_SECTION}\[${sec_num}\]</arg>
<doc>Simulates hovering the mouse over the element ``locator``.</doc>
<msg timestamp="20220618 01:57:11.762" level="INFO">Simulating Mouse Over on element 'xpath=//*[@id="navbar-menu"]/ul/li[3]'.</msg>
<status status="PASS" starttime="20220618 01:57:11.762" endtime="20220618 01:57:12.042"/>
</kw>
<kw name="Wait Until Element Is Visible" library="SeleniumLibrary">
<arg>${NAVBAR_SECTION}\[${sec_num}\]${DROPDOWN_ELEMENT}\[1]/a</arg>
<doc>Waits until the element ``locator`` is visible.</doc>
<status status="PASS" starttime="20220618 01:57:12.043" endtime="20220618 01:57:12.060"/>
</kw>
<status status="PASS" starttime="20220618 01:57:11.761" endtime="20220618 01:57:12.060"/>
</kw>
<status status="PASS" starttime="20220618 01:57:11.019" endtime="20220618 01:57:12.060"/>
</kw>
<kw name="Click non dropdown sections" library="Kariyer.Baykartech.App">
<arg>${RUN_LANG}</arg>
<kw name="Click &quot;Açık Pozisyonlar&quot; Section" library="Navbar">
<doc>[2] is a second section in navbar</doc>
<kw name="Set Variable" library="BuiltIn">
<var>${sec_num}</var>
<arg>2</arg>
<doc>Returns the given values which can then be assigned to a variables.</doc>
<msg timestamp="20220618 01:57:12.061" level="INFO">${sec_num} = 2</msg>
<status status="PASS" starttime="20220618 01:57:12.061" endtime="20220618 01:57:12.061"/>
</kw>
<kw name="Click Link" library="SeleniumLibrary">
<arg>${NAVBAR_SECTION}\[${sec_num}\]/a</arg>
<doc>Clicks a link identified by ``locator``.</doc>
<msg timestamp="20220618 01:57:12.062" level="INFO">Clicking link 'xpath=//*[@id="navbar-menu"]/ul/li[2]/a'.</msg>
<status status="PASS" starttime="20220618 01:57:12.061" endtime="20220618 01:57:12.108"/>
</kw>
<status status="PASS" starttime="20220618 01:57:12.061" endtime="20220618 01:57:12.109"/>
</kw>
<kw name="Verify Section is Visible" library="Homepage">
<arg>${OPEN_POZ_SECTION}</arg>
<kw name="Wait Until Element Is Visible" library="SeleniumLibrary">
<arg>${SECTION_ELEMENT}</arg>
<doc>Waits until the element ``locator`` is visible.</doc>
<status status="PASS" starttime="20220618 01:57:12.109" endtime="20220618 01:57:12.133"/>
</kw>
<kw name="Element Should Be Visible" library="SeleniumLibrary">
<arg>${SECTION_ELEMENT}</arg>
<doc>Verifies that the element identified by ``locator`` is visible.</doc>
<msg timestamp="20220618 01:57:12.146" level="INFO">Element 'css=div[id='services']' is displayed.</msg>
<status status="PASS" starttime="20220618 01:57:12.134" endtime="20220618 01:57:12.146"/>
</kw>
<status status="PASS" starttime="20220618 01:57:12.109" endtime="20220618 01:57:12.146"/>
</kw>
<kw name="Click &quot;Baykarda Yaşam&quot; Section" library="Navbar">
<doc>[4] is a fourth section in navbar</doc>
<kw name="Set Variable" library="BuiltIn">
<var>${sec_num}</var>
<arg>4</arg>
<doc>Returns the given values which can then be assigned to a variables.</doc>
<msg timestamp="20220618 01:57:12.147" level="INFO">${sec_num} = 4</msg>
<status status="PASS" starttime="20220618 01:57:12.147" endtime="20220618 01:57:12.147"/>
</kw>
<kw name="Click Link" library="SeleniumLibrary">
<arg>${NAVBAR_SECTION}\[${sec_num}\]/a</arg>
<doc>Clicks a link identified by ``locator``.</doc>
<msg timestamp="20220618 01:57:12.147" level="INFO">Clicking link 'xpath=//*[@id="navbar-menu"]/ul/li[4]/a'.</msg>
<status status="PASS" starttime="20220618 01:57:12.147" endtime="20220618 01:57:12.185"/>
</kw>
<status status="PASS" starttime="20220618 01:57:12.146" endtime="20220618 01:57:12.185"/>
</kw>
<kw name="Verify Section is Visible" library="Homepage">
<arg>${BAYKAR_LIFE_SECTION}</arg>
<kw name="Wait Until Element Is Visible" library="SeleniumLibrary">
<arg>${SECTION_ELEMENT}</arg>
<doc>Waits until the element ``locator`` is visible.</doc>
<status status="PASS" starttime="20220618 01:57:12.186" endtime="20220618 01:57:12.204"/>
</kw>
<kw name="Element Should Be Visible" library="SeleniumLibrary">
<arg>${SECTION_ELEMENT}</arg>
<doc>Verifies that the element identified by ``locator`` is visible.</doc>
<msg timestamp="20220618 01:57:12.216" level="INFO">Element 'css=div[id='portfolio']' is displayed.</msg>
<status status="PASS" starttime="20220618 01:57:12.204" endtime="20220618 01:57:12.217"/>
</kw>
<status status="PASS" starttime="20220618 01:57:12.186" endtime="20220618 01:57:12.217"/>
</kw>
<kw name="Click &quot;S.S.S&quot; Section" library="Navbar">
<doc>[5] is a fifth section in navbar</doc>
<kw name="Set Variable" library="BuiltIn">
<var>${sec_num}</var>
<arg>5</arg>
<doc>Returns the given values which can then be assigned to a variables.</doc>
<msg timestamp="20220618 01:57:12.217" level="INFO">${sec_num} = 5</msg>
<status status="PASS" starttime="20220618 01:57:12.217" endtime="20220618 01:57:12.217"/>
</kw>
<kw name="Click Link" library="SeleniumLibrary">
<arg>${NAVBAR_SECTION}\[${sec_num}\]/a</arg>
<doc>Clicks a link identified by ``locator``.</doc>
<msg timestamp="20220618 01:57:12.218" level="INFO">Clicking link 'xpath=//*[@id="navbar-menu"]/ul/li[5]/a'.</msg>
<status status="PASS" starttime="20220618 01:57:12.217" endtime="20220618 01:57:12.258"/>
</kw>
<status status="PASS" starttime="20220618 01:57:12.217" endtime="20220618 01:57:12.258"/>
</kw>
<kw name="Verify Section is Visible" library="Homepage">
<arg>${SSS_SECTION}</arg>
<kw name="Wait Until Element Is Visible" library="SeleniumLibrary">
<arg>${SECTION_ELEMENT}</arg>
<doc>Waits until the element ``locator`` is visible.</doc>
<status status="PASS" starttime="20220618 01:57:12.259" endtime="20220618 01:57:12.276"/>
</kw>
<kw name="Element Should Be Visible" library="SeleniumLibrary">
<arg>${SECTION_ELEMENT}</arg>
<doc>Verifies that the element identified by ``locator`` is visible.</doc>
<msg timestamp="20220618 01:57:12.291" level="INFO">Element 'css=div[id='sss']' is displayed.</msg>
<status status="PASS" starttime="20220618 01:57:12.277" endtime="20220618 01:57:12.291"/>
</kw>
<status status="PASS" starttime="20220618 01:57:12.258" endtime="20220618 01:57:12.291"/>
</kw>
<kw name="Click &quot;BAYKAR&quot; Section" library="Navbar">
<doc>[6] is a sixth section in navbar</doc>
<kw name="Set Variable" library="BuiltIn">
<var>${sec_num}</var>
<arg>6</arg>
<doc>Returns the given values which can then be assigned to a variables.</doc>
<msg timestamp="20220618 01:57:12.291" level="INFO">${sec_num} = 6</msg>
<status status="PASS" starttime="20220618 01:57:12.291" endtime="20220618 01:57:12.291"/>
</kw>
<kw name="Click Link" library="SeleniumLibrary">
<arg>${NAVBAR_SECTION}\[${sec_num}\]/a</arg>
<doc>Clicks a link identified by ``locator``.</doc>
<msg timestamp="20220618 01:57:12.292" level="INFO">Clicking link 'xpath=//*[@id="navbar-menu"]/ul/li[6]/a'.</msg>
<status status="PASS" starttime="20220618 01:57:12.291" endtime="20220618 01:57:12.353"/>
</kw>
<kw name="Get Window Handles" library="SeleniumLibrary">
<var>${handle}</var>
<doc>Returns all child window handles of the selected browser as a list.</doc>
<msg timestamp="20220618 01:57:12.356" level="INFO">${handle} = ['CDwindow-746327C0603C410E9B9D5212142A4CAD', 'CDwindow-B0B56F4C93B31334757CA651B27051B1']</msg>
<status status="PASS" starttime="20220618 01:57:12.353" endtime="20220618 01:57:12.356"/>
</kw>
<kw name="Switch Window" library="SeleniumLibrary">
<arg>${handle}[1]</arg>
<doc>Switches to browser window matching ``locator``.</doc>
<status status="PASS" starttime="20220618 01:57:12.356" endtime="20220618 01:57:12.513"/>
</kw>
<status status="PASS" starttime="20220618 01:57:12.291" endtime="20220618 01:57:12.514"/>
</kw>
<kw name="Verify &quot;baykartech.com&quot; opens" library="End-to-End">
<kw name="Get Window Handles" library="SeleniumLibrary">
<var>${handle}</var>
<doc>Returns all child window handles of the selected browser as a list.</doc>
<msg timestamp="20220618 01:57:12.517" level="INFO">${handle} = ['CDwindow-746327C0603C410E9B9D5212142A4CAD', 'CDwindow-B0B56F4C93B31334757CA651B27051B1']</msg>
<status status="PASS" starttime="20220618 01:57:12.514" endtime="20220618 01:57:12.517"/>
</kw>
<kw name="Wait Until Element Is Visible" library="SeleniumLibrary">
<arg>${BAYKAR_MAIN_LOGO}</arg>
<doc>Waits until the element ``locator`` is visible.</doc>
<status status="PASS" starttime="20220618 01:57:12.517" endtime="20220618 01:57:17.973"/>
</kw>
<kw name="Element Should Be Visible" library="SeleniumLibrary">
<arg>${BAYKAR_MAIN_LOGO}</arg>
<doc>Verifies that the element identified by ``locator`` is visible.</doc>
<msg timestamp="20220618 01:57:17.986" level="INFO">Element 'xpath=//img[@alt='https://cdn.baykartech.com/media/images/contents/logo.png']' is displayed.</msg>
<status status="PASS" starttime="20220618 01:57:17.973" endtime="20220618 01:57:17.987"/>
</kw>
<kw name="Switch Window" library="SeleniumLibrary">
<arg>${handle}[0]</arg>
<doc>Switches to browser window matching ``locator``.</doc>
<status status="PASS" starttime="20220618 01:57:17.987" endtime="20220618 01:57:18.005"/>
</kw>
<status status="PASS" starttime="20220618 01:57:12.514" endtime="20220618 01:57:18.005"/>
</kw>
<kw name="Change Language" library="Navbar">
<doc>Changes current language</doc>
<kw name="Click Link" library="SeleniumLibrary">
<arg>${NAVBAR_LANG_BUTTON}</arg>
<doc>Clicks a link identified by ``locator``.</doc>
<msg timestamp="20220618 01:57:18.006" level="INFO">Clicking link 'xpath=//li[@class='baykarLi']//a'.</msg>
<status status="PASS" starttime="20220618 01:57:18.005" endtime="20220618 01:57:19.155"/>
</kw>
<status status="PASS" starttime="20220618 01:57:18.005" endtime="20220618 01:57:19.155"/>
</kw>
<kw name="Run Keyword If" library="BuiltIn">
<arg>"${LANG}" == "tr"</arg>
<arg>Common.Verify Page Loaded</arg>
<arg>en</arg>
<arg>ELSE</arg>
<arg>Common.Verify Page Loaded</arg>
<arg>tr</arg>
<doc>Runs the given keyword with the given arguments, if ``condition`` is true.</doc>
<kw name="Verify Page Loaded" library="Common">
<arg>en</arg>
<doc>Verify all pages successfully loaded</doc>
<kw name="Wait Until Element Is Visible" library="SeleniumLibrary">
<arg>${BAYKAR_LOGO_${LANG}}</arg>
<doc>Waits until the element ``locator`` is visible.</doc>
<status status="PASS" starttime="20220618 01:57:19.156" endtime="20220618 01:57:19.223"/>
</kw>
<status status="PASS" starttime="20220618 01:57:19.156" endtime="20220618 01:57:19.223"/>
</kw>
<status status="PASS" starttime="20220618 01:57:19.155" endtime="20220618 01:57:19.223"/>
</kw>
<kw name="Change Language" library="Navbar">
<doc>Changes current language</doc>
<kw name="Click Link" library="SeleniumLibrary">
<arg>${NAVBAR_LANG_BUTTON}</arg>
<doc>Clicks a link identified by ``locator``.</doc>
<msg timestamp="20220618 01:57:19.224" level="INFO">Clicking link 'xpath=//li[@class='baykarLi']//a'.</msg>
<status status="PASS" starttime="20220618 01:57:19.224" endtime="20220618 01:57:20.357"/>
</kw>
<status status="PASS" starttime="20220618 01:57:19.224" endtime="20220618 01:57:20.357"/>
</kw>
<kw name="Run Keyword If" library="BuiltIn">
<arg>"${LANG}" == "tr"</arg>
<arg>Common.Verify Page Loaded</arg>
<arg>tr</arg>
<arg>ELSE</arg>
<arg>Common.Verify Page Loaded</arg>
<arg>en</arg>
<doc>Runs the given keyword with the given arguments, if ``condition`` is true.</doc>
<kw name="Verify Page Loaded" library="Common">
<arg>tr</arg>
<doc>Verify all pages successfully loaded</doc>
<kw name="Wait Until Element Is Visible" library="SeleniumLibrary">
<arg>${BAYKAR_LOGO_${LANG}}</arg>
<doc>Waits until the element ``locator`` is visible.</doc>
<status status="PASS" starttime="20220618 01:57:20.358" endtime="20220618 01:57:20.376"/>
</kw>
<status status="PASS" starttime="20220618 01:57:20.358" endtime="20220618 01:57:20.377"/>
</kw>
<status status="PASS" starttime="20220618 01:57:20.357" endtime="20220618 01:57:20.377"/>
</kw>
<status status="PASS" starttime="20220618 01:57:12.061" endtime="20220618 01:57:20.377"/>
</kw>
<kw name="End Baykar Web Test" library="Common" type="TEARDOWN">
<kw name="Close Browser" library="SeleniumLibrary">
<doc>Closes the current browser.</doc>
<status status="PASS" starttime="20220618 01:57:20.378" endtime="20220618 01:57:22.520"/>
</kw>
<status status="PASS" starttime="20220618 01:57:20.378" endtime="20220618 01:57:22.520"/>
</kw>
<doc>All visitors should be able navigate navbar</doc>
<tag>Navbar</tag>
<tag>Smoke</tag>
<status status="PASS" starttime="20220618 01:57:05.197" endtime="20220618 01:57:22.521"/>
</test>
<test id="s1-s1-t3" name="Visitor should be able click and see all &quot;Kariyer&quot; section pages" line="30">
<kw name="Start Baykar Web Test" library="Common" type="SETUP">
<arg>${BROWSER}</arg>
<kw name="Open Browser" library="SeleniumLibrary">
<arg>about:blank</arg>
<arg>${BROWSER}</arg>
<doc>Opens a new browser instance to the optional ``url``.</doc>
<msg timestamp="20220618 01:57:22.523" level="INFO">Opening browser 'chrome' to base url 'about:blank'.</msg>
<status status="PASS" starttime="20220618 01:57:22.523" endtime="20220618 01:57:23.579"/>
</kw>
<kw name="Maximize Browser Window" library="SeleniumLibrary">
<doc>Maximizes current browser window.</doc>
<status status="PASS" starttime="20220618 01:57:23.579" endtime="20220618 01:57:23.704"/>
</kw>
<status status="PASS" starttime="20220618 01:57:22.523" endtime="20220618 01:57:23.704"/>
</kw>
<kw name="Open Website" library="Common">
<arg>${SITE_URL}${RUN_LANG}</arg>
<kw name="Go To" library="SeleniumLibrary">
<arg>${SITE_URL}</arg>
<doc>Navigates the current browser window to the provided ``url``.</doc>
<msg timestamp="20220618 01:57:23.705" level="INFO">Opening url 'https://kariyer.baykartech.com/tr'</msg>
<status status="PASS" starttime="20220618 01:57:23.705" endtime="20220618 01:57:28.253"/>
</kw>
<status status="PASS" starttime="20220618 01:57:23.704" endtime="20220618 01:57:28.253"/>
</kw>
<kw name="Verify Page Loaded" library="Common">
<arg>${RUN_LANG}</arg>
<doc>Verify all pages successfully loaded</doc>
<kw name="Wait Until Element Is Visible" library="SeleniumLibrary">
<arg>${BAYKAR_LOGO_${LANG}}</arg>
<doc>Waits until the element ``locator`` is visible.</doc>
<status status="PASS" starttime="20220618 01:57:28.254" endtime="20220618 01:57:28.274"/>
</kw>
<status status="PASS" starttime="20220618 01:57:28.254" endtime="20220618 01:57:28.274"/>
</kw>
<kw name="Click &quot;Kariyer&quot; Section Dropdowns and Check Page" library="Kariyer.Baykartech.App">
<kw name="Click &quot;Yerleşkelerimiz&quot; Dropdown" library="Navbar">
<doc>Clicks Yerleşkelerimiz dropdown in Kariyer section</doc>
<kw name="Set Variable" library="BuiltIn">
<var>${sec_num}</var>
<arg>${KARIYER_SECTION_NUMBER}</arg>
<doc>Returns the given values which can then be assigned to a variables.</doc>
<msg timestamp="20220618 01:57:28.276" level="INFO">${sec_num} = 1</msg>
<status status="PASS" starttime="20220618 01:57:28.275" endtime="20220618 01:57:28.276"/>
</kw>
<kw name="Run Keyword" library="BuiltIn">
<arg>Mouse Over "Kariyer" Section</arg>
<doc>Executes the given keyword with the given arguments.</doc>
<kw name="Mouse Over &quot;Kariyer&quot; Section" library="Navbar">
<doc>[1] is a first section in navbar</doc>
<kw name="Set Variable" library="BuiltIn">
<var>${sec_num}</var>
<arg>${KARIYER_SECTION_NUMBER}</arg>
<doc>Returns the given values which can then be assigned to a variables.</doc>
<msg timestamp="20220618 01:57:28.276" level="INFO">${sec_num} = 1</msg>
<status status="PASS" starttime="20220618 01:57:28.276" endtime="20220618 01:57:28.276"/>
</kw>
<kw name="Mouse Over" library="SeleniumLibrary">
<arg>${NAVBAR_SECTION}\[${sec_num}\]</arg>
<doc>Simulates hovering the mouse over the element ``locator``.</doc>
<msg timestamp="20220618 01:57:28.276" level="INFO">Simulating Mouse Over on element 'xpath=//*[@id="navbar-menu"]/ul/li[1]'.</msg>
<status status="PASS" starttime="20220618 01:57:28.276" endtime="20220618 01:57:28.548"/>
</kw>
<kw name="Wait Until Element Is Visible" library="SeleniumLibrary">
<arg>${NAVBAR_SECTION}\[${sec_num}\]${DROPDOWN_ELEMENT}\[1]/a</arg>
<doc>Waits until the element ``locator`` is visible.</doc>
<status status="PASS" starttime="20220618 01:57:28.548" endtime="20220618 01:57:29.009"/>
</kw>
<status status="PASS" starttime="20220618 01:57:28.276" endtime="20220618 01:57:29.009"/>
</kw>
<status status="PASS" starttime="20220618 01:57:28.276" endtime="20220618 01:57:29.010"/>
</kw>
<kw name="Click Link" library="SeleniumLibrary">
<arg>${NAVBAR_SECTION}\[${sec_num}\]${DROPDOWN_ELEMENT}\[1]/a</arg>
<doc>Clicks a link identified by ``locator``.</doc>
<msg timestamp="20220618 01:57:29.010" level="INFO">Clicking link 'xpath=//*[@id="navbar-menu"]/ul/li[1]/ul/li[1]/a'.</msg>
<status status="PASS" starttime="20220618 01:57:29.010" endtime="20220618 01:57:36.148"/>
</kw>
<status status="PASS" starttime="20220618 01:57:28.275" endtime="20220618 01:57:36.149"/>
</kw>
<kw name="Verify &quot;Yerleşkelerimiz&quot; in show" library="Kariyer">
<kw name="Wait Until Element Is Visible" library="SeleniumLibrary">
<arg>${YERLESKELER_VERIFY_ELEMENT}</arg>
<doc>Waits until the element ``locator`` is visible.</doc>
<status status="PASS" starttime="20220618 01:57:36.149" endtime="20220618 01:57:36.167"/>
</kw>
<kw name="Page Should Contain Element" library="SeleniumLibrary">
<arg>${YERLESKELER_VERIFY_ELEMENT}</arg>
<doc>Verifies that element ``locator`` is found on the current page.</doc>
<msg timestamp="20220618 01:57:36.173" level="INFO">Current page contains element 'xpath=//ul[@class='nav nav-pills']//a[@href='#campus1']'.</msg>
<status status="PASS" starttime="20220618 01:57:36.167" endtime="20220618 01:57:36.173"/>
</kw>
<status status="PASS" starttime="20220618 01:57:36.149" endtime="20220618 01:57:36.174"/>
</kw>
<kw name="Click &quot;Sunduğumuz Faydalar&quot; Dropdown" library="Navbar">
<doc>Clicks Sunduğumuz Faydalar dropdown in Kariyer section</doc>
<kw name="Set Variable" library="BuiltIn">
<var>${sec_num}</var>
<arg>${KARIYER_SECTION_NUMBER}</arg>
<doc>Returns the given values which can then be assigned to a variables.</doc>
<msg timestamp="20220618 01:57:36.174" level="INFO">${sec_num} = 1</msg>
<status status="PASS" starttime="20220618 01:57:36.174" endtime="20220618 01:57:36.174"/>
</kw>
<kw name="Run Keyword" library="BuiltIn">
<arg>Mouse Over "Kariyer" Section</arg>
<doc>Executes the given keyword with the given arguments.</doc>
<kw name="Mouse Over &quot;Kariyer&quot; Section" library="Navbar">
<doc>[1] is a first section in navbar</doc>
<kw name="Set Variable" library="BuiltIn">
<var>${sec_num}</var>
<arg>${KARIYER_SECTION_NUMBER}</arg>
<doc>Returns the given values which can then be assigned to a variables.</doc>
<msg timestamp="20220618 01:57:36.175" level="INFO">${sec_num} = 1</msg>
<status status="PASS" starttime="20220618 01:57:36.175" endtime="20220618 01:57:36.175"/>
</kw>
<kw name="Mouse Over" library="SeleniumLibrary">
<arg>${NAVBAR_SECTION}\[${sec_num}\]</arg>
<doc>Simulates hovering the mouse over the element ``locator``.</doc>
<msg timestamp="20220618 01:57:36.175" level="INFO">Simulating Mouse Over on element 'xpath=//*[@id="navbar-menu"]/ul/li[1]'.</msg>
<status status="PASS" starttime="20220618 01:57:36.175" endtime="20220618 01:57:36.448"/>
</kw>
<kw name="Wait Until Element Is Visible" library="SeleniumLibrary">
<arg>${NAVBAR_SECTION}\[${sec_num}\]${DROPDOWN_ELEMENT}\[1]/a</arg>
<doc>Waits until the element ``locator`` is visible.</doc>
<status status="PASS" starttime="20220618 01:57:36.448" endtime="20220618 01:57:36.463"/>
</kw>
<status status="PASS" starttime="20220618 01:57:36.174" endtime="20220618 01:57:36.463"/>
</kw>
<status status="PASS" starttime="20220618 01:57:36.174" endtime="20220618 01:57:36.464"/>
</kw>
<kw name="Click Link" library="SeleniumLibrary">
<arg>${NAVBAR_SECTION}\[${sec_num}\]${DROPDOWN_ELEMENT}\[2]/a</arg>
<doc>Clicks a link identified by ``locator``.</doc>
<msg timestamp="20220618 01:57:36.464" level="INFO">Clicking link 'xpath=//*[@id="navbar-menu"]/ul/li[1]/ul/li[2]/a'.</msg>
<status status="PASS" starttime="20220618 01:57:36.464" endtime="20220618 01:57:36.504"/>
</kw>
<status status="PASS" starttime="20220618 01:57:36.174" endtime="20220618 01:57:36.505"/>
</kw>
<kw name="Verify &quot;Sosyal Alanlar&quot; in show" library="Kariyer">
<kw name="Wait Until Element Is Visible" library="SeleniumLibrary">
<arg>${ALANLAR_VERIFY_ELEMENT}</arg>
<doc>Waits until the element ``locator`` is visible.</doc>
<status status="PASS" starttime="20220618 01:57:36.505" endtime="20220618 01:57:36.522"/>
</kw>
<kw name="Page Should Contain Element" library="SeleniumLibrary">
<arg>${ALANLAR_VERIFY_ELEMENT}</arg>
<doc>Verifies that element ``locator`` is found on the current page.</doc>
<msg timestamp="20220618 01:57:36.528" level="INFO">Current page contains element 'xpath=//div[@id='life_in_baykar']'.</msg>
<status status="PASS" starttime="20220618 01:57:36.522" endtime="20220618 01:57:36.528"/>
</kw>
<status status="PASS" starttime="20220618 01:57:36.505" endtime="20220618 01:57:36.528"/>
</kw>
<kw name="Click &quot;Sosyal Alanlar&quot; Dropdown" library="Navbar">
<doc>Clicks Sosyal Alanlar dropdown in Kariyer section</doc>
<kw name="Set Variable" library="BuiltIn">
<var>${sec_num}</var>
<arg>${KARIYER_SECTION_NUMBER}</arg>
<doc>Returns the given values which can then be assigned to a variables.</doc>
<msg timestamp="20220618 01:57:36.529" level="INFO">${sec_num} = 1</msg>
<status status="PASS" starttime="20220618 01:57:36.529" endtime="20220618 01:57:36.529"/>
</kw>
<kw name="Run Keyword" library="BuiltIn">
<arg>Mouse Over "Kariyer" Section</arg>
<doc>Executes the given keyword with the given arguments.</doc>
<kw name="Mouse Over &quot;Kariyer&quot; Section" library="Navbar">
<doc>[1] is a first section in navbar</doc>
<kw name="Set Variable" library="BuiltIn">
<var>${sec_num}</var>
<arg>${KARIYER_SECTION_NUMBER}</arg>
<doc>Returns the given values which can then be assigned to a variables.</doc>
<msg timestamp="20220618 01:57:36.530" level="INFO">${sec_num} = 1</msg>
<status status="PASS" starttime="20220618 01:57:36.529" endtime="20220618 01:57:36.530"/>
</kw>
<kw name="Mouse Over" library="SeleniumLibrary">
<arg>${NAVBAR_SECTION}\[${sec_num}\]</arg>
<doc>Simulates hovering the mouse over the element ``locator``.</doc>
<msg timestamp="20220618 01:57:36.530" level="INFO">Simulating Mouse Over on element 'xpath=//*[@id="navbar-menu"]/ul/li[1]'.</msg>
<status status="PASS" starttime="20220618 01:57:36.530" endtime="20220618 01:57:36.804"/>
</kw>
<kw name="Wait Until Element Is Visible" library="SeleniumLibrary">
<arg>${NAVBAR_SECTION}\[${sec_num}\]${DROPDOWN_ELEMENT}\[1]/a</arg>
<doc>Waits until the element ``locator`` is visible.</doc>
<status status="PASS" starttime="20220618 01:57:36.804" endtime="20220618 01:57:36.820"/>
</kw>
<status status="PASS" starttime="20220618 01:57:36.529" endtime="20220618 01:57:36.820"/>
</kw>
<status status="PASS" starttime="20220618 01:57:36.529" endtime="20220618 01:57:36.821"/>
</kw>
<kw name="Click Link" library="SeleniumLibrary">
<arg>${NAVBAR_SECTION}\[${sec_num}\]${DROPDOWN_ELEMENT}\[3]/a</arg>
<doc>Clicks a link identified by ``locator``.</doc>
<msg timestamp="20220618 01:57:36.821" level="INFO">Clicking link 'xpath=//*[@id="navbar-menu"]/ul/li[1]/ul/li[3]/a'.</msg>
<status status="PASS" starttime="20220618 01:57:36.821" endtime="20220618 01:57:36.863"/>
</kw>
<status status="PASS" starttime="20220618 01:57:36.528" endtime="20220618 01:57:36.864"/>
</kw>
<kw name="Verify &quot;Sosyal Alanlar&quot; in show" library="Kariyer">
<kw name="Wait Until Element Is Visible" library="SeleniumLibrary">
<arg>${ALANLAR_VERIFY_ELEMENT}</arg>
<doc>Waits until the element ``locator`` is visible.</doc>
<status status="PASS" starttime="20220618 01:57:36.864" endtime="20220618 01:57:36.877"/>
</kw>
<kw name="Page Should Contain Element" library="SeleniumLibrary">
<arg>${ALANLAR_VERIFY_ELEMENT}</arg>
<doc>Verifies that element ``locator`` is found on the current page.</doc>
<msg timestamp="20220618 01:57:36.887" level="INFO">Current page contains element 'xpath=//div[@id='life_in_baykar']'.</msg>
<status status="PASS" starttime="20220618 01:57:36.877" endtime="20220618 01:57:36.887"/>
</kw>
<status status="PASS" starttime="20220618 01:57:36.864" endtime="20220618 01:57:36.887"/>
</kw>
<kw name="Click &quot;İstatistik&quot; Dropdown" library="Navbar">
<doc>Clicks İstatistik dropdown in Kariyer section</doc>
<kw name="Set Variable" library="BuiltIn">
<var>${sec_num}</var>
<arg>${KARIYER_SECTION_NUMBER}</arg>
<doc>Returns the given values which can then be assigned to a variables.</doc>
<msg timestamp="20220618 01:57:36.888" level="INFO">${sec_num} = 1</msg>
<status status="PASS" starttime="20220618 01:57:36.888" endtime="20220618 01:57:36.888"/>
</kw>
<kw name="Run Keyword" library="BuiltIn">
<arg>Mouse Over "Kariyer" Section</arg>
<doc>Executes the given keyword with the given arguments.</doc>
<kw name="Mouse Over &quot;Kariyer&quot; Section" library="Navbar">
<doc>[1] is a first section in navbar</doc>
<kw name="Set Variable" library="BuiltIn">
<var>${sec_num}</var>
<arg>${KARIYER_SECTION_NUMBER}</arg>
<doc>Returns the given values which can then be assigned to a variables.</doc>
<msg timestamp="20220618 01:57:36.889" level="INFO">${sec_num} = 1</msg>
<status status="PASS" starttime="20220618 01:57:36.889" endtime="20220618 01:57:36.889"/>
</kw>
<kw name="Mouse Over" library="SeleniumLibrary">
<arg>${NAVBAR_SECTION}\[${sec_num}\]</arg>
<doc>Simulates hovering the mouse over the element ``locator``.</doc>
<msg timestamp="20220618 01:57:36.889" level="INFO">Simulating Mouse Over on element 'xpath=//*[@id="navbar-menu"]/ul/li[1]'.</msg>
<status status="PASS" starttime="20220618 01:57:36.889" endtime="20220618 01:57:37.166"/>
</kw>
<kw name="Wait Until Element Is Visible" library="SeleniumLibrary">
<arg>${NAVBAR_SECTION}\[${sec_num}\]${DROPDOWN_ELEMENT}\[1]/a</arg>
<doc>Waits until the element ``locator`` is visible.</doc>
<status status="PASS" starttime="20220618 01:57:37.166" endtime="20220618 01:57:37.180"/>
</kw>
<status status="PASS" starttime="20220618 01:57:36.888" endtime="20220618 01:57:37.180"/>
</kw>
<status status="PASS" starttime="20220618 01:57:36.888" endtime="20220618 01:57:37.180"/>
</kw>
<kw name="Click Link" library="SeleniumLibrary">
<arg>${NAVBAR_SECTION}\[${sec_num}\]${DROPDOWN_ELEMENT}\[4]/a</arg>
<doc>Clicks a link identified by ``locator``.</doc>
<msg timestamp="20220618 01:57:37.181" level="INFO">Clicking link 'xpath=//*[@id="navbar-menu"]/ul/li[1]/ul/li[4]/a'.</msg>
<status status="PASS" starttime="20220618 01:57:37.181" endtime="20220618 01:57:37.222"/>
</kw>
<status status="PASS" starttime="20220618 01:57:36.888" endtime="20220618 01:57:37.223"/>
</kw>
<kw name="Verify &quot;İstatistik&quot; in show" library="Kariyer">
<kw name="Wait Until Element Is Visible" library="SeleniumLibrary">
<arg>${ISTATISTIKLER_VERIFY_ELEMENT}</arg>
<doc>Waits until the element ``locator`` is visible.</doc>
<status status="PASS" starttime="20220618 01:57:37.223" endtime="20220618 01:57:37.240"/>
</kw>
<kw name="Page Should Contain Element" library="SeleniumLibrary">
<arg>${ISTATISTIKLER_VERIFY_ELEMENT}</arg>
<doc>Verifies that element ``locator`` is found on the current page.</doc>
<msg timestamp="20220618 01:57:37.247" level="INFO">Current page contains element 'xpath=//div[@id='personal_data']'.</msg>
<status status="PASS" starttime="20220618 01:57:37.240" endtime="20220618 01:57:37.247"/>
</kw>
<status status="PASS" starttime="20220618 01:57:37.223" endtime="20220618 01:57:37.247"/>
</kw>
<status status="PASS" starttime="20220618 01:57:28.275" endtime="20220618 01:57:37.247"/>
</kw>
<kw name="End Baykar Web Test" library="Common" type="TEARDOWN">
<kw name="Close Browser" library="SeleniumLibrary">
<doc>Closes the current browser.</doc>
<status status="PASS" starttime="20220618 01:57:37.248" endtime="20220618 01:57:39.347"/>
</kw>
<status status="PASS" starttime="20220618 01:57:37.247" endtime="20220618 01:57:39.347"/>
</kw>
<doc>All visitors should be able click and see kariyer pages</doc>
<tag>Career</tag>
<tag>Navbar</tag>
<tag>Smoke</tag>
<status status="PASS" starttime="20220618 01:57:22.522" endtime="20220618 01:57:39.348"/>
</test>
<test id="s1-s1-t4" name="Visitor should be able click and see all &quot;Staj&quot; section pages" line="37">
<kw name="Start Baykar Web Test" library="Common" type="SETUP">
<arg>${BROWSER}</arg>
<kw name="Open Browser" library="SeleniumLibrary">
<arg>about:blank</arg>
<arg>${BROWSER}</arg>
<doc>Opens a new browser instance to the optional ``url``.</doc>
<msg timestamp="20220618 01:57:39.351" level="INFO">Opening browser 'chrome' to base url 'about:blank'.</msg>
<status status="PASS" starttime="20220618 01:57:39.350" endtime="20220618 01:57:40.430"/>
</kw>
<kw name="Maximize Browser Window" library="SeleniumLibrary">
<doc>Maximizes current browser window.</doc>
<status status="PASS" starttime="20220618 01:57:40.430" endtime="20220618 01:57:40.560"/>
</kw>
<status status="PASS" starttime="20220618 01:57:39.350" endtime="20220618 01:57:40.560"/>
</kw>
<kw name="Open Website" library="Common">
<arg>${SITE_URL}${RUN_LANG}</arg>
<kw name="Go To" library="SeleniumLibrary">
<arg>${SITE_URL}</arg>
<doc>Navigates the current browser window to the provided ``url``.</doc>
<msg timestamp="20220618 01:57:40.561" level="INFO">Opening url 'https://kariyer.baykartech.com/tr'</msg>
<status status="PASS" starttime="20220618 01:57:40.561" endtime="20220618 01:57:45.260"/>
</kw>
<status status="PASS" starttime="20220618 01:57:40.560" endtime="20220618 01:57:45.260"/>
</kw>
<kw name="Verify Page Loaded" library="Common">
<arg>${RUN_LANG}</arg>
<doc>Verify all pages successfully loaded</doc>
<kw name="Wait Until Element Is Visible" library="SeleniumLibrary">
<arg>${BAYKAR_LOGO_${LANG}}</arg>
<doc>Waits until the element ``locator`` is visible.</doc>
<status status="PASS" starttime="20220618 01:57:45.261" endtime="20220618 01:57:45.282"/>
</kw>
<status status="PASS" starttime="20220618 01:57:45.260" endtime="20220618 01:57:45.282"/>
</kw>
<kw name="Click &quot;Staj&quot; Section Dropdowns and Check Page" library="Kariyer.Baykartech.App">
<kw name="Click &quot;Staj Dönemleri&quot; Dropdown" library="Navbar">
<doc>Clicks Staj Dönemleri dropdown in Staj section</doc>
<kw name="Set Variable" library="BuiltIn">
<var>${sec_num}</var>
<arg>${STAJ_SECTION_NUMBER}</arg>
<doc>Returns the given values which can then be assigned to a variables.</doc>
<msg timestamp="20220618 01:57:45.283" level="INFO">${sec_num} = 3</msg>
<status status="PASS" starttime="20220618 01:57:45.283" endtime="20220618 01:57:45.283"/>
</kw>
<kw name="Run Keyword" library="BuiltIn">
<arg>Mouse Over "Staj" Section</arg>
<doc>Executes the given keyword with the given arguments.</doc>
<kw name="Mouse Over &quot;Staj&quot; Section" library="Navbar">
<doc>[3] is a third section in navbar</doc>
<kw name="Set Variable" library="BuiltIn">
<var>${sec_num}</var>
<arg>${STAJ_SECTION_NUMBER}</arg>
<doc>Returns the given values which can then be assigned to a variables.</doc>
<msg timestamp="20220618 01:57:45.283" level="INFO">${sec_num} = 3</msg>
<status status="PASS" starttime="20220618 01:57:45.283" endtime="20220618 01:57:45.283"/>
</kw>
<kw name="Mouse Over" library="SeleniumLibrary">
<arg>${NAVBAR_SECTION}\[${sec_num}\]</arg>
<doc>Simulates hovering the mouse over the element ``locator``.</doc>
<msg timestamp="20220618 01:57:45.284" level="INFO">Simulating Mouse Over on element 'xpath=//*[@id="navbar-menu"]/ul/li[3]'.</msg>
<status status="PASS" starttime="20220618 01:57:45.284" endtime="20220618 01:57:45.571"/>
</kw>
<kw name="Wait Until Element Is Visible" library="SeleniumLibrary">
<arg>${NAVBAR_SECTION}\[${sec_num}\]${DROPDOWN_ELEMENT}\[1]/a</arg>
<doc>Waits until the element ``locator`` is visible.</doc>
<status status="PASS" starttime="20220618 01:57:45.571" endtime="20220618 01:57:46.033"/>
</kw>
<status status="PASS" starttime="20220618 01:57:45.283" endtime="20220618 01:57:46.033"/>
</kw>
<status status="PASS" starttime="20220618 01:57:45.283" endtime="20220618 01:57:46.033"/>
</kw>
<kw name="Click Link" library="SeleniumLibrary">
<arg>${NAVBAR_SECTION}\[${sec_num}\]${DROPDOWN_ELEMENT}\[1]/a</arg>
<doc>Clicks a link identified by ``locator``.</doc>
<msg timestamp="20220618 01:57:46.034" level="INFO">Clicking link 'xpath=//*[@id="navbar-menu"]/ul/li[3]/ul/li[1]/a'.</msg>
<status status="PASS" starttime="20220618 01:57:46.034" endtime="20220618 01:57:46.760"/>
</kw>
<status status="PASS" starttime="20220618 01:57:45.282" endtime="20220618 01:57:46.761"/>
</kw>
<kw name="Verify &quot;Staj Dönemleri&quot; in show" library="Staj">
<kw name="Wait Until Element Is Visible" library="SeleniumLibrary">
<arg>${DONEM_VERIFY_ELEMENT}</arg>
<doc>Waits until the element ``locator`` is visible.</doc>
<status status="PASS" starttime="20220618 01:57:46.761" endtime="20220618 01:57:46.777"/>
</kw>
<kw name="Page Should Contain Element" library="SeleniumLibrary">
<arg>${DONEM_VERIFY_ELEMENT}</arg>
<doc>Verifies that element ``locator`` is found on the current page.</doc>
<msg timestamp="20220618 01:57:46.784" level="INFO">Current page contains element 'xpath=//div[@id='seasons']'.</msg>
<status status="PASS" starttime="20220618 01:57:46.778" endtime="20220618 01:57:46.785"/>
</kw>
<status status="PASS" starttime="20220618 01:57:46.761" endtime="20220618 01:57:46.785"/>
</kw>
<kw name="Click &quot;Staj Takvimi&quot; Dropdown" library="Navbar">
<doc>Clicks Staj Takvimi dropdown in Staj section</doc>
<kw name="Set Variable" library="BuiltIn">
<var>${sec_num}</var>
<arg>${STAJ_SECTION_NUMBER}</arg>
<doc>Returns the given values which can then be assigned to a variables.</doc>
<msg timestamp="20220618 01:57:46.786" level="INFO">${sec_num} = 3</msg>
<status status="PASS" starttime="20220618 01:57:46.785" endtime="20220618 01:57:46.786"/>
</kw>
<kw name="Run Keyword" library="BuiltIn">
<arg>Mouse Over "Staj" Section</arg>
<doc>Executes the given keyword with the given arguments.</doc>
<kw name="Mouse Over &quot;Staj&quot; Section" library="Navbar">
<doc>[3] is a third section in navbar</doc>
<kw name="Set Variable" library="BuiltIn">
<var>${sec_num}</var>
<arg>${STAJ_SECTION_NUMBER}</arg>
<doc>Returns the given values which can then be assigned to a variables.</doc>
<msg timestamp="20220618 01:57:46.787" level="INFO">${sec_num} = 3</msg>
<status status="PASS" starttime="20220618 01:57:46.786" endtime="20220618 01:57:46.787"/>
</kw>
<kw name="Mouse Over" library="SeleniumLibrary">
<arg>${NAVBAR_SECTION}\[${sec_num}\]</arg>
<doc>Simulates hovering the mouse over the element ``locator``.</doc>
<msg timestamp="20220618 01:57:46.787" level="INFO">Simulating Mouse Over on element 'xpath=//*[@id="navbar-menu"]/ul/li[3]'.</msg>
<status status="PASS" starttime="20220618 01:57:46.787" endtime="20220618 01:57:47.062"/>
</kw>
<kw name="Wait Until Element Is Visible" library="SeleniumLibrary">
<arg>${NAVBAR_SECTION}\[${sec_num}\]${DROPDOWN_ELEMENT}\[1]/a</arg>
<doc>Waits until the element ``locator`` is visible.</doc>
<status status="PASS" starttime="20220618 01:57:47.062" endtime="20220618 01:57:47.077"/>
</kw>
<status status="PASS" starttime="20220618 01:57:46.786" endtime="20220618 01:57:47.077"/>
</kw>
<status status="PASS" starttime="20220618 01:57:46.786" endtime="20220618 01:57:47.077"/>
</kw>
<kw name="Click Link" library="SeleniumLibrary">
<arg>${NAVBAR_SECTION}\[${sec_num}\]${DROPDOWN_ELEMENT}\[2]/a</arg>
<doc>Clicks a link identified by ``locator``.</doc>
<msg timestamp="20220618 01:57:47.078" level="INFO">Clicking link 'xpath=//*[@id="navbar-menu"]/ul/li[3]/ul/li[2]/a'.</msg>
<status status="PASS" starttime="20220618 01:57:47.077" endtime="20220618 01:57:47.118"/>
</kw>
<status status="PASS" starttime="20220618 01:57:46.785" endtime="20220618 01:57:47.118"/>
</kw>
<kw name="Verify &quot;Staj Takvimi&quot; in show" library="Staj">
<kw name="Wait Until Element Is Visible" library="SeleniumLibrary">
<arg>${TAKVIM_VERIFY_ELEMENT}</arg>
<doc>Waits until the element ``locator`` is visible.</doc>
<status status="PASS" starttime="20220618 01:57:47.119" endtime="20220618 01:57:47.135"/>
</kw>
<kw name="Page Should Contain Element" library="SeleniumLibrary">
<arg>${TAKVIM_VERIFY_ELEMENT}</arg>
<doc>Verifies that element ``locator`` is found on the current page.</doc>
<msg timestamp="20220618 01:57:47.142" level="INFO">Current page contains element 'xpath=//div[@id='calendar']'.</msg>
<status status="PASS" starttime="20220618 01:57:47.136" endtime="20220618 01:57:47.142"/>
</kw>
<status status="PASS" starttime="20220618 01:57:47.118" endtime="20220618 01:57:47.142"/>
</kw>
<kw name="Click &quot;Staj SSS&quot; Dropdown" library="Navbar">
<doc>Clicks Staj SSS dropdown in Staj section</doc>
<kw name="Set Variable" library="BuiltIn">
<var>${sec_num}</var>
<arg>${STAJ_SECTION_NUMBER}</arg>
<doc>Returns the given values which can then be assigned to a variables.</doc>
<msg timestamp="20220618 01:57:47.143" level="INFO">${sec_num} = 3</msg>
<status status="PASS" starttime="20220618 01:57:47.143" endtime="20220618 01:57:47.143"/>
</kw>
<kw name="Run Keyword" library="BuiltIn">
<arg>Mouse Over "Staj" Section</arg>
<doc>Executes the given keyword with the given arguments.</doc>
<kw name="Mouse Over &quot;Staj&quot; Section" library="Navbar">
<doc>[3] is a third section in navbar</doc>
<kw name="Set Variable" library="BuiltIn">
<var>${sec_num}</var>
<arg>${STAJ_SECTION_NUMBER}</arg>
<doc>Returns the given values which can then be assigned to a variables.</doc>
<msg timestamp="20220618 01:57:47.143" level="INFO">${sec_num} = 3</msg>
<status status="PASS" starttime="20220618 01:57:47.143" endtime="20220618 01:57:47.143"/>
</kw>
<kw name="Mouse Over" library="SeleniumLibrary">
<arg>${NAVBAR_SECTION}\[${sec_num}\]</arg>
<doc>Simulates hovering the mouse over the element ``locator``.</doc>
<msg timestamp="20220618 01:57:47.144" level="INFO">Simulating Mouse Over on element 'xpath=//*[@id="navbar-menu"]/ul/li[3]'.</msg>
<status status="PASS" starttime="20220618 01:57:47.143" endtime="20220618 01:57:47.420"/>
</kw>
<kw name="Wait Until Element Is Visible" library="SeleniumLibrary">
<arg>${NAVBAR_SECTION}\[${sec_num}\]${DROPDOWN_ELEMENT}\[1]/a</arg>
<doc>Waits until the element ``locator`` is visible.</doc>
<status status="PASS" starttime="20220618 01:57:47.421" endtime="20220618 01:57:47.437"/>
</kw>
<status status="PASS" starttime="20220618 01:57:47.143" endtime="20220618 01:57:47.438"/>
</kw>
<status status="PASS" starttime="20220618 01:57:47.143" endtime="20220618 01:57:47.438"/>
</kw>
<kw name="Click Link" library="SeleniumLibrary">
<arg>${NAVBAR_SECTION}\[${sec_num}\]${DROPDOWN_ELEMENT}\[3]/a</arg>
<doc>Clicks a link identified by ``locator``.</doc>
<msg timestamp="20220618 01:57:47.438" level="INFO">Clicking link 'xpath=//*[@id="navbar-menu"]/ul/li[3]/ul/li[3]/a'.</msg>
<status status="PASS" starttime="20220618 01:57:47.438" endtime="20220618 01:57:47.479"/>
</kw>
<status status="PASS" starttime="20220618 01:57:47.142" endtime="20220618 01:57:47.479"/>
</kw>
<kw name="Verify &quot;Staj SSS&quot; in show" library="Staj">
<kw name="Wait Until Element Is Visible" library="SeleniumLibrary">
<arg>${SSS_VERIFY_ELEMENT}</arg>
<doc>Waits until the element ``locator`` is visible.</doc>
<status status="PASS" starttime="20220618 01:57:47.480" endtime="20220618 01:57:47.508"/>
</kw>
<kw name="Page Should Contain Element" library="SeleniumLibrary">
<arg>${SSS_VERIFY_ELEMENT}</arg>
<doc>Verifies that element ``locator`` is found on the current page.</doc>
<msg timestamp="20220618 01:57:47.515" level="INFO">Current page contains element 'xpath=//div[@id='faqs']/div[@id='sss']'.</msg>
<status status="PASS" starttime="20220618 01:57:47.508" endtime="20220618 01:57:47.515"/>
</kw>
<status status="PASS" starttime="20220618 01:57:47.480" endtime="20220618 01:57:47.515"/>
</kw>
<status status="PASS" starttime="20220618 01:57:45.282" endtime="20220618 01:57:47.515"/>
</kw>
<kw name="End Baykar Web Test" library="Common" type="TEARDOWN">
<kw name="Close Browser" library="SeleniumLibrary">
<doc>Closes the current browser.</doc>
<status status="PASS" starttime="20220618 01:57:47.516" endtime="20220618 01:57:49.627"/>
</kw>
<status status="PASS" starttime="20220618 01:57:47.516" endtime="20220618 01:57:49.627"/>
</kw>
<doc>All visitors should be able click and see Staj pages</doc>
<tag>Intern</tag>
<tag>Navbar</tag>
<tag>Smoke</tag>
<status status="PASS" starttime="20220618 01:57:39.349" endtime="20220618 01:57:49.628"/>
</test>
<test id="s1-s1-t5" name="Visitor should be able navigate all sliders and panels" line="44">
<kw name="Start Baykar Web Test" library="Common" type="SETUP">
<arg>${BROWSER}</arg>
<kw name="Open Browser" library="SeleniumLibrary">
<arg>about:blank</arg>
<arg>${BROWSER}</arg>
<doc>Opens a new browser instance to the optional ``url``.</doc>
<msg timestamp="20220618 01:57:49.630" level="INFO">Opening browser 'chrome' to base url 'about:blank'.</msg>
<status status="PASS" starttime="20220618 01:57:49.630" endtime="20220618 01:57:50.685"/>
</kw>
<kw name="Maximize Browser Window" library="SeleniumLibrary">
<doc>Maximizes current browser window.</doc>
<status status="PASS" starttime="20220618 01:57:50.685" endtime="20220618 01:57:50.808"/>
</kw>
<status status="PASS" starttime="20220618 01:57:49.629" endtime="20220618 01:57:50.809"/>
</kw>
<kw name="Open Website" library="Common">
<arg>${SITE_URL}${RUN_LANG}</arg>
<kw name="Go To" library="SeleniumLibrary">
<arg>${SITE_URL}</arg>
<doc>Navigates the current browser window to the provided ``url``.</doc>
<msg timestamp="20220618 01:57:50.810" level="INFO">Opening url 'https://kariyer.baykartech.com/tr'</msg>
<status status="PASS" starttime="20220618 01:57:50.809" endtime="20220618 01:57:55.339"/>
</kw>
<status status="PASS" starttime="20220618 01:57:50.809" endtime="20220618 01:57:55.339"/>
</kw>
<kw name="Verify Page Loaded" library="Common">
<arg>${RUN_LANG}</arg>
<doc>Verify all pages successfully loaded</doc>
<kw name="Wait Until Element Is Visible" library="SeleniumLibrary">
<arg>${BAYKAR_LOGO_${LANG}}</arg>
<doc>Waits until the element ``locator`` is visible.</doc>
<status status="PASS" starttime="20220618 01:57:55.340" endtime="20220618 01:57:55.361"/>
</kw>
<status status="PASS" starttime="20220618 01:57:55.339" endtime="20220618 01:57:55.361"/>
</kw>
<kw name="Navigate &quot;Main&quot; Slider" library="Kariyer.Baykartech.App">
<kw name="Navigate main slider in loop" library="Homepage">
<arg>${MAIN_SLIDER_RANGE}</arg>
<for flavor="IN RANGE">
<var>${i}</var>
<value>${SLIDER_RANGE}</value>
<iter>
<var name="${i}">0</var>
<kw name="Mouse Over" library="SeleniumLibrary">
<arg>${MAIN_SLIDER_NEXT_BUTTON}</arg>
<doc>Simulates hovering the mouse over the element ``locator``.</doc>
<msg timestamp="20220618 01:57:55.363" level="INFO">Simulating Mouse Over on element 'xpath=//a[@data-slide='next']'.</msg>
<status status="PASS" starttime="20220618 01:57:55.363" endtime="20220618 01:57:55.637"/>
</kw>
<kw name="Click Element" library="SeleniumLibrary">
<arg>${MAIN_SLIDER_NEXT_BUTTON}</arg>
<doc>Click the element identified by ``locator``.</doc>
<msg timestamp="20220618 01:57:55.637" level="INFO">Clicking element 'xpath=//a[@data-slide='next']'.</msg>
<status status="PASS" starttime="20220618 01:57:55.637" endtime="20220618 01:57:55.995"/>
</kw>
<kw name="Sleep" library="BuiltIn">
<arg>1s</arg>
<doc>Pauses the test executed for the given time.</doc>
<msg timestamp="20220618 01:57:57.005" level="INFO">Slept 1 second</msg>
<status status="PASS" starttime="20220618 01:57:55.995" endtime="20220618 01:57:57.005"/>
</kw>
<status status="PASS" starttime="20220618 01:57:55.362" endtime="20220618 01:57:57.005"/>
</iter>
<iter>
<var name="${i}">1</var>
<kw name="Mouse Over" library="SeleniumLibrary">
<arg>${MAIN_SLIDER_NEXT_BUTTON}</arg>
<doc>Simulates hovering the mouse over the element ``locator``.</doc>
<msg timestamp="20220618 01:57:57.006" level="INFO">Simulating Mouse Over on element 'xpath=//a[@data-slide='next']'.</msg>
<status status="PASS" starttime="20220618 01:57:57.005" endtime="20220618 01:57:57.287"/>
</kw>
<kw name="Click Element" library="SeleniumLibrary">
<arg>${MAIN_SLIDER_NEXT_BUTTON}</arg>
<doc>Click the element identified by ``locator``.</doc>
<msg timestamp="20220618 01:57:57.287" level="INFO">Clicking element 'xpath=//a[@data-slide='next']'.</msg>
<status status="PASS" starttime="20220618 01:57:57.287" endtime="20220618 01:57:57.318"/>
</kw>
<kw name="Sleep" library="BuiltIn">
<arg>1s</arg>
<doc>Pauses the test executed for the given time.</doc>
<msg timestamp="20220618 01:57:58.325" level="INFO">Slept 1 second</msg>
<status status="PASS" starttime="20220618 01:57:57.319" endtime="20220618 01:57:58.325"/>
</kw>
<status status="PASS" starttime="20220618 01:57:57.005" endtime="20220618 01:57:58.325"/>
</iter>
<iter>
<var name="${i}">2</var>
<kw name="Mouse Over" library="SeleniumLibrary">
<arg>${MAIN_SLIDER_NEXT_BUTTON}</arg>
<doc>Simulates hovering the mouse over the element ``locator``.</doc>
<msg timestamp="20220618 01:57:58.326" level="INFO">Simulating Mouse Over on element 'xpath=//a[@data-slide='next']'.</msg>
<status status="PASS" starttime="20220618 01:57:58.326" endtime="20220618 01:57:58.593"/>
</kw>
<kw name="Click Element" library="SeleniumLibrary">
<arg>${MAIN_SLIDER_NEXT_BUTTON}</arg>
<doc>Click the element identified by ``locator``.</doc>
<msg timestamp="20220618 01:57:58.593" level="INFO">Clicking element 'xpath=//a[@data-slide='next']'.</msg>
<status status="PASS" starttime="20220618 01:57:58.593" endtime="20220618 01:57:58.621"/>
</kw>
<kw name="Sleep" library="BuiltIn">
<arg>1s</arg>
<doc>Pauses the test executed for the given time.</doc>
<msg timestamp="20220618 01:57:59.636" level="INFO">Slept 1 second</msg>
<status status="PASS" starttime="20220618 01:57:58.621" endtime="20220618 01:57:59.636"/>
</kw>
<status status="PASS" starttime="20220618 01:57:58.325" endtime="20220618 01:57:59.636"/>
</iter>
<iter>
<var name="${i}">3</var>
<kw name="Mouse Over" library="SeleniumLibrary">
<arg>${MAIN_SLIDER_NEXT_BUTTON}</arg>
<doc>Simulates hovering the mouse over the element ``locator``.</doc>
<msg timestamp="20220618 01:57:59.637" level="INFO">Simulating Mouse Over on element 'xpath=//a[@data-slide='next']'.</msg>
<status status="PASS" starttime="20220618 01:57:59.636" endtime="20220618 01:57:59.919"/>
</kw>
<kw name="Click Element" library="SeleniumLibrary">
<arg>${MAIN_SLIDER_NEXT_BUTTON}</arg>
<doc>Click the element identified by ``locator``.</doc>
<msg timestamp="20220618 01:57:59.919" level="INFO">Clicking element 'xpath=//a[@data-slide='next']'.</msg>
<status status="PASS" starttime="20220618 01:57:59.919" endtime="20220618 01:57:59.950"/>
</kw>
<kw name="Sleep" library="BuiltIn">
<arg>1s</arg>
<doc>Pauses the test executed for the given time.</doc>
<msg timestamp="20220618 01:58:00.960" level="INFO">Slept 1 second</msg>
<status status="PASS" starttime="20220618 01:57:59.950" endtime="20220618 01:58:00.960"/>
</kw>
<status status="PASS" starttime="20220618 01:57:59.636" endtime="20220618 01:58:00.960"/>
</iter>
<iter>
<var name="${i}">4</var>
<kw name="Mouse Over" library="SeleniumLibrary">
<arg>${MAIN_SLIDER_NEXT_BUTTON}</arg>
<doc>Simulates hovering the mouse over the element ``locator``.</doc>
<msg timestamp="20220618 01:58:00.961" level="INFO">Simulating Mouse Over on element 'xpath=//a[@data-slide='next']'.</msg>
<status status="PASS" starttime="20220618 01:58:00.960" endtime="20220618 01:58:01.238"/>
</kw>
<kw name="Click Element" library="SeleniumLibrary">
<arg>${MAIN_SLIDER_NEXT_BUTTON}</arg>
<doc>Click the element identified by ``locator``.</doc>
<msg timestamp="20220618 01:58:01.238" level="INFO">Clicking element 'xpath=//a[@data-slide='next']'.</msg>
<status status="PASS" starttime="20220618 01:58:01.238" endtime="20220618 01:58:01.267"/>
</kw>
<kw name="Sleep" library="BuiltIn">
<arg>1s</arg>
<doc>Pauses the test executed for the given time.</doc>
<msg timestamp="20220618 01:58:02.274" level="INFO">Slept 1 second</msg>
<status status="PASS" starttime="20220618 01:58:01.268" endtime="20220618 01:58:02.274"/>
</kw>
<status status="PASS" starttime="20220618 01:58:00.960" endtime="20220618 01:58:02.274"/>
</iter>
<iter>
<var name="${i}">5</var>
<kw name="Mouse Over" library="SeleniumLibrary">
<arg>${MAIN_SLIDER_NEXT_BUTTON}</arg>
<doc>Simulates hovering the mouse over the element ``locator``.</doc>
<msg timestamp="20220618 01:58:02.274" level="INFO">Simulating Mouse Over on element 'xpath=//a[@data-slide='next']'.</msg>
<status status="PASS" starttime="20220618 01:58:02.274" endtime="20220618 01:58:02.552"/>
</kw>
<kw name="Click Element" library="SeleniumLibrary">
<arg>${MAIN_SLIDER_NEXT_BUTTON}</arg>
<doc>Click the element identified by ``locator``.</doc>
<msg timestamp="20220618 01:58:02.552" level="INFO">Clicking element 'xpath=//a[@data-slide='next']'.</msg>
<status status="PASS" starttime="20220618 01:58:02.552" endtime="20220618 01:58:02.580"/>
</kw>
<kw name="Sleep" library="BuiltIn">
<arg>1s</arg>
<doc>Pauses the test executed for the given time.</doc>
<msg timestamp="20220618 01:58:03.585" level="INFO">Slept 1 second</msg>
<status status="PASS" starttime="20220618 01:58:02.580" endtime="20220618 01:58:03.585"/>
</kw>
<status status="PASS" starttime="20220618 01:58:02.274" endtime="20220618 01:58:03.585"/>
</iter>
<iter>
<var name="${i}">6</var>
<kw name="Mouse Over" library="SeleniumLibrary">
<arg>${MAIN_SLIDER_NEXT_BUTTON}</arg>
<doc>Simulates hovering the mouse over the element ``locator``.</doc>
<msg timestamp="20220618 01:58:03.585" level="INFO">Simulating Mouse Over on element 'xpath=//a[@data-slide='next']'.</msg>
<status status="PASS" starttime="20220618 01:58:03.585" endtime="20220618 01:58:03.863"/>
</kw>
<kw name="Click Element" library="SeleniumLibrary">
<arg>${MAIN_SLIDER_NEXT_BUTTON}</arg>
<doc>Click the element identified by ``locator``.</doc>
<msg timestamp="20220618 01:58:03.863" level="INFO">Clicking element 'xpath=//a[@data-slide='next']'.</msg>
<status status="PASS" starttime="20220618 01:58:03.863" endtime="20220618 01:58:03.888"/>
</kw>
<kw name="Sleep" library="BuiltIn">
<arg>1s</arg>
<doc>Pauses the test executed for the given time.</doc>
<msg timestamp="20220618 01:58:04.899" level="INFO">Slept 1 second</msg>
<status status="PASS" starttime="20220618 01:58:03.888" endtime="20220618 01:58:04.899"/>
</kw>
<status status="PASS" starttime="20220618 01:58:03.585" endtime="20220618 01:58:04.899"/>
</iter>
<iter>
<var name="${i}">7</var>
<kw name="Mouse Over" library="SeleniumLibrary">
<arg>${MAIN_SLIDER_NEXT_BUTTON}</arg>
<doc>Simulates hovering the mouse over the element ``locator``.</doc>
<msg timestamp="20220618 01:58:04.899" level="INFO">Simulating Mouse Over on element 'xpath=//a[@data-slide='next']'.</msg>
<status status="PASS" starttime="20220618 01:58:04.899" endtime="20220618 01:58:05.177"/>
</kw>
<kw name="Click Element" library="SeleniumLibrary">
<arg>${MAIN_SLIDER_NEXT_BUTTON}</arg>
<doc>Click the element identified by ``locator``.</doc>
<msg timestamp="20220618 01:58:05.178" level="INFO">Clicking element 'xpath=//a[@data-slide='next']'.</msg>
<status status="PASS" starttime="20220618 01:58:05.177" endtime="20220618 01:58:05.205"/>
</kw>
<kw name="Sleep" library="BuiltIn">
<arg>1s</arg>
<doc>Pauses the test executed for the given time.</doc>
<msg timestamp="20220618 01:58:06.215" level="INFO">Slept 1 second</msg>
<status status="PASS" starttime="20220618 01:58:05.205" endtime="20220618 01:58:06.215"/>
</kw>
<status status="PASS" starttime="20220618 01:58:04.899" endtime="20220618 01:58:06.215"/>
</iter>
<iter>
<var name="${i}">8</var>
<kw name="Mouse Over" library="SeleniumLibrary">
<arg>${MAIN_SLIDER_NEXT_BUTTON}</arg>
<doc>Simulates hovering the mouse over the element ``locator``.</doc>
<msg timestamp="20220618 01:58:06.216" level="INFO">Simulating Mouse Over on element 'xpath=//a[@data-slide='next']'.</msg>
<status status="PASS" starttime="20220618 01:58:06.215" endtime="20220618 01:58:06.496"/>
</kw>
<kw name="Click Element" library="SeleniumLibrary">
<arg>${MAIN_SLIDER_NEXT_BUTTON}</arg>
<doc>Click the element identified by ``locator``.</doc>
<msg timestamp="20220618 01:58:06.497" level="INFO">Clicking element 'xpath=//a[@data-slide='next']'.</msg>
<status status="PASS" starttime="20220618 01:58:06.497" endtime="20220618 01:58:06.528"/>
</kw>
<kw name="Sleep" library="BuiltIn">
<arg>1s</arg>
<doc>Pauses the test executed for the given time.</doc>
<msg timestamp="20220618 01:58:07.531" level="INFO">Slept 1 second</msg>
<status status="PASS" starttime="20220618 01:58:06.528" endtime="20220618 01:58:07.531"/>
</kw>
<status status="PASS" starttime="20220618 01:58:06.215" endtime="20220618 01:58:07.531"/>
</iter>
<iter>
<var name="${i}">9</var>
<kw name="Mouse Over" library="SeleniumLibrary">
<arg>${MAIN_SLIDER_NEXT_BUTTON}</arg>
<doc>Simulates hovering the mouse over the element ``locator``.</doc>
<msg timestamp="20220618 01:58:07.531" level="INFO">Simulating Mouse Over on element 'xpath=//a[@data-slide='next']'.</msg>
<status status="PASS" starttime="20220618 01:58:07.531" endtime="20220618 01:58:07.812"/>
</kw>
<kw name="Click Element" library="SeleniumLibrary">
<arg>${MAIN_SLIDER_NEXT_BUTTON}</arg>
<doc>Click the element identified by ``locator``.</doc>
<msg timestamp="20220618 01:58:07.813" level="INFO">Clicking element 'xpath=//a[@data-slide='next']'.</msg>
<status status="PASS" starttime="20220618 01:58:07.813" endtime="20220618 01:58:07.839"/>
</kw>
<kw name="Sleep" library="BuiltIn">
<arg>1s</arg>
<doc>Pauses the test executed for the given time.</doc>
<msg timestamp="20220618 01:58:08.850" level="INFO">Slept 1 second</msg>
<status status="PASS" starttime="20220618 01:58:07.839" endtime="20220618 01:58:08.850"/>
</kw>
<status status="PASS" starttime="20220618 01:58:07.531" endtime="20220618 01:58:08.850"/>
</iter>
<iter>
<var name="${i}">10</var>
<kw name="Mouse Over" library="SeleniumLibrary">
<arg>${MAIN_SLIDER_NEXT_BUTTON}</arg>
<doc>Simulates hovering the mouse over the element ``locator``.</doc>
<msg timestamp="20220618 01:58:08.850" level="INFO">Simulating Mouse Over on element 'xpath=//a[@data-slide='next']'.</msg>
<status status="PASS" starttime="20220618 01:58:08.850" endtime="20220618 01:58:09.127"/>
</kw>
<kw name="Click Element" library="SeleniumLibrary">
<arg>${MAIN_SLIDER_NEXT_BUTTON}</arg>
<doc>Click the element identified by ``locator``.</doc>
<msg timestamp="20220618 01:58:09.127" level="INFO">Clicking element 'xpath=//a[@data-slide='next']'.</msg>
<status status="PASS" starttime="20220618 01:58:09.127" endtime="20220618 01:58:09.152"/>
</kw>
<kw name="Sleep" library="BuiltIn">
<arg>1s</arg>
<doc>Pauses the test executed for the given time.</doc>
<msg timestamp="20220618 01:58:10.162" level="INFO">Slept 1 second</msg>
<status status="PASS" starttime="20220618 01:58:09.152" endtime="20220618 01:58:10.162"/>
</kw>
<status status="PASS" starttime="20220618 01:58:08.850" endtime="20220618 01:58:10.162"/>
</iter>
<iter>
<var name="${i}">11</var>
<kw name="Mouse Over" library="SeleniumLibrary">
<arg>${MAIN_SLIDER_NEXT_BUTTON}</arg>
<doc>Simulates hovering the mouse over the element ``locator``.</doc>
<msg timestamp="20220618 01:58:10.162" level="INFO">Simulating Mouse Over on element 'xpath=//a[@data-slide='next']'.</msg>
<status status="PASS" starttime="20220618 01:58:10.162" endtime="20220618 01:58:10.442"/>
</kw>
<kw name="Click Element" library="SeleniumLibrary">
<arg>${MAIN_SLIDER_NEXT_BUTTON}</arg>
<doc>Click the element identified by ``locator``.</doc>
<msg timestamp="20220618 01:58:10.443" level="INFO">Clicking element 'xpath=//a[@data-slide='next']'.</msg>
<status status="PASS" starttime="20220618 01:58:10.442" endtime="20220618 01:58:10.470"/>
</kw>
<kw name="Sleep" library="BuiltIn">
<arg>1s</arg>
<doc>Pauses the test executed for the given time.</doc>
<msg timestamp="20220618 01:58:11.477" level="INFO">Slept 1 second</msg>
<status status="PASS" starttime="20220618 01:58:10.470" endtime="20220618 01:58:11.477"/>
</kw>
<status status="PASS" starttime="20220618 01:58:10.162" endtime="20220618 01:58:11.477"/>
</iter>
<iter>
<var name="${i}">12</var>
<kw name="Mouse Over" library="SeleniumLibrary">
<arg>${MAIN_SLIDER_NEXT_BUTTON}</arg>
<doc>Simulates hovering the mouse over the element ``locator``.</doc>
<msg timestamp="20220618 01:58:11.478" level="INFO">Simulating Mouse Over on element 'xpath=//a[@data-slide='next']'.</msg>
<status status="PASS" starttime="20220618 01:58:11.477" endtime="20220618 01:58:11.759"/>
</kw>
<kw name="Click Element" library="SeleniumLibrary">
<arg>${MAIN_SLIDER_NEXT_BUTTON}</arg>
<doc>Click the element identified by ``locator``.</doc>
<msg timestamp="20220618 01:58:11.759" level="INFO">Clicking element 'xpath=//a[@data-slide='next']'.</msg>
<status status="PASS" starttime="20220618 01:58:11.759" endtime="20220618 01:58:11.787"/>
</kw>
<kw name="Sleep" library="BuiltIn">
<arg>1s</arg>
<doc>Pauses the test executed for the given time.</doc>
<msg timestamp="20220618 01:58:12.796" level="INFO">Slept 1 second</msg>
<status status="PASS" starttime="20220618 01:58:11.787" endtime="20220618 01:58:12.796"/>
</kw>
<status status="PASS" starttime="20220618 01:58:11.477" endtime="20220618 01:58:12.796"/>
</iter>
<iter>
<var name="${i}">13</var>
<kw name="Mouse Over" library="SeleniumLibrary">
<arg>${MAIN_SLIDER_NEXT_BUTTON}</arg>
<doc>Simulates hovering the mouse over the element ``locator``.</doc>
<msg timestamp="20220618 01:58:12.797" level="INFO">Simulating Mouse Over on element 'xpath=//a[@data-slide='next']'.</msg>
<status status="PASS" starttime="20220618 01:58:12.796" endtime="20220618 01:58:13.076"/>
</kw>
<kw name="Click Element" library="SeleniumLibrary">
<arg>${MAIN_SLIDER_NEXT_BUTTON}</arg>
<doc>Click the element identified by ``locator``.</doc>
<msg timestamp="20220618 01:58:13.077" level="INFO">Clicking element 'xpath=//a[@data-slide='next']'.</msg>
<status status="PASS" starttime="20220618 01:58:13.077" endtime="20220618 01:58:13.103"/>
</kw>
<kw name="Sleep" library="BuiltIn">
<arg>1s</arg>
<doc>Pauses the test executed for the given time.</doc>
<msg timestamp="20220618 01:58:14.113" level="INFO">Slept 1 second</msg>
<status status="PASS" starttime="20220618 01:58:13.103" endtime="20220618 01:58:14.113"/>
</kw>
<status status="PASS" starttime="20220618 01:58:12.796" endtime="20220618 01:58:14.113"/>
</iter>
<iter>
<var name="${i}">14</var>
<kw name="Mouse Over" library="SeleniumLibrary">
<arg>${MAIN_SLIDER_NEXT_BUTTON}</arg>
<doc>Simulates hovering the mouse over the element ``locator``.</doc>
<msg timestamp="20220618 01:58:14.114" level="INFO">Simulating Mouse Over on element 'xpath=//a[@data-slide='next']'.</msg>
<status status="PASS" starttime="20220618 01:58:14.113" endtime="20220618 01:58:14.396"/>
</kw>
<kw name="Click Element" library="SeleniumLibrary">
<arg>${MAIN_SLIDER_NEXT_BUTTON}</arg>
<doc>Click the element identified by ``locator``.</doc>
<msg timestamp="20220618 01:58:14.397" level="INFO">Clicking element 'xpath=//a[@data-slide='next']'.</msg>
<status status="PASS" starttime="20220618 01:58:14.397" endtime="20220618 01:58:14.423"/>
</kw>
<kw name="Sleep" library="BuiltIn">
<arg>1s</arg>
<doc>Pauses the test executed for the given time.</doc>
<msg timestamp="20220618 01:58:15.431" level="INFO">Slept 1 second</msg>
<status status="PASS" starttime="20220618 01:58:14.423" endtime="20220618 01:58:15.431"/>
</kw>
<status status="PASS" starttime="20220618 01:58:14.113" endtime="20220618 01:58:15.431"/>
</iter>
<iter>
<var name="${i}">15</var>
<kw name="Mouse Over" library="SeleniumLibrary">
<arg>${MAIN_SLIDER_NEXT_BUTTON}</arg>
<doc>Simulates hovering the mouse over the element ``locator``.</doc>
<msg timestamp="20220618 01:58:15.431" level="INFO">Simulating Mouse Over on element 'xpath=//a[@data-slide='next']'.</msg>
<status status="PASS" starttime="20220618 01:58:15.431" endtime="20220618 01:58:15.712"/>
</kw>
<kw name="Click Element" library="SeleniumLibrary">
<arg>${MAIN_SLIDER_NEXT_BUTTON}</arg>
<doc>Click the element identified by ``locator``.</doc>
<msg timestamp="20220618 01:58:15.712" level="INFO">Clicking element 'xpath=//a[@data-slide='next']'.</msg>
<status status="PASS" starttime="20220618 01:58:15.712" endtime="20220618 01:58:15.740"/>
</kw>
<kw name="Sleep" library="BuiltIn">
<arg>1s</arg>
<doc>Pauses the test executed for the given time.</doc>
<msg timestamp="20220618 01:58:16.743" level="INFO">Slept 1 second</msg>
<status status="PASS" starttime="20220618 01:58:15.740" endtime="20220618 01:58:16.743"/>
</kw>
<status status="PASS" starttime="20220618 01:58:15.431" endtime="20220618 01:58:16.743"/>
</iter>
<iter>
<var name="${i}">16</var>
<kw name="Mouse Over" library="SeleniumLibrary">
<arg>${MAIN_SLIDER_NEXT_BUTTON}</arg>
<doc>Simulates hovering the mouse over the element ``locator``.</doc>
<msg timestamp="20220618 01:58:16.744" level="INFO">Simulating Mouse Over on element 'xpath=//a[@data-slide='next']'.</msg>
<status status="PASS" starttime="20220618 01:58:16.743" endtime="20220618 01:58:17.021"/>
</kw>
<kw name="Click Element" library="SeleniumLibrary">
<arg>${MAIN_SLIDER_NEXT_BUTTON}</arg>
<doc>Click the element identified by ``locator``.</doc>
<msg timestamp="20220618 01:58:17.022" level="INFO">Clicking element 'xpath=//a[@data-slide='next']'.</msg>
<status status="PASS" starttime="20220618 01:58:17.022" endtime="20220618 01:58:17.047"/>
</kw>
<kw name="Sleep" library="BuiltIn">
<arg>1s</arg>
<doc>Pauses the test executed for the given time.</doc>
<msg timestamp="20220618 01:58:18.054" level="INFO">Slept 1 second</msg>
<status status="PASS" starttime="20220618 01:58:17.048" endtime="20220618 01:58:18.054"/>
</kw>
<status status="PASS" starttime="20220618 01:58:16.743" endtime="20220618 01:58:18.054"/>
</iter>
<iter>
<var name="${i}">17</var>
<kw name="Mouse Over" library="SeleniumLibrary">
<arg>${MAIN_SLIDER_NEXT_BUTTON}</arg>
<doc>Simulates hovering the mouse over the element ``locator``.</doc>
<msg timestamp="20220618 01:58:18.055" level="INFO">Simulating Mouse Over on element 'xpath=//a[@data-slide='next']'.</msg>
<status status="PASS" starttime="20220618 01:58:18.054" endtime="20220618 01:58:18.336"/>
</kw>
<kw name="Click Element" library="SeleniumLibrary">
<arg>${MAIN_SLIDER_NEXT_BUTTON}</arg>
<doc>Click the element identified by ``locator``.</doc>
<msg timestamp="20220618 01:58:18.336" level="INFO">Clicking element 'xpath=//a[@data-slide='next']'.</msg>
<status status="PASS" starttime="20220618 01:58:18.336" endtime="20220618 01:58:18.363"/>
</kw>
<kw name="Sleep" library="BuiltIn">
<arg>1s</arg>
<doc>Pauses the test executed for the given time.</doc>
<msg timestamp="20220618 01:58:19.364" level="INFO">Slept 1 second</msg>
<status status="PASS" starttime="20220618 01:58:18.363" endtime="20220618 01:58:19.364"/>
</kw>
<status status="PASS" starttime="20220618 01:58:18.054" endtime="20220618 01:58:19.364"/>
</iter>
<iter>
<var name="${i}">18</var>
<kw name="Mouse Over" library="SeleniumLibrary">
<arg>${MAIN_SLIDER_NEXT_BUTTON}</arg>
<doc>Simulates hovering the mouse over the element ``locator``.</doc>
<msg timestamp="20220618 01:58:19.365" level="INFO">Simulating Mouse Over on element 'xpath=//a[@data-slide='next']'.</msg>
<status status="PASS" starttime="20220618 01:58:19.364" endtime="20220618 01:58:19.644"/>
</kw>
<kw name="Click Element" library="SeleniumLibrary">
<arg>${MAIN_SLIDER_NEXT_BUTTON}</arg>
<doc>Click the element identified by ``locator``.</doc>
<msg timestamp="20220618 01:58:19.645" level="INFO">Clicking element 'xpath=//a[@data-slide='next']'.</msg>
<status status="PASS" starttime="20220618 01:58:19.645" endtime="20220618 01:58:19.671"/>
</kw>
<kw name="Sleep" library="BuiltIn">
<arg>1s</arg>
<doc>Pauses the test executed for the given time.</doc>
<msg timestamp="20220618 01:58:20.680" level="INFO">Slept 1 second</msg>
<status status="PASS" starttime="20220618 01:58:19.671" endtime="20220618 01:58:20.680"/>
</kw>
<status status="PASS" starttime="20220618 01:58:19.364" endtime="20220618 01:58:20.680"/>
</iter>
<iter>
<var name="${i}">19</var>
<kw name="Mouse Over" library="SeleniumLibrary">
<arg>${MAIN_SLIDER_NEXT_BUTTON}</arg>
<doc>Simulates hovering the mouse over the element ``locator``.</doc>
<msg timestamp="20220618 01:58:20.681" level="INFO">Simulating Mouse Over on element 'xpath=//a[@data-slide='next']'.</msg>
<status status="PASS" starttime="20220618 01:58:20.680" endtime="20220618 01:58:20.960"/>
</kw>
<kw name="Click Element" library="SeleniumLibrary">
<arg>${MAIN_SLIDER_NEXT_BUTTON}</arg>
<doc>Click the element identified by ``locator``.</doc>
<msg timestamp="20220618 01:58:20.961" level="INFO">Clicking element 'xpath=//a[@data-slide='next']'.</msg>
<status status="PASS" starttime="20220618 01:58:20.960" endtime="20220618 01:58:20.985"/>
</kw>
<kw name="Sleep" library="BuiltIn">
<arg>1s</arg>
<doc>Pauses the test executed for the given time.</doc>
<msg timestamp="20220618 01:58:21.993" level="INFO">Slept 1 second</msg>
<status status="PASS" starttime="20220618 01:58:20.985" endtime="20220618 01:58:21.993"/>
</kw>
<status status="PASS" starttime="20220618 01:58:20.680" endtime="20220618 01:58:21.993"/>
</iter>
<iter>
<var name="${i}">20</var>
<kw name="Mouse Over" library="SeleniumLibrary">
<arg>${MAIN_SLIDER_NEXT_BUTTON}</arg>
<doc>Simulates hovering the mouse over the element ``locator``.</doc>
<msg timestamp="20220618 01:58:21.994" level="INFO">Simulating Mouse Over on element 'xpath=//a[@data-slide='next']'.</msg>
<status status="PASS" starttime="20220618 01:58:21.993" endtime="20220618 01:58:22.274"/>
</kw>
<kw name="Click Element" library="SeleniumLibrary">
<arg>${MAIN_SLIDER_NEXT_BUTTON}</arg>
<doc>Click the element identified by ``locator``.</doc>
<msg timestamp="20220618 01:58:22.274" level="INFO">Clicking element 'xpath=//a[@data-slide='next']'.</msg>
<status status="PASS" starttime="20220618 01:58:22.274" endtime="20220618 01:58:22.302"/>
</kw>
<kw name="Sleep" library="BuiltIn">
<arg>1s</arg>
<doc>Pauses the test executed for the given time.</doc>
<msg timestamp="20220618 01:58:23.311" level="INFO">Slept 1 second</msg>
<status status="PASS" starttime="20220618 01:58:22.302" endtime="20220618 01:58:23.311"/>
</kw>
<status status="PASS" starttime="20220618 01:58:21.993" endtime="20220618 01:58:23.311"/>
</iter>
<iter>
<var name="${i}">21</var>
<kw name="Mouse Over" library="SeleniumLibrary">
<arg>${MAIN_SLIDER_NEXT_BUTTON}</arg>
<doc>Simulates hovering the mouse over the element ``locator``.</doc>
<msg timestamp="20220618 01:58:23.311" level="INFO">Simulating Mouse Over on element 'xpath=//a[@data-slide='next']'.</msg>
<status status="PASS" starttime="20220618 01:58:23.311" endtime="20220618 01:58:23.590"/>
</kw>
<kw name="Click Element" library="SeleniumLibrary">
<arg>${MAIN_SLIDER_NEXT_BUTTON}</arg>
<doc>Click the element identified by ``locator``.</doc>
<msg timestamp="20220618 01:58:23.591" level="INFO">Clicking element 'xpath=//a[@data-slide='next']'.</msg>
<status status="PASS" starttime="20220618 01:58:23.590" endtime="20220618 01:58:23.616"/>
</kw>
<kw name="Sleep" library="BuiltIn">
<arg>1s</arg>
<doc>Pauses the test executed for the given time.</doc>
<msg timestamp="20220618 01:58:24.629" level="INFO">Slept 1 second</msg>
<status status="PASS" starttime="20220618 01:58:23.616" endtime="20220618 01:58:24.629"/>
</kw>
<status status="PASS" starttime="20220618 01:58:23.311" endtime="20220618 01:58:24.629"/>
</iter>
<status status="PASS" starttime="20220618 01:57:55.362" endtime="20220618 01:58:24.629"/>
</for>
<status status="PASS" starttime="20220618 01:57:55.362" endtime="20220618 01:58:24.629"/>
</kw>
<status status="PASS" starttime="20220618 01:57:55.362" endtime="20220618 01:58:24.629"/>
</kw>
<kw name="Navigate &quot;Open Positions&quot; Slider" library="Kariyer.Baykartech.App">
<kw name="Navigate open poz slider in loop" library="Homepage">
<arg>${OPEN_POZ_SLIDER_RANGE}</arg>
<arg>BACKWARD</arg>
<kw name="Scroll Element Into View" library="SeleniumLibrary">
<arg>${OPEN_POZ_SLIDER_NEXT_BUTTON}</arg>
<doc>Scrolls the element identified by ``locator`` into view.</doc>
<status status="PASS" starttime="20220618 01:58:24.631" endtime="20220618 01:58:24.912"/>
</kw>
<for flavor="IN RANGE">
<var>${i}</var>
<value>${SLIDER_RANGE}</value>
<iter>
<var name="${i}">0</var>
<kw name="Run Keyword If" library="BuiltIn">
<arg>"${GEAR}" == "FORWARD"</arg>
<arg>Click Element</arg>
<arg>${OPEN_POZ_SLIDER_NEXT_BUTTON}</arg>
<arg>ELSE</arg>
<arg>Click Element</arg>
<arg>${OPEN_POZ_SLIDER_PREV_BUTTON}</arg>
<doc>Runs the given keyword with the given arguments, if ``condition`` is true.</doc>
<kw name="Click Element" library="SeleniumLibrary">
<arg>${OPEN_POZ_SLIDER_PREV_BUTTON}</arg>
<doc>Click the element identified by ``locator``.</doc>
<msg timestamp="20220618 01:58:24.913" level="INFO">Clicking element 'xpath=//div[@class='services-carousel-4-col owl-carousel owl-theme owl-loaded owl-drag']//i[@class='fa fa-angle-left']'.</msg>
<status status="PASS" starttime="20220618 01:58:24.912" endtime="20220618 01:58:24.955"/>
</kw>
<status status="PASS" starttime="20220618 01:58:24.912" endtime="20220618 01:58:24.955"/>
</kw>
<kw name="Sleep" library="BuiltIn">
<arg>0.5s</arg>
<doc>Pauses the test executed for the given time.</doc>
<msg timestamp="20220618 01:58:25.459" level="INFO">Slept 500 milliseconds</msg>
<status status="PASS" starttime="20220618 01:58:24.955" endtime="20220618 01:58:25.459"/>
</kw>
<status status="PASS" starttime="20220618 01:58:24.912" endtime="20220618 01:58:25.459"/>
</iter>
<iter>
<var name="${i}">1</var>
<kw name="Run Keyword If" library="BuiltIn">
<arg>"${GEAR}" == "FORWARD"</arg>
<arg>Click Element</arg>
<arg>${OPEN_POZ_SLIDER_NEXT_BUTTON}</arg>
<arg>ELSE</arg>
<arg>Click Element</arg>
<arg>${OPEN_POZ_SLIDER_PREV_BUTTON}</arg>
<doc>Runs the given keyword with the given arguments, if ``condition`` is true.</doc>
<kw name="Click Element" library="SeleniumLibrary">
<arg>${OPEN_POZ_SLIDER_PREV_BUTTON}</arg>
<doc>Click the element identified by ``locator``.</doc>
<msg timestamp="20220618 01:58:25.460" level="INFO">Clicking element 'xpath=//div[@class='services-carousel-4-col owl-carousel owl-theme owl-loaded owl-drag']//i[@class='fa fa-angle-left']'.</msg>
<status status="PASS" starttime="20220618 01:58:25.459" endtime="20220618 01:58:25.482"/>
</kw>
<status status="PASS" starttime="20220618 01:58:25.459" endtime="20220618 01:58:25.482"/>
</kw>
<kw name="Sleep" library="BuiltIn">
<arg>0.5s</arg>
<doc>Pauses the test executed for the given time.</doc>
<msg timestamp="20220618 01:58:25.984" level="INFO">Slept 500 milliseconds</msg>
<status status="PASS" starttime="20220618 01:58:25.482" endtime="20220618 01:58:25.984"/>
</kw>
<status status="PASS" starttime="20220618 01:58:25.459" endtime="20220618 01:58:25.984"/>
</iter>
<iter>
<var name="${i}">2</var>
<kw name="Run Keyword If" library="BuiltIn">
<arg>"${GEAR}" == "FORWARD"</arg>
<arg>Click Element</arg>
<arg>${OPEN_POZ_SLIDER_NEXT_BUTTON}</arg>
<arg>ELSE</arg>
<arg>Click Element</arg>
<arg>${OPEN_POZ_SLIDER_PREV_BUTTON}</arg>
<doc>Runs the given keyword with the given arguments, if ``condition`` is true.</doc>
<kw name="Click Element" library="SeleniumLibrary">
<arg>${OPEN_POZ_SLIDER_PREV_BUTTON}</arg>
<doc>Click the element identified by ``locator``.</doc>
<msg timestamp="20220618 01:58:25.984" level="INFO">Clicking element 'xpath=//div[@class='services-carousel-4-col owl-carousel owl-theme owl-loaded owl-drag']//i[@class='fa fa-angle-left']'.</msg>
<status status="PASS" starttime="20220618 01:58:25.984" endtime="20220618 01:58:26.007"/>
</kw>
<status status="PASS" starttime="20220618 01:58:25.984" endtime="20220618 01:58:26.007"/>
</kw>
<kw name="Sleep" library="BuiltIn">
<arg>0.5s</arg>
<doc>Pauses the test executed for the given time.</doc>
<msg timestamp="20220618 01:58:26.510" level="INFO">Slept 500 milliseconds</msg>
<status status="PASS" starttime="20220618 01:58:26.007" endtime="20220618 01:58:26.510"/>
</kw>
<status status="PASS" starttime="20220618 01:58:25.984" endtime="20220618 01:58:26.510"/>
</iter>
<iter>
<var name="${i}">3</var>
<kw name="Run Keyword If" library="BuiltIn">
<arg>"${GEAR}" == "FORWARD"</arg>
<arg>Click Element</arg>
<arg>${OPEN_POZ_SLIDER_NEXT_BUTTON}</arg>
<arg>ELSE</arg>
<arg>Click Element</arg>
<arg>${OPEN_POZ_SLIDER_PREV_BUTTON}</arg>
<doc>Runs the given keyword with the given arguments, if ``condition`` is true.</doc>
<kw name="Click Element" library="SeleniumLibrary">
<arg>${OPEN_POZ_SLIDER_PREV_BUTTON}</arg>
<doc>Click the element identified by ``locator``.</doc>
<msg timestamp="20220618 01:58:26.511" level="INFO">Clicking element 'xpath=//div[@class='services-carousel-4-col owl-carousel owl-theme owl-loaded owl-drag']//i[@class='fa fa-angle-left']'.</msg>
<status status="PASS" starttime="20220618 01:58:26.511" endtime="20220618 01:58:26.538"/>
</kw>
<status status="PASS" starttime="20220618 01:58:26.510" endtime="20220618 01:58:26.538"/>
</kw>
<kw name="Sleep" library="BuiltIn">
<arg>0.5s</arg>
<doc>Pauses the test executed for the given time.</doc>
<msg timestamp="20220618 01:58:27.051" level="INFO">Slept 500 milliseconds</msg>
<status status="PASS" starttime="20220618 01:58:26.538" endtime="20220618 01:58:27.051"/>
</kw>
<status status="PASS" starttime="20220618 01:58:26.510" endtime="20220618 01:58:27.051"/>
</iter>
<status status="PASS" starttime="20220618 01:58:24.912" endtime="20220618 01:58:27.051"/>
</for>
<status status="PASS" starttime="20220618 01:58:24.630" endtime="20220618 01:58:27.051"/>
</kw>
<kw name="Navigate open poz slider in loop" library="Homepage">
[...]
<status status="PASS" starttime="20220618 01:58:46.105" endtime="20220618 01:58:46.110"/>
</kw>
<status status="PASS" starttime="20220618 01:58:46.087" endtime="20220618 01:58:46.110"/>
</kw>
<status status="PASS" starttime="20220618 01:58:45.715" endtime="20220618 01:58:46.110"/>
</kw>
<kw name="End Baykar Web Test" library="Common" type="TEARDOWN">
<kw name="Close Browser" library="SeleniumLibrary">
<doc>Closes the current browser.</doc>
<status status="PASS" starttime="20220618 01:58:46.111" endtime="20220618 01:58:48.211"/>
</kw>
<status status="PASS" starttime="20220618 01:58:46.111" endtime="20220618 01:58:48.211"/>
</kw>
<doc>All visitors should be see dashboard input pages as not signed user</doc>
<tag>Forget Password</tag>
<tag>Login</tag>
<tag>Sign Up</tag>
<tag>Smoke</tag>
<status status="PASS" starttime="20220618 01:58:37.886" endtime="20220618 01:58:48.212"/>
</test>
<test id="s1-s1-t7" name="Visitor should be able click and see all &quot;Footer&quot; elements" line="63">
<kw name="Start Baykar Web Test" library="Common" type="SETUP">
<arg>${BROWSER}</arg>
<kw name="Open Browser" library="SeleniumLibrary">
<arg>about:blank</arg>
<arg>${BROWSER}</arg>
<doc>Opens a new browser instance to the optional ``url``.</doc>
<msg timestamp="20220618 01:58:48.214" level="INFO">Opening browser 'chrome' to base url 'about:blank'.</msg>
<status status="PASS" starttime="20220618 01:58:48.214" endtime="20220618 01:58:49.265"/>
</kw>
<kw name="Maximize Browser Window" library="SeleniumLibrary">
<doc>Maximizes current browser window.</doc>
<status status="PASS" starttime="20220618 01:58:49.265" endtime="20220618 01:58:49.392"/>
</kw>
<status status="PASS" starttime="20220618 01:58:48.214" endtime="20220618 01:58:49.392"/>
</kw>
<kw name="Open Website" library="Common">
<arg>${SITE_URL}${RUN_LANG}</arg>
<kw name="Go To" library="SeleniumLibrary">
<arg>${SITE_URL}</arg>
<doc>Navigates the current browser window to the provided ``url``.</doc>
<msg timestamp="20220618 01:58:49.393" level="INFO">Opening url 'https://kariyer.baykartech.com/tr'</msg>
<status status="PASS" starttime="20220618 01:58:49.393" endtime="20220618 01:58:53.945"/>
</kw>
<status status="PASS" starttime="20220618 01:58:49.392" endtime="20220618 01:58:53.946"/>
</kw>
<kw name="Verify Page Loaded" library="Common">
<arg>${RUN_LANG}</arg>
<doc>Verify all pages successfully loaded</doc>
<kw name="Wait Until Element Is Visible" library="SeleniumLibrary">
<arg>${BAYKAR_LOGO_${LANG}}</arg>
<doc>Waits until the element ``locator`` is visible.</doc>
<status status="PASS" starttime="20220618 01:58:53.947" endtime="20220618 01:58:53.967"/>
</kw>
<status status="PASS" starttime="20220618 01:58:53.946" endtime="20220618 01:58:53.967"/>
</kw>
<kw name="Navigate &quot;Footer&quot; Elements" library="Kariyer.Baykartech.App">
<arg>${RUN_LANG}</arg>
<kw name="Scroll to end of the page" library="Footer">
<kw name="Scroll Element Into View" library="SeleniumLibrary">
<arg>${PAGE_END}</arg>
<doc>Scrolls the element identified by ``locator`` into view.</doc>
<status status="PASS" starttime="20220618 01:58:53.968" endtime="20220618 01:58:54.250"/>
</kw>
<status status="PASS" starttime="20220618 01:58:53.968" endtime="20220618 01:58:54.250"/>
</kw>
<kw name="Navigate footer elements in loop" library="Footer">
<arg>${LANG}</arg>
<doc>Clicks all footer links by created list</doc>
<for flavor="IN ZIP">
<var>${LINK_TR}</var>
<var>${LINK_EN}</var>
<value>${FOOTER_LINKS_TR}</value>
<value>${FOOTER_LINKS_EN}</value>
<iter>
<var name="${LINK_TR}">xpath=//footer//a[.="Hakkımızda"]</var>
<var name="${LINK_EN}">xpath=//footer//a[.="About Us"]</var>
<kw name="Run Keyword If" library="BuiltIn">
<arg>"${LANG}" == "tr"</arg>
<arg>Click Link</arg>
<arg>${LINK_TR}</arg>
<arg>ELSE IF</arg>
<arg>"${LANG}" == "en"</arg>
<arg>Click Link</arg>
<arg>${LINK_EN}</arg>
<doc>Runs the given keyword with the given arguments, if ``condition`` is true.</doc>
<kw name="Click Link" library="SeleniumLibrary">
<arg>${LINK_TR}</arg>
<doc>Clicks a link identified by ``locator``.</doc>
<msg timestamp="20220618 01:58:54.252" level="INFO">Clicking link 'xpath=//footer//a[.="Hakkımızda"]'.</msg>
<status status="PASS" starttime="20220618 01:58:54.251" endtime="20220618 01:58:55.432"/>
</kw>
<status status="PASS" starttime="20220618 01:58:54.251" endtime="20220618 01:58:55.432"/>
</kw>
<kw name="Go Back" library="SeleniumLibrary">
<doc>Simulates the user clicking the back button on their browser.</doc>
<status status="PASS" starttime="20220618 01:58:55.432" endtime="20220618 01:58:56.028"/>
</kw>
<kw name="Run Keyword" library="BuiltIn">
<arg>Scroll to end of the page</arg>
<doc>Executes the given keyword with the given arguments.</doc>
<kw name="Scroll to end of the page" library="Footer">
<kw name="Scroll Element Into View" library="SeleniumLibrary">
<arg>${PAGE_END}</arg>
<doc>Scrolls the element identified by ``locator`` into view.</doc>
<status status="PASS" starttime="20220618 01:58:56.029" endtime="20220618 01:58:56.335"/>
</kw>
<status status="PASS" starttime="20220618 01:58:56.028" endtime="20220618 01:58:56.335"/>
</kw>
<status status="PASS" starttime="20220618 01:58:56.028" endtime="20220618 01:58:56.335"/>
</kw>
<status status="PASS" starttime="20220618 01:58:54.251" endtime="20220618 01:58:56.335"/>
</iter>
<iter>
<var name="${LINK_TR}">xpath=//footer//a[.="Yönetim"]</var>
<var name="${LINK_EN}">xpath=//footer//a[.="Management"]</var>
<kw name="Run Keyword If" library="BuiltIn">
<arg>"${LANG}" == "tr"</arg>
<arg>Click Link</arg>
<arg>${LINK_TR}</arg>
<arg>ELSE IF</arg>
<arg>"${LANG}" == "en"</arg>
<arg>Click Link</arg>
<arg>${LINK_EN}</arg>
<doc>Runs the given keyword with the given arguments, if ``condition`` is true.</doc>
<kw name="Click Link" library="SeleniumLibrary">
<arg>${LINK_TR}</arg>
<doc>Clicks a link identified by ``locator``.</doc>
<msg timestamp="20220618 01:58:56.336" level="INFO">Clicking link 'xpath=//footer//a[.="Yönetim"]'.</msg>
<status status="PASS" starttime="20220618 01:58:56.336" endtime="20220618 01:58:57.305"/>
</kw>
<status status="PASS" starttime="20220618 01:58:56.335" endtime="20220618 01:58:57.306"/>
</kw>
<kw name="Go Back" library="SeleniumLibrary">
<doc>Simulates the user clicking the back button on their browser.</doc>
<status status="PASS" starttime="20220618 01:58:57.306" endtime="20220618 01:58:57.849"/>
</kw>
<kw name="Run Keyword" library="BuiltIn">
<arg>Scroll to end of the page</arg>
<doc>Executes the given keyword with the given arguments.</doc>
<kw name="Scroll to end of the page" library="Footer">
<kw name="Scroll Element Into View" library="SeleniumLibrary">
<arg>${PAGE_END}</arg>
<doc>Scrolls the element identified by ``locator`` into view.</doc>
<status status="PASS" starttime="20220618 01:58:57.849" endtime="20220618 01:58:58.163"/>
</kw>
<status status="PASS" starttime="20220618 01:58:57.849" endtime="20220618 01:58:58.163"/>
</kw>
<status status="PASS" starttime="20220618 01:58:57.849" endtime="20220618 01:58:58.163"/>
</kw>
<status status="PASS" starttime="20220618 01:58:56.335" endtime="20220618 01:58:58.163"/>
</iter>
<iter>
<var name="${LINK_TR}">xpath=//footer//a[.="Tarihçe"]</var>
<var name="${LINK_EN}">xpath=//footer//a[.="History"]</var>
<kw name="Run Keyword If" library="BuiltIn">
<arg>"${LANG}" == "tr"</arg>
<arg>Click Link</arg>
<arg>${LINK_TR}</arg>
<arg>ELSE IF</arg>
<arg>"${LANG}" == "en"</arg>
<arg>Click Link</arg>
<arg>${LINK_EN}</arg>
<doc>Runs the given keyword with the given arguments, if ``condition`` is true.</doc>
<kw name="Click Link" library="SeleniumLibrary">
<arg>${LINK_TR}</arg>
<doc>Clicks a link identified by ``locator``.</doc>
<msg timestamp="20220618 01:58:58.164" level="INFO">Clicking link 'xpath=//footer//a[.="Tarihçe"]'.</msg>
<status status="PASS" starttime="20220618 01:58:58.164" endtime="20220618 01:58:59.096"/>
</kw>
<status status="PASS" starttime="20220618 01:58:58.163" endtime="20220618 01:58:59.096"/>
</kw>
<kw name="Go Back" library="SeleniumLibrary">
<doc>Simulates the user clicking the back button on their browser.</doc>
<status status="PASS" starttime="20220618 01:58:59.096" endtime="20220618 01:58:59.505"/>
</kw>
<kw name="Run Keyword" library="BuiltIn">
<arg>Scroll to end of the page</arg>
<doc>Executes the given keyword with the given arguments.</doc>
<kw name="Scroll to end of the page" library="Footer">
<kw name="Scroll Element Into View" library="SeleniumLibrary">
<arg>${PAGE_END}</arg>
<doc>Scrolls the element identified by ``locator`` into view.</doc>
<status status="PASS" starttime="20220618 01:58:59.505" endtime="20220618 01:58:59.810"/>
</kw>
<status status="PASS" starttime="20220618 01:58:59.505" endtime="20220618 01:58:59.810"/>
</kw>
<status status="PASS" starttime="20220618 01:58:59.505" endtime="20220618 01:58:59.811"/>
</kw>
<status status="PASS" starttime="20220618 01:58:58.163" endtime="20220618 01:58:59.811"/>
</iter>
<iter>
<var name="${LINK_TR}">xpath=//footer//a[.="Açık Pozisyonlar"]</var>
<var name="${LINK_EN}">xpath=//footer//a[.="Open Positions"]</var>
<kw name="Run Keyword If" library="BuiltIn">
<arg>"${LANG}" == "tr"</arg>
<arg>Click Link</arg>
<arg>${LINK_TR}</arg>
<arg>ELSE IF</arg>
<arg>"${LANG}" == "en"</arg>
<arg>Click Link</arg>
<arg>${LINK_EN}</arg>
<doc>Runs the given keyword with the given arguments, if ``condition`` is true.</doc>
<kw name="Click Link" library="SeleniumLibrary">
<arg>${LINK_TR}</arg>
<doc>Clicks a link identified by ``locator``.</doc>
<msg timestamp="20220618 01:58:59.811" level="INFO">Clicking link 'xpath=//footer//a[.="Açık Pozisyonlar"]'.</msg>
<status status="PASS" starttime="20220618 01:58:59.811" endtime="20220618 01:59:02.251"/>
</kw>
<status status="PASS" starttime="20220618 01:58:59.811" endtime="20220618 01:59:02.251"/>
</kw>
<kw name="Go Back" library="SeleniumLibrary">
<doc>Simulates the user clicking the back button on their browser.</doc>
<status status="PASS" starttime="20220618 01:59:02.251" endtime="20220618 01:59:02.686"/>
</kw>
<kw name="Run Keyword" library="BuiltIn">
<arg>Scroll to end of the page</arg>
<doc>Executes the given keyword with the given arguments.</doc>
<kw name="Scroll to end of the page" library="Footer">
<kw name="Scroll Element Into View" library="SeleniumLibrary">
<arg>${PAGE_END}</arg>
<doc>Scrolls the element identified by ``locator`` into view.</doc>
<status status="PASS" starttime="20220618 01:59:02.687" endtime="20220618 01:59:02.969"/>
</kw>
<status status="PASS" starttime="20220618 01:59:02.687" endtime="20220618 01:59:02.969"/>
</kw>
<status status="PASS" starttime="20220618 01:59:02.686" endtime="20220618 01:59:02.969"/>
</kw>
<status status="PASS" starttime="20220618 01:58:59.811" endtime="20220618 01:59:02.969"/>
</iter>
<iter>
<var name="${LINK_TR}">xpath=//footer//a[.="İş"]</var>
<var name="${LINK_EN}">xpath=//footer//a[.="Jobs"]</var>
<kw name="Run Keyword If" library="BuiltIn">
<arg>"${LANG}" == "tr"</arg>
<arg>Click Link</arg>
<arg>${LINK_TR}</arg>
<arg>ELSE IF</arg>
<arg>"${LANG}" == "en"</arg>
<arg>Click Link</arg>
<arg>${LINK_EN}</arg>
<doc>Runs the given keyword with the given arguments, if ``condition`` is true.</doc>
<kw name="Click Link" library="SeleniumLibrary">
<arg>${LINK_TR}</arg>
<doc>Clicks a link identified by ``locator``.</doc>
<msg timestamp="20220618 01:59:02.970" level="INFO">Clicking link 'xpath=//footer//a[.="İş"]'.</msg>
<status status="PASS" starttime="20220618 01:59:02.970" endtime="20220618 01:59:03.946"/>
</kw>
<status status="PASS" starttime="20220618 01:59:02.970" endtime="20220618 01:59:03.946"/>
</kw>
<kw name="Go Back" library="SeleniumLibrary">
<doc>Simulates the user clicking the back button on their browser.</doc>
<status status="PASS" starttime="20220618 01:59:03.947" endtime="20220618 01:59:04.344"/>
</kw>
<kw name="Run Keyword" library="BuiltIn">
<arg>Scroll to end of the page</arg>
<doc>Executes the given keyword with the given arguments.</doc>
<kw name="Scroll to end of the page" library="Footer">
<kw name="Scroll Element Into View" library="SeleniumLibrary">
<arg>${PAGE_END}</arg>
<doc>Scrolls the element identified by ``locator`` into view.</doc>
<status status="PASS" starttime="20220618 01:59:04.345" endtime="20220618 01:59:04.619"/>
</kw>
<status status="PASS" starttime="20220618 01:59:04.345" endtime="20220618 01:59:04.619"/>
</kw>
<status status="PASS" starttime="20220618 01:59:04.344" endtime="20220618 01:59:04.619"/>
</kw>
<status status="PASS" starttime="20220618 01:59:02.969" endtime="20220618 01:59:04.619"/>
</iter>
<iter>
<var name="${LINK_TR}">xpath=//footer//a[.="Staj"]</var>
<var name="${LINK_EN}">xpath=//footer//a[.="İntern"]</var>
<kw name="Run Keyword If" library="BuiltIn">
<arg>"${LANG}" == "tr"</arg>
<arg>Click Link</arg>
<arg>${LINK_TR}</arg>
<arg>ELSE IF</arg>
<arg>"${LANG}" == "en"</arg>
<arg>Click Link</arg>
<arg>${LINK_EN}</arg>
<doc>Runs the given keyword with the given arguments, if ``condition`` is true.</doc>
<kw name="Click Link" library="SeleniumLibrary">
<arg>${LINK_TR}</arg>
<doc>Clicks a link identified by ``locator``.</doc>
<msg timestamp="20220618 01:59:04.620" level="INFO">Clicking link 'xpath=//footer//a[.="Staj"]'.</msg>
<status status="PASS" starttime="20220618 01:59:04.619" endtime="20220618 01:59:05.669"/>
</kw>
<status status="PASS" starttime="20220618 01:59:04.619" endtime="20220618 01:59:05.669"/>
</kw>
<kw name="Go Back" library="SeleniumLibrary">
<doc>Simulates the user clicking the back button on their browser.</doc>
<status status="PASS" starttime="20220618 01:59:05.669" endtime="20220618 01:59:06.063"/>
</kw>
<kw name="Run Keyword" library="BuiltIn">
<arg>Scroll to end of the page</arg>
<doc>Executes the given keyword with the given arguments.</doc>
<kw name="Scroll to end of the page" library="Footer">
<kw name="Scroll Element Into View" library="SeleniumLibrary">
<arg>${PAGE_END}</arg>
<doc>Scrolls the element identified by ``locator`` into view.</doc>
<status status="PASS" starttime="20220618 01:59:06.064" endtime="20220618 01:59:06.361"/>
</kw>
<status status="PASS" starttime="20220618 01:59:06.064" endtime="20220618 01:59:06.361"/>
</kw>
<status status="PASS" starttime="20220618 01:59:06.064" endtime="20220618 01:59:06.361"/>
</kw>
<status status="PASS" starttime="20220618 01:59:04.619" endtime="20220618 01:59:06.361"/>
</iter>
<iter>
<var name="${LINK_TR}">xpath=//footer//a[.="İletişim"]</var>
<var name="${LINK_EN}">xpath=//footer//a[.="Communication"]</var>
<kw name="Run Keyword If" library="BuiltIn">
<arg>"${LANG}" == "tr"</arg>
<arg>Click Link</arg>
<arg>${LINK_TR}</arg>
<arg>ELSE IF</arg>
<arg>"${LANG}" == "en"</arg>
<arg>Click Link</arg>
<arg>${LINK_EN}</arg>
<doc>Runs the given keyword with the given arguments, if ``condition`` is true.</doc>
<kw name="Click Link" library="SeleniumLibrary">
<arg>${LINK_TR}</arg>
<doc>Clicks a link identified by ``locator``.</doc>
<msg timestamp="20220618 01:59:06.362" level="INFO">Clicking link 'xpath=//footer//a[.="İletişim"]'.</msg>
<status status="PASS" starttime="20220618 01:59:06.362" endtime="20220618 01:59:07.485"/>
</kw>
<status status="PASS" starttime="20220618 01:59:06.362" endtime="20220618 01:59:07.486"/>
</kw>
<kw name="Go Back" library="SeleniumLibrary">
<doc>Simulates the user clicking the back button on their browser.</doc>
<status status="PASS" starttime="20220618 01:59:07.486" endtime="20220618 01:59:07.923"/>
</kw>
<kw name="Run Keyword" library="BuiltIn">
<arg>Scroll to end of the page</arg>
<doc>Executes the given keyword with the given arguments.</doc>
<kw name="Scroll to end of the page" library="Footer">
<kw name="Scroll Element Into View" library="SeleniumLibrary">
<arg>${PAGE_END}</arg>
<doc>Scrolls the element identified by ``locator`` into view.</doc>
<status status="PASS" starttime="20220618 01:59:07.924" endtime="20220618 01:59:08.212"/>
</kw>
<status status="PASS" starttime="20220618 01:59:07.923" endtime="20220618 01:59:08.212"/>
</kw>
<status status="PASS" starttime="20220618 01:59:07.923" endtime="20220618 01:59:08.212"/>
</kw>
<status status="PASS" starttime="20220618 01:59:06.361" endtime="20220618 01:59:08.212"/>
</iter>
<iter>
<var name="${LINK_TR}">xpath=//footer//a[.="KVKK"]</var>
<var name="${LINK_EN}">xpath=//footer//a[.="KVKK"]</var>
<kw name="Run Keyword If" library="BuiltIn">
<arg>"${LANG}" == "tr"</arg>
<arg>Click Link</arg>
<arg>${LINK_TR}</arg>
<arg>ELSE IF</arg>
<arg>"${LANG}" == "en"</arg>
<arg>Click Link</arg>
<arg>${LINK_EN}</arg>
<doc>Runs the given keyword with the given arguments, if ``condition`` is true.</doc>
<kw name="Click Link" library="SeleniumLibrary">
<arg>${LINK_TR}</arg>
<doc>Clicks a link identified by ``locator``.</doc>
<msg timestamp="20220618 01:59:08.213" level="INFO">Clicking link 'xpath=//footer//a[.="KVKK"]'.</msg>
<status status="PASS" starttime="20220618 01:59:08.212" endtime="20220618 01:59:08.948"/>
</kw>
<status status="PASS" starttime="20220618 01:59:08.212" endtime="20220618 01:59:08.948"/>
</kw>
<kw name="Go Back" library="SeleniumLibrary">
<doc>Simulates the user clicking the back button on their browser.</doc>
<status status="PASS" starttime="20220618 01:59:08.948" endtime="20220618 01:59:09.353"/>
</kw>
<kw name="Run Keyword" library="BuiltIn">
<arg>Scroll to end of the page</arg>
<doc>Executes the given keyword with the given arguments.</doc>
<kw name="Scroll to end of the page" library="Footer">
<kw name="Scroll Element Into View" library="SeleniumLibrary">
<arg>${PAGE_END}</arg>
<doc>Scrolls the element identified by ``locator`` into view.</doc>
<status status="PASS" starttime="20220618 01:59:09.354" endtime="20220618 01:59:09.671"/>
</kw>
<status status="PASS" starttime="20220618 01:59:09.354" endtime="20220618 01:59:09.671"/>
</kw>
<status status="PASS" starttime="20220618 01:59:09.353" endtime="20220618 01:59:09.671"/>
</kw>
<status status="PASS" starttime="20220618 01:59:08.212" endtime="20220618 01:59:09.671"/>
</iter>
<status status="PASS" starttime="20220618 01:58:54.251" endtime="20220618 01:59:09.671"/>
</for>
<status status="PASS" starttime="20220618 01:58:54.251" endtime="20220618 01:59:09.671"/>
</kw>
<status status="PASS" starttime="20220618 01:58:53.967" endtime="20220618 01:59:09.671"/>
</kw>
<kw name="End Baykar Web Test" library="Common" type="TEARDOWN">
<kw name="Close Browser" library="SeleniumLibrary">
<doc>Closes the current browser.</doc>
<status status="PASS" starttime="20220618 01:59:09.672" endtime="20220618 01:59:11.811"/>
</kw>
<status status="PASS" starttime="20220618 01:59:09.672" endtime="20220618 01:59:11.811"/>
</kw>
<doc>All visitors should be able navigate footer links</doc>
<tag>Footer</tag>
<tag>Smoke</tag>
<status status="PASS" starttime="20220618 01:58:48.213" endtime="20220618 01:59:11.812"/>
</test>
<doc>This test file includes all tests for kariyer.baykartech.com, if you wanna change Browser or Runtime Language go to *Variables* section in this file.</doc>
<status status="PASS" starttime="20220618 01:56:56.993" endtime="20220618 01:59:11.813"/>
</suite>
<status status="PASS" starttime="20220618 01:56:56.973" endtime="20220618 01:59:11.816"/>
</suite>
<statistics>
<total>
<stat pass="7" fail="0" skip="0">All Tests</stat>
</total>
<tag>
<stat pass="1" fail="0" skip="0">Career</stat>
<stat pass="1" fail="0" skip="0">Common</stat>
<stat pass="1" fail="0" skip="0">Footer</stat>
<stat pass="1" fail="0" skip="0">Forget Password</stat>
<stat pass="1" fail="0" skip="0">Intern</stat>
<stat pass="1" fail="0" skip="0">Login</stat>
<stat pass="1" fail="0" skip="0">Main Slider</stat>
<stat pass="3" fail="0" skip="0">Navbar</stat>
<stat pass="1" fail="0" skip="0">Open Poz Slider</stat>
<stat pass="1" fail="0" skip="0">Sign Up</stat>
<stat pass="7" fail="0" skip="0">Smoke</stat>
</tag>
<suite>
<stat pass="7" fail="0" skip="0" id="s1" name="Tests">Tests</stat>
<stat pass="7" fail="0" skip="0" id="s1-s1" name="Kariyer.Baykartech">Tests.Kariyer.Baykartech</stat>
</suite>
</statistics>
<errors>
</errors>
</robot>
