<?xml version="1.0" encoding="UTF-8"?>
<robot generator="Robot 5.0.1 (Python 3.9.7 on win32)" generated="20220616 23:52:26.779" rpa="false" schemaversion="3">
<suite id="s1" name="Tests" source="C:\Users\byuks\Desktop\QA\QA-Test-Automation-Baykar\tests">
<suite id="s1-s1" name="Kariyer.Baykartech" source="C:\Users\byuks\Desktop\QA\QA-Test-Automation-Baykar\tests\Kariyer.Baykartech.robot">
<test id="s1-s1-t1" name="Visitor should be able navigate navbar" line="20">
<kw name="Start Baykar Web Test" library="Common" type="SETUP">
<arg>${BROWSER}</arg>
<kw name="Open Browser" library="SeleniumLibrary">
<arg>about:blank</arg>
<arg>${BROWSER}</arg>
<doc>Opens a new browser instance to the optional ``url``.</doc>
<msg timestamp="20220616 23:52:26.972" level="INFO">Opening browser 'chrome' to base url 'about:blank'.</msg>
<status status="PASS" starttime="20220616 23:52:26.971" endtime="20220616 23:52:28.036"/>
</kw>
<kw name="Maximize Browser Window" library="SeleniumLibrary">
<doc>Maximizes current browser window.</doc>
<status status="PASS" starttime="20220616 23:52:28.036" endtime="20220616 23:52:28.151"/>
</kw>
<status status="PASS" starttime="20220616 23:52:26.971" endtime="20220616 23:52:28.151"/>
</kw>
<kw name="Open Website" library="Common">
<arg>${SITE_URL}${RUN_LANG}</arg>
<kw name="Go To" library="SeleniumLibrary">
<arg>${SITE_URL}</arg>
<doc>Navigates the current browser window to the provided ``url``.</doc>
<msg timestamp="20220616 23:52:28.152" level="INFO">Opening url 'https://kariyer.baykartech.com/tr'</msg>
<status status="PASS" starttime="20220616 23:52:28.152" endtime="20220616 23:52:32.974"/>
</kw>
<status status="PASS" starttime="20220616 23:52:28.151" endtime="20220616 23:52:32.974"/>
</kw>
<kw name="Navbar Mouse Over Tests" library="Kariyer.Baykartech.App">
<kw name="Mouse Over &quot;Kariyer&quot; Section" library="Navbar">
<doc>[1] is a first section in navbar</doc>
<kw name="Set Variable" library="BuiltIn">
<var>${sec_num}</var>
<arg>1</arg>
<doc>Returns the given values which can then be assigned to a variables.</doc>
<msg timestamp="20220616 23:52:32.975" level="INFO">${sec_num} = 1</msg>
<status status="PASS" starttime="20220616 23:52:32.975" endtime="20220616 23:52:32.975"/>
</kw>
<kw name="Mouse Over" library="SeleniumLibrary">
<arg>${NAVBAR_SECTION}\[${sec_num}\]</arg>
<doc>Simulates hovering the mouse over the element ``locator``.</doc>
<msg timestamp="20220616 23:52:32.976" level="INFO">Simulating Mouse Over on element 'xpath=//*[@id="navbar-menu"]/ul/li[1]'.</msg>
<status status="PASS" starttime="20220616 23:52:32.976" endtime="20220616 23:52:33.249"/>
</kw>
<kw name="Wait Until Element Is Visible" library="SeleniumLibrary">
<arg>${NAVBAR_SECTION}\[${sec_num}\]${FIRST_DROPDOWN_ELEMENT}</arg>
<doc>Waits until the element ``locator`` is visible.</doc>
<status status="PASS" starttime="20220616 23:52:33.249" endtime="20220616 23:52:33.712"/>
</kw>
<status status="PASS" starttime="20220616 23:52:32.975" endtime="20220616 23:52:33.712"/>
</kw>
<kw name="Mouse Over &quot;Staj&quot; Section" library="Navbar">
<doc>[3] is a third section in navbar</doc>
<kw name="Set Variable" library="BuiltIn">
<var>${sec_num}</var>
<arg>3</arg>
<doc>Returns the given values which can then be assigned to a variables.</doc>
<msg timestamp="20220616 23:52:33.713" level="INFO">${sec_num} = 3</msg>
<status status="PASS" starttime="20220616 23:52:33.713" endtime="20220616 23:52:33.713"/>
</kw>
<kw name="Mouse Over" library="SeleniumLibrary">
<arg>${NAVBAR_SECTION}\[${sec_num}\]</arg>
<doc>Simulates hovering the mouse over the element ``locator``.</doc>
<msg timestamp="20220616 23:52:33.713" level="INFO">Simulating Mouse Over on element 'xpath=//*[@id="navbar-menu"]/ul/li[3]'.</msg>
<status status="PASS" starttime="20220616 23:52:33.713" endtime="20220616 23:52:33.998"/>
</kw>
<kw name="Wait Until Element Is Visible" library="SeleniumLibrary">
<arg>${NAVBAR_SECTION}\[${sec_num}\]${FIRST_DROPDOWN_ELEMENT}</arg>
<doc>Waits until the element ``locator`` is visible.</doc>
<status status="PASS" starttime="20220616 23:52:33.998" endtime="20220616 23:52:34.015"/>
</kw>
<status status="PASS" starttime="20220616 23:52:33.712" endtime="20220616 23:52:34.016"/>
</kw>
<status status="PASS" starttime="20220616 23:52:32.975" endtime="20220616 23:52:34.016"/>
</kw>
<kw name="Click non dropdown sections" library="Kariyer.Baykartech.App">
<kw name="Click &quot;Açık Pozisyonlar&quot; Section" library="Navbar">
<doc>[2] is a second section in navbar</doc>
<kw name="Set Variable" library="BuiltIn">
<var>${sec_num}</var>
<arg>2</arg>
<doc>Returns the given values which can then be assigned to a variables.</doc>
<msg timestamp="20220616 23:52:34.017" level="INFO">${sec_num} = 2</msg>
<status status="PASS" starttime="20220616 23:52:34.017" endtime="20220616 23:52:34.017"/>
</kw>
<kw name="Click Link" library="SeleniumLibrary">
<arg>${NAVBAR_SECTION}\[${sec_num}\]/a</arg>
<doc>Clicks a link identified by ``locator``.</doc>
<msg timestamp="20220616 23:52:34.017" level="INFO">Clicking link 'xpath=//*[@id="navbar-menu"]/ul/li[2]/a'.</msg>
<status status="PASS" starttime="20220616 23:52:34.017" endtime="20220616 23:52:34.058"/>
</kw>
<status status="PASS" starttime="20220616 23:52:34.016" endtime="20220616 23:52:34.058"/>
</kw>
<kw name="Verify Section is Visible" library="Homepage">
<arg>${OPEN_POZ_SECTION}</arg>
<kw name="Wait Until Element Is Visible" library="SeleniumLibrary">
<arg>${SECTION_TEXT_ELEMENT}</arg>
<doc>Waits until the element ``locator`` is visible.</doc>
<status status="PASS" starttime="20220616 23:52:34.058" endtime="20220616 23:52:34.076"/>
</kw>
<kw name="Element Should Be Visible" library="SeleniumLibrary">
<arg>${SECTION_TEXT_ELEMENT}</arg>
<doc>Verifies that the element identified by ``locator`` is visible.</doc>
<msg timestamp="20220616 23:52:34.090" level="INFO">Element 'xpath=//h4[.="Baykar'da Açık Pozisyonlar"]' is displayed.</msg>
<status status="PASS" starttime="20220616 23:52:34.076" endtime="20220616 23:52:34.090"/>
</kw>
<status status="PASS" starttime="20220616 23:52:34.058" endtime="20220616 23:52:34.090"/>
</kw>
<kw name="Click &quot;Baykarda Yaşam&quot; Section" library="Navbar">
<doc>[4] is a second section in navbar</doc>
<kw name="Set Variable" library="BuiltIn">
<var>${sec_num}</var>
<arg>4</arg>
<doc>Returns the given values which can then be assigned to a variables.</doc>
<msg timestamp="20220616 23:52:34.090" level="INFO">${sec_num} = 4</msg>
<status status="PASS" starttime="20220616 23:52:34.090" endtime="20220616 23:52:34.090"/>
</kw>
<kw name="Click Link" library="SeleniumLibrary">
<arg>${NAVBAR_SECTION}\[${sec_num}\]/a</arg>
<doc>Clicks a link identified by ``locator``.</doc>
<msg timestamp="20220616 23:52:34.091" level="INFO">Clicking link 'xpath=//*[@id="navbar-menu"]/ul/li[4]/a'.</msg>
<status status="PASS" starttime="20220616 23:52:34.090" endtime="20220616 23:52:34.135"/>
</kw>
<status status="PASS" starttime="20220616 23:52:34.090" endtime="20220616 23:52:34.136"/>
</kw>
<kw name="Verify Section is Visible" library="Homepage">
<arg>${BAYKAR_LIFE_SECTION}</arg>
<kw name="Wait Until Element Is Visible" library="SeleniumLibrary">
<arg>${SECTION_TEXT_ELEMENT}</arg>
<doc>Waits until the element ``locator`` is visible.</doc>
<status status="PASS" starttime="20220616 23:52:34.136" endtime="20220616 23:52:34.155"/>
</kw>
<kw name="Element Should Be Visible" library="SeleniumLibrary">
<arg>${SECTION_TEXT_ELEMENT}</arg>
<doc>Verifies that the element identified by ``locator`` is visible.</doc>
<msg timestamp="20220616 23:52:34.167" level="INFO">Element 'xpath=//h4[.='Baykar İnsan Kaynakları']' is displayed.</msg>
<status status="PASS" starttime="20220616 23:52:34.155" endtime="20220616 23:52:34.168"/>
</kw>
<status status="PASS" starttime="20220616 23:52:34.136" endtime="20220616 23:52:34.168"/>
</kw>
<kw name="Click &quot;S.S.S&quot; Section" library="Navbar">
<doc>[5] is a second section in navbar</doc>
<kw name="Set Variable" library="BuiltIn">
<var>${sec_num}</var>
<arg>5</arg>
<doc>Returns the given values which can then be assigned to a variables.</doc>
<msg timestamp="20220616 23:52:34.168" level="INFO">${sec_num} = 5</msg>
<status status="PASS" starttime="20220616 23:52:34.168" endtime="20220616 23:52:34.168"/>
</kw>
<kw name="Click Link" library="SeleniumLibrary">
<arg>${NAVBAR_SECTION}\[${sec_num}\]/a</arg>
<doc>Clicks a link identified by ``locator``.</doc>
<msg timestamp="20220616 23:52:34.169" level="INFO">Clicking link 'xpath=//*[@id="navbar-menu"]/ul/li[5]/a'.</msg>
<status status="PASS" starttime="20220616 23:52:34.168" endtime="20220616 23:52:34.207"/>
</kw>
<status status="PASS" starttime="20220616 23:52:34.168" endtime="20220616 23:52:34.208"/>
</kw>
<kw name="Verify Section is Visible" library="Homepage">
<arg>${SSS_SECTION}</arg>
<kw name="Wait Until Element Is Visible" library="SeleniumLibrary">
<arg>${SECTION_TEXT_ELEMENT}</arg>
<doc>Waits until the element ``locator`` is visible.</doc>
<status status="PASS" starttime="20220616 23:52:34.208" endtime="20220616 23:52:34.227"/>
</kw>
<kw name="Element Should Be Visible" library="SeleniumLibrary">
<arg>${SECTION_TEXT_ELEMENT}</arg>
<doc>Verifies that the element identified by ``locator`` is visible.</doc>
<msg timestamp="20220616 23:52:34.239" level="INFO">Element 'xpath=//h2[.='Sıkça Sorulan Sorular']' is displayed.</msg>
<status status="PASS" starttime="20220616 23:52:34.227" endtime="20220616 23:52:34.239"/>
</kw>
<status status="PASS" starttime="20220616 23:52:34.208" endtime="20220616 23:52:34.240"/>
</kw>
<kw name="Click &quot;BAYKAR&quot; Section" library="Navbar">
<doc>[6] is a second section in navbar</doc>
<kw name="Set Variable" library="BuiltIn">
<var>${sec_num}</var>
<arg>6</arg>
<doc>Returns the given values which can then be assigned to a variables.</doc>
<msg timestamp="20220616 23:52:34.240" level="INFO">${sec_num} = 6</msg>
<status status="PASS" starttime="20220616 23:52:34.240" endtime="20220616 23:52:34.240"/>
</kw>
<kw name="Click Link" library="SeleniumLibrary">
<arg>${NAVBAR_SECTION}\[${sec_num}\]/a</arg>
<doc>Clicks a link identified by ``locator``.</doc>
<msg timestamp="20220616 23:52:34.240" level="INFO">Clicking link 'xpath=//*[@id="navbar-menu"]/ul/li[6]/a'.</msg>
<status status="PASS" starttime="20220616 23:52:34.240" endtime="20220616 23:52:34.299"/>
</kw>
<kw name="Switch Window" library="SeleniumLibrary">
<arg>title:${BAYKAR_MAIN_TITLE}</arg>
<doc>Switches to browser window matching ``locator``.</doc>
<status status="PASS" starttime="20220616 23:52:34.299" endtime="20220616 23:52:42.155"/>
</kw>
<status status="PASS" starttime="20220616 23:52:34.240" endtime="20220616 23:52:42.155"/>
</kw>
<kw name="Verify &quot;baykartech.com&quot; opens" library="End-to-End">
<kw name="Wait Until Element Is Visible" library="SeleniumLibrary">
<arg>${BAYKAR_MAIN_LOGO}</arg>
<doc>Waits until the element ``locator`` is visible.</doc>
<status status="PASS" starttime="20220616 23:52:42.156" endtime="20220616 23:52:42.178"/>
</kw>
<kw name="Element Should Be Visible" library="SeleniumLibrary">
<arg>${BAYKAR_MAIN_LOGO}</arg>
<doc>Verifies that the element identified by ``locator`` is visible.</doc>
<msg timestamp="20220616 23:52:42.195" level="INFO">Element 'xpath=//img[@alt='https://cdn.baykartech.com/media/images/contents/logo.png']' is displayed.</msg>
<status status="PASS" starttime="20220616 23:52:42.178" endtime="20220616 23:52:42.195"/>
</kw>
<kw name="Close Window" library="SeleniumLibrary">
<doc>Closes currently opened and selected browser window/tab.</doc>
<status status="PASS" starttime="20220616 23:52:42.196" endtime="20220616 23:52:42.228"/>
</kw>
<status status="PASS" starttime="20220616 23:52:42.156" endtime="20220616 23:52:42.229"/>
</kw>
<status status="PASS" starttime="20220616 23:52:34.016" endtime="20220616 23:52:42.229"/>
</kw>
<kw name="End Baykar Web Test" library="Common" type="TEARDOWN">
<kw name="Close Browser" library="SeleniumLibrary">
<doc>Closes the current browser.</doc>
<status status="PASS" starttime="20220616 23:52:42.231" endtime="20220616 23:52:44.399"/>
</kw>
<status status="PASS" starttime="20220616 23:52:42.230" endtime="20220616 23:52:44.400"/>
</kw>
<doc>All visitors should be able navigate navbar</doc>
<tag>Navbar</tag>
<tag>Smoke</tag>
<status status="PASS" starttime="20220616 23:52:26.970" endtime="20220616 23:52:44.400"/>
</test>
<status status="PASS" starttime="20220616 23:52:26.798" endtime="20220616 23:52:44.402"/>
</suite>
<status status="PASS" starttime="20220616 23:52:26.781" endtime="20220616 23:52:44.403"/>
</suite>
<statistics>
<total>
<stat pass="1" fail="0" skip="0">All Tests</stat>
</total>
<tag>
<stat pass="1" fail="0" skip="0">Navbar</stat>
<stat pass="1" fail="0" skip="0">Smoke</stat>
</tag>
<suite>
<stat pass="1" fail="0" skip="0" id="s1" name="Tests">Tests</stat>
<stat pass="1" fail="0" skip="0" id="s1-s1" name="Kariyer.Baykartech">Tests.Kariyer.Baykartech</stat>
</suite>
</statistics>
<errors>
<msg timestamp="20220616 23:52:26.963" level="WARN">Imported resource file 'C:\Users\byuks\Desktop\QA\QA-Test-Automation-Baykar\Resources\PO\Footer.robot' is empty.</msg>
<msg timestamp="20220616 23:52:26.966" level="WARN">Imported resource file 'C:\Users\byuks\Desktop\QA\QA-Test-Automation-Baykar\Resources\PO\Kariyer.robot' is empty.</msg>
<msg timestamp="20220616 23:52:26.967" level="WARN">Imported resource file 'C:\Users\byuks\Desktop\QA\QA-Test-Automation-Baykar\Resources\PO\Staj.robot' is empty.</msg>
</errors>
</robot>
